
          /\      |‾‾| /‾‾/   /‾‾/
     /\  /  \     |  |/  /   /  /
    /  \/    \    |     (   /   ‾‾\
   /          \   |  |\  \ |  (‾)  |
  / __________ \  |__| \__\ \_____/ .io

  execution: local
     script: load.js
     output: -

  scenarios: (100.00%) 1 scenario, 21 max VUs, 50s max duration (incl. graceful stop):
           * default: Up to 21 looping VUs for 20s over 3 stages (gracefulRampDown: 30s, gracefulStop: 30s)


running (01.0s), 02/21 VUs, 0 complete and 0 interrupted iterations
default   [   5% ] 02/21 VUs  01.0s/20.0s

running (02.0s), 03/21 VUs, 2 complete and 0 interrupted iterations
default   [  10% ] 03/21 VUs  02.0s/20.0s

running (03.0s), 04/21 VUs, 5 complete and 0 interrupted iterations
default   [  15% ] 04/21 VUs  03.0s/20.0s

running (04.0s), 05/21 VUs, 9 complete and 0 interrupted iterations
default   [  20% ] 05/21 VUs  04.0s/20.0s

running (05.0s), 06/21 VUs, 14 complete and 0 interrupted iterations
default   [  25% ] 06/21 VUs  05.0s/20.0s

running (06.0s), 08/21 VUs, 20 complete and 0 interrupted iterations
default   [  30% ] 08/21 VUs  06.0s/20.0s

running (07.0s), 09/21 VUs, 28 complete and 0 interrupted iterations
default   [  35% ] 09/21 VUs  07.0s/20.0s

running (08.0s), 11/21 VUs, 37 complete and 0 interrupted iterations
default   [  40% ] 11/21 VUs  08.0s/20.0s

running (09.0s), 12/21 VUs, 48 complete and 0 interrupted iterations
default   [  45% ] 12/21 VUs  09.0s/20.0s

running (10.0s), 13/21 VUs, 60 complete and 0 interrupted iterations
default   [  50% ] 13/21 VUs  10.0s/20.0s

running (11.0s), 15/21 VUs, 72 complete and 0 interrupted iterations
default   [  55% ] 15/21 VUs  11.0s/20.0s

running (12.0s), 16/21 VUs, 87 complete and 0 interrupted iterations
default   [  60% ] 16/21 VUs  12.0s/20.0s

running (13.0s), 18/21 VUs, 103 complete and 0 interrupted iterations
default   [  65% ] 18/21 VUs  13.0s/20.0s

running (14.0s), 19/21 VUs, 121 complete and 0 interrupted iterations
default   [  70% ] 19/21 VUs  14.0s/20.0s

running (15.0s), 20/21 VUs, 140 complete and 0 interrupted iterations
default   [  75% ] 20/21 VUs  15.0s/20.0s

running (16.0s), 21/21 VUs, 160 complete and 0 interrupted iterations
default   [  80% ] 21/21 VUs  16.0s/20.0s

running (17.0s), 14/21 VUs, 181 complete and 0 interrupted iterations
default   [  85% ] 14/21 VUs  17.0s/20.0s

running (18.0s), 10/21 VUs, 195 complete and 0 interrupted iterations
default   [  90% ] 10/21 VUs  18.0s/20.0s

running (19.0s), 07/21 VUs, 205 complete and 0 interrupted iterations
default   [  95% ] 07/21 VUs  19.0s/20.0s

running (20.0s), 02/21 VUs, 212 complete and 0 interrupted iterations
default   [ 100% ] 02/21 VUs  20.0s/20.0s

running (20.3s), 00/21 VUs, 214 complete and 0 interrupted iterations
default ✓ [ 100% ] 00/21 VUs  20s

     ✓ logged in successfully
     ✓ updated member

     checks.........................: 100.00% ✓ 428       ✗ 0
     data_received..................: 248 kB  12 kB/s
     data_sent......................: 98 kB   4.8 kB/s
     http_req_blocked...............: avg=337.58µs min=2.64µs  med=2.85µs  max=36.34ms p(90)=3.04µs   p(95)=31.39µs
     http_req_connecting............: avg=47.46µs  min=0s      med=0s      max=1.44ms  p(90)=0s       p(95)=0s
   ✓ http_req_duration..............: avg=6.63ms   min=4.1ms   med=6.27ms  max=24.41ms p(90)=8.31ms   p(95)=10.35ms
       { expected_response:true }...: avg=6.66ms   min=4.1ms   med=6.34ms  max=24.41ms p(90)=8.15ms   p(95)=9.65ms
     http_req_failed................: 50.00%  ✓ 214       ✗ 214
     http_req_receiving.............: avg=153.33µs min=34.87µs med=81.64µs max=3.54ms  p(90)=192.92µs p(95)=501.32µs
     http_req_sending...............: avg=89.05µs  min=41.56µs med=77.29µs max=1.18ms  p(90)=120.06µs p(95)=133.03µs
     http_req_tls_handshaking.......: avg=244.21µs min=0s      med=0s      max=20.47ms p(90)=0s       p(95)=0s
     http_req_waiting...............: avg=6.39ms   min=3.93ms  med=6.05ms  max=21.52ms p(90)=8.03ms   p(95)=9.97ms
     http_reqs......................: 428     21.049987/s
     iteration_duration.............: avg=1.01s    min=1s      med=1.01s   max=1.06s   p(90)=1.01s    p(95)=1.02s
     iterations.....................: 214     10.524994/s
     vus............................: 2       min=2       max=21
     vus_max........................: 21      min=21      max=21
