
          /\      |‾‾| /‾‾/   /‾‾/
     /\  /  \     |  |/  /   /  /
    /  \/    \    |     (   /   ‾‾\
   /          \   |  |\  \ |  (‾)  |
  / __________ \  |__| \__\ \_____/ .io

  execution: local
     script: smoke.js
     output: -

  scenarios: (100.00%) 1 scenario, 1 max VUs, 40s max duration (incl. graceful stop):
           * default: 1 looping VUs for 10s (gracefulStop: 30s)


running (01.0s), 1/1 VUs, 0 complete and 0 interrupted iterations
default   [  10% ] 1 VUs  01.0s/10s

running (02.0s), 1/1 VUs, 1 complete and 0 interrupted iterations
default   [  20% ] 1 VUs  02.0s/10s

running (03.0s), 1/1 VUs, 2 complete and 0 interrupted iterations
default   [  30% ] 1 VUs  03.0s/10s

running (04.0s), 1/1 VUs, 3 complete and 0 interrupted iterations
default   [  40% ] 1 VUs  04.0s/10s

running (05.0s), 1/1 VUs, 4 complete and 0 interrupted iterations
default   [  50% ] 1 VUs  05.0s/10s

running (06.0s), 1/1 VUs, 5 complete and 0 interrupted iterations
default   [  60% ] 1 VUs  06.0s/10s

running (07.0s), 1/1 VUs, 6 complete and 0 interrupted iterations
default   [  70% ] 1 VUs  07.0s/10s

running (08.0s), 1/1 VUs, 7 complete and 0 interrupted iterations
default   [  80% ] 1 VUs  08.0s/10s

running (09.0s), 1/1 VUs, 8 complete and 0 interrupted iterations
default   [  90% ] 1 VUs  09.0s/10s

running (10.0s), 1/1 VUs, 9 complete and 0 interrupted iterations
default   [ 100% ] 1 VUs  10.0s/10s

running (10.2s), 0/1 VUs, 10 complete and 0 interrupted iterations
default ✓ [ 100% ] 1 VUs  10s

     ✓ logged in successfully
     ✓ updated member

     checks.........................: 100.00% ✓ 20       ✗ 0
     data_received..................: 12 kB   1.1 kB/s
     data_sent......................: 4.6 kB  449 B/s
     http_req_blocked...............: avg=1.53ms   min=2.74µs  med=2.9µs    max=30.65ms  p(90)=3.04µs   p(95)=1.53ms
     http_req_connecting............: avg=34.76µs  min=0s      med=0s       max=695.29µs p(90)=0s       p(95)=34.76µs
   ✓ http_req_duration..............: avg=7.37ms   min=6.08ms  med=7.26ms   max=9.93ms   p(90)=8.67ms   p(95)=9.11ms
       { expected_response:true }...: avg=7.47ms   min=6.62ms  med=7.4ms    max=9.06ms   p(90)=8.28ms   p(95)=8.67ms
     http_req_failed................: 50.00%  ✓ 10       ✗ 10
     http_req_receiving.............: avg=130.11µs min=50.99µs med=111.55µs max=289.47µs p(90)=277µs    p(95)=280.22µs
     http_req_sending...............: avg=92.92µs  min=58.82µs med=91.87µs  max=200.46µs p(90)=114.77µs p(95)=125.41µs
     http_req_tls_handshaking.......: avg=754.22µs min=0s      med=0s       max=15.08ms  p(90)=0s       p(95)=754.22µs
     http_req_waiting...............: avg=7.15ms   min=5.97ms  med=6.98ms   max=9.79ms   p(90)=8.52ms   p(95)=8.84ms
     http_reqs......................: 20      1.963034/s
     iteration_duration.............: avg=1.01s    min=1.01s   med=1.01s    max=1.05s    p(90)=1.02s    p(95)=1.03s
     iterations.....................: 10      0.981517/s
     vus............................: 1       min=1      max=1
     vus_max........................: 1       min=1      max=1
