2021-12-21 05:37:54.228 DEBUG 5732 --- [o-8080-exec-548] o.a.coyote.http11.Http11InputBuffer      : Before fill(): [true], parsingRequestLine: [true], parsingRequestLinePhase: [0], parsingRequestLineStart: [0], byteBuffer.position() [0]
2021-12-21 05:37:54.228 [http-nio-8080-exec-548] DEBUG org.apache.coyote.http11.Http11InputBuffer - Before fill(): [true], parsingRequestLine: [true], parsingRequestLinePhase: [0], parsingRequestLineStart: [0], byteBuffer.position() [0]
2021-12-21 05:37:54.228 DEBUG 5732 --- [o-8080-exec-548] o.apache.coyote.http11.Http11Processor   : Error parsing HTTP request header

java.io.EOFException: null
	at org.apache.tomcat.util.net.NioEndpoint$NioSocketWrapper.fillReadBuffer(NioEndpoint.java:1231)
	at org.apache.tomcat.util.net.NioEndpoint$NioSocketWrapper.read(NioEndpoint.java:1141)
	at org.apache.coyote.http11.Http11InputBuffer.fill(Http11InputBuffer.java:795)
	at org.apache.coyote.http11.Http11InputBuffer.parseRequestLine(Http11InputBuffer.java:359)
	at org.apache.coyote.http11.Http11Processor.service(Http11Processor.java:261)
	at org.apache.coyote.AbstractProcessorLight.process(AbstractProcessorLight.java:65)
	at org.apache.coyote.AbstractProtocol$ConnectionHandler.process(AbstractProtocol.java:868)
	at org.apache.tomcat.util.net.NioEndpoint$SocketProcessor.doRun(NioEndpoint.java:1590)
	at org.apache.tomcat.util.net.SocketProcessorBase.run(SocketProcessorBase.java:49)
	at java.base/java.util.concurrent.ThreadPoolExecutor.runWorker(ThreadPoolExecutor.java:1128)
	at java.base/java.util.concurrent.ThreadPoolExecutor$Worker.run(ThreadPoolExecutor.java:628)
	at org.apache.tomcat.util.threads.TaskThread$WrappingRunnable.run(TaskThread.java:61)
	at java.base/java.lang.Thread.run(Thread.java:829)

2021-12-21 05:37:54.228 [http-nio-8080-exec-548] DEBUG org.apache.coyote.http11.Http11Processor - Error parsing HTTP request header
java.io.EOFException: null
	at org.apache.tomcat.util.net.NioEndpoint$NioSocketWrapper.fillReadBuffer(NioEndpoint.java:1231)
	at org.apache.tomcat.util.net.NioEndpoint$NioSocketWrapper.read(NioEndpoint.java:1141)
	at org.apache.coyote.http11.Http11InputBuffer.fill(Http11InputBuffer.java:795)
	at org.apache.coyote.http11.Http11InputBuffer.parseRequestLine(Http11InputBuffer.java:359)
	at org.apache.coyote.http11.Http11Processor.service(Http11Processor.java:261)
	at org.apache.coyote.AbstractProcessorLight.process(AbstractProcessorLight.java:65)
	at org.apache.coyote.AbstractProtocol$ConnectionHandler.process(AbstractProtocol.java:868)
	at org.apache.tomcat.util.net.NioEndpoint$SocketProcessor.doRun(NioEndpoint.java:1590)
	at org.apache.tomcat.util.net.SocketProcessorBase.run(SocketProcessorBase.java:49)
	at java.base/java.util.concurrent.ThreadPoolExecutor.runWorker(ThreadPoolExecutor.java:1128)
	at java.base/java.util.concurrent.ThreadPoolExecutor$Worker.run(ThreadPoolExecutor.java:628)
	at org.apache.tomcat.util.threads.TaskThread$WrappingRunnable.run(TaskThread.java:61)
	at java.base/java.lang.Thread.run(Thread.java:829)
2021-12-21 05:37:54.228 DEBUG 5732 --- [o-8080-exec-548] o.apache.coyote.http11.Http11Processor   : Socket: [org.apache.tomcat.util.net.NioEndpoint$NioSocketWrapper@67c91df7:org.apache.tomcat.util.net.NioChannel@fef0e99:java.nio.channels.SocketChannel[connected local=/192.168.102.44:8080 remote=/192.168.102.132:16214]], Status in: [OPEN_READ], State out: [CLOSED]
2021-12-21 05:37:54.228 [http-nio-8080-exec-548] DEBUG org.apache.coyote.http11.Http11Processor - Socket: [org.apache.tomcat.util.net.NioEndpoint$NioSocketWrapper@67c91df7:org.apache.tomcat.util.net.NioChannel@fef0e99:java.nio.channels.SocketChannel[connected local=/192.168.102.44:8080 remote=/192.168.102.132:16214]], Status in: [OPEN_READ], State out: [CLOSED]
2021-12-21 05:37:54.466 DEBUG 5732 --- [o-8080-exec-420] o.a.coyote.http11.Http11InputBuffer      : Before fill(): [true], parsingRequestLine: [true], parsingRequestLinePhase: [0], parsingRequestLineStart: [0], byteBuffer.position() [0]
2021-12-21 05:37:54.466 [http-nio-8080-exec-420] DEBUG org.apache.coyote.http11.Http11InputBuffer - Before fill(): [true], parsingRequestLine: [true], parsingRequestLinePhase: [0], parsingRequestLineStart: [0], byteBuffer.position() [0]
2021-12-21 05:37:54.466 DEBUG 5732 --- [o-8080-exec-420] o.apache.coyote.http11.Http11Processor   : Error parsing HTTP request header

java.io.EOFException: null
	at org.apache.tomcat.util.net.NioEndpoint$NioSocketWrapper.fillReadBuffer(NioEndpoint.java:1231)
	at org.apache.tomcat.util.net.NioEndpoint$NioSocketWrapper.read(NioEndpoint.java:1141)
	at org.apache.coyote.http11.Http11InputBuffer.fill(Http11InputBuffer.java:795)
	at org.apache.coyote.http11.Http11InputBuffer.parseRequestLine(Http11InputBuffer.java:359)
	at org.apache.coyote.http11.Http11Processor.service(Http11Processor.java:261)
	at org.apache.coyote.AbstractProcessorLight.process(AbstractProcessorLight.java:65)
	at org.apache.coyote.AbstractProtocol$ConnectionHandler.process(AbstractProtocol.java:868)
	at org.apache.tomcat.util.net.NioEndpoint$SocketProcessor.doRun(NioEndpoint.java:1590)
	at org.apache.tomcat.util.net.SocketProcessorBase.run(SocketProcessorBase.java:49)
	at java.base/java.util.concurrent.ThreadPoolExecutor.runWorker(ThreadPoolExecutor.java:1128)
	at java.base/java.util.concurrent.ThreadPoolExecutor$Worker.run(ThreadPoolExecutor.java:628)
	at org.apache.tomcat.util.threads.TaskThread$WrappingRunnable.run(TaskThread.java:61)
	at java.base/java.lang.Thread.run(Thread.java:829)

2021-12-21 05:37:54.466 [http-nio-8080-exec-420] DEBUG org.apache.coyote.http11.Http11Processor - Error parsing HTTP request header
java.io.EOFException: null
	at org.apache.tomcat.util.net.NioEndpoint$NioSocketWrapper.fillReadBuffer(NioEndpoint.java:1231)
	at org.apache.tomcat.util.net.NioEndpoint$NioSocketWrapper.read(NioEndpoint.java:1141)
	at org.apache.coyote.http11.Http11InputBuffer.fill(Http11InputBuffer.java:795)
	at org.apache.coyote.http11.Http11InputBuffer.parseRequestLine(Http11InputBuffer.java:359)
	at org.apache.coyote.http11.Http11Processor.service(Http11Processor.java:261)
	at org.apache.coyote.AbstractProcessorLight.process(AbstractProcessorLight.java:65)
	at org.apache.coyote.AbstractProtocol$ConnectionHandler.process(AbstractProtocol.java:868)
	at org.apache.tomcat.util.net.NioEndpoint$SocketProcessor.doRun(NioEndpoint.java:1590)
	at org.apache.tomcat.util.net.SocketProcessorBase.run(SocketProcessorBase.java:49)
	at java.base/java.util.concurrent.ThreadPoolExecutor.runWorker(ThreadPoolExecutor.java:1128)
	at java.base/java.util.concurrent.ThreadPoolExecutor$Worker.run(ThreadPoolExecutor.java:628)
	at org.apache.tomcat.util.threads.TaskThread$WrappingRunnable.run(TaskThread.java:61)
	at java.base/java.lang.Thread.run(Thread.java:829)
2021-12-21 05:37:54.466 DEBUG 5732 --- [o-8080-exec-420] o.apache.coyote.http11.Http11Processor   : Socket: [org.apache.tomcat.util.net.NioEndpoint$NioSocketWrapper@505fcaf7:org.apache.tomcat.util.net.NioChannel@185a6ca2:java.nio.channels.SocketChannel[connected local=/192.168.102.44:8080 remote=/192.168.102.132:16218]], Status in: [OPEN_READ], State out: [CLOSED]
2021-12-21 05:37:54.466 [http-nio-8080-exec-420] DEBUG org.apache.coyote.http11.Http11Processor - Socket: [org.apache.tomcat.util.net.NioEndpoint$NioSocketWrapper@505fcaf7:org.apache.tomcat.util.net.NioChannel@185a6ca2:java.nio.channels.SocketChannel[connected local=/192.168.102.44:8080 remote=/192.168.102.132:16218]], Status in: [OPEN_READ], State out: [CLOSED]
2021-12-21 05:37:54.615 DEBUG 5732 --- [o-8080-exec-473] o.a.coyote.http11.Http11InputBuffer      : Before fill(): [true], parsingRequestLine: [true], parsingRequestLinePhase: [0], parsingRequestLineStart: [0], byteBuffer.position() [0]
2021-12-21 05:37:54.615 [http-nio-8080-exec-473] DEBUG org.apache.coyote.http11.Http11InputBuffer - Before fill(): [true], parsingRequestLine: [true], parsingRequestLinePhase: [0], parsingRequestLineStart: [0], byteBuffer.position() [0]
2021-12-21 05:37:54.615 DEBUG 5732 --- [o-8080-exec-473] o.apache.coyote.http11.Http11Processor   : Error parsing HTTP request header

java.io.EOFException: null
	at org.apache.tomcat.util.net.NioEndpoint$NioSocketWrapper.fillReadBuffer(NioEndpoint.java:1231)
	at org.apache.tomcat.util.net.NioEndpoint$NioSocketWrapper.read(NioEndpoint.java:1141)
	at org.apache.coyote.http11.Http11InputBuffer.fill(Http11InputBuffer.java:795)
	at org.apache.coyote.http11.Http11InputBuffer.parseRequestLine(Http11InputBuffer.java:359)
	at org.apache.coyote.http11.Http11Processor.service(Http11Processor.java:261)
	at org.apache.coyote.AbstractProcessorLight.process(AbstractProcessorLight.java:65)
	at org.apache.coyote.AbstractProtocol$ConnectionHandler.process(AbstractProtocol.java:868)
	at org.apache.tomcat.util.net.NioEndpoint$SocketProcessor.doRun(NioEndpoint.java:1590)
	at org.apache.tomcat.util.net.SocketProcessorBase.run(SocketProcessorBase.java:49)
	at java.base/java.util.concurrent.ThreadPoolExecutor.runWorker(ThreadPoolExecutor.java:1128)
	at java.base/java.util.concurrent.ThreadPoolExecutor$Worker.run(ThreadPoolExecutor.java:628)
	at org.apache.tomcat.util.threads.TaskThread$WrappingRunnable.run(TaskThread.java:61)
	at java.base/java.lang.Thread.run(Thread.java:829)

2021-12-21 05:37:54.615 [http-nio-8080-exec-473] DEBUG org.apache.coyote.http11.Http11Processor - Error parsing HTTP request header
java.io.EOFException: null
	at org.apache.tomcat.util.net.NioEndpoint$NioSocketWrapper.fillReadBuffer(NioEndpoint.java:1231)
	at org.apache.tomcat.util.net.NioEndpoint$NioSocketWrapper.read(NioEndpoint.java:1141)
	at org.apache.coyote.http11.Http11InputBuffer.fill(Http11InputBuffer.java:795)
	at org.apache.coyote.http11.Http11InputBuffer.parseRequestLine(Http11InputBuffer.java:359)
	at org.apache.coyote.http11.Http11Processor.service(Http11Processor.java:261)
	at org.apache.coyote.AbstractProcessorLight.process(AbstractProcessorLight.java:65)
	at org.apache.coyote.AbstractProtocol$ConnectionHandler.process(AbstractProtocol.java:868)
	at org.apache.tomcat.util.net.NioEndpoint$SocketProcessor.doRun(NioEndpoint.java:1590)
	at org.apache.tomcat.util.net.SocketProcessorBase.run(SocketProcessorBase.java:49)
	at java.base/java.util.concurrent.ThreadPoolExecutor.runWorker(ThreadPoolExecutor.java:1128)
	at java.base/java.util.concurrent.ThreadPoolExecutor$Worker.run(ThreadPoolExecutor.java:628)
	at org.apache.tomcat.util.threads.TaskThread$WrappingRunnable.run(TaskThread.java:61)
	at java.base/java.lang.Thread.run(Thread.java:829)
2021-12-21 05:37:54.615 DEBUG 5732 --- [o-8080-exec-473] o.apache.coyote.http11.Http11Processor   : Socket: [org.apache.tomcat.util.net.NioEndpoint$NioSocketWrapper@517b6d5a:org.apache.tomcat.util.net.NioChannel@371a1f8f:java.nio.channels.SocketChannel[connected local=/192.168.102.44:8080 remote=/192.168.102.22:11028]], Status in: [OPEN_READ], State out: [CLOSED]
2021-12-21 05:37:54.615 [http-nio-8080-exec-473] DEBUG org.apache.coyote.http11.Http11Processor - Socket: [org.apache.tomcat.util.net.NioEndpoint$NioSocketWrapper@517b6d5a:org.apache.tomcat.util.net.NioChannel@371a1f8f:java.nio.channels.SocketChannel[connected local=/192.168.102.44:8080 remote=/192.168.102.22:11028]], Status in: [OPEN_READ], State out: [CLOSED]
2021-12-21 05:37:56.401 DEBUG 5732 --- [o-8080-exec-509] o.a.coyote.http11.Http11InputBuffer      : Before fill(): [true], parsingRequestLine: [true], parsingRequestLinePhase: [0], parsingRequestLineStart: [0], byteBuffer.position() [0]
2021-12-21 05:37:56.401 [http-nio-8080-exec-509] DEBUG org.apache.coyote.http11.Http11InputBuffer - Before fill(): [true], parsingRequestLine: [true], parsingRequestLinePhase: [0], parsingRequestLineStart: [0], byteBuffer.position() [0]
2021-12-21 05:37:56.401 DEBUG 5732 --- [o-8080-exec-509] o.apache.coyote.http11.Http11Processor   : Error parsing HTTP request header

java.io.EOFException: null
	at org.apache.tomcat.util.net.NioEndpoint$NioSocketWrapper.fillReadBuffer(NioEndpoint.java:1231)
	at org.apache.tomcat.util.net.NioEndpoint$NioSocketWrapper.read(NioEndpoint.java:1141)
	at org.apache.coyote.http11.Http11InputBuffer.fill(Http11InputBuffer.java:795)
	at org.apache.coyote.http11.Http11InputBuffer.parseRequestLine(Http11InputBuffer.java:359)
	at org.apache.coyote.http11.Http11Processor.service(Http11Processor.java:261)
	at org.apache.coyote.AbstractProcessorLight.process(AbstractProcessorLight.java:65)
	at org.apache.coyote.AbstractProtocol$ConnectionHandler.process(AbstractProtocol.java:868)
	at org.apache.tomcat.util.net.NioEndpoint$SocketProcessor.doRun(NioEndpoint.java:1590)
	at org.apache.tomcat.util.net.SocketProcessorBase.run(SocketProcessorBase.java:49)
	at java.base/java.util.concurrent.ThreadPoolExecutor.runWorker(ThreadPoolExecutor.java:1128)
	at java.base/java.util.concurrent.ThreadPoolExecutor$Worker.run(ThreadPoolExecutor.java:628)
	at org.apache.tomcat.util.threads.TaskThread$WrappingRunnable.run(TaskThread.java:61)
	at java.base/java.lang.Thread.run(Thread.java:829)

2021-12-21 05:37:56.401 [http-nio-8080-exec-509] DEBUG org.apache.coyote.http11.Http11Processor - Error parsing HTTP request header
java.io.EOFException: null
	at org.apache.tomcat.util.net.NioEndpoint$NioSocketWrapper.fillReadBuffer(NioEndpoint.java:1231)
	at org.apache.tomcat.util.net.NioEndpoint$NioSocketWrapper.read(NioEndpoint.java:1141)
	at org.apache.coyote.http11.Http11InputBuffer.fill(Http11InputBuffer.java:795)
	at org.apache.coyote.http11.Http11InputBuffer.parseRequestLine(Http11InputBuffer.java:359)
	at org.apache.coyote.http11.Http11Processor.service(Http11Processor.java:261)
	at org.apache.coyote.AbstractProcessorLight.process(AbstractProcessorLight.java:65)
	at org.apache.coyote.AbstractProtocol$ConnectionHandler.process(AbstractProtocol.java:868)
	at org.apache.tomcat.util.net.NioEndpoint$SocketProcessor.doRun(NioEndpoint.java:1590)
	at org.apache.tomcat.util.net.SocketProcessorBase.run(SocketProcessorBase.java:49)
	at java.base/java.util.concurrent.ThreadPoolExecutor.runWorker(ThreadPoolExecutor.java:1128)
	at java.base/java.util.concurrent.ThreadPoolExecutor$Worker.run(ThreadPoolExecutor.java:628)
	at org.apache.tomcat.util.threads.TaskThread$WrappingRunnable.run(TaskThread.java:61)
	at java.base/java.lang.Thread.run(Thread.java:829)
2021-12-21 05:37:56.401 DEBUG 5732 --- [o-8080-exec-509] o.apache.coyote.http11.Http11Processor   : Socket: [org.apache.tomcat.util.net.NioEndpoint$NioSocketWrapper@7f1ef098:org.apache.tomcat.util.net.NioChannel@6ddc1b35:java.nio.channels.SocketChannel[connected local=/192.168.102.44:8080 remote=/192.168.102.132:16138]], Status in: [OPEN_READ], State out: [CLOSED]
2021-12-21 05:37:56.401 [http-nio-8080-exec-509] DEBUG org.apache.coyote.http11.Http11Processor - Socket: [org.apache.tomcat.util.net.NioEndpoint$NioSocketWrapper@7f1ef098:org.apache.tomcat.util.net.NioChannel@6ddc1b35:java.nio.channels.SocketChannel[connected local=/192.168.102.44:8080 remote=/192.168.102.132:16138]], Status in: [OPEN_READ], State out: [CLOSED]
2021-12-21 05:37:56.653 DEBUG 5732 --- [o-8080-exec-542] o.a.coyote.http11.Http11InputBuffer      : Before fill(): [true], parsingRequestLine: [true], parsingRequestLinePhase: [0], parsingRequestLineStart: [0], byteBuffer.position() [0]
2021-12-21 05:37:56.653 [http-nio-8080-exec-542] DEBUG org.apache.coyote.http11.Http11InputBuffer - Before fill(): [true], parsingRequestLine: [true], parsingRequestLinePhase: [0], parsingRequestLineStart: [0], byteBuffer.position() [0]
2021-12-21 05:37:56.653 DEBUG 5732 --- [o-8080-exec-542] o.apache.coyote.http11.Http11Processor   : Error parsing HTTP request header

java.io.EOFException: null
	at org.apache.tomcat.util.net.NioEndpoint$NioSocketWrapper.fillReadBuffer(NioEndpoint.java:1231)
	at org.apache.tomcat.util.net.NioEndpoint$NioSocketWrapper.read(NioEndpoint.java:1141)
	at org.apache.coyote.http11.Http11InputBuffer.fill(Http11InputBuffer.java:795)
	at org.apache.coyote.http11.Http11InputBuffer.parseRequestLine(Http11InputBuffer.java:359)
	at org.apache.coyote.http11.Http11Processor.service(Http11Processor.java:261)
	at org.apache.coyote.AbstractProcessorLight.process(AbstractProcessorLight.java:65)
	at org.apache.coyote.AbstractProtocol$ConnectionHandler.process(AbstractProtocol.java:868)
	at org.apache.tomcat.util.net.NioEndpoint$SocketProcessor.doRun(NioEndpoint.java:1590)
	at org.apache.tomcat.util.net.SocketProcessorBase.run(SocketProcessorBase.java:49)
	at java.base/java.util.concurrent.ThreadPoolExecutor.runWorker(ThreadPoolExecutor.java:1128)
	at java.base/java.util.concurrent.ThreadPoolExecutor$Worker.run(ThreadPoolExecutor.java:628)
	at org.apache.tomcat.util.threads.TaskThread$WrappingRunnable.run(TaskThread.java:61)
	at java.base/java.lang.Thread.run(Thread.java:829)

2021-12-21 05:37:56.653 [http-nio-8080-exec-542] DEBUG org.apache.coyote.http11.Http11Processor - Error parsing HTTP request header
java.io.EOFException: null
	at org.apache.tomcat.util.net.NioEndpoint$NioSocketWrapper.fillReadBuffer(NioEndpoint.java:1231)
	at org.apache.tomcat.util.net.NioEndpoint$NioSocketWrapper.read(NioEndpoint.java:1141)
	at org.apache.coyote.http11.Http11InputBuffer.fill(Http11InputBuffer.java:795)
	at org.apache.coyote.http11.Http11InputBuffer.parseRequestLine(Http11InputBuffer.java:359)
	at org.apache.coyote.http11.Http11Processor.service(Http11Processor.java:261)
	at org.apache.coyote.AbstractProcessorLight.process(AbstractProcessorLight.java:65)
	at org.apache.coyote.AbstractProtocol$ConnectionHandler.process(AbstractProtocol.java:868)
	at org.apache.tomcat.util.net.NioEndpoint$SocketProcessor.doRun(NioEndpoint.java:1590)
	at org.apache.tomcat.util.net.SocketProcessorBase.run(SocketProcessorBase.java:49)
	at java.base/java.util.concurrent.ThreadPoolExecutor.runWorker(ThreadPoolExecutor.java:1128)
	at java.base/java.util.concurrent.ThreadPoolExecutor$Worker.run(ThreadPoolExecutor.java:628)
	at org.apache.tomcat.util.threads.TaskThread$WrappingRunnable.run(TaskThread.java:61)
	at java.base/java.lang.Thread.run(Thread.java:829)
2021-12-21 05:37:56.653 DEBUG 5732 --- [o-8080-exec-542] o.apache.coyote.http11.Http11Processor   : Socket: [org.apache.tomcat.util.net.NioEndpoint$NioSocketWrapper@247dfdf8:org.apache.tomcat.util.net.NioChannel@1891bbe7:java.nio.channels.SocketChannel[connected local=/192.168.102.44:8080 remote=/192.168.102.132:16250]], Status in: [OPEN_READ], State out: [CLOSED]
2021-12-21 05:37:56.653 [http-nio-8080-exec-542] DEBUG org.apache.coyote.http11.Http11Processor - Socket: [org.apache.tomcat.util.net.NioEndpoint$NioSocketWrapper@247dfdf8:org.apache.tomcat.util.net.NioChannel@1891bbe7:java.nio.channels.SocketChannel[connected local=/192.168.102.44:8080 remote=/192.168.102.132:16250]], Status in: [OPEN_READ], State out: [CLOSED]
2021-12-21 05:37:56.752 DEBUG 5732 --- [o-8080-exec-508] o.a.coyote.http11.Http11InputBuffer      : Before fill(): [true], parsingRequestLine: [true], parsingRequestLinePhase: [0], parsingRequestLineStart: [0], byteBuffer.position() [0]
2021-12-21 05:37:56.752 [http-nio-8080-exec-508] DEBUG org.apache.coyote.http11.Http11InputBuffer - Before fill(): [true], parsingRequestLine: [true], parsingRequestLinePhase: [0], parsingRequestLineStart: [0], byteBuffer.position() [0]
2021-12-21 05:37:56.752 DEBUG 5732 --- [o-8080-exec-508] o.apache.coyote.http11.Http11Processor   : Error parsing HTTP request header

java.io.EOFException: null
	at org.apache.tomcat.util.net.NioEndpoint$NioSocketWrapper.fillReadBuffer(NioEndpoint.java:1231)
	at org.apache.tomcat.util.net.NioEndpoint$NioSocketWrapper.read(NioEndpoint.java:1141)
	at org.apache.coyote.http11.Http11InputBuffer.fill(Http11InputBuffer.java:795)
	at org.apache.coyote.http11.Http11InputBuffer.parseRequestLine(Http11InputBuffer.java:359)
	at org.apache.coyote.http11.Http11Processor.service(Http11Processor.java:261)
	at org.apache.coyote.AbstractProcessorLight.process(AbstractProcessorLight.java:65)
	at org.apache.coyote.AbstractProtocol$ConnectionHandler.process(AbstractProtocol.java:868)
	at org.apache.tomcat.util.net.NioEndpoint$SocketProcessor.doRun(NioEndpoint.java:1590)
	at org.apache.tomcat.util.net.SocketProcessorBase.run(SocketProcessorBase.java:49)
	at java.base/java.util.concurrent.ThreadPoolExecutor.runWorker(ThreadPoolExecutor.java:1128)
	at java.base/java.util.concurrent.ThreadPoolExecutor$Worker.run(ThreadPoolExecutor.java:628)
	at org.apache.tomcat.util.threads.TaskThread$WrappingRunnable.run(TaskThread.java:61)
	at java.base/java.lang.Thread.run(Thread.java:829)

2021-12-21 05:37:56.752 [http-nio-8080-exec-508] DEBUG org.apache.coyote.http11.Http11Processor - Error parsing HTTP request header
java.io.EOFException: null
	at org.apache.tomcat.util.net.NioEndpoint$NioSocketWrapper.fillReadBuffer(NioEndpoint.java:1231)
	at org.apache.tomcat.util.net.NioEndpoint$NioSocketWrapper.read(NioEndpoint.java:1141)
	at org.apache.coyote.http11.Http11InputBuffer.fill(Http11InputBuffer.java:795)
	at org.apache.coyote.http11.Http11InputBuffer.parseRequestLine(Http11InputBuffer.java:359)
	at org.apache.coyote.http11.Http11Processor.service(Http11Processor.java:261)
	at org.apache.coyote.AbstractProcessorLight.process(AbstractProcessorLight.java:65)
	at org.apache.coyote.AbstractProtocol$ConnectionHandler.process(AbstractProtocol.java:868)
	at org.apache.tomcat.util.net.NioEndpoint$SocketProcessor.doRun(NioEndpoint.java:1590)
	at org.apache.tomcat.util.net.SocketProcessorBase.run(SocketProcessorBase.java:49)
	at java.base/java.util.concurrent.ThreadPoolExecutor.runWorker(ThreadPoolExecutor.java:1128)
	at java.base/java.util.concurrent.ThreadPoolExecutor$Worker.run(ThreadPoolExecutor.java:628)
	at org.apache.tomcat.util.threads.TaskThread$WrappingRunnable.run(TaskThread.java:61)
	at java.base/java.lang.Thread.run(Thread.java:829)
2021-12-21 05:37:56.752 DEBUG 5732 --- [o-8080-exec-508] o.apache.coyote.http11.Http11Processor   : Socket: [org.apache.tomcat.util.net.NioEndpoint$NioSocketWrapper@57ec820:org.apache.tomcat.util.net.NioChannel@565c8432:java.nio.channels.SocketChannel[connected local=/192.168.102.44:8080 remote=/192.168.102.132:15448]], Status in: [OPEN_READ], State out: [CLOSED]
2021-12-21 05:37:56.752 [http-nio-8080-exec-508] DEBUG org.apache.coyote.http11.Http11Processor - Socket: [org.apache.tomcat.util.net.NioEndpoint$NioSocketWrapper@57ec820:org.apache.tomcat.util.net.NioChannel@565c8432:java.nio.channels.SocketChannel[connected local=/192.168.102.44:8080 remote=/192.168.102.132:15448]], Status in: [OPEN_READ], State out: [CLOSED]
2021-12-21 05:37:56.929 DEBUG 5732 --- [o-8080-exec-369] o.a.coyote.http11.Http11InputBuffer      : Before fill(): [true], parsingRequestLine: [true], parsingRequestLinePhase: [0], parsingRequestLineStart: [0], byteBuffer.position() [0]
2021-12-21 05:37:56.929 [http-nio-8080-exec-369] DEBUG org.apache.coyote.http11.Http11InputBuffer - Before fill(): [true], parsingRequestLine: [true], parsingRequestLinePhase: [0], parsingRequestLineStart: [0], byteBuffer.position() [0]
2021-12-21 05:37:56.930 DEBUG 5732 --- [o-8080-exec-369] o.apache.coyote.http11.Http11Processor   : Error parsing HTTP request header

java.io.EOFException: null
	at org.apache.tomcat.util.net.NioEndpoint$NioSocketWrapper.fillReadBuffer(NioEndpoint.java:1231)
	at org.apache.tomcat.util.net.NioEndpoint$NioSocketWrapper.read(NioEndpoint.java:1141)
	at org.apache.coyote.http11.Http11InputBuffer.fill(Http11InputBuffer.java:795)
	at org.apache.coyote.http11.Http11InputBuffer.parseRequestLine(Http11InputBuffer.java:359)
	at org.apache.coyote.http11.Http11Processor.service(Http11Processor.java:261)
	at org.apache.coyote.AbstractProcessorLight.process(AbstractProcessorLight.java:65)
	at org.apache.coyote.AbstractProtocol$ConnectionHandler.process(AbstractProtocol.java:868)
	at org.apache.tomcat.util.net.NioEndpoint$SocketProcessor.doRun(NioEndpoint.java:1590)
	at org.apache.tomcat.util.net.SocketProcessorBase.run(SocketProcessorBase.java:49)
	at java.base/java.util.concurrent.ThreadPoolExecutor.runWorker(ThreadPoolExecutor.java:1128)
	at java.base/java.util.concurrent.ThreadPoolExecutor$Worker.run(ThreadPoolExecutor.java:628)
	at org.apache.tomcat.util.threads.TaskThread$WrappingRunnable.run(TaskThread.java:61)
	at java.base/java.lang.Thread.run(Thread.java:829)

2021-12-21 05:37:56.930 [http-nio-8080-exec-369] DEBUG org.apache.coyote.http11.Http11Processor - Error parsing HTTP request header
java.io.EOFException: null
	at org.apache.tomcat.util.net.NioEndpoint$NioSocketWrapper.fillReadBuffer(NioEndpoint.java:1231)
	at org.apache.tomcat.util.net.NioEndpoint$NioSocketWrapper.read(NioEndpoint.java:1141)
	at org.apache.coyote.http11.Http11InputBuffer.fill(Http11InputBuffer.java:795)
	at org.apache.coyote.http11.Http11InputBuffer.parseRequestLine(Http11InputBuffer.java:359)
	at org.apache.coyote.http11.Http11Processor.service(Http11Processor.java:261)
	at org.apache.coyote.AbstractProcessorLight.process(AbstractProcessorLight.java:65)
	at org.apache.coyote.AbstractProtocol$ConnectionHandler.process(AbstractProtocol.java:868)
	at org.apache.tomcat.util.net.NioEndpoint$SocketProcessor.doRun(NioEndpoint.java:1590)
	at org.apache.tomcat.util.net.SocketProcessorBase.run(SocketProcessorBase.java:49)
	at java.base/java.util.concurrent.ThreadPoolExecutor.runWorker(ThreadPoolExecutor.java:1128)
	at java.base/java.util.concurrent.ThreadPoolExecutor$Worker.run(ThreadPoolExecutor.java:628)
	at org.apache.tomcat.util.threads.TaskThread$WrappingRunnable.run(TaskThread.java:61)
	at java.base/java.lang.Thread.run(Thread.java:829)
2021-12-21 05:37:56.930 DEBUG 5732 --- [o-8080-exec-369] o.apache.coyote.http11.Http11Processor   : Socket: [org.apache.tomcat.util.net.NioEndpoint$NioSocketWrapper@47439a21:org.apache.tomcat.util.net.NioChannel@46179af3:java.nio.channels.SocketChannel[connected local=/192.168.102.44:8080 remote=/192.168.102.132:15480]], Status in: [OPEN_READ], State out: [CLOSED]
2021-12-21 05:37:56.930 [http-nio-8080-exec-369] DEBUG org.apache.coyote.http11.Http11Processor - Socket: [org.apache.tomcat.util.net.NioEndpoint$NioSocketWrapper@47439a21:org.apache.tomcat.util.net.NioChannel@46179af3:java.nio.channels.SocketChannel[connected local=/192.168.102.44:8080 remote=/192.168.102.132:15480]], Status in: [OPEN_READ], State out: [CLOSED]
2021-12-21 05:37:57.557 DEBUG 5732 --- [o-8080-exec-545] o.a.coyote.http11.Http11InputBuffer      : Before fill(): [true], parsingRequestLine: [true], parsingRequestLinePhase: [0], parsingRequestLineStart: [0], byteBuffer.position() [0]
2021-12-21 05:37:57.557 [http-nio-8080-exec-545] DEBUG org.apache.coyote.http11.Http11InputBuffer - Before fill(): [true], parsingRequestLine: [true], parsingRequestLinePhase: [0], parsingRequestLineStart: [0], byteBuffer.position() [0]
2021-12-21 05:37:57.557 DEBUG 5732 --- [o-8080-exec-545] o.apache.coyote.http11.Http11Processor   : Error parsing HTTP request header

java.io.EOFException: null
	at org.apache.tomcat.util.net.NioEndpoint$NioSocketWrapper.fillReadBuffer(NioEndpoint.java:1231)
	at org.apache.tomcat.util.net.NioEndpoint$NioSocketWrapper.read(NioEndpoint.java:1141)
	at org.apache.coyote.http11.Http11InputBuffer.fill(Http11InputBuffer.java:795)
	at org.apache.coyote.http11.Http11InputBuffer.parseRequestLine(Http11InputBuffer.java:359)
	at org.apache.coyote.http11.Http11Processor.service(Http11Processor.java:261)
	at org.apache.coyote.AbstractProcessorLight.process(AbstractProcessorLight.java:65)
	at org.apache.coyote.AbstractProtocol$ConnectionHandler.process(AbstractProtocol.java:868)
	at org.apache.tomcat.util.net.NioEndpoint$SocketProcessor.doRun(NioEndpoint.java:1590)
	at org.apache.tomcat.util.net.SocketProcessorBase.run(SocketProcessorBase.java:49)
	at java.base/java.util.concurrent.ThreadPoolExecutor.runWorker(ThreadPoolExecutor.java:1128)
	at java.base/java.util.concurrent.ThreadPoolExecutor$Worker.run(ThreadPoolExecutor.java:628)
	at org.apache.tomcat.util.threads.TaskThread$WrappingRunnable.run(TaskThread.java:61)
	at java.base/java.lang.Thread.run(Thread.java:829)

2021-12-21 05:37:57.557 [http-nio-8080-exec-545] DEBUG org.apache.coyote.http11.Http11Processor - Error parsing HTTP request header
java.io.EOFException: null
	at org.apache.tomcat.util.net.NioEndpoint$NioSocketWrapper.fillReadBuffer(NioEndpoint.java:1231)
	at org.apache.tomcat.util.net.NioEndpoint$NioSocketWrapper.read(NioEndpoint.java:1141)
	at org.apache.coyote.http11.Http11InputBuffer.fill(Http11InputBuffer.java:795)
	at org.apache.coyote.http11.Http11InputBuffer.parseRequestLine(Http11InputBuffer.java:359)
	at org.apache.coyote.http11.Http11Processor.service(Http11Processor.java:261)
	at org.apache.coyote.AbstractProcessorLight.process(AbstractProcessorLight.java:65)
	at org.apache.coyote.AbstractProtocol$ConnectionHandler.process(AbstractProtocol.java:868)
	at org.apache.tomcat.util.net.NioEndpoint$SocketProcessor.doRun(NioEndpoint.java:1590)
	at org.apache.tomcat.util.net.SocketProcessorBase.run(SocketProcessorBase.java:49)
	at java.base/java.util.concurrent.ThreadPoolExecutor.runWorker(ThreadPoolExecutor.java:1128)
	at java.base/java.util.concurrent.ThreadPoolExecutor$Worker.run(ThreadPoolExecutor.java:628)
	at org.apache.tomcat.util.threads.TaskThread$WrappingRunnable.run(TaskThread.java:61)
	at java.base/java.lang.Thread.run(Thread.java:829)
2021-12-21 05:37:57.557 DEBUG 5732 --- [o-8080-exec-545] o.apache.coyote.http11.Http11Processor   : Socket: [org.apache.tomcat.util.net.NioEndpoint$NioSocketWrapper@722f5092:org.apache.tomcat.util.net.NioChannel@46418855:java.nio.channels.SocketChannel[connected local=/192.168.102.44:8080 remote=/192.168.102.132:16226]], Status in: [OPEN_READ], State out: [CLOSED]
2021-12-21 05:37:57.557 [http-nio-8080-exec-545] DEBUG org.apache.coyote.http11.Http11Processor - Socket: [org.apache.tomcat.util.net.NioEndpoint$NioSocketWrapper@722f5092:org.apache.tomcat.util.net.NioChannel@46418855:java.nio.channels.SocketChannel[connected local=/192.168.102.44:8080 remote=/192.168.102.132:16226]], Status in: [OPEN_READ], State out: [CLOSED]
2021-12-21 05:37:57.609 DEBUG 5732 --- [o-8080-exec-468] o.a.coyote.http11.Http11InputBuffer      : Before fill(): [true], parsingRequestLine: [true], parsingRequestLinePhase: [0], parsingRequestLineStart: [0], byteBuffer.position() [0]
2021-12-21 05:37:57.609 [http-nio-8080-exec-468] DEBUG org.apache.coyote.http11.Http11InputBuffer - Before fill(): [true], parsingRequestLine: [true], parsingRequestLinePhase: [0], parsingRequestLineStart: [0], byteBuffer.position() [0]
2021-12-21 05:37:57.609 DEBUG 5732 --- [o-8080-exec-468] o.apache.coyote.http11.Http11Processor   : Error parsing HTTP request header

java.io.EOFException: null
	at org.apache.tomcat.util.net.NioEndpoint$NioSocketWrapper.fillReadBuffer(NioEndpoint.java:1231)
	at org.apache.tomcat.util.net.NioEndpoint$NioSocketWrapper.read(NioEndpoint.java:1141)
	at org.apache.coyote.http11.Http11InputBuffer.fill(Http11InputBuffer.java:795)
	at org.apache.coyote.http11.Http11InputBuffer.parseRequestLine(Http11InputBuffer.java:359)
	at org.apache.coyote.http11.Http11Processor.service(Http11Processor.java:261)
	at org.apache.coyote.AbstractProcessorLight.process(AbstractProcessorLight.java:65)
	at org.apache.coyote.AbstractProtocol$ConnectionHandler.process(AbstractProtocol.java:868)
	at org.apache.tomcat.util.net.NioEndpoint$SocketProcessor.doRun(NioEndpoint.java:1590)
	at org.apache.tomcat.util.net.SocketProcessorBase.run(SocketProcessorBase.java:49)
	at java.base/java.util.concurrent.ThreadPoolExecutor.runWorker(ThreadPoolExecutor.java:1128)
	at java.base/java.util.concurrent.ThreadPoolExecutor$Worker.run(ThreadPoolExecutor.java:628)
	at org.apache.tomcat.util.threads.TaskThread$WrappingRunnable.run(TaskThread.java:61)
	at java.base/java.lang.Thread.run(Thread.java:829)

2021-12-21 05:37:57.609 [http-nio-8080-exec-468] DEBUG org.apache.coyote.http11.Http11Processor - Error parsing HTTP request header
java.io.EOFException: null
	at org.apache.tomcat.util.net.NioEndpoint$NioSocketWrapper.fillReadBuffer(NioEndpoint.java:1231)
	at org.apache.tomcat.util.net.NioEndpoint$NioSocketWrapper.read(NioEndpoint.java:1141)
	at org.apache.coyote.http11.Http11InputBuffer.fill(Http11InputBuffer.java:795)
	at org.apache.coyote.http11.Http11InputBuffer.parseRequestLine(Http11InputBuffer.java:359)
	at org.apache.coyote.http11.Http11Processor.service(Http11Processor.java:261)
	at org.apache.coyote.AbstractProcessorLight.process(AbstractProcessorLight.java:65)
	at org.apache.coyote.AbstractProtocol$ConnectionHandler.process(AbstractProtocol.java:868)
	at org.apache.tomcat.util.net.NioEndpoint$SocketProcessor.doRun(NioEndpoint.java:1590)
	at org.apache.tomcat.util.net.SocketProcessorBase.run(SocketProcessorBase.java:49)
	at java.base/java.util.concurrent.ThreadPoolExecutor.runWorker(ThreadPoolExecutor.java:1128)
	at java.base/java.util.concurrent.ThreadPoolExecutor$Worker.run(ThreadPoolExecutor.java:628)
	at org.apache.tomcat.util.threads.TaskThread$WrappingRunnable.run(TaskThread.java:61)
	at java.base/java.lang.Thread.run(Thread.java:829)
2021-12-21 05:37:57.609 DEBUG 5732 --- [o-8080-exec-468] o.apache.coyote.http11.Http11Processor   : Socket: [org.apache.tomcat.util.net.NioEndpoint$NioSocketWrapper@4b0ffed:org.apache.tomcat.util.net.NioChannel@1bd1ca57:java.nio.channels.SocketChannel[connected local=/192.168.102.44:8080 remote=/192.168.102.132:16124]], Status in: [OPEN_READ], State out: [CLOSED]
2021-12-21 05:37:57.609 [http-nio-8080-exec-468] DEBUG org.apache.coyote.http11.Http11Processor - Socket: [org.apache.tomcat.util.net.NioEndpoint$NioSocketWrapper@4b0ffed:org.apache.tomcat.util.net.NioChannel@1bd1ca57:java.nio.channels.SocketChannel[connected local=/192.168.102.44:8080 remote=/192.168.102.132:16124]], Status in: [OPEN_READ], State out: [CLOSED]
2021-12-21 05:37:58.698 DEBUG 5732 --- [o-8080-exec-364] o.a.coyote.http11.Http11InputBuffer      : Before fill(): [true], parsingRequestLine: [true], parsingRequestLinePhase: [0], parsingRequestLineStart: [0], byteBuffer.position() [0]
2021-12-21 05:37:58.698 [http-nio-8080-exec-364] DEBUG org.apache.coyote.http11.Http11InputBuffer - Before fill(): [true], parsingRequestLine: [true], parsingRequestLinePhase: [0], parsingRequestLineStart: [0], byteBuffer.position() [0]
2021-12-21 05:37:58.699 DEBUG 5732 --- [o-8080-exec-364] o.apache.coyote.http11.Http11Processor   : Error parsing HTTP request header

java.io.EOFException: null
	at org.apache.tomcat.util.net.NioEndpoint$NioSocketWrapper.fillReadBuffer(NioEndpoint.java:1231)
	at org.apache.tomcat.util.net.NioEndpoint$NioSocketWrapper.read(NioEndpoint.java:1141)
	at org.apache.coyote.http11.Http11InputBuffer.fill(Http11InputBuffer.java:795)
	at org.apache.coyote.http11.Http11InputBuffer.parseRequestLine(Http11InputBuffer.java:359)
	at org.apache.coyote.http11.Http11Processor.service(Http11Processor.java:261)
	at org.apache.coyote.AbstractProcessorLight.process(AbstractProcessorLight.java:65)
	at org.apache.coyote.AbstractProtocol$ConnectionHandler.process(AbstractProtocol.java:868)
	at org.apache.tomcat.util.net.NioEndpoint$SocketProcessor.doRun(NioEndpoint.java:1590)
	at org.apache.tomcat.util.net.SocketProcessorBase.run(SocketProcessorBase.java:49)
	at java.base/java.util.concurrent.ThreadPoolExecutor.runWorker(ThreadPoolExecutor.java:1128)
	at java.base/java.util.concurrent.ThreadPoolExecutor$Worker.run(ThreadPoolExecutor.java:628)
	at org.apache.tomcat.util.threads.TaskThread$WrappingRunnable.run(TaskThread.java:61)
	at java.base/java.lang.Thread.run(Thread.java:829)

2021-12-21 05:37:58.699 [http-nio-8080-exec-364] DEBUG org.apache.coyote.http11.Http11Processor - Error parsing HTTP request header
java.io.EOFException: null
	at org.apache.tomcat.util.net.NioEndpoint$NioSocketWrapper.fillReadBuffer(NioEndpoint.java:1231)
	at org.apache.tomcat.util.net.NioEndpoint$NioSocketWrapper.read(NioEndpoint.java:1141)
	at org.apache.coyote.http11.Http11InputBuffer.fill(Http11InputBuffer.java:795)
	at org.apache.coyote.http11.Http11InputBuffer.parseRequestLine(Http11InputBuffer.java:359)
	at org.apache.coyote.http11.Http11Processor.service(Http11Processor.java:261)
	at org.apache.coyote.AbstractProcessorLight.process(AbstractProcessorLight.java:65)
	at org.apache.coyote.AbstractProtocol$ConnectionHandler.process(AbstractProtocol.java:868)
	at org.apache.tomcat.util.net.NioEndpoint$SocketProcessor.doRun(NioEndpoint.java:1590)
	at org.apache.tomcat.util.net.SocketProcessorBase.run(SocketProcessorBase.java:49)
	at java.base/java.util.concurrent.ThreadPoolExecutor.runWorker(ThreadPoolExecutor.java:1128)
	at java.base/java.util.concurrent.ThreadPoolExecutor$Worker.run(ThreadPoolExecutor.java:628)
	at org.apache.tomcat.util.threads.TaskThread$WrappingRunnable.run(TaskThread.java:61)
	at java.base/java.lang.Thread.run(Thread.java:829)
2021-12-21 05:37:58.699 DEBUG 5732 --- [o-8080-exec-364] o.apache.coyote.http11.Http11Processor   : Socket: [org.apache.tomcat.util.net.NioEndpoint$NioSocketWrapper@229b9bb1:org.apache.tomcat.util.net.NioChannel@14cdeafb:java.nio.channels.SocketChannel[connected local=/192.168.102.44:8080 remote=/192.168.102.132:15618]], Status in: [OPEN_READ], State out: [CLOSED]
2021-12-21 05:37:58.699 [http-nio-8080-exec-364] DEBUG org.apache.coyote.http11.Http11Processor - Socket: [org.apache.tomcat.util.net.NioEndpoint$NioSocketWrapper@229b9bb1:org.apache.tomcat.util.net.NioChannel@14cdeafb:java.nio.channels.SocketChannel[connected local=/192.168.102.44:8080 remote=/192.168.102.132:15618]], Status in: [OPEN_READ], State out: [CLOSED]
2021-12-21 05:37:59.033 DEBUG 5732 --- [o-8080-exec-500] o.a.coyote.http11.Http11InputBuffer      : Before fill(): [true], parsingRequestLine: [true], parsingRequestLinePhase: [0], parsingRequestLineStart: [0], byteBuffer.position() [0]
2021-12-21 05:37:59.033 [http-nio-8080-exec-500] DEBUG org.apache.coyote.http11.Http11InputBuffer - Before fill(): [true], parsingRequestLine: [true], parsingRequestLinePhase: [0], parsingRequestLineStart: [0], byteBuffer.position() [0]
2021-12-21 05:37:59.034 DEBUG 5732 --- [o-8080-exec-500] o.apache.coyote.http11.Http11Processor   : Error parsing HTTP request header

java.io.EOFException: null
	at org.apache.tomcat.util.net.NioEndpoint$NioSocketWrapper.fillReadBuffer(NioEndpoint.java:1231)
	at org.apache.tomcat.util.net.NioEndpoint$NioSocketWrapper.read(NioEndpoint.java:1141)
	at org.apache.coyote.http11.Http11InputBuffer.fill(Http11InputBuffer.java:795)
	at org.apache.coyote.http11.Http11InputBuffer.parseRequestLine(Http11InputBuffer.java:359)
	at org.apache.coyote.http11.Http11Processor.service(Http11Processor.java:261)
	at org.apache.coyote.AbstractProcessorLight.process(AbstractProcessorLight.java:65)
	at org.apache.coyote.AbstractProtocol$ConnectionHandler.process(AbstractProtocol.java:868)
	at org.apache.tomcat.util.net.NioEndpoint$SocketProcessor.doRun(NioEndpoint.java:1590)
	at org.apache.tomcat.util.net.SocketProcessorBase.run(SocketProcessorBase.java:49)
	at java.base/java.util.concurrent.ThreadPoolExecutor.runWorker(ThreadPoolExecutor.java:1128)
	at java.base/java.util.concurrent.ThreadPoolExecutor$Worker.run(ThreadPoolExecutor.java:628)
	at org.apache.tomcat.util.threads.TaskThread$WrappingRunnable.run(TaskThread.java:61)
	at java.base/java.lang.Thread.run(Thread.java:829)

2021-12-21 05:37:59.034 [http-nio-8080-exec-500] DEBUG org.apache.coyote.http11.Http11Processor - Error parsing HTTP request header
java.io.EOFException: null
	at org.apache.tomcat.util.net.NioEndpoint$NioSocketWrapper.fillReadBuffer(NioEndpoint.java:1231)
	at org.apache.tomcat.util.net.NioEndpoint$NioSocketWrapper.read(NioEndpoint.java:1141)
	at org.apache.coyote.http11.Http11InputBuffer.fill(Http11InputBuffer.java:795)
	at org.apache.coyote.http11.Http11InputBuffer.parseRequestLine(Http11InputBuffer.java:359)
	at org.apache.coyote.http11.Http11Processor.service(Http11Processor.java:261)
	at org.apache.coyote.AbstractProcessorLight.process(AbstractProcessorLight.java:65)
	at org.apache.coyote.AbstractProtocol$ConnectionHandler.process(AbstractProtocol.java:868)
	at org.apache.tomcat.util.net.NioEndpoint$SocketProcessor.doRun(NioEndpoint.java:1590)
	at org.apache.tomcat.util.net.SocketProcessorBase.run(SocketProcessorBase.java:49)
	at java.base/java.util.concurrent.ThreadPoolExecutor.runWorker(ThreadPoolExecutor.java:1128)
	at java.base/java.util.concurrent.ThreadPoolExecutor$Worker.run(ThreadPoolExecutor.java:628)
	at org.apache.tomcat.util.threads.TaskThread$WrappingRunnable.run(TaskThread.java:61)
	at java.base/java.lang.Thread.run(Thread.java:829)
2021-12-21 05:37:59.034 DEBUG 5732 --- [o-8080-exec-500] o.apache.coyote.http11.Http11Processor   : Socket: [org.apache.tomcat.util.net.NioEndpoint$NioSocketWrapper@534e5c3f:org.apache.tomcat.util.net.NioChannel@3c64c65b:java.nio.channels.SocketChannel[connected local=/192.168.102.44:8080 remote=/192.168.102.132:15520]], Status in: [OPEN_READ], State out: [CLOSED]
2021-12-21 05:37:59.034 [http-nio-8080-exec-500] DEBUG org.apache.coyote.http11.Http11Processor - Socket: [org.apache.tomcat.util.net.NioEndpoint$NioSocketWrapper@534e5c3f:org.apache.tomcat.util.net.NioChannel@3c64c65b:java.nio.channels.SocketChannel[connected local=/192.168.102.44:8080 remote=/192.168.102.132:15520]], Status in: [OPEN_READ], State out: [CLOSED]
2021-12-21 05:37:59.132 DEBUG 5732 --- [o-8080-exec-513] o.a.coyote.http11.Http11InputBuffer      : Before fill(): [true], parsingRequestLine: [true], parsingRequestLinePhase: [0], parsingRequestLineStart: [0], byteBuffer.position() [0]
2021-12-21 05:37:59.132 [http-nio-8080-exec-513] DEBUG org.apache.coyote.http11.Http11InputBuffer - Before fill(): [true], parsingRequestLine: [true], parsingRequestLinePhase: [0], parsingRequestLineStart: [0], byteBuffer.position() [0]
2021-12-21 05:37:59.132 DEBUG 5732 --- [o-8080-exec-513] o.apache.coyote.http11.Http11Processor   : Error parsing HTTP request header

java.io.EOFException: null
	at org.apache.tomcat.util.net.NioEndpoint$NioSocketWrapper.fillReadBuffer(NioEndpoint.java:1231)
	at org.apache.tomcat.util.net.NioEndpoint$NioSocketWrapper.read(NioEndpoint.java:1141)
	at org.apache.coyote.http11.Http11InputBuffer.fill(Http11InputBuffer.java:795)
	at org.apache.coyote.http11.Http11InputBuffer.parseRequestLine(Http11InputBuffer.java:359)
	at org.apache.coyote.http11.Http11Processor.service(Http11Processor.java:261)
	at org.apache.coyote.AbstractProcessorLight.process(AbstractProcessorLight.java:65)
	at org.apache.coyote.AbstractProtocol$ConnectionHandler.process(AbstractProtocol.java:868)
	at org.apache.tomcat.util.net.NioEndpoint$SocketProcessor.doRun(NioEndpoint.java:1590)
	at org.apache.tomcat.util.net.SocketProcessorBase.run(SocketProcessorBase.java:49)
	at java.base/java.util.concurrent.ThreadPoolExecutor.runWorker(ThreadPoolExecutor.java:1128)
	at java.base/java.util.concurrent.ThreadPoolExecutor$Worker.run(ThreadPoolExecutor.java:628)
	at org.apache.tomcat.util.threads.TaskThread$WrappingRunnable.run(TaskThread.java:61)
	at java.base/java.lang.Thread.run(Thread.java:829)

2021-12-21 05:37:59.132 [http-nio-8080-exec-513] DEBUG org.apache.coyote.http11.Http11Processor - Error parsing HTTP request header
java.io.EOFException: null
	at org.apache.tomcat.util.net.NioEndpoint$NioSocketWrapper.fillReadBuffer(NioEndpoint.java:1231)
	at org.apache.tomcat.util.net.NioEndpoint$NioSocketWrapper.read(NioEndpoint.java:1141)
	at org.apache.coyote.http11.Http11InputBuffer.fill(Http11InputBuffer.java:795)
	at org.apache.coyote.http11.Http11InputBuffer.parseRequestLine(Http11InputBuffer.java:359)
	at org.apache.coyote.http11.Http11Processor.service(Http11Processor.java:261)
	at org.apache.coyote.AbstractProcessorLight.process(AbstractProcessorLight.java:65)
	at org.apache.coyote.AbstractProtocol$ConnectionHandler.process(AbstractProtocol.java:868)
	at org.apache.tomcat.util.net.NioEndpoint$SocketProcessor.doRun(NioEndpoint.java:1590)
	at org.apache.tomcat.util.net.SocketProcessorBase.run(SocketProcessorBase.java:49)
	at java.base/java.util.concurrent.ThreadPoolExecutor.runWorker(ThreadPoolExecutor.java:1128)
	at java.base/java.util.concurrent.ThreadPoolExecutor$Worker.run(ThreadPoolExecutor.java:628)
	at org.apache.tomcat.util.threads.TaskThread$WrappingRunnable.run(TaskThread.java:61)
	at java.base/java.lang.Thread.run(Thread.java:829)
2021-12-21 05:37:59.132 DEBUG 5732 --- [o-8080-exec-513] o.apache.coyote.http11.Http11Processor   : Socket: [org.apache.tomcat.util.net.NioEndpoint$NioSocketWrapper@5bf9d52d:org.apache.tomcat.util.net.NioChannel@f81433a:java.nio.channels.SocketChannel[connected local=/192.168.102.44:8080 remote=/192.168.102.132:15336]], Status in: [OPEN_READ], State out: [CLOSED]
2021-12-21 05:37:59.132 [http-nio-8080-exec-513] DEBUG org.apache.coyote.http11.Http11Processor - Socket: [org.apache.tomcat.util.net.NioEndpoint$NioSocketWrapper@5bf9d52d:org.apache.tomcat.util.net.NioChannel@f81433a:java.nio.channels.SocketChannel[connected local=/192.168.102.44:8080 remote=/192.168.102.132:15336]], Status in: [OPEN_READ], State out: [CLOSED]
2021-12-21 05:38:00.562 DEBUG 5732 --- [o-8080-exec-494] o.a.coyote.http11.Http11InputBuffer      : Before fill(): [true], parsingRequestLine: [true], parsingRequestLinePhase: [0], parsingRequestLineStart: [0], byteBuffer.position() [0]
2021-12-21 05:38:00.562 [http-nio-8080-exec-494] DEBUG org.apache.coyote.http11.Http11InputBuffer - Before fill(): [true], parsingRequestLine: [true], parsingRequestLinePhase: [0], parsingRequestLineStart: [0], byteBuffer.position() [0]
2021-12-21 05:38:00.562 DEBUG 5732 --- [o-8080-exec-494] o.apache.coyote.http11.Http11Processor   : Error parsing HTTP request header

java.io.EOFException: null
	at org.apache.tomcat.util.net.NioEndpoint$NioSocketWrapper.fillReadBuffer(NioEndpoint.java:1231)
	at org.apache.tomcat.util.net.NioEndpoint$NioSocketWrapper.read(NioEndpoint.java:1141)
	at org.apache.coyote.http11.Http11InputBuffer.fill(Http11InputBuffer.java:795)
	at org.apache.coyote.http11.Http11InputBuffer.parseRequestLine(Http11InputBuffer.java:359)
	at org.apache.coyote.http11.Http11Processor.service(Http11Processor.java:261)
	at org.apache.coyote.AbstractProcessorLight.process(AbstractProcessorLight.java:65)
	at org.apache.coyote.AbstractProtocol$ConnectionHandler.process(AbstractProtocol.java:868)
	at org.apache.tomcat.util.net.NioEndpoint$SocketProcessor.doRun(NioEndpoint.java:1590)
	at org.apache.tomcat.util.net.SocketProcessorBase.run(SocketProcessorBase.java:49)
	at java.base/java.util.concurrent.ThreadPoolExecutor.runWorker(ThreadPoolExecutor.java:1128)
	at java.base/java.util.concurrent.ThreadPoolExecutor$Worker.run(ThreadPoolExecutor.java:628)
	at org.apache.tomcat.util.threads.TaskThread$WrappingRunnable.run(TaskThread.java:61)
	at java.base/java.lang.Thread.run(Thread.java:829)

2021-12-21 05:38:00.562 [http-nio-8080-exec-494] DEBUG org.apache.coyote.http11.Http11Processor - Error parsing HTTP request header
java.io.EOFException: null
	at org.apache.tomcat.util.net.NioEndpoint$NioSocketWrapper.fillReadBuffer(NioEndpoint.java:1231)
	at org.apache.tomcat.util.net.NioEndpoint$NioSocketWrapper.read(NioEndpoint.java:1141)
	at org.apache.coyote.http11.Http11InputBuffer.fill(Http11InputBuffer.java:795)
	at org.apache.coyote.http11.Http11InputBuffer.parseRequestLine(Http11InputBuffer.java:359)
	at org.apache.coyote.http11.Http11Processor.service(Http11Processor.java:261)
	at org.apache.coyote.AbstractProcessorLight.process(AbstractProcessorLight.java:65)
	at org.apache.coyote.AbstractProtocol$ConnectionHandler.process(AbstractProtocol.java:868)
	at org.apache.tomcat.util.net.NioEndpoint$SocketProcessor.doRun(NioEndpoint.java:1590)
	at org.apache.tomcat.util.net.SocketProcessorBase.run(SocketProcessorBase.java:49)
	at java.base/java.util.concurrent.ThreadPoolExecutor.runWorker(ThreadPoolExecutor.java:1128)
	at java.base/java.util.concurrent.ThreadPoolExecutor$Worker.run(ThreadPoolExecutor.java:628)
	at org.apache.tomcat.util.threads.TaskThread$WrappingRunnable.run(TaskThread.java:61)
	at java.base/java.lang.Thread.run(Thread.java:829)
2021-12-21 05:38:00.563 DEBUG 5732 --- [o-8080-exec-494] o.apache.coyote.http11.Http11Processor   : Socket: [org.apache.tomcat.util.net.NioEndpoint$NioSocketWrapper@4bef9412:org.apache.tomcat.util.net.NioChannel@62d498e0:java.nio.channels.SocketChannel[connected local=/192.168.102.44:8080 remote=/192.168.102.132:15474]], Status in: [OPEN_READ], State out: [CLOSED]
2021-12-21 05:38:00.563 [http-nio-8080-exec-494] DEBUG org.apache.coyote.http11.Http11Processor - Socket: [org.apache.tomcat.util.net.NioEndpoint$NioSocketWrapper@4bef9412:org.apache.tomcat.util.net.NioChannel@62d498e0:java.nio.channels.SocketChannel[connected local=/192.168.102.44:8080 remote=/192.168.102.132:15474]], Status in: [OPEN_READ], State out: [CLOSED]
2021-12-21 05:38:01.052 DEBUG 5732 --- [o-8080-exec-437] o.a.coyote.http11.Http11InputBuffer      : Before fill(): [true], parsingRequestLine: [true], parsingRequestLinePhase: [0], parsingRequestLineStart: [0], byteBuffer.position() [0]
2021-12-21 05:38:01.052 [http-nio-8080-exec-437] DEBUG org.apache.coyote.http11.Http11InputBuffer - Before fill(): [true], parsingRequestLine: [true], parsingRequestLinePhase: [0], parsingRequestLineStart: [0], byteBuffer.position() [0]
2021-12-21 05:38:01.052 DEBUG 5732 --- [o-8080-exec-437] o.apache.coyote.http11.Http11Processor   : Error parsing HTTP request header

java.io.EOFException: null
	at org.apache.tomcat.util.net.NioEndpoint$NioSocketWrapper.fillReadBuffer(NioEndpoint.java:1231)
	at org.apache.tomcat.util.net.NioEndpoint$NioSocketWrapper.read(NioEndpoint.java:1141)
	at org.apache.coyote.http11.Http11InputBuffer.fill(Http11InputBuffer.java:795)
	at org.apache.coyote.http11.Http11InputBuffer.parseRequestLine(Http11InputBuffer.java:359)
	at org.apache.coyote.http11.Http11Processor.service(Http11Processor.java:261)
	at org.apache.coyote.AbstractProcessorLight.process(AbstractProcessorLight.java:65)
	at org.apache.coyote.AbstractProtocol$ConnectionHandler.process(AbstractProtocol.java:868)
	at org.apache.tomcat.util.net.NioEndpoint$SocketProcessor.doRun(NioEndpoint.java:1590)
	at org.apache.tomcat.util.net.SocketProcessorBase.run(SocketProcessorBase.java:49)
	at java.base/java.util.concurrent.ThreadPoolExecutor.runWorker(ThreadPoolExecutor.java:1128)
	at java.base/java.util.concurrent.ThreadPoolExecutor$Worker.run(ThreadPoolExecutor.java:628)
	at org.apache.tomcat.util.threads.TaskThread$WrappingRunnable.run(TaskThread.java:61)
	at java.base/java.lang.Thread.run(Thread.java:829)

2021-12-21 05:38:01.052 [http-nio-8080-exec-437] DEBUG org.apache.coyote.http11.Http11Processor - Error parsing HTTP request header
java.io.EOFException: null
	at org.apache.tomcat.util.net.NioEndpoint$NioSocketWrapper.fillReadBuffer(NioEndpoint.java:1231)
	at org.apache.tomcat.util.net.NioEndpoint$NioSocketWrapper.read(NioEndpoint.java:1141)
	at org.apache.coyote.http11.Http11InputBuffer.fill(Http11InputBuffer.java:795)
	at org.apache.coyote.http11.Http11InputBuffer.parseRequestLine(Http11InputBuffer.java:359)
	at org.apache.coyote.http11.Http11Processor.service(Http11Processor.java:261)
	at org.apache.coyote.AbstractProcessorLight.process(AbstractProcessorLight.java:65)
	at org.apache.coyote.AbstractProtocol$ConnectionHandler.process(AbstractProtocol.java:868)
	at org.apache.tomcat.util.net.NioEndpoint$SocketProcessor.doRun(NioEndpoint.java:1590)
	at org.apache.tomcat.util.net.SocketProcessorBase.run(SocketProcessorBase.java:49)
	at java.base/java.util.concurrent.ThreadPoolExecutor.runWorker(ThreadPoolExecutor.java:1128)
	at java.base/java.util.concurrent.ThreadPoolExecutor$Worker.run(ThreadPoolExecutor.java:628)
	at org.apache.tomcat.util.threads.TaskThread$WrappingRunnable.run(TaskThread.java:61)
	at java.base/java.lang.Thread.run(Thread.java:829)
2021-12-21 05:38:01.052 DEBUG 5732 --- [o-8080-exec-437] o.apache.coyote.http11.Http11Processor   : Socket: [org.apache.tomcat.util.net.NioEndpoint$NioSocketWrapper@2d345cfc:org.apache.tomcat.util.net.NioChannel@33034a47:java.nio.channels.SocketChannel[connected local=/192.168.102.44:8080 remote=/192.168.102.132:15484]], Status in: [OPEN_READ], State out: [CLOSED]
2021-12-21 05:38:01.052 [http-nio-8080-exec-437] DEBUG org.apache.coyote.http11.Http11Processor - Socket: [org.apache.tomcat.util.net.NioEndpoint$NioSocketWrapper@2d345cfc:org.apache.tomcat.util.net.NioChannel@33034a47:java.nio.channels.SocketChannel[connected local=/192.168.102.44:8080 remote=/192.168.102.132:15484]], Status in: [OPEN_READ], State out: [CLOSED]
