
          /\      |‾‾| /‾‾/   /‾‾/   
     /\  /  \     |  |/  /   /  /    
    /  \/    \    |     (   /   ‾‾\  
   /          \   |  |\  \ |  (‾)  | 
  / __________ \  |__| \__\ \_____/ .io

  execution: local
     script: load.js
     output: -

  scenarios: (100.00%) 1 scenario, 100 max VUs, 45s max duration (incl. graceful stop):
           * default: Up to 100 looping VUs for 15s over 3 stages (gracefulRampDown: 30s, gracefulStop: 30s)


running (01.0s), 010/100 VUs, 0 complete and 0 interrupted iterations
default   [   6% ] 010/100 VUs  01.0s/15.0s

running (02.0s), 020/100 VUs, 10 complete and 0 interrupted iterations
default   [  13% ] 020/100 VUs  02.0s/15.0s

running (03.0s), 029/100 VUs, 28 complete and 0 interrupted iterations
default   [  20% ] 029/100 VUs  03.0s/15.0s

running (04.0s), 039/100 VUs, 57 complete and 0 interrupted iterations
default   [  26% ] 039/100 VUs  04.0s/15.0s

running (05.0s), 049/100 VUs, 96 complete and 0 interrupted iterations
default   [  33% ] 049/100 VUs  05.0s/15.0s

running (06.0s), 059/100 VUs, 144 complete and 0 interrupted iterations
default   [  40% ] 059/100 VUs  06.0s/15.0s

running (07.0s), 069/100 VUs, 199 complete and 0 interrupted iterations
default   [  46% ] 069/100 VUs  07.0s/15.0s

running (08.0s), 079/100 VUs, 268 complete and 0 interrupted iterations
default   [  53% ] 079/100 VUs  08.0s/15.0s

running (09.0s), 089/100 VUs, 345 complete and 0 interrupted iterations
default   [  60% ] 089/100 VUs  09.0s/15.0s

running (10.0s), 099/100 VUs, 429 complete and 0 interrupted iterations
default   [  66% ] 099/100 VUs  09.9s/15.0s

running (11.0s), 091/100 VUs, 527 complete and 0 interrupted iterations
default   [  73% ] 091/100 VUs  11.0s/15.0s

running (12.0s), 071/100 VUs, 618 complete and 0 interrupted iterations
default   [  80% ] 071/100 VUs  12.0s/15.0s

running (13.0s), 052/100 VUs, 688 complete and 0 interrupted iterations
default   [  86% ] 052/100 VUs  13.0s/15.0s

running (14.0s), 031/100 VUs, 738 complete and 0 interrupted iterations
default   [  93% ] 031/100 VUs  13.9s/15.0s

running (15.0s), 012/100 VUs, 769 complete and 0 interrupted iterations
default   [ 100% ] 012/100 VUs  14.9s/15.0s

running (15.8s), 000/100 VUs, 781 complete and 0 interrupted iterations
default ✓ [ 100% ] 000/100 VUs  15s

     ✓ logged in successfully
     ✓ retrieved member

     checks.........................: 100.00% ✓ 1562      ✗ 0    
     data_received..................: 889 kB  56 kB/s
     data_sent......................: 371 kB  24 kB/s
     http_req_blocked...............: avg=348.37µs min=2.59µs  med=2.87µs  max=22.6ms   p(90)=3.13µs   p(95)=4.05ms  
     http_req_connecting............: avg=58.16µs  min=0s      med=0s      max=1.5ms    p(90)=0s       p(95)=559.09µs
   ✓ http_req_duration..............: avg=12.87ms  min=9.38ms  med=11.68ms max=45.61ms  p(90)=17.2ms   p(95)=19.72ms 
       { expected_response:true }...: avg=13.08ms  min=9.38ms  med=11.82ms max=45.61ms  p(90)=17.38ms  p(95)=19.9ms  
     http_req_failed................: 50.00%  ✓ 781       ✗ 781  
     http_req_receiving.............: avg=229.57µs min=27.66µs med=82.03µs max=13.94ms  p(90)=254.25µs p(95)=906.1µs 
     http_req_sending...............: avg=81.57µs  min=48.48µs med=72.76µs max=275.26µs p(90)=106.77µs p(95)=152.83µs
     http_req_tls_handshaking.......: avg=272.68µs min=0s      med=0s      max=17.76ms  p(90)=0s       p(95)=3.29ms  
     http_req_waiting...............: avg=12.56ms  min=9.22ms  med=11.4ms  max=45.29ms  p(90)=16.57ms  p(95)=19.09ms 
     http_reqs......................: 1562    98.722769/s
     iteration_duration.............: avg=1.02s    min=1.02s   med=1.02s   max=1.08s    p(90)=1.03s    p(95)=1.03s   
     iterations.....................: 781     49.361384/s
     vus............................: 10      min=10      max=100
     vus_max........................: 100     min=100     max=100

