
          /\      |‾‾| /‾‾/   /‾‾/
     /\  /  \     |  |/  /   /  /
    /  \/    \    |     (   /   ‾‾\
   /          \   |  |\  \ |  (‾)  |
  / __________ \  |__| \__\ \_____/ .io

  execution: local
     script: smoke-update.js
     output: -

  scenarios: (100.00%) 1 scenario, 1 max VUs, 40s max duration (incl. graceful stop):
           * default: 1 looping VUs for 10s (gracefulStop: 30s)


running (10.2s), 0/1 VUs, 10 complete and 0 interrupted iterations
default ✓ [======================================] 1 VUs  10s

     ✓ logged in successfully
     ✓ is ok

     checks.........................: 100.00% ✓ 20       ✗ 0
     data_received..................: 4.1 kB  404 B/s
     data_sent......................: 6.6 kB  648 B/s
     http_req_blocked...............: avg=236.68µs min=4.65µs  med=6.45µs  max=4.55ms   p(90)=25.29µs  p(95)=282.21µs
     http_req_connecting............: avg=58.05µs  min=0s      med=0s      max=1.16ms   p(90)=0s       p(95)=58.05µs
   ✓ http_req_duration..............: avg=10.21ms  min=7.64ms  med=8.45ms  max=37.01ms  p(90)=11.29ms  p(95)=13.92ms
       { expected_response:true }...: avg=10.21ms  min=7.64ms  med=8.45ms  max=37.01ms  p(90)=11.29ms  p(95)=13.92ms
     http_req_failed................: 0.00%   ✓ 0        ✗ 20
     http_req_receiving.............: avg=80.36µs  min=37.11µs med=59.06µs max=184.36µs p(90)=147.85µs p(95)=164.06µs
     http_req_sending...............: avg=29.94µs  min=19.59µs med=27.14µs max=81.91µs  p(90)=37.34µs  p(95)=40.24µs
     http_req_tls_handshaking.......: avg=0s       min=0s      med=0s      max=0s       p(90)=0s       p(95)=0s
     http_req_waiting...............: avg=10.1ms   min=7.54ms  med=8.39ms  max=36.83ms  p(90)=11.21ms  p(95)=13.79ms
     http_reqs......................: 20      1.956829/s
     iteration_duration.............: avg=1.02s    min=1.01s   med=1.01s   max=1.05s    p(90)=1.02s    p(95)=1.03s
     iterations.....................: 10      0.978414/s
     vus............................: 1       min=1      max=1
     vus_max........................: 1       min=1      max=1
