
          /\      |‾‾| /‾‾/   /‾‾/   
     /\  /  \     |  |/  /   /  /    
    /  \/    \    |     (   /   ‾‾\  
   /          \   |  |\  \ |  (‾)  | 
  / __________ \  |__| \__\ \_____/ .io

  execution: local
     script: smoke-update.js
     output: -

  scenarios: (100.00%) 1 scenario, 1 max VUs, 40s max duration (incl. graceful stop):
           * default: 1 looping VUs for 10s (gracefulStop: 30s)


running (01.0s), 1/1 VUs, 0 complete and 0 interrupted iterations
default   [  10% ] 1 VUs  01.0s/10s

running (02.0s), 1/1 VUs, 1 complete and 0 interrupted iterations
default   [  20% ] 1 VUs  02.0s/10s

running (03.0s), 1/1 VUs, 2 complete and 0 interrupted iterations
default   [  30% ] 1 VUs  03.0s/10s

running (04.0s), 1/1 VUs, 3 complete and 0 interrupted iterations
default   [  40% ] 1 VUs  04.0s/10s

running (05.0s), 1/1 VUs, 4 complete and 0 interrupted iterations
default   [  50% ] 1 VUs  05.0s/10s

running (06.0s), 1/1 VUs, 5 complete and 0 interrupted iterations
default   [  60% ] 1 VUs  06.0s/10s

running (07.0s), 1/1 VUs, 6 complete and 0 interrupted iterations
default   [  70% ] 1 VUs  07.0s/10s

running (08.0s), 1/1 VUs, 7 complete and 0 interrupted iterations
default   [  80% ] 1 VUs  08.0s/10s

running (09.0s), 1/1 VUs, 8 complete and 0 interrupted iterations
default   [  90% ] 1 VUs  09.0s/10s

running (10.0s), 1/1 VUs, 9 complete and 0 interrupted iterations
default   [ 100% ] 1 VUs  10s

running (10.2s), 0/1 VUs, 10 complete and 0 interrupted iterations
default ✓ [ 100% ] 1 VUs  10s

     ✓ line update

     checks.........................: 100.00% ✓ 10      ✗ 0  
     data_received..................: 970 B   95 B/s
     data_sent......................: 2.2 kB  218 B/s
     http_req_blocked...............: avg=1.92ms   min=4µs     med=5.5µs  max=19.16ms p(90)=1.92ms   p(95)=10.54ms 
     http_req_connecting............: avg=587.79µs min=0s      med=0s     max=5.87ms  p(90)=587.79µs p(95)=3.23ms  
   ✓ http_req_duration..............: avg=17.61ms  min=11.42ms med=17.6ms max=25.55ms p(90)=21.58ms  p(95)=23.56ms 
       { expected_response:true }...: avg=17.61ms  min=11.42ms med=17.6ms max=25.55ms p(90)=21.58ms  p(95)=23.56ms 
     http_req_failed................: 0.00%   ✓ 0       ✗ 10 
     http_req_receiving.............: avg=78.5µs   min=42µs    med=67.5µs max=159µs   p(90)=150µs    p(95)=154.5µs 
     http_req_sending...............: avg=53.8µs   min=24µs    med=34µs   max=220µs   p(90)=65.19µs  p(95)=142.59µs
     http_req_tls_handshaking.......: avg=0s       min=0s      med=0s     max=0s      p(90)=0s       p(95)=0s      
     http_req_waiting...............: avg=17.48ms  min=11.32ms med=17.5ms max=25.47ms p(90)=21.39ms  p(95)=23.43ms 
     http_reqs......................: 10      0.97982/s
     iteration_duration.............: avg=1.02s    min=1.01s   med=1.01s  max=1.04s   p(90)=1.02s    p(95)=1.03s   
     iterations.....................: 10      0.97982/s
     vus............................: 1       min=1     max=1
     vus_max........................: 1       min=1     max=1

