
          /\      |‾‾| /‾‾/   /‾‾/   
     /\  /  \     |  |/  /   /  /    
    /  \/    \    |     (   /   ‾‾\  
   /          \   |  |\  \ |  (‾)  | 
  / __________ \  |__| \__\ \_____/ .io

  execution: local
     script: stress.js
     output: -

  scenarios: (100.00%) 1 scenario, 300 max VUs, 1m10s max duration (incl. graceful stop):
           * default: Up to 300 looping VUs for 40s over 5 stages (gracefulRampDown: 30s, gracefulStop: 30s)


running (0m00.8s), 009/300 VUs, 0 complete and 0 interrupted iterations
default   [   2% ] 009/300 VUs  00.8s/40.0s

running (0m01.8s), 018/300 VUs, 8 complete and 0 interrupted iterations
default   [   5% ] 018/300 VUs  01.8s/40.0s

running (0m02.8s), 028/300 VUs, 26 complete and 0 interrupted iterations
default   [   7% ] 028/300 VUs  02.8s/40.0s

running (0m03.8s), 038/300 VUs, 54 complete and 0 interrupted iterations
default   [  10% ] 038/300 VUs  03.8s/40.0s

running (0m04.8s), 048/300 VUs, 92 complete and 0 interrupted iterations
default   [  12% ] 048/300 VUs  04.8s/40.0s

running (0m05.8s), 054/300 VUs, 135 complete and 0 interrupted iterations
default   [  15% ] 054/300 VUs  05.8s/40.0s

running (0m06.8s), 059/300 VUs, 188 complete and 0 interrupted iterations
default   [  17% ] 059/300 VUs  06.8s/40.0s

running (0m07.8s), 064/300 VUs, 246 complete and 0 interrupted iterations
default   [  20% ] 064/300 VUs  07.8s/40.0s

running (0m08.8s), 069/300 VUs, 309 complete and 0 interrupted iterations
default   [  22% ] 069/300 VUs  08.8s/40.0s

running (0m09.8s), 074/300 VUs, 376 complete and 0 interrupted iterations
default   [  25% ] 074/300 VUs  09.8s/40.0s

running (0m10.8s), 079/300 VUs, 445 complete and 0 interrupted iterations
default   [  27% ] 079/300 VUs  10.8s/40.0s

running (0m11.8s), 084/300 VUs, 523 complete and 0 interrupted iterations
default   [  30% ] 084/300 VUs  11.8s/40.0s

running (0m12.8s), 089/300 VUs, 606 complete and 0 interrupted iterations
default   [  32% ] 089/300 VUs  12.8s/40.0s

running (0m13.8s), 094/300 VUs, 694 complete and 0 interrupted iterations
default   [  35% ] 094/300 VUs  13.8s/40.0s

running (0m14.8s), 099/300 VUs, 786 complete and 0 interrupted iterations
default   [  37% ] 099/300 VUs  14.8s/40.0s

running (0m15.8s), 108/300 VUs, 880 complete and 0 interrupted iterations
default   [  40% ] 108/300 VUs  15.8s/40.0s

running (0m16.8s), 118/300 VUs, 986 complete and 0 interrupted iterations
default   [  42% ] 118/300 VUs  16.8s/40.0s

running (0m17.8s), 128/300 VUs, 1102 complete and 0 interrupted iterations
default   [  45% ] 128/300 VUs  17.8s/40.0s

running (0m18.8s), 138/300 VUs, 1223 complete and 0 interrupted iterations
default   [  47% ] 138/300 VUs  18.8s/40.0s

running (0m19.8s), 148/300 VUs, 1358 complete and 0 interrupted iterations
default   [  50% ] 148/300 VUs  19.8s/40.0s

running (0m20.8s), 158/300 VUs, 1505 complete and 0 interrupted iterations
default   [  52% ] 158/300 VUs  20.8s/40.0s

running (0m21.8s), 168/300 VUs, 1660 complete and 0 interrupted iterations
default   [  55% ] 168/300 VUs  21.8s/40.0s

running (0m22.8s), 178/300 VUs, 1825 complete and 0 interrupted iterations
default   [  57% ] 178/300 VUs  22.8s/40.0s

running (0m23.8s), 188/300 VUs, 1997 complete and 0 interrupted iterations
default   [  60% ] 188/300 VUs  23.8s/40.0s

running (0m24.8s), 198/300 VUs, 2181 complete and 0 interrupted iterations
default   [  62% ] 198/300 VUs  24.8s/40.0s

running (0m25.8s), 208/300 VUs, 2369 complete and 0 interrupted iterations
default   [  65% ] 208/300 VUs  25.8s/40.0s

running (0m26.8s), 218/300 VUs, 2570 complete and 0 interrupted iterations
default   [  67% ] 218/300 VUs  26.8s/40.0s

running (0m27.8s), 228/300 VUs, 2784 complete and 0 interrupted iterations
default   [  70% ] 228/300 VUs  27.8s/40.0s

running (0m28.8s), 238/300 VUs, 3009 complete and 0 interrupted iterations
default   [  72% ] 238/300 VUs  28.8s/40.0s

running (0m29.8s), 248/300 VUs, 3245 complete and 0 interrupted iterations
default   [  75% ] 248/300 VUs  29.8s/40.0s

running (0m30.8s), 258/300 VUs, 3484 complete and 0 interrupted iterations
default   [  77% ] 258/300 VUs  30.8s/40.0s

running (0m31.8s), 268/300 VUs, 3735 complete and 0 interrupted iterations
default   [  80% ] 268/300 VUs  31.8s/40.0s

running (0m32.8s), 278/300 VUs, 3995 complete and 0 interrupted iterations
default   [  82% ] 278/300 VUs  32.8s/40.0s

running (0m33.8s), 288/300 VUs, 4267 complete and 0 interrupted iterations
default   [  85% ] 288/300 VUs  33.8s/40.0s

running (0m34.8s), 298/300 VUs, 4543 complete and 0 interrupted iterations
default   [  87% ] 298/300 VUs  34.8s/40.0s

running (0m35.8s), 283/300 VUs, 4829 complete and 0 interrupted iterations
default   [  90% ] 283/300 VUs  35.8s/40.0s

running (0m36.8s), 221/300 VUs, 5110 complete and 0 interrupted iterations
default   [  92% ] 221/300 VUs  36.8s/40.0s

running (0m37.8s), 162/300 VUs, 5326 complete and 0 interrupted iterations
default   [  95% ] 162/300 VUs  37.8s/40.0s

running (0m38.8s), 105/300 VUs, 5484 complete and 0 interrupted iterations
default   [  97% ] 104/300 VUs  38.8s/40.0s

running (0m39.8s), 040/300 VUs, 5587 complete and 0 interrupted iterations
default   [ 100% ] 040/300 VUs  39.8s/40.0s

running (0m40.8s), 002/300 VUs, 5627 complete and 0 interrupted iterations
default ↓ [ 100% ] 030/300 VUs  40s

running (0m41.0s), 000/300 VUs, 5629 complete and 0 interrupted iterations
default ✓ [ 100% ] 000/300 VUs  40s

     ✓ logged in successfully
     ✗ update ok
      ↳  0% — ✓ 0 / ✗ 5629

     checks.........................: 50.00% ✓ 5629       ✗ 5629 
     data_received..................: 4.4 MB 108 kB/s
     data_sent......................: 2.4 MB 59 kB/s
     http_req_blocked...............: avg=141.8µs  min=2.44µs  med=2.83µs  max=26.96ms p(90)=3µs      p(95)=3.15µs  
     http_req_connecting............: avg=23.81µs  min=0s      med=0s      max=15.83ms p(90)=0s       p(95)=0s      
   ✓ http_req_duration..............: avg=11.8ms   min=8.49ms  med=10.84ms max=47.75ms p(90)=15.52ms  p(95)=17.93ms 
       { expected_response:true }...: avg=12.22ms  min=8.6ms   med=11.24ms max=47.75ms p(90)=16.14ms  p(95)=18.88ms 
     http_req_failed................: 50.00% ✓ 5629       ✗ 5629 
     http_req_receiving.............: avg=113.45µs min=21.83µs med=70.33µs max=3.9ms   p(90)=190.56µs p(95)=294.4µs 
     http_req_sending...............: avg=75.61µs  min=44.55µs med=68.95µs max=3.94ms  p(90)=91.24µs  p(95)=109.94µs
     http_req_tls_handshaking.......: avg=109.39µs min=0s      med=0s      max=19.84ms p(90)=0s       p(95)=0s      
     http_req_waiting...............: avg=11.61ms  min=8.34ms  med=10.66ms max=46.25ms p(90)=15.32ms  p(95)=17.66ms 
     http_reqs......................: 11258  274.503967/s
     iteration_duration.............: avg=1.02s    min=1.01s   med=1.02s   max=1.07s   p(90)=1.03s    p(95)=1.03s   
     iterations.....................: 5629   137.251983/s
     vus............................: 1      min=1        max=300
     vus_max........................: 300    min=300      max=300

