
          /\      |‾‾| /‾‾/   /‾‾/
     /\  /  \     |  |/  /   /  /
    /  \/    \    |     (   /   ‾‾\
   /          \   |  |\  \ |  (‾)  |
  / __________ \  |__| \__\ \_____/ .io

  execution: local
     script: stress-update.js
     output: -

  scenarios: (100.00%) 1 scenario, 600 max VUs, 2m20s max duration (incl. graceful stop):
           * default: Up to 600 looping VUs for 1m50s over 7 stages (gracefulRampDown: 30s, gracefulStop: 30s)

WARN[0081] Timer exhausted! The execution time of the test took longer than 2 seconds  source=console
WARN[0088] Timer exhausted! The execution time of the test took longer than 2 seconds  source=console
WARN[0089] Timer exhausted! The execution time of the test took longer than 2 seconds  source=console
WARN[0089] Timer exhausted! The execution time of the test took longer than 2 seconds  source=console
WARN[0090] Timer exhausted! The execution time of the test took longer than 2 seconds  source=console
WARN[0090] Timer exhausted! The execution time of the test took longer than 2 seconds  source=console
WARN[0090] Timer exhausted! The execution time of the test took longer than 2 seconds  source=console
WARN[0091] Timer exhausted! The execution time of the test took longer than 2 seconds  source=console
WARN[0091] Timer exhausted! The execution time of the test took longer than 2 seconds  source=console
WARN[0091] Timer exhausted! The execution time of the test took longer than 2 seconds  source=console
WARN[0091] Timer exhausted! The execution time of the test took longer than 2 seconds  source=console
WARN[0091] Timer exhausted! The execution time of the test took longer than 2 seconds  source=console
WARN[0091] Timer exhausted! The execution time of the test took longer than 2 seconds  source=console
WARN[0091] Timer exhausted! The execution time of the test took longer than 2 seconds  source=console
WARN[0091] Timer exhausted! The execution time of the test took longer than 2 seconds  source=console
WARN[0091] Timer exhausted! The execution time of the test took longer than 2 seconds  source=console
WARN[0091] Timer exhausted! The execution time of the test took longer than 2 seconds  source=console
WARN[0092] Timer exhausted! The execution time of the test took longer than 2 seconds  source=console
WARN[0092] Timer exhausted! The execution time of the test took longer than 2 seconds  source=console
WARN[0092] Timer exhausted! The execution time of the test took longer than 2 seconds  source=console
WARN[0093] Timer exhausted! The execution time of the test took longer than 2 seconds  source=console
WARN[0093] Timer exhausted! The execution time of the test took longer than 2 seconds  source=console
WARN[0093] Timer exhausted! The execution time of the test took longer than 2 seconds  source=console
WARN[0093] Timer exhausted! The execution time of the test took longer than 2 seconds  source=console
WARN[0093] Timer exhausted! The execution time of the test took longer than 2 seconds  source=console
WARN[0093] Timer exhausted! The execution time of the test took longer than 2 seconds  source=console
WARN[0094] Timer exhausted! The execution time of the test took longer than 2 seconds  source=console
WARN[0094] Timer exhausted! The execution time of the test took longer than 2 seconds  source=console
WARN[0094] Timer exhausted! The execution time of the test took longer than 2 seconds  source=console
WARN[0095] Timer exhausted! The execution time of the test took longer than 2 seconds  source=console

running (1m50.8s), 000/600 VUs, 26513 complete and 0 interrupted iterations
default ✓ [======================================] 000/600 VUs  1m50s

     ✓ logged in successfully
     ✗ reached request rate
      ↳  99% — ✓ 26483 / ✗ 30

     checks.........................: 99.94% ✓ 52996      ✗ 30
     data_received..................: 11 MB  99 kB/s
     data_sent......................: 18 MB  158 kB/s
     http_req_blocked...............: avg=82.8µs   min=0s     med=0s      max=1s       p(90)=0s       p(95)=0s
     http_req_connecting............: avg=79.08µs  min=0s     med=0s      max=1s       p(90)=0s       p(95)=0s
     http_req_duration..............: avg=156.97ms min=6.19ms med=43.42ms max=1.95s    p(90)=563.73ms p(95)=679.12ms
       { expected_response:true }...: avg=156.97ms min=6.19ms med=43.42ms max=1.95s    p(90)=563.73ms p(95)=679.12ms
     http_req_failed................: 0.00%  ✓ 0          ✗ 53026
     http_req_receiving.............: avg=281.21µs min=0s     med=0s      max=297.67ms p(90)=727.5µs  p(95)=1.02ms
     http_req_sending...............: avg=15.67µs  min=0s     med=0s      max=2.47ms   p(90)=0s       p(95)=0s
     http_req_tls_handshaking.......: avg=0s       min=0s     med=0s      max=0s       p(90)=0s       p(95)=0s
     http_req_waiting...............: avg=156.67ms min=6.19ms med=43.03ms max=1.95s    p(90)=563.45ms p(95)=678.88ms
     http_reqs......................: 53026  478.443706/s
     iteration_duration.............: avg=2s       min=1.99s  med=2s      max=2.9s     p(90)=2s       p(95)=2s
     iterations.....................: 26513  239.221853/s
     vus............................: 36     min=36       max=600
     vus_max........................: 600    min=600      max=600
