2021-12-18 19:12:16.641 http-nio-auto-1-exec-1 INFO  file - /members api 호출하였습니다.
2021-12-18 19:12:16.714 http-nio-auto-1-exec-1 INFO  file - /members api 호출이 성공하였습니다.
2021-12-18 19:12:16.779 http-nio-auto-1-exec-2 INFO  file - /login/token api 호출하였습니다.
2021-12-18 19:12:16.943 http-nio-auto-1-exec-3 INFO  file - /members api 호출하였습니다.
2021-12-18 19:12:16.943 http-nio-auto-1-exec-3 INFO  file - /members api 호출이 성공하였습니다.
2021-12-18 19:12:16.959 http-nio-auto-1-exec-4 INFO  file - /login/token api 호출하였습니다.
2021-12-18 19:12:17.002 http-nio-auto-1-exec-4 INFO  file - /login/token api 호출이 성공하였습니다.
2021-12-18 19:12:17.426 http-nio-auto-1-exec-3 INFO  file - /members api 호출하였습니다.
2021-12-18 19:12:17.434 http-nio-auto-1-exec-3 INFO  file - /members api 호출이 성공하였습니다.
2021-12-18 19:12:17.434 http-nio-auto-1-exec-4 INFO  file - /login/token api 호출하였습니다.
2021-12-18 19:12:17.449 http-nio-auto-1-exec-4 INFO  file - /login/token api 호출이 성공하였습니다.
2021-12-18 19:12:18.067 http-nio-auto-1-exec-5 INFO  file - /members api 호출하였습니다.
2021-12-18 19:12:18.075 http-nio-auto-1-exec-5 INFO  file - /members api 호출이 성공하였습니다.
2021-12-18 19:13:11.121 http-nio-auto-1-exec-9 INFO  file - /members api 호출하였습니다.
2021-12-18 19:13:11.137 http-nio-auto-1-exec-9 INFO  file - /members api 호출이 성공하였습니다.
2021-12-18 19:13:11.153 http-nio-auto-1-exec-6 INFO  file - /login/token api 호출하였습니다.
2021-12-18 19:13:11.276 http-nio-auto-1-exec-7 INFO  file - /members api 호출하였습니다.
2021-12-18 19:13:11.286 http-nio-auto-1-exec-7 INFO  file - /members api 호출이 성공하였습니다.
2021-12-18 19:13:11.286 http-nio-auto-1-exec-3 INFO  file - /login/token api 호출하였습니다.
2021-12-18 19:13:11.318 http-nio-auto-1-exec-3 INFO  file - /login/token api 호출이 성공하였습니다.
2021-12-18 19:13:11.669 http-nio-auto-1-exec-9 INFO  file - /members api 호출하였습니다.
2021-12-18 19:13:11.685 http-nio-auto-1-exec-9 INFO  file - /members api 호출이 성공하였습니다.
2021-12-18 19:13:11.688 http-nio-auto-1-exec-1 INFO  file - /login/token api 호출하였습니다.
2021-12-18 19:13:11.688 http-nio-auto-1-exec-1 INFO  file - /login/token api 호출이 성공하였습니다.
2021-12-18 19:13:12.593 http-nio-auto-1-exec-10 INFO  file - /members api 호출하였습니다.
2021-12-18 19:13:12.604 http-nio-auto-1-exec-10 INFO  file - /members api 호출이 성공하였습니다.
2021-12-18 19:14:14.425 http-nio-auto-1-exec-3 INFO  file - /members api 호출하였습니다.
2021-12-18 19:14:14.458 http-nio-auto-1-exec-3 INFO  file - /members api 호출이 성공하였습니다.
2021-12-18 19:14:14.459 http-nio-auto-1-exec-7 INFO  file - /login/token api 호출하였습니다.
2021-12-18 19:14:14.543 http-nio-auto-1-exec-8 INFO  file - /members api 호출하였습니다.
2021-12-18 19:14:14.543 http-nio-auto-1-exec-8 INFO  file - /members api 호출이 성공하였습니다.
2021-12-18 19:14:14.551 http-nio-auto-1-exec-10 INFO  file - /login/token api 호출하였습니다.
2021-12-18 19:14:14.567 http-nio-auto-1-exec-10 INFO  file - /login/token api 호출이 성공하였습니다.
2021-12-18 19:14:14.976 http-nio-auto-1-exec-8 INFO  file - /members api 호출하였습니다.
2021-12-18 19:14:14.976 http-nio-auto-1-exec-8 INFO  file - /members api 호출이 성공하였습니다.
2021-12-18 19:14:14.976 http-nio-auto-1-exec-10 INFO  file - /login/token api 호출하였습니다.
2021-12-18 19:14:14.976 http-nio-auto-1-exec-10 INFO  file - /login/token api 호출이 성공하였습니다.
2021-12-18 19:14:15.971 http-nio-auto-1-exec-3 INFO  file - /members api 호출하였습니다.
2021-12-18 19:14:15.971 http-nio-auto-1-exec-3 INFO  file - /members api 호출이 성공하였습니다.
2021-12-18 19:16:40.125 http-nio-auto-1-exec-5 INFO  file - /paths api 호출하였습니다.
2021-12-18 19:16:40.250 http-nio-auto-1-exec-5 INFO  file - /paths api 호출이 성공하였습니다.
