k6 run --out influxdb=http://localhost:8086/myk6db load.js

          /\      |‾‾| /‾‾/   /‾‾/
     /\  /  \     |  |/  /   /  /
    /  \/    \    |     (   /   ‾‾\
   /          \   |  |\  \ |  (‾)  |
  / __________ \  |__| \__\ \_____/ .io

  execution: local
     script: load.js
     output: InfluxDBv1 (http://localhost:8086)

  scenarios: (100.00%) 1 scenario, 230 max VUs, 3m30s max duration (incl. graceful stop):
           * default: Up to 230 looping VUs for 3m0s over 7 stages (gracefulRampDown: 30s, gracefulStop: 30s)


running (3m00.6s), 000/230 VUs, 16174 complete and 0 interrupted iterations
default ↓ [======================================] 001/230 VUs  3m0s

     ✓ status is 200

     checks.........................: 100.00% ✓ 16174     ✗ 0
     data_received..................: 27 MB   148 kB/s
     data_sent......................: 2.0 MB  11 kB/s
     http_req_blocked...............: avg=80.59µs min=1.06µs  med=3.03µs  max=34.75ms p(90)=5.15µs  p(95)=7.21µs
     http_req_connecting............: avg=15.11µs min=0s      med=0s      max=2.29ms  p(90)=0s      p(95)=0s
   ✓ http_req_duration..............: avg=2.22ms  min=1.4ms   med=2.07ms  max=13.08ms p(90)=2.71ms  p(95)=3.11ms
       { expected_response:true }...: avg=2.22ms  min=1.4ms   med=2.07ms  max=13.08ms p(90)=2.71ms  p(95)=3.11ms
     http_req_failed................: 0.00%   ✓ 0         ✗ 16174
     http_req_receiving.............: avg=42.98µs min=12.14µs med=37.93µs max=5.66ms  p(90)=61.91µs p(95)=73.38µs
     http_req_sending...............: avg=20.68µs min=5.11µs  med=12.84µs max=7.71ms  p(90)=29.18µs p(95)=48.46µs
     http_req_tls_handshaking.......: avg=59.21µs min=0s      med=0s      max=15.95ms p(90)=0s      p(95)=0s
     http_req_waiting...............: avg=2.16ms  min=1.35ms  med=2ms     max=12.99ms p(90)=2.65ms  p(95)=3.03ms
     http_reqs......................: 16174   89.573602/s
     iteration_duration.............: avg=1s      min=1s      med=1s      max=1.03s   p(90)=1s      p(95)=1s
     iterations.....................: 16174   89.573602/s
     vus............................: 1       min=1       max=230
     vus_max........................: 230     min=230     max=230