
          /\      |‾‾| /‾‾/   /‾‾/
     /\  /  \     |  |/  /   /  /
    /  \/    \    |     (   /   ‾‾\
   /          \   |  |\  \ |  (‾)  |
  / __________ \  |__| \__\ \_____/ .io

  execution: local
     script: stress.js
     output: InfluxDBv1 (http://localhost:8086)

  scenarios: (100.00%) 1 scenario, 700 max VUs, 4m30s max duration (incl. graceful stop):
           * default: Up to 700 looping VUs for 4m0s over 8 stages (gracefulRampDown: 30s, gracefulStop: 30s)

WARN[0196] Request Failed                                error="Get \"https://soongjamm-infra-web.p-e.kr/\": EOF"
WARN[0196] Request Failed                                error="Get \"https://soongjamm-infra-web.p-e.kr/\": EOF"
WARN[0196] Request Failed                                error="Get \"https://soongjamm-infra-web.p-e.kr/\": EOF"
WARN[0196] Request Failed                                error="Get \"https://soongjamm-infra-web.p-e.kr/\": EOF"
WARN[0196] Request Failed                                error="Get \"https://soongjamm-infra-web.p-e.kr/\": EOF"
WARN[0196] Request Failed                                error="Get \"https://soongjamm-infra-web.p-e.kr/\": read tcp 192.168.101.12:48882->13.209.243.144:443: read: connection reset by peer"
WARN[0196] Request Failed                                error="Get \"https://soongjamm-infra-web.p-e.kr/\": EOF"
WARN[0196] Request Failed                                error="Get \"https://soongjamm-infra-web.p-e.kr/\": EOF"
WARN[0196] Request Failed                                error="Get \"https://soongjamm-infra-web.p-e.kr/\": EOF"
WARN[0196] Request Failed                                error="Get \"https://soongjamm-infra-web.p-e.kr/\": EOF"
WARN[0196] Request Failed                                error="Get \"https://soongjamm-infra-web.p-e.kr/\": EOF"
WARN[0196] Request Failed                                error="Get \"https://soongjamm-infra-web.p-e.kr/\": EOF"
WARN[0196] Request Failed                                error="Get \"https://soongjamm-infra-web.p-e.kr/\": EOF"
WARN[0196] Request Failed                                error="Get \"https://soongjamm-infra-web.p-e.kr/\": EOF"
WARN[0196] Request Failed                                error="Get \"https://soongjamm-infra-web.p-e.kr/\": EOF"
WARN[0196] Request Failed                                error="Get \"https://soongjamm-infra-web.p-e.kr/\": EOF"
WARN[0196] Request Failed                                error="Get \"https://soongjamm-infra-web.p-e.kr/\": EOF"
WARN[0196] Request Failed                                error="Get \"https://soongjamm-infra-web.p-e.kr/\": EOF"
WARN[0197] Request Failed                                error="Get \"https://soongjamm-infra-web.p-e.kr/\": EOF"
WARN[0197] Request Failed                                error="Get \"https://soongjamm-infra-web.p-e.kr/\": EOF"
WARN[0197] Request Failed                                error="Get \"https://soongjamm-infra-web.p-e.kr/\": EOF"
WARN[0197] Request Failed                                error="Get \"https://soongjamm-infra-web.p-e.kr/\": EOF"
WARN[0197] Request Failed                                error="Get \"https://soongjamm-infra-web.p-e.kr/\": EOF"
WARN[0197] Request Failed                                error="Get \"https://soongjamm-infra-web.p-e.kr/\": EOF"
WARN[0197] Request Failed                                error="Get \"https://soongjamm-infra-web.p-e.kr/\": EOF"
WARN[0197] Request Failed                                error="Get \"https://soongjamm-infra-web.p-e.kr/\": EOF"
WARN[0197] Request Failed                                error="Get \"https://soongjamm-infra-web.p-e.kr/\": EOF"
WARN[0197] Request Failed                                error="Get \"https://soongjamm-infra-web.p-e.kr/\": EOF"
WARN[0197] Request Failed                                error="Get \"https://soongjamm-infra-web.p-e.kr/\": EOF"
WARN[0197] Request Failed                                error="Get \"https://soongjamm-infra-web.p-e.kr/\": EOF"
WARN[0197] Request Failed                                error="Get \"https://soongjamm-infra-web.p-e.kr/\": EOF"
WARN[0197] Request Failed                                error="Get \"https://soongjamm-infra-web.p-e.kr/\": EOF"
WARN[0197] Request Failed                                error="Get \"https://soongjamm-infra-web.p-e.kr/\": EOF"
WARN[0197] Request Failed                                error="Get \"https://soongjamm-infra-web.p-e.kr/\": EOF"
WARN[0197] Request Failed                                error="Get \"https://soongjamm-infra-web.p-e.kr/\": EOF"
WARN[0197] Request Failed                                error="Get \"https://soongjamm-infra-web.p-e.kr/\": EOF"
WARN[0197] Request Failed                                error="Get \"https://soongjamm-infra-web.p-e.kr/\": EOF"
WARN[0197] Request Failed                                error="Get \"https://soongjamm-infra-web.p-e.kr/\": EOF"
WARN[0197] Request Failed                                error="Get \"https://soongjamm-infra-web.p-e.kr/\": EOF"
WARN[0197] Request Failed                                error="Get \"https://soongjamm-infra-web.p-e.kr/\": EOF"
WARN[0197] Request Failed                                error="Get \"https://soongjamm-infra-web.p-e.kr/\": EOF"
WARN[0197] Request Failed                                error="Get \"https://soongjamm-infra-web.p-e.kr/\": EOF"
WARN[0197] Request Failed                                error="Get \"https://soongjamm-infra-web.p-e.kr/\": EOF"
WARN[0197] Request Failed                                error="Get \"https://soongjamm-infra-web.p-e.kr/\": EOF"
WARN[0197] Request Failed                                error="Get \"https://soongjamm-infra-web.p-e.kr/\": EOF"
WARN[0197] Request Failed                                error="Get \"https://soongjamm-infra-web.p-e.kr/\": EOF"
WARN[0197] Request Failed                                error="Get \"https://soongjamm-infra-web.p-e.kr/\": EOF"
WARN[0197] Request Failed                                error="Get \"https://soongjamm-infra-web.p-e.kr/\": EOF"
WARN[0197] Request Failed                                error="Get \"https://soongjamm-infra-web.p-e.kr/\": EOF"
WARN[0197] Request Failed                                error="Get \"https://soongjamm-infra-web.p-e.kr/\": EOF"
WARN[0197] Request Failed                                error="Get \"https://soongjamm-infra-web.p-e.kr/\": EOF"
WARN[0197] Request Failed                                error="Get \"https://soongjamm-infra-web.p-e.kr/\": EOF"
WARN[0197] Request Failed                                error="Get \"https://soongjamm-infra-web.p-e.kr/\": EOF"
WARN[0197] Request Failed                                error="Get \"https://soongjamm-infra-web.p-e.kr/\": EOF"
WARN[0201] Request Failed                                error="Get \"https://soongjamm-infra-web.p-e.kr/\": EOF"
WARN[0201] Request Failed                                error="Get \"https://soongjamm-infra-web.p-e.kr/\": EOF"
WARN[0201] Request Failed                                error="Get \"https://soongjamm-infra-web.p-e.kr/\": EOF"
WARN[0201] Request Failed                                error="Get \"https://soongjamm-infra-web.p-e.kr/\": EOF"
WARN[0201] Request Failed                                error="Get \"https://soongjamm-infra-web.p-e.kr/\": EOF"
WARN[0201] Request Failed                                error="Get \"https://soongjamm-infra-web.p-e.kr/\": EOF"
WARN[0201] Request Failed                                error="Get \"https://soongjamm-infra-web.p-e.kr/\": EOF"
WARN[0201] Request Failed                                error="Get \"https://soongjamm-infra-web.p-e.kr/\": EOF"
WARN[0201] Request Failed                                error="Get \"https://soongjamm-infra-web.p-e.kr/\": EOF"
WARN[0201] Request Failed                                error="Get \"https://soongjamm-infra-web.p-e.kr/\": EOF"
WARN[0201] Request Failed                                error="Get \"https://soongjamm-infra-web.p-e.kr/\": EOF"
WARN[0201] Request Failed                                error="Get \"https://soongjamm-infra-web.p-e.kr/\": EOF"
WARN[0201] Request Failed                                error="Get \"https://soongjamm-infra-web.p-e.kr/\": EOF"
WARN[0201] Request Failed                                error="Get \"https://soongjamm-infra-web.p-e.kr/\": EOF"
WARN[0201] Request Failed                                error="Get \"https://soongjamm-infra-web.p-e.kr/\": EOF"
WARN[0201] Request Failed                                error="Get \"https://soongjamm-infra-web.p-e.kr/\": EOF"
WARN[0201] Request Failed                                error="Get \"https://soongjamm-infra-web.p-e.kr/\": EOF"
WARN[0201] Request Failed                                error="Get \"https://soongjamm-infra-web.p-e.kr/\": EOF"
WARN[0201] Request Failed                                error="Get \"https://soongjamm-infra-web.p-e.kr/\": EOF"
WARN[0201] Request Failed                                error="Get \"https://soongjamm-infra-web.p-e.kr/\": EOF"
WARN[0201] Request Failed                                error="Get \"https://soongjamm-infra-web.p-e.kr/\": EOF"
WARN[0201] Request Failed                                error="Get \"https://soongjamm-infra-web.p-e.kr/\": EOF"
WARN[0201] Request Failed                                error="Get \"https://soongjamm-infra-web.p-e.kr/\": EOF"
WARN[0201] Request Failed                                error="Get \"https://soongjamm-infra-web.p-e.kr/\": EOF"
WARN[0201] Request Failed                                error="Get \"https://soongjamm-infra-web.p-e.kr/\": EOF"
WARN[0201] Request Failed                                error="Get \"https://soongjamm-infra-web.p-e.kr/\": EOF"
WARN[0201] Request Failed                                error="Get \"https://soongjamm-infra-web.p-e.kr/\": EOF"
WARN[0201] Request Failed                                error="Get \"https://soongjamm-infra-web.p-e.kr/\": EOF"
WARN[0201] Request Failed                                error="Get \"https://soongjamm-infra-web.p-e.kr/\": EOF"
WARN[0201] Request Failed                                error="Get \"https://soongjamm-infra-web.p-e.kr/\": EOF"
WARN[0201] Request Failed                                error="Get \"https://soongjamm-infra-web.p-e.kr/\": EOF"
WARN[0201] Request Failed                                error="Get \"https://soongjamm-infra-web.p-e.kr/\": EOF"
WARN[0201] Request Failed                                error="Get \"https://soongjamm-infra-web.p-e.kr/\": EOF"
WARN[0201] Request Failed                                error="Get \"https://soongjamm-infra-web.p-e.kr/\": EOF"
WARN[0201] Request Failed                                error="Get \"https://soongjamm-infra-web.p-e.kr/\": EOF"
WARN[0201] Request Failed                                error="Get \"https://soongjamm-infra-web.p-e.kr/\": EOF"
WARN[0201] Request Failed                                error="Get \"https://soongjamm-infra-web.p-e.kr/\": EOF"
WARN[0201] Request Failed                                error="Get \"https://soongjamm-infra-web.p-e.kr/\": EOF"
WARN[0201] Request Failed                                error="Get \"https://soongjamm-infra-web.p-e.kr/\": EOF"
WARN[0201] Request Failed                                error="Get \"https://soongjamm-infra-web.p-e.kr/\": EOF"
WARN[0201] Request Failed                                error="Get \"https://soongjamm-infra-web.p-e.kr/\": EOF"
WARN[0201] Request Failed                                error="Get \"https://soongjamm-infra-web.p-e.kr/\": EOF"
WARN[0201] Request Failed                                error="Get \"https://soongjamm-infra-web.p-e.kr/\": EOF"
WARN[0201] Request Failed                                error="Get \"https://soongjamm-infra-web.p-e.kr/\": EOF"
WARN[0201] Request Failed                                error="Get \"https://soongjamm-infra-web.p-e.kr/\": EOF"
WARN[0201] Request Failed                                error="Get \"https://soongjamm-infra-web.p-e.kr/\": EOF"
WARN[0201] Request Failed                                error="Get \"https://soongjamm-infra-web.p-e.kr/\": EOF"
WARN[0201] Request Failed                                error="Get \"https://soongjamm-infra-web.p-e.kr/\": EOF"
WARN[0201] Request Failed                                error="Get \"https://soongjamm-infra-web.p-e.kr/\": EOF"
WARN[0201] Request Failed                                error="Get \"https://soongjamm-infra-web.p-e.kr/\": EOF"
WARN[0201] Request Failed                                error="Get \"https://soongjamm-infra-web.p-e.kr/\": EOF"
WARN[0201] Request Failed                                error="Get \"https://soongjamm-infra-web.p-e.kr/\": EOF"
WARN[0201] Request Failed                                error="Get \"https://soongjamm-infra-web.p-e.kr/\": EOF"
WARN[0201] Request Failed                                error="Get \"https://soongjamm-infra-web.p-e.kr/\": EOF"
WARN[0201] Request Failed                                error="Get \"https://soongjamm-infra-web.p-e.kr/\": EOF"
WARN[0201] Request Failed                                error="Get \"https://soongjamm-infra-web.p-e.kr/\": EOF"
WARN[0201] Request Failed                                error="Get \"https://soongjamm-infra-web.p-e.kr/\": EOF"
WARN[0201] Request Failed                                error="Get \"https://soongjamm-infra-web.p-e.kr/\": EOF"
WARN[0201] Request Failed                                error="Get \"https://soongjamm-infra-web.p-e.kr/\": EOF"
WARN[0201] Request Failed                                error="Get \"https://soongjamm-infra-web.p-e.kr/\": EOF"
WARN[0201] Request Failed                                error="Get \"https://soongjamm-infra-web.p-e.kr/\": EOF"
WARN[0201] Request Failed                                error="Get \"https://soongjamm-infra-web.p-e.kr/\": EOF"
WARN[0201] Request Failed                                error="Get \"https://soongjamm-infra-web.p-e.kr/\": EOF"
WARN[0201] Request Failed                                error="Get \"https://soongjamm-infra-web.p-e.kr/\": EOF"
WARN[0201] Request Failed                                error="Get \"https://soongjamm-infra-web.p-e.kr/\": EOF"
WARN[0201] Request Failed                                error="Get \"https://soongjamm-infra-web.p-e.kr/\": EOF"
WARN[0201] Request Failed                                error="Get \"https://soongjamm-infra-web.p-e.kr/\": EOF"
WARN[0201] Request Failed                                error="Get \"https://soongjamm-infra-web.p-e.kr/\": EOF"
WARN[0201] Request Failed                                error="Get \"https://soongjamm-infra-web.p-e.kr/\": EOF"
WARN[0201] Request Failed                                error="Get \"https://soongjamm-infra-web.p-e.kr/\": EOF"
WARN[0201] Request Failed                                error="Get \"https://soongjamm-infra-web.p-e.kr/\": EOF"
WARN[0201] Request Failed                                error="Get \"https://soongjamm-infra-web.p-e.kr/\": EOF"
WARN[0201] Request Failed                                error="Get \"https://soongjamm-infra-web.p-e.kr/\": EOF"
WARN[0201] Request Failed                                error="Get \"https://soongjamm-infra-web.p-e.kr/\": EOF"
WARN[0201] Request Failed                                error="Get \"https://soongjamm-infra-web.p-e.kr/\": EOF"
WARN[0201] Request Failed                                error="Get \"https://soongjamm-infra-web.p-e.kr/\": read tcp 192.168.101.12:54900->13.209.243.144:443: read: connection reset by peer"
WARN[0201] Request Failed                                error="Get \"https://soongjamm-infra-web.p-e.kr/\": read tcp 192.168.101.12:54950->13.209.243.144:443: read: connection reset by peer"
WARN[0201] Request Failed                                error="Get \"https://soongjamm-infra-web.p-e.kr/\": read tcp 192.168.101.12:54948->13.209.243.144:443: read: connection reset by peer"
WARN[0202] Request Failed                                error="Get \"https://soongjamm-infra-web.p-e.kr/\": EOF"
WARN[0202] Request Failed                                error="Get \"https://soongjamm-infra-web.p-e.kr/\": EOF"
WARN[0202] Request Failed                                error="Get \"https://soongjamm-infra-web.p-e.kr/\": read tcp 192.168.101.12:55118->13.209.243.144:443: read: connection reset by peer"
WARN[0202] Request Failed                                error="Get \"https://soongjamm-infra-web.p-e.kr/\": read tcp 192.168.101.12:55116->13.209.243.144:443: read: connection reset by peer"
WARN[0202] Request Failed                                error="Get \"https://soongjamm-infra-web.p-e.kr/\": EOF"
WARN[0202] Request Failed                                error="Get \"https://soongjamm-infra-web.p-e.kr/\": EOF"
WARN[0202] Request Failed                                error="Get \"https://soongjamm-infra-web.p-e.kr/\": EOF"
WARN[0202] Request Failed                                error="Get \"https://soongjamm-infra-web.p-e.kr/\": EOF"
WARN[0202] Request Failed                                error="Get \"https://soongjamm-infra-web.p-e.kr/\": EOF"
WARN[0202] Request Failed                                error="Get \"https://soongjamm-infra-web.p-e.kr/\": EOF"
WARN[0202] Request Failed                                error="Get \"https://soongjamm-infra-web.p-e.kr/\": EOF"
WARN[0202] Request Failed                                error="Get \"https://soongjamm-infra-web.p-e.kr/\": EOF"
WARN[0202] Request Failed                                error="Get \"https://soongjamm-infra-web.p-e.kr/\": EOF"
WARN[0202] Request Failed                                error="Get \"https://soongjamm-infra-web.p-e.kr/\": EOF"
WARN[0202] Request Failed                                error="Get \"https://soongjamm-infra-web.p-e.kr/\": EOF"
WARN[0202] Request Failed                                error="Get \"https://soongjamm-infra-web.p-e.kr/\": EOF"
WARN[0202] Request Failed                                error="Get \"https://soongjamm-infra-web.p-e.kr/\": EOF"
WARN[0202] Request Failed                                error="Get \"https://soongjamm-infra-web.p-e.kr/\": EOF"
WARN[0202] Request Failed                                error="Get \"https://soongjamm-infra-web.p-e.kr/\": EOF"
WARN[0202] Request Failed                                error="Get \"https://soongjamm-infra-web.p-e.kr/\": EOF"
WARN[0202] Request Failed                                error="Get \"https://soongjamm-infra-web.p-e.kr/\": EOF"
WARN[0202] Request Failed                                error="Get \"https://soongjamm-infra-web.p-e.kr/\": EOF"
WARN[0202] Request Failed                                error="Get \"https://soongjamm-infra-web.p-e.kr/\": EOF"
WARN[0202] Request Failed                                error="Get \"https://soongjamm-infra-web.p-e.kr/\": EOF"
WARN[0202] Request Failed                                error="Get \"https://soongjamm-infra-web.p-e.kr/\": EOF"
WARN[0202] Request Failed                                error="Get \"https://soongjamm-infra-web.p-e.kr/\": EOF"
WARN[0202] Request Failed                                error="Get \"https://soongjamm-infra-web.p-e.kr/\": EOF"
WARN[0202] Request Failed                                error="Get \"https://soongjamm-infra-web.p-e.kr/\": EOF"
WARN[0202] Request Failed                                error="Get \"https://soongjamm-infra-web.p-e.kr/\": EOF"
WARN[0202] Request Failed                                error="Get \"https://soongjamm-infra-web.p-e.kr/\": EOF"
WARN[0202] Request Failed                                error="Get \"https://soongjamm-infra-web.p-e.kr/\": EOF"
WARN[0202] Request Failed                                error="Get \"https://soongjamm-infra-web.p-e.kr/\": EOF"
WARN[0202] Request Failed                                error="Get \"https://soongjamm-infra-web.p-e.kr/\": EOF"
WARN[0202] Request Failed                                error="Get \"https://soongjamm-infra-web.p-e.kr/\": EOF"
WARN[0202] Request Failed                                error="Get \"https://soongjamm-infra-web.p-e.kr/\": EOF"
WARN[0202] Request Failed                                error="Get \"https://soongjamm-infra-web.p-e.kr/\": EOF"
WARN[0202] Request Failed                                error="Get \"https://soongjamm-infra-web.p-e.kr/\": EOF"
WARN[0202] Request Failed                                error="Get \"https://soongjamm-infra-web.p-e.kr/\": EOF"
WARN[0202] Request Failed                                error="Get \"https://soongjamm-infra-web.p-e.kr/\": EOF"
WARN[0204] Request Failed                                error="Get \"https://soongjamm-infra-web.p-e.kr/\": EOF"
WARN[0204] Request Failed                                error="Get \"https://soongjamm-infra-web.p-e.kr/\": EOF"
WARN[0204] Request Failed                                error="Get \"https://soongjamm-infra-web.p-e.kr/\": EOF"
WARN[0204] Request Failed                                error="Get \"https://soongjamm-infra-web.p-e.kr/\": EOF"
WARN[0204] Request Failed                                error="Get \"https://soongjamm-infra-web.p-e.kr/\": EOF"
WARN[0204] Request Failed                                error="Get \"https://soongjamm-infra-web.p-e.kr/\": EOF"
WARN[0204] Request Failed                                error="Get \"https://soongjamm-infra-web.p-e.kr/\": read tcp 192.168.101.12:57210->13.209.243.144:443: read: connection reset by peer"
WARN[0204] Request Failed                                error="Get \"https://soongjamm-infra-web.p-e.kr/\": EOF"
WARN[0204] Request Failed                                error="Get \"https://soongjamm-infra-web.p-e.kr/\": EOF"
WARN[0209] Request Failed                                error="Get \"https://soongjamm-infra-web.p-e.kr/\": EOF"
WARN[0209] Request Failed                                error="Get \"https://soongjamm-infra-web.p-e.kr/\": EOF"
WARN[0209] Request Failed                                error="Get \"https://soongjamm-infra-web.p-e.kr/\": EOF"
WARN[0209] Request Failed                                error="Get \"https://soongjamm-infra-web.p-e.kr/\": EOF"
WARN[0209] Request Failed                                error="Get \"https://soongjamm-infra-web.p-e.kr/\": EOF"
WARN[0209] Request Failed                                error="Get \"https://soongjamm-infra-web.p-e.kr/\": EOF"
WARN[0209] Request Failed                                error="Get \"https://soongjamm-infra-web.p-e.kr/\": EOF"
WARN[0209] Request Failed                                error="Get \"https://soongjamm-infra-web.p-e.kr/\": EOF"
WARN[0209] Request Failed                                error="Get \"https://soongjamm-infra-web.p-e.kr/\": EOF"
WARN[0209] Request Failed                                error="Get \"https://soongjamm-infra-web.p-e.kr/\": EOF"
WARN[0209] Request Failed                                error="Get \"https://soongjamm-infra-web.p-e.kr/\": EOF"
WARN[0209] Request Failed                                error="Get \"https://soongjamm-infra-web.p-e.kr/\": EOF"
WARN[0209] Request Failed                                error="Get \"https://soongjamm-infra-web.p-e.kr/\": EOF"
WARN[0209] Request Failed                                error="Get \"https://soongjamm-infra-web.p-e.kr/\": EOF"
WARN[0209] Request Failed                                error="Get \"https://soongjamm-infra-web.p-e.kr/\": EOF"
WARN[0209] Request Failed                                error="Get \"https://soongjamm-infra-web.p-e.kr/\": EOF"
WARN[0209] Request Failed                                error="Get \"https://soongjamm-infra-web.p-e.kr/\": EOF"
WARN[0209] Request Failed                                error="Get \"https://soongjamm-infra-web.p-e.kr/\": EOF"
WARN[0209] Request Failed                                error="Get \"https://soongjamm-infra-web.p-e.kr/\": EOF"
WARN[0209] Request Failed                                error="Get \"https://soongjamm-infra-web.p-e.kr/\": EOF"
WARN[0209] Request Failed                                error="Get \"https://soongjamm-infra-web.p-e.kr/\": EOF"
WARN[0209] Request Failed                                error="Get \"https://soongjamm-infra-web.p-e.kr/\": EOF"
WARN[0209] Request Failed                                error="Get \"https://soongjamm-infra-web.p-e.kr/\": EOF"
WARN[0209] Request Failed                                error="Get \"https://soongjamm-infra-web.p-e.kr/\": EOF"
WARN[0209] Request Failed                                error="Get \"https://soongjamm-infra-web.p-e.kr/\": EOF"
WARN[0209] Request Failed                                error="Get \"https://soongjamm-infra-web.p-e.kr/\": EOF"
WARN[0209] Request Failed                                error="Get \"https://soongjamm-infra-web.p-e.kr/\": EOF"
WARN[0209] Request Failed                                error="Get \"https://soongjamm-infra-web.p-e.kr/\": EOF"
WARN[0209] Request Failed                                error="Get \"https://soongjamm-infra-web.p-e.kr/\": EOF"
WARN[0209] Request Failed                                error="Get \"https://soongjamm-infra-web.p-e.kr/\": EOF"
WARN[0210] Request Failed                                error="Get \"https://soongjamm-infra-web.p-e.kr/\": EOF"
WARN[0210] Request Failed                                error="Get \"https://soongjamm-infra-web.p-e.kr/\": EOF"
WARN[0210] Request Failed                                error="Get \"https://soongjamm-infra-web.p-e.kr/\": EOF"
WARN[0210] Request Failed                                error="Get \"https://soongjamm-infra-web.p-e.kr/\": EOF"
WARN[0210] Request Failed                                error="Get \"https://soongjamm-infra-web.p-e.kr/\": EOF"
WARN[0210] Request Failed                                error="Get \"https://soongjamm-infra-web.p-e.kr/\": EOF"
WARN[0210] Request Failed                                error="Get \"https://soongjamm-infra-web.p-e.kr/\": EOF"
WARN[0210] Request Failed                                error="Get \"https://soongjamm-infra-web.p-e.kr/\": EOF"
WARN[0210] Request Failed                                error="Get \"https://soongjamm-infra-web.p-e.kr/\": EOF"
WARN[0210] Request Failed                                error="Get \"https://soongjamm-infra-web.p-e.kr/\": EOF"
WARN[0210] Request Failed                                error="Get \"https://soongjamm-infra-web.p-e.kr/\": EOF"
WARN[0210] Request Failed                                error="Get \"https://soongjamm-infra-web.p-e.kr/\": EOF"
WARN[0210] Request Failed                                error="Get \"https://soongjamm-infra-web.p-e.kr/\": EOF"
WARN[0210] Request Failed                                error="Get \"https://soongjamm-infra-web.p-e.kr/\": EOF"
WARN[0210] Request Failed                                error="Get \"https://soongjamm-infra-web.p-e.kr/\": EOF"
WARN[0210] Request Failed                                error="Get \"https://soongjamm-infra-web.p-e.kr/\": EOF"
WARN[0210] Request Failed                                error="Get \"https://soongjamm-infra-web.p-e.kr/\": EOF"
WARN[0210] Request Failed                                error="Get \"https://soongjamm-infra-web.p-e.kr/\": EOF"
WARN[0210] Request Failed                                error="Get \"https://soongjamm-infra-web.p-e.kr/\": EOF"
WARN[0210] Request Failed                                error="Get \"https://soongjamm-infra-web.p-e.kr/\": EOF"
WARN[0210] Request Failed                                error="Get \"https://soongjamm-infra-web.p-e.kr/\": EOF"
WARN[0210] Request Failed                                error="Get \"https://soongjamm-infra-web.p-e.kr/\": EOF"
WARN[0210] Request Failed                                error="Get \"https://soongjamm-infra-web.p-e.kr/\": EOF"
WARN[0210] Request Failed                                error="Get \"https://soongjamm-infra-web.p-e.kr/\": EOF"
WARN[0210] Request Failed                                error="Get \"https://soongjamm-infra-web.p-e.kr/\": EOF"
WARN[0210] Request Failed                                error="Get \"https://soongjamm-infra-web.p-e.kr/\": EOF"
WARN[0210] Request Failed                                error="Get \"https://soongjamm-infra-web.p-e.kr/\": EOF"
WARN[0210] Request Failed                                error="Get \"https://soongjamm-infra-web.p-e.kr/\": EOF"
WARN[0210] Request Failed                                error="Get \"https://soongjamm-infra-web.p-e.kr/\": EOF"
WARN[0210] Request Failed                                error="Get \"https://soongjamm-infra-web.p-e.kr/\": EOF"
WARN[0210] Request Failed                                error="Get \"https://soongjamm-infra-web.p-e.kr/\": EOF"
WARN[0210] Request Failed                                error="Get \"https://soongjamm-infra-web.p-e.kr/\": EOF"
WARN[0210] Request Failed                                error="Get \"https://soongjamm-infra-web.p-e.kr/\": EOF"
WARN[0210] Request Failed                                error="Get \"https://soongjamm-infra-web.p-e.kr/\": EOF"
WARN[0210] Request Failed                                error="Get \"https://soongjamm-infra-web.p-e.kr/\": EOF"
WARN[0210] Request Failed                                error="Get \"https://soongjamm-infra-web.p-e.kr/\": EOF"
WARN[0210] Request Failed                                error="Get \"https://soongjamm-infra-web.p-e.kr/\": EOF"
WARN[0210] Request Failed                                error="Get \"https://soongjamm-infra-web.p-e.kr/\": EOF"
WARN[0210] Request Failed                                error="Get \"https://soongjamm-infra-web.p-e.kr/\": EOF"
WARN[0210] Request Failed                                error="Get \"https://soongjamm-infra-web.p-e.kr/\": EOF"
WARN[0210] Request Failed                                error="Get \"https://soongjamm-infra-web.p-e.kr/\": EOF"
WARN[0210] Request Failed                                error="Get \"https://soongjamm-infra-web.p-e.kr/\": EOF"
WARN[0210] Request Failed                                error="Get \"https://soongjamm-infra-web.p-e.kr/\": EOF"
WARN[0210] Request Failed                                error="Get \"https://soongjamm-infra-web.p-e.kr/\": EOF"
WARN[0210] Request Failed                                error="Get \"https://soongjamm-infra-web.p-e.kr/\": EOF"
WARN[0210] Request Failed                                error="Get \"https://soongjamm-infra-web.p-e.kr/\": EOF"
WARN[0210] Request Failed                                error="Get \"https://soongjamm-infra-web.p-e.kr/\": EOF"
WARN[0210] Request Failed                                error="Get \"https://soongjamm-infra-web.p-e.kr/\": EOF"
WARN[0210] Request Failed                                error="Get \"https://soongjamm-infra-web.p-e.kr/\": EOF"
WARN[0210] Request Failed                                error="Get \"https://soongjamm-infra-web.p-e.kr/\": EOF"
WARN[0210] Request Failed                                error="Get \"https://soongjamm-infra-web.p-e.kr/\": EOF"
WARN[0210] Request Failed                                error="Get \"https://soongjamm-infra-web.p-e.kr/\": EOF"
WARN[0210] Request Failed                                error="Get \"https://soongjamm-infra-web.p-e.kr/\": EOF"
WARN[0210] Request Failed                                error="Get \"https://soongjamm-infra-web.p-e.kr/\": EOF"
WARN[0210] Request Failed                                error="Get \"https://soongjamm-infra-web.p-e.kr/\": EOF"
WARN[0210] Request Failed                                error="Get \"https://soongjamm-infra-web.p-e.kr/\": EOF"
WARN[0210] Request Failed                                error="Get \"https://soongjamm-infra-web.p-e.kr/\": EOF"
WARN[0210] Request Failed                                error="Get \"https://soongjamm-infra-web.p-e.kr/\": EOF"
WARN[0210] Request Failed                                error="Get \"https://soongjamm-infra-web.p-e.kr/\": EOF"
WARN[0210] Request Failed                                error="Get \"https://soongjamm-infra-web.p-e.kr/\": EOF"
WARN[0210] Request Failed                                error="Get \"https://soongjamm-infra-web.p-e.kr/\": EOF"
WARN[0210] Request Failed                                error="Get \"https://soongjamm-infra-web.p-e.kr/\": EOF"
WARN[0210] Request Failed                                error="Get \"https://soongjamm-infra-web.p-e.kr/\": read tcp 192.168.101.12:36252->13.209.243.144:443: read: connection reset by peer"
WARN[0210] Request Failed                                error="Get \"https://soongjamm-infra-web.p-e.kr/\": EOF"
WARN[0210] Request Failed                                error="Get \"https://soongjamm-infra-web.p-e.kr/\": EOF"
WARN[0210] Request Failed                                error="Get \"https://soongjamm-infra-web.p-e.kr/\": EOF"
WARN[0210] Request Failed                                error="Get \"https://soongjamm-infra-web.p-e.kr/\": EOF"
WARN[0210] Request Failed                                error="Get \"https://soongjamm-infra-web.p-e.kr/\": EOF"
WARN[0210] Request Failed                                error="Get \"https://soongjamm-infra-web.p-e.kr/\": EOF"
WARN[0210] Request Failed                                error="Get \"https://soongjamm-infra-web.p-e.kr/\": EOF"
WARN[0212] Request Failed                                error="Get \"https://soongjamm-infra-web.p-e.kr/\": EOF"
WARN[0212] Request Failed                                error="Get \"https://soongjamm-infra-web.p-e.kr/\": EOF"
WARN[0212] Request Failed                                error="Get \"https://soongjamm-infra-web.p-e.kr/\": EOF"
WARN[0212] Request Failed                                error="Get \"https://soongjamm-infra-web.p-e.kr/\": EOF"
WARN[0212] Request Failed                                error="Get \"https://soongjamm-infra-web.p-e.kr/\": EOF"
WARN[0212] Request Failed                                error="Get \"https://soongjamm-infra-web.p-e.kr/\": EOF"
WARN[0212] Request Failed                                error="Get \"https://soongjamm-infra-web.p-e.kr/\": EOF"
WARN[0212] Request Failed                                error="Get \"https://soongjamm-infra-web.p-e.kr/\": EOF"
WARN[0212] Request Failed                                error="Get \"https://soongjamm-infra-web.p-e.kr/\": EOF"
WARN[0212] Request Failed                                error="Get \"https://soongjamm-infra-web.p-e.kr/\": EOF"
WARN[0212] Request Failed                                error="Get \"https://soongjamm-infra-web.p-e.kr/\": EOF"
WARN[0212] Request Failed                                error="Get \"https://soongjamm-infra-web.p-e.kr/\": EOF"
WARN[0212] Request Failed                                error="Get \"https://soongjamm-infra-web.p-e.kr/\": EOF"
WARN[0212] Request Failed                                error="Get \"https://soongjamm-infra-web.p-e.kr/\": EOF"
WARN[0212] Request Failed                                error="Get \"https://soongjamm-infra-web.p-e.kr/\": EOF"
WARN[0212] Request Failed                                error="Get \"https://soongjamm-infra-web.p-e.kr/\": EOF"
WARN[0212] Request Failed                                error="Get \"https://soongjamm-infra-web.p-e.kr/\": EOF"
WARN[0212] Request Failed                                error="Get \"https://soongjamm-infra-web.p-e.kr/\": EOF"
WARN[0212] Request Failed                                error="Get \"https://soongjamm-infra-web.p-e.kr/\": EOF"
WARN[0212] Request Failed                                error="Get \"https://soongjamm-infra-web.p-e.kr/\": EOF"
WARN[0212] Request Failed                                error="Get \"https://soongjamm-infra-web.p-e.kr/\": EOF"
WARN[0212] Request Failed                                error="Get \"https://soongjamm-infra-web.p-e.kr/\": EOF"
WARN[0212] Request Failed                                error="Get \"https://soongjamm-infra-web.p-e.kr/\": EOF"
WARN[0212] Request Failed                                error="Get \"https://soongjamm-infra-web.p-e.kr/\": EOF"
WARN[0212] Request Failed                                error="Get \"https://soongjamm-infra-web.p-e.kr/\": EOF"
WARN[0212] Request Failed                                error="Get \"https://soongjamm-infra-web.p-e.kr/\": EOF"
WARN[0212] Request Failed                                error="Get \"https://soongjamm-infra-web.p-e.kr/\": EOF"
WARN[0212] Request Failed                                error="Get \"https://soongjamm-infra-web.p-e.kr/\": EOF"
WARN[0212] Request Failed                                error="Get \"https://soongjamm-infra-web.p-e.kr/\": EOF"
WARN[0212] Request Failed                                error="Get \"https://soongjamm-infra-web.p-e.kr/\": EOF"
WARN[0212] Request Failed                                error="Get \"https://soongjamm-infra-web.p-e.kr/\": EOF"
WARN[0212] Request Failed                                error="Get \"https://soongjamm-infra-web.p-e.kr/\": EOF"
WARN[0212] Request Failed                                error="Get \"https://soongjamm-infra-web.p-e.kr/\": EOF"
WARN[0212] Request Failed                                error="Get \"https://soongjamm-infra-web.p-e.kr/\": EOF"
WARN[0212] Request Failed                                error="Get \"https://soongjamm-infra-web.p-e.kr/\": EOF"
WARN[0212] Request Failed                                error="Get \"https://soongjamm-infra-web.p-e.kr/\": EOF"
WARN[0212] Request Failed                                error="Get \"https://soongjamm-infra-web.p-e.kr/\": EOF"
WARN[0212] Request Failed                                error="Get \"https://soongjamm-infra-web.p-e.kr/\": EOF"
WARN[0212] Request Failed                                error="Get \"https://soongjamm-infra-web.p-e.kr/\": EOF"
WARN[0212] Request Failed                                error="Get \"https://soongjamm-infra-web.p-e.kr/\": EOF"
WARN[0212] Request Failed                                error="Get \"https://soongjamm-infra-web.p-e.kr/\": EOF"
WARN[0212] Request Failed                                error="Get \"https://soongjamm-infra-web.p-e.kr/\": EOF"
WARN[0212] Request Failed                                error="Get \"https://soongjamm-infra-web.p-e.kr/\": EOF"
WARN[0212] Request Failed                                error="Get \"https://soongjamm-infra-web.p-e.kr/\": EOF"
WARN[0212] Request Failed                                error="Get \"https://soongjamm-infra-web.p-e.kr/\": EOF"
WARN[0212] Request Failed                                error="Get \"https://soongjamm-infra-web.p-e.kr/\": EOF"
WARN[0212] Request Failed                                error="Get \"https://soongjamm-infra-web.p-e.kr/\": EOF"
WARN[0212] Request Failed                                error="Get \"https://soongjamm-infra-web.p-e.kr/\": EOF"
WARN[0212] Request Failed                                error="Get \"https://soongjamm-infra-web.p-e.kr/\": EOF"
WARN[0212] Request Failed                                error="Get \"https://soongjamm-infra-web.p-e.kr/\": EOF"
WARN[0212] Request Failed                                error="Get \"https://soongjamm-infra-web.p-e.kr/\": EOF"
WARN[0212] Request Failed                                error="Get \"https://soongjamm-infra-web.p-e.kr/\": EOF"
WARN[0212] Request Failed                                error="Get \"https://soongjamm-infra-web.p-e.kr/\": EOF"
WARN[0212] Request Failed                                error="Get \"https://soongjamm-infra-web.p-e.kr/\": EOF"
WARN[0212] Request Failed                                error="Get \"https://soongjamm-infra-web.p-e.kr/\": EOF"
WARN[0212] Request Failed                                error="Get \"https://soongjamm-infra-web.p-e.kr/\": EOF"
WARN[0212] Request Failed                                error="Get \"https://soongjamm-infra-web.p-e.kr/\": EOF"
WARN[0212] Request Failed                                error="Get \"https://soongjamm-infra-web.p-e.kr/\": EOF"
WARN[0212] Request Failed                                error="Get \"https://soongjamm-infra-web.p-e.kr/\": EOF"
WARN[0212] Request Failed                                error="Get \"https://soongjamm-infra-web.p-e.kr/\": EOF"
WARN[0212] Request Failed                                error="Get \"https://soongjamm-infra-web.p-e.kr/\": EOF"
WARN[0212] Request Failed                                error="Get \"https://soongjamm-infra-web.p-e.kr/\": EOF"
WARN[0212] Request Failed                                error="Get \"https://soongjamm-infra-web.p-e.kr/\": EOF"
WARN[0212] Request Failed                                error="Get \"https://soongjamm-infra-web.p-e.kr/\": EOF"
WARN[0212] Request Failed                                error="Get \"https://soongjamm-infra-web.p-e.kr/\": EOF"
WARN[0212] Request Failed                                error="Get \"https://soongjamm-infra-web.p-e.kr/\": EOF"
WARN[0212] Request Failed                                error="Get \"https://soongjamm-infra-web.p-e.kr/\": EOF"
WARN[0212] Request Failed                                error="Get \"https://soongjamm-infra-web.p-e.kr/\": EOF"
WARN[0212] Request Failed                                error="Get \"https://soongjamm-infra-web.p-e.kr/\": EOF"
WARN[0212] Request Failed                                error="Get \"https://soongjamm-infra-web.p-e.kr/\": EOF"
WARN[0212] Request Failed                                error="Get \"https://soongjamm-infra-web.p-e.kr/\": EOF"
WARN[0212] Request Failed                                error="Get \"https://soongjamm-infra-web.p-e.kr/\": EOF"
WARN[0212] Request Failed                                error="Get \"https://soongjamm-infra-web.p-e.kr/\": EOF"
WARN[0212] Request Failed                                error="Get \"https://soongjamm-infra-web.p-e.kr/\": EOF"
WARN[0212] Request Failed                                error="Get \"https://soongjamm-infra-web.p-e.kr/\": EOF"
WARN[0212] Request Failed                                error="Get \"https://soongjamm-infra-web.p-e.kr/\": EOF"
WARN[0212] Request Failed                                error="Get \"https://soongjamm-infra-web.p-e.kr/\": EOF"
WARN[0212] Request Failed                                error="Get \"https://soongjamm-infra-web.p-e.kr/\": EOF"
WARN[0212] Request Failed                                error="Get \"https://soongjamm-infra-web.p-e.kr/\": EOF"
WARN[0212] Request Failed                                error="Get \"https://soongjamm-infra-web.p-e.kr/\": EOF"
WARN[0212] Request Failed                                error="Get \"https://soongjamm-infra-web.p-e.kr/\": EOF"
WARN[0212] Request Failed                                error="Get \"https://soongjamm-infra-web.p-e.kr/\": EOF"
WARN[0212] Request Failed                                error="Get \"https://soongjamm-infra-web.p-e.kr/\": EOF"
WARN[0212] Request Failed                                error="Get \"https://soongjamm-infra-web.p-e.kr/\": read tcp 192.168.101.12:38496->13.209.243.144:443: read: connection reset by peer"
WARN[0212] Request Failed                                error="Get \"https://soongjamm-infra-web.p-e.kr/\": EOF"
WARN[0212] Request Failed                                error="Get \"https://soongjamm-infra-web.p-e.kr/\": EOF"
WARN[0212] Request Failed                                error="Get \"https://soongjamm-infra-web.p-e.kr/\": EOF"
WARN[0212] Request Failed                                error="Get \"https://soongjamm-infra-web.p-e.kr/\": EOF"
WARN[0212] Request Failed                                error="Get \"https://soongjamm-infra-web.p-e.kr/\": EOF"
WARN[0212] Request Failed                                error="Get \"https://soongjamm-infra-web.p-e.kr/\": EOF"
WARN[0212] Request Failed                                error="Get \"https://soongjamm-infra-web.p-e.kr/\": EOF"
WARN[0212] Request Failed                                error="Get \"https://soongjamm-infra-web.p-e.kr/\": EOF"
WARN[0212] Request Failed                                error="Get \"https://soongjamm-infra-web.p-e.kr/\": EOF"
WARN[0212] Request Failed                                error="Get \"https://soongjamm-infra-web.p-e.kr/\": EOF"
WARN[0212] Request Failed                                error="Get \"https://soongjamm-infra-web.p-e.kr/\": EOF"
WARN[0212] Request Failed                                error="Get \"https://soongjamm-infra-web.p-e.kr/\": EOF"
WARN[0212] Request Failed                                error="Get \"https://soongjamm-infra-web.p-e.kr/\": EOF"
WARN[0212] Request Failed                                error="Get \"https://soongjamm-infra-web.p-e.kr/\": EOF"
WARN[0212] Request Failed                                error="Get \"https://soongjamm-infra-web.p-e.kr/\": EOF"
WARN[0212] Request Failed                                error="Get \"https://soongjamm-infra-web.p-e.kr/\": EOF"

running (4m01.1s), 000/700 VUs, 82018 complete and 0 interrupted iterations
default ✗ [======================================] 000/700 VUs  4m0s

     ✗ status is 200
      ↳  99% — ✓ 81638 / ✗ 380

     checks.........................: 99.53% ✓ 81638      ✗ 380
     data_received..................: 374 MB 1.6 MB/s
     data_sent......................: 33 MB  135 kB/s
     errors.........................: 0      0/s
     http_req_blocked...............: avg=62.82ms  min=0s     med=14.21ms max=1.17s    p(90)=162.84ms p(95)=284.21ms
     http_req_connecting............: avg=11.42ms  min=0s     med=1.03ms  max=489.48ms p(90)=25.07ms  p(95)=62.38ms
   ✓ http_req_duration..............: avg=28.63ms  min=0s     med=7.23ms  max=1.02s    p(90)=61.95ms  p(95)=145.04ms
       { expected_response:true }...: avg=28.03ms  min=1.37ms med=7.22ms  max=1.02s    p(90)=60.39ms  p(95)=139.79ms
     http_req_failed................: 0.46%  ✓ 380        ✗ 81638
     http_req_receiving.............: avg=141.69µs min=0s     med=31.22µs max=211.27ms p(90)=52.78µs  p(95)=68µs
     http_req_sending...............: avg=11.43ms  min=0s     med=37.51µs max=880.86ms p(90)=12.63ms  p(95)=40.45ms
     http_req_tls_handshaking.......: avg=45.04ms  min=0s     med=10.37ms max=874.06ms p(90)=123.76ms p(95)=202.76ms
     http_req_waiting...............: avg=17.06ms  min=0s     med=6.94ms  max=471.65ms p(90)=40.54ms  p(95)=79.59ms
     http_reqs......................: 82018  340.229486/s
     iteration_duration.............: avg=1.08s    min=1s     med=1.02s   max=2.38s    p(90)=1.21s    p(95)=1.41s
     iterations.....................: 82018  340.229486/s
     vus............................: 76     min=5        max=700
     vus_max........................: 700    min=700      max=700
