
          /\      |‾‾| /‾‾/   /‾‾/   
     /\  /  \     |  |/  /   /  /    
    /  \/    \    |     (   /   ‾‾\  
   /          \   |  |\  \ |  (‾)  | 
  / __________ \  |__| \__\ \_____/ .io

  execution: local
     script: monitoring/frequent/favorite/favorite_stress.js
     output: -

  scenarios: (100.00%) 1 scenario, 184 max VUs, 11m40s max duration (incl. graceful stop):
           * default: Up to 184 looping VUs for 11m10s over 3 stages (gracefulRampDown: 30s, gracefulStop: 30s)


running (00m01.0s), 003/184 VUs, 0 complete and 0 interrupted iterations
default   [   0% ] 003/184 VUs  00m01.0s/11m10.0s

running (00m02.0s), 007/184 VUs, 3 complete and 0 interrupted iterations
default   [   0% ] 007/184 VUs  00m02.0s/11m10.0s

running (00m03.0s), 010/184 VUs, 9 complete and 0 interrupted iterations
default   [   0% ] 010/184 VUs  00m03.0s/11m10.0s

running (00m04.0s), 013/184 VUs, 18 complete and 0 interrupted iterations
default   [   1% ] 013/184 VUs  00m04.0s/11m10.0s

running (00m05.0s), 016/184 VUs, 30 complete and 0 interrupted iterations
default   [   1% ] 016/184 VUs  00m05.0s/11m10.0s

running (00m06.0s), 019/184 VUs, 45 complete and 0 interrupted iterations
default   [   1% ] 019/184 VUs  00m06.0s/11m10.0s

running (00m07.0s), 022/184 VUs, 64 complete and 0 interrupted iterations
default   [   1% ] 022/184 VUs  00m07.0s/11m10.0s

running (00m08.0s), 025/184 VUs, 85 complete and 0 interrupted iterations
default   [   1% ] 025/184 VUs  00m08.0s/11m10.0s

running (00m09.0s), 028/184 VUs, 110 complete and 0 interrupted iterations
default   [   1% ] 028/184 VUs  00m09.0s/11m10.0s

running (00m10.0s), 031/184 VUs, 137 complete and 0 interrupted iterations
default   [   1% ] 031/184 VUs  00m10.0s/11m10.0s

running (00m11.0s), 034/184 VUs, 168 complete and 0 interrupted iterations
default   [   2% ] 034/184 VUs  00m11.0s/11m10.0s

running (00m12.0s), 037/184 VUs, 201 complete and 0 interrupted iterations
default   [   2% ] 037/184 VUs  00m12.0s/11m10.0s

running (00m13.0s), 040/184 VUs, 237 complete and 0 interrupted iterations
default   [   2% ] 040/184 VUs  00m13.0s/11m10.0s

running (00m14.0s), 043/184 VUs, 276 complete and 0 interrupted iterations
default   [   2% ] 043/184 VUs  00m14.0s/11m10.0s

running (00m15.0s), 046/184 VUs, 319 complete and 0 interrupted iterations
default   [   2% ] 046/184 VUs  00m15.0s/11m10.0s

running (00m16.0s), 049/184 VUs, 363 complete and 0 interrupted iterations
default   [   2% ] 049/184 VUs  00m16.0s/11m10.0s

running (00m17.0s), 052/184 VUs, 410 complete and 0 interrupted iterations
default   [   3% ] 052/184 VUs  00m17.0s/11m10.0s

running (00m18.0s), 055/184 VUs, 462 complete and 0 interrupted iterations
default   [   3% ] 055/184 VUs  00m18.0s/11m10.0s

running (00m19.0s), 058/184 VUs, 515 complete and 0 interrupted iterations
default   [   3% ] 058/184 VUs  00m19.0s/11m10.0s

running (00m20.0s), 061/184 VUs, 572 complete and 0 interrupted iterations
default   [   3% ] 061/184 VUs  00m20.0s/11m10.0s

running (00m21.0s), 064/184 VUs, 632 complete and 0 interrupted iterations
default   [   3% ] 064/184 VUs  00m21.0s/11m10.0s

running (00m22.0s), 068/184 VUs, 694 complete and 0 interrupted iterations
default   [   3% ] 068/184 VUs  00m22.0s/11m10.0s

running (00m23.0s), 071/184 VUs, 759 complete and 0 interrupted iterations
default   [   3% ] 071/184 VUs  00m23.0s/11m10.0s

running (00m24.0s), 074/184 VUs, 829 complete and 0 interrupted iterations
default   [   4% ] 074/184 VUs  00m24.0s/11m10.0s

running (00m25.0s), 077/184 VUs, 900 complete and 0 interrupted iterations
default   [   4% ] 077/184 VUs  00m25.0s/11m10.0s

running (00m26.0s), 080/184 VUs, 977 complete and 0 interrupted iterations
default   [   4% ] 080/184 VUs  00m26.0s/11m10.0s

running (00m27.0s), 083/184 VUs, 1039 complete and 0 interrupted iterations
default   [   4% ] 083/184 VUs  00m27.0s/11m10.0s

running (00m28.0s), 086/184 VUs, 1122 complete and 0 interrupted iterations
default   [   4% ] 086/184 VUs  00m28.0s/11m10.0s

running (00m29.0s), 089/184 VUs, 1207 complete and 0 interrupted iterations
default   [   4% ] 089/184 VUs  00m29.0s/11m10.0s

running (00m30.0s), 092/184 VUs, 1289 complete and 0 interrupted iterations
default   [   4% ] 092/184 VUs  00m30.0s/11m10.0s

running (00m31.0s), 095/184 VUs, 1379 complete and 0 interrupted iterations
default   [   5% ] 095/184 VUs  00m31.0s/11m10.0s

running (00m32.0s), 098/184 VUs, 1472 complete and 0 interrupted iterations
default   [   5% ] 098/184 VUs  00m32.0s/11m10.0s

running (00m33.0s), 101/184 VUs, 1569 complete and 0 interrupted iterations
default   [   5% ] 101/184 VUs  00m33.0s/11m10.0s

running (00m34.0s), 104/184 VUs, 1664 complete and 0 interrupted iterations
default   [   5% ] 104/184 VUs  00m34.0s/11m10.0s

running (00m35.0s), 107/184 VUs, 1767 complete and 0 interrupted iterations
default   [   5% ] 107/184 VUs  00m35.0s/11m10.0s

running (00m36.0s), 110/184 VUs, 1874 complete and 0 interrupted iterations
default   [   5% ] 110/184 VUs  00m36.0s/11m10.0s

running (00m37.0s), 113/184 VUs, 1977 complete and 0 interrupted iterations
default   [   6% ] 113/184 VUs  00m37.0s/11m10.0s

running (00m38.0s), 116/184 VUs, 2090 complete and 0 interrupted iterations
default   [   6% ] 116/184 VUs  00m38.0s/11m10.0s

running (00m39.0s), 119/184 VUs, 2206 complete and 0 interrupted iterations
default   [   6% ] 119/184 VUs  00m39.0s/11m10.0s

running (00m40.0s), 122/184 VUs, 2325 complete and 0 interrupted iterations
default   [   6% ] 122/184 VUs  00m40.0s/11m10.0s

running (00m41.0s), 125/184 VUs, 2447 complete and 0 interrupted iterations
default   [   6% ] 125/184 VUs  00m41.0s/11m10.0s

running (00m42.0s), 129/184 VUs, 2571 complete and 0 interrupted iterations
default   [   6% ] 129/184 VUs  00m42.0s/11m10.0s

running (00m43.0s), 132/184 VUs, 2697 complete and 0 interrupted iterations
default   [   6% ] 132/184 VUs  00m43.0s/11m10.0s

running (00m44.0s), 135/184 VUs, 2825 complete and 0 interrupted iterations
default   [   7% ] 135/184 VUs  00m44.0s/11m10.0s

running (00m45.0s), 138/184 VUs, 2834 complete and 0 interrupted iterations
default   [   7% ] 138/184 VUs  00m45.0s/11m10.0s

running (00m46.0s), 141/184 VUs, 2971 complete and 0 interrupted iterations
default   [   7% ] 141/184 VUs  00m46.0s/11m10.0s

running (00m47.0s), 144/184 VUs, 3111 complete and 0 interrupted iterations
default   [   7% ] 144/184 VUs  00m47.0s/11m10.0s

running (00m48.0s), 147/184 VUs, 3254 complete and 0 interrupted iterations
default   [   7% ] 147/184 VUs  00m48.0s/11m10.0s

running (00m49.0s), 150/184 VUs, 3317 complete and 0 interrupted iterations
default   [   7% ] 150/184 VUs  00m49.0s/11m10.0s

running (00m50.0s), 153/184 VUs, 3317 complete and 0 interrupted iterations
default   [   7% ] 153/184 VUs  00m50.0s/11m10.0s

running (00m51.0s), 156/184 VUs, 3371 complete and 0 interrupted iterations
default   [   8% ] 156/184 VUs  00m51.0s/11m10.0s

running (00m52.0s), 159/184 VUs, 3509 complete and 0 interrupted iterations
default   [   8% ] 159/184 VUs  00m52.0s/11m10.0s

running (00m53.0s), 162/184 VUs, 3668 complete and 0 interrupted iterations
default   [   8% ] 162/184 VUs  00m53.0s/11m10.0s

running (00m54.0s), 165/184 VUs, 3799 complete and 0 interrupted iterations
default   [   8% ] 165/184 VUs  00m54.0s/11m10.0s

running (00m55.0s), 168/184 VUs, 3799 complete and 0 interrupted iterations
default   [   8% ] 168/184 VUs  00m55.0s/11m10.0s

running (00m56.0s), 171/184 VUs, 3799 complete and 0 interrupted iterations
default   [   8% ] 171/184 VUs  00m56.0s/11m10.0s

running (00m57.0s), 174/184 VUs, 3924 complete and 0 interrupted iterations
default   [   9% ] 174/184 VUs  00m57.0s/11m10.0s

running (00m58.0s), 177/184 VUs, 4034 complete and 0 interrupted iterations
default   [   9% ] 177/184 VUs  00m58.0s/11m10.0s

running (00m59.0s), 180/184 VUs, 4209 complete and 0 interrupted iterations
default   [   9% ] 180/184 VUs  00m59.0s/11m10.0s

running (01m00.0s), 183/184 VUs, 4284 complete and 0 interrupted iterations
default   [   9% ] 183/184 VUs  01m00.0s/11m10.0s

running (01m01.0s), 184/184 VUs, 4284 complete and 0 interrupted iterations
default   [   9% ] 184/184 VUs  01m01.0s/11m10.0s

running (01m02.0s), 184/184 VUs, 4284 complete and 0 interrupted iterations
default   [   9% ] 184/184 VUs  01m02.0s/11m10.0s

running (01m03.0s), 184/184 VUs, 4403 complete and 0 interrupted iterations
default   [   9% ] 184/184 VUs  01m03.0s/11m10.0s

running (01m04.0s), 184/184 VUs, 4547 complete and 0 interrupted iterations
default   [  10% ] 184/184 VUs  01m04.0s/11m10.0s

running (01m05.0s), 184/184 VUs, 4724 complete and 0 interrupted iterations
default   [  10% ] 184/184 VUs  01m05.0s/11m10.0s

running (01m06.0s), 184/184 VUs, 4773 complete and 0 interrupted iterations
default   [  10% ] 184/184 VUs  01m06.0s/11m10.0s

running (01m07.0s), 184/184 VUs, 4773 complete and 0 interrupted iterations
default   [  10% ] 184/184 VUs  01m07.0s/11m10.0s

running (01m08.0s), 184/184 VUs, 4773 complete and 0 interrupted iterations
default   [  10% ] 184/184 VUs  01m08.0s/11m10.0s

running (01m09.0s), 184/184 VUs, 4957 complete and 0 interrupted iterations
default   [  10% ] 184/184 VUs  01m09.0s/11m10.0s

running (01m10.0s), 184/184 VUs, 5141 complete and 0 interrupted iterations
default   [  10% ] 184/184 VUs  01m10.0s/11m10.0s

running (01m11.0s), 184/184 VUs, 5262 complete and 0 interrupted iterations
default   [  11% ] 184/184 VUs  01m11.0s/11m10.0s

running (01m12.0s), 184/184 VUs, 5262 complete and 0 interrupted iterations
default   [  11% ] 184/184 VUs  01m12.0s/11m10.0s

running (01m13.0s), 184/184 VUs, 5262 complete and 0 interrupted iterations
default   [  11% ] 184/184 VUs  01m13.0s/11m10.0s

running (01m14.0s), 184/184 VUs, 5262 complete and 0 interrupted iterations
default   [  11% ] 184/184 VUs  01m14.0s/11m10.0s

running (01m15.0s), 184/184 VUs, 5262 complete and 0 interrupted iterations
default   [  11% ] 184/184 VUs  01m15.0s/11m10.0s

running (01m16.0s), 184/184 VUs, 5262 complete and 0 interrupted iterations
default   [  11% ] 184/184 VUs  01m16.0s/11m10.0s

running (01m17.0s), 184/184 VUs, 5262 complete and 0 interrupted iterations
default   [  11% ] 184/184 VUs  01m17.0s/11m10.0s

running (01m18.0s), 184/184 VUs, 5262 complete and 0 interrupted iterations
default   [  12% ] 184/184 VUs  01m18.0s/11m10.0s

running (01m19.0s), 184/184 VUs, 5262 complete and 0 interrupted iterations
default   [  12% ] 184/184 VUs  01m19.0s/11m10.0s

running (01m20.0s), 184/184 VUs, 5262 complete and 0 interrupted iterations
default   [  12% ] 184/184 VUs  01m20.0s/11m10.0s

running (01m21.0s), 184/184 VUs, 5262 complete and 0 interrupted iterations
default   [  12% ] 184/184 VUs  01m21.0s/11m10.0s

running (01m22.0s), 184/184 VUs, 5262 complete and 0 interrupted iterations
default   [  12% ] 184/184 VUs  01m22.0s/11m10.0s

running (01m23.0s), 184/184 VUs, 5262 complete and 0 interrupted iterations
default   [  12% ] 184/184 VUs  01m23.0s/11m10.0s

running (01m24.0s), 184/184 VUs, 5262 complete and 0 interrupted iterations
default   [  13% ] 184/184 VUs  01m24.0s/11m10.0s

running (01m25.0s), 184/184 VUs, 5262 complete and 0 interrupted iterations
default   [  13% ] 184/184 VUs  01m25.0s/11m10.0s

running (01m26.0s), 184/184 VUs, 5262 complete and 0 interrupted iterations
default   [  13% ] 184/184 VUs  01m26.0s/11m10.0s

running (01m27.0s), 184/184 VUs, 5262 complete and 0 interrupted iterations
default   [  13% ] 184/184 VUs  01m27.0s/11m10.0s

running (01m28.0s), 184/184 VUs, 5262 complete and 0 interrupted iterations
default   [  13% ] 184/184 VUs  01m28.0s/11m10.0s

running (01m29.0s), 184/184 VUs, 5262 complete and 0 interrupted iterations
default   [  13% ] 184/184 VUs  01m29.0s/11m10.0s

running (01m30.0s), 184/184 VUs, 5262 complete and 0 interrupted iterations
default   [  13% ] 184/184 VUs  01m30.0s/11m10.0s

running (01m31.0s), 184/184 VUs, 5262 complete and 0 interrupted iterations
default   [  14% ] 184/184 VUs  01m31.0s/11m10.0s

running (01m32.0s), 184/184 VUs, 5262 complete and 0 interrupted iterations
default   [  14% ] 184/184 VUs  01m32.0s/11m10.0s

running (01m33.0s), 184/184 VUs, 5262 complete and 0 interrupted iterations
default   [  14% ] 184/184 VUs  01m33.0s/11m10.0s

running (01m34.0s), 184/184 VUs, 5262 complete and 0 interrupted iterations
default   [  14% ] 184/184 VUs  01m34.0s/11m10.0s

running (01m35.0s), 184/184 VUs, 5262 complete and 0 interrupted iterations
default   [  14% ] 184/184 VUs  01m35.0s/11m10.0s

running (01m36.0s), 184/184 VUs, 5262 complete and 0 interrupted iterations
default   [  14% ] 184/184 VUs  01m36.0s/11m10.0s

running (01m37.0s), 184/184 VUs, 5262 complete and 0 interrupted iterations
default   [  14% ] 184/184 VUs  01m37.0s/11m10.0s

running (01m38.0s), 184/184 VUs, 5262 complete and 0 interrupted iterations
default   [  15% ] 184/184 VUs  01m38.0s/11m10.0s

running (01m39.0s), 184/184 VUs, 5262 complete and 0 interrupted iterations
default   [  15% ] 184/184 VUs  01m39.0s/11m10.0s

running (01m40.0s), 184/184 VUs, 5262 complete and 0 interrupted iterations
default   [  15% ] 184/184 VUs  01m40.0s/11m10.0s

running (01m41.0s), 184/184 VUs, 5262 complete and 0 interrupted iterations
default   [  15% ] 184/184 VUs  01m41.0s/11m10.0s

running (01m42.0s), 184/184 VUs, 5262 complete and 0 interrupted iterations
default   [  15% ] 184/184 VUs  01m42.0s/11m10.0s

running (01m43.0s), 184/184 VUs, 5262 complete and 0 interrupted iterations
default   [  15% ] 184/184 VUs  01m43.0s/11m10.0s

running (01m44.0s), 184/184 VUs, 5262 complete and 0 interrupted iterations
default   [  16% ] 184/184 VUs  01m44.0s/11m10.0s

running (01m45.0s), 184/184 VUs, 5262 complete and 0 interrupted iterations
default   [  16% ] 184/184 VUs  01m45.0s/11m10.0s

running (01m46.0s), 184/184 VUs, 5262 complete and 0 interrupted iterations
default   [  16% ] 184/184 VUs  01m46.0s/11m10.0s

running (01m47.0s), 184/184 VUs, 5262 complete and 0 interrupted iterations
default   [  16% ] 184/184 VUs  01m47.0s/11m10.0s

running (01m48.0s), 184/184 VUs, 5262 complete and 0 interrupted iterations
default   [  16% ] 184/184 VUs  01m48.0s/11m10.0s

running (01m49.0s), 184/184 VUs, 5262 complete and 0 interrupted iterations
default   [  16% ] 184/184 VUs  01m49.0s/11m10.0s

running (01m50.0s), 184/184 VUs, 5262 complete and 0 interrupted iterations
default   [  16% ] 184/184 VUs  01m50.0s/11m10.0s

running (01m51.0s), 184/184 VUs, 5262 complete and 0 interrupted iterations
default   [  17% ] 184/184 VUs  01m51.0s/11m10.0s

running (01m52.0s), 184/184 VUs, 5262 complete and 0 interrupted iterations
default   [  17% ] 184/184 VUs  01m52.0s/11m10.0s

running (01m53.0s), 184/184 VUs, 5262 complete and 0 interrupted iterations
default   [  17% ] 184/184 VUs  01m53.0s/11m10.0s

running (01m54.0s), 184/184 VUs, 5262 complete and 0 interrupted iterations
default   [  17% ] 184/184 VUs  01m54.0s/11m10.0s

running (01m55.0s), 184/184 VUs, 5262 complete and 0 interrupted iterations
default   [  17% ] 184/184 VUs  01m55.0s/11m10.0s

running (01m56.0s), 184/184 VUs, 5262 complete and 0 interrupted iterations
default   [  17% ] 184/184 VUs  01m56.0s/11m10.0s

running (01m57.0s), 184/184 VUs, 5262 complete and 0 interrupted iterations
default   [  17% ] 184/184 VUs  01m57.0s/11m10.0s

running (01m58.0s), 184/184 VUs, 5262 complete and 0 interrupted iterations
default   [  18% ] 184/184 VUs  01m58.0s/11m10.0s

running (01m59.0s), 184/184 VUs, 5262 complete and 0 interrupted iterations
default   [  18% ] 184/184 VUs  01m59.0s/11m10.0s

running (02m00.0s), 184/184 VUs, 5262 complete and 0 interrupted iterations
default   [  18% ] 184/184 VUs  02m00.0s/11m10.0s

running (02m01.0s), 184/184 VUs, 5262 complete and 0 interrupted iterations
default   [  18% ] 184/184 VUs  02m01.0s/11m10.0s

running (02m02.0s), 184/184 VUs, 5262 complete and 0 interrupted iterations
default   [  18% ] 184/184 VUs  02m02.0s/11m10.0s

running (02m03.0s), 184/184 VUs, 5262 complete and 0 interrupted iterations
default   [  18% ] 184/184 VUs  02m03.0s/11m10.0s

running (02m04.0s), 184/184 VUs, 5262 complete and 0 interrupted iterations
default   [  19% ] 184/184 VUs  02m04.0s/11m10.0s

running (02m05.0s), 184/184 VUs, 5262 complete and 0 interrupted iterations
default   [  19% ] 184/184 VUs  02m05.0s/11m10.0s

running (02m06.0s), 184/184 VUs, 5262 complete and 0 interrupted iterations
default   [  19% ] 184/184 VUs  02m06.0s/11m10.0s

running (02m07.0s), 184/184 VUs, 5262 complete and 0 interrupted iterations
default   [  19% ] 184/184 VUs  02m07.0s/11m10.0s

running (02m08.0s), 184/184 VUs, 5262 complete and 0 interrupted iterations
default   [  19% ] 184/184 VUs  02m08.0s/11m10.0s

running (02m09.0s), 184/184 VUs, 5262 complete and 0 interrupted iterations
default   [  19% ] 184/184 VUs  02m09.0s/11m10.0s

running (02m10.0s), 184/184 VUs, 5314 complete and 0 interrupted iterations
default   [  19% ] 184/184 VUs  02m10.0s/11m10.0s

running (02m11.0s), 184/184 VUs, 5446 complete and 0 interrupted iterations
default   [  20% ] 184/184 VUs  02m11.0s/11m10.0s

running (02m12.0s), 184/184 VUs, 5446 complete and 0 interrupted iterations
default   [  20% ] 184/184 VUs  02m12.0s/11m10.0s

running (02m13.0s), 184/184 VUs, 5446 complete and 0 interrupted iterations
default   [  20% ] 184/184 VUs  02m13.0s/11m10.0s

running (02m14.0s), 184/184 VUs, 5446 complete and 0 interrupted iterations
default   [  20% ] 184/184 VUs  02m14.0s/11m10.0s

running (02m15.0s), 184/184 VUs, 5446 complete and 0 interrupted iterations
default   [  20% ] 184/184 VUs  02m15.0s/11m10.0s

running (02m16.0s), 184/184 VUs, 5446 complete and 0 interrupted iterations
default   [  20% ] 184/184 VUs  02m16.0s/11m10.0s

running (02m17.0s), 184/184 VUs, 5446 complete and 0 interrupted iterations
default   [  20% ] 184/184 VUs  02m17.0s/11m10.0s

running (02m18.0s), 184/184 VUs, 5446 complete and 0 interrupted iterations
default   [  21% ] 184/184 VUs  02m18.0s/11m10.0s

running (02m19.0s), 184/184 VUs, 5446 complete and 0 interrupted iterations
default   [  21% ] 184/184 VUs  02m19.0s/11m10.0s

running (02m20.0s), 184/184 VUs, 5446 complete and 0 interrupted iterations
default   [  21% ] 184/184 VUs  02m20.0s/11m10.0s

running (02m21.0s), 184/184 VUs, 5446 complete and 0 interrupted iterations
default   [  21% ] 184/184 VUs  02m21.0s/11m10.0s

running (02m22.0s), 184/184 VUs, 5446 complete and 0 interrupted iterations
default   [  21% ] 184/184 VUs  02m22.0s/11m10.0s

running (02m23.0s), 184/184 VUs, 5446 complete and 0 interrupted iterations
default   [  21% ] 184/184 VUs  02m23.0s/11m10.0s

running (02m24.0s), 184/184 VUs, 5446 complete and 0 interrupted iterations
default   [  21% ] 184/184 VUs  02m24.0s/11m10.0s

running (02m25.0s), 184/184 VUs, 5446 complete and 0 interrupted iterations
default   [  22% ] 184/184 VUs  02m25.0s/11m10.0s

running (02m26.0s), 184/184 VUs, 5446 complete and 0 interrupted iterations
default   [  22% ] 184/184 VUs  02m26.0s/11m10.0s

running (02m27.0s), 184/184 VUs, 5446 complete and 0 interrupted iterations
default   [  22% ] 184/184 VUs  02m27.0s/11m10.0s

running (02m28.0s), 184/184 VUs, 5446 complete and 0 interrupted iterations
default   [  22% ] 184/184 VUs  02m28.0s/11m10.0s

running (02m29.0s), 184/184 VUs, 5446 complete and 0 interrupted iterations
default   [  22% ] 184/184 VUs  02m29.0s/11m10.0s

running (02m30.0s), 184/184 VUs, 5446 complete and 0 interrupted iterations
default   [  22% ] 184/184 VUs  02m30.0s/11m10.0s

running (02m31.0s), 184/184 VUs, 5446 complete and 0 interrupted iterations
default   [  23% ] 184/184 VUs  02m31.0s/11m10.0s

running (02m32.0s), 184/184 VUs, 5446 complete and 0 interrupted iterations
default   [  23% ] 184/184 VUs  02m32.0s/11m10.0s

running (02m33.0s), 184/184 VUs, 5446 complete and 0 interrupted iterations
default   [  23% ] 184/184 VUs  02m33.0s/11m10.0s

running (02m34.0s), 184/184 VUs, 5446 complete and 0 interrupted iterations
default   [  23% ] 184/184 VUs  02m34.0s/11m10.0s

running (02m35.0s), 184/184 VUs, 5446 complete and 0 interrupted iterations
default   [  23% ] 184/184 VUs  02m35.0s/11m10.0s

running (02m36.0s), 184/184 VUs, 5446 complete and 0 interrupted iterations
default   [  23% ] 184/184 VUs  02m36.0s/11m10.0s

running (02m37.0s), 184/184 VUs, 5446 complete and 0 interrupted iterations
default   [  23% ] 184/184 VUs  02m37.0s/11m10.0s

running (02m38.0s), 184/184 VUs, 5446 complete and 0 interrupted iterations
default   [  24% ] 184/184 VUs  02m38.0s/11m10.0s

running (02m39.0s), 184/184 VUs, 5446 complete and 0 interrupted iterations
default   [  24% ] 184/184 VUs  02m39.0s/11m10.0s

running (02m40.0s), 184/184 VUs, 5446 complete and 0 interrupted iterations
default   [  24% ] 184/184 VUs  02m40.0s/11m10.0s

running (02m41.0s), 184/184 VUs, 5446 complete and 0 interrupted iterations
default   [  24% ] 184/184 VUs  02m41.0s/11m10.0s

running (02m42.0s), 184/184 VUs, 5446 complete and 0 interrupted iterations
default   [  24% ] 184/184 VUs  02m42.0s/11m10.0s

running (02m43.0s), 184/184 VUs, 5446 complete and 0 interrupted iterations
default   [  24% ] 184/184 VUs  02m43.0s/11m10.0s

running (02m44.0s), 184/184 VUs, 5446 complete and 0 interrupted iterations
default   [  24% ] 184/184 VUs  02m44.0s/11m10.0s

running (02m45.0s), 184/184 VUs, 5446 complete and 0 interrupted iterations
default   [  25% ] 184/184 VUs  02m45.0s/11m10.0s

running (02m46.0s), 184/184 VUs, 5446 complete and 0 interrupted iterations
default   [  25% ] 184/184 VUs  02m46.0s/11m10.0s

running (02m47.0s), 184/184 VUs, 5446 complete and 0 interrupted iterations
default   [  25% ] 184/184 VUs  02m47.0s/11m10.0s

running (02m48.0s), 184/184 VUs, 5446 complete and 0 interrupted iterations
default   [  25% ] 184/184 VUs  02m48.0s/11m10.0s

running (02m49.0s), 184/184 VUs, 5446 complete and 0 interrupted iterations
default   [  25% ] 184/184 VUs  02m49.0s/11m10.0s

running (02m50.0s), 184/184 VUs, 5446 complete and 0 interrupted iterations
default   [  25% ] 184/184 VUs  02m50.0s/11m10.0s

running (02m51.0s), 184/184 VUs, 5446 complete and 0 interrupted iterations
default   [  26% ] 184/184 VUs  02m51.0s/11m10.0s

running (02m52.0s), 184/184 VUs, 5446 complete and 0 interrupted iterations
default   [  26% ] 184/184 VUs  02m52.0s/11m10.0s

running (02m53.0s), 184/184 VUs, 5446 complete and 0 interrupted iterations
default   [  26% ] 184/184 VUs  02m53.0s/11m10.0s

running (02m54.0s), 184/184 VUs, 5446 complete and 0 interrupted iterations
default   [  26% ] 184/184 VUs  02m54.0s/11m10.0s

running (02m55.0s), 184/184 VUs, 5446 complete and 0 interrupted iterations
default   [  26% ] 184/184 VUs  02m55.0s/11m10.0s

running (02m56.0s), 184/184 VUs, 5446 complete and 0 interrupted iterations
default   [  26% ] 184/184 VUs  02m56.0s/11m10.0s

running (02m57.0s), 184/184 VUs, 5446 complete and 0 interrupted iterations
default   [  26% ] 184/184 VUs  02m57.0s/11m10.0s

running (02m58.0s), 184/184 VUs, 5446 complete and 0 interrupted iterations
default   [  27% ] 184/184 VUs  02m58.0s/11m10.0s

running (02m59.0s), 184/184 VUs, 5446 complete and 0 interrupted iterations
default   [  27% ] 184/184 VUs  02m59.0s/11m10.0s

running (03m00.0s), 184/184 VUs, 5446 complete and 0 interrupted iterations
default   [  27% ] 184/184 VUs  03m00.0s/11m10.0s

running (03m01.0s), 184/184 VUs, 5446 complete and 0 interrupted iterations
default   [  27% ] 184/184 VUs  03m01.0s/11m10.0s

running (03m02.0s), 184/184 VUs, 5446 complete and 0 interrupted iterations
default   [  27% ] 184/184 VUs  03m02.0s/11m10.0s

running (03m03.0s), 184/184 VUs, 5446 complete and 0 interrupted iterations
default   [  27% ] 184/184 VUs  03m03.0s/11m10.0s

running (03m04.0s), 184/184 VUs, 5446 complete and 0 interrupted iterations
default   [  27% ] 184/184 VUs  03m04.0s/11m10.0s

running (03m05.0s), 184/184 VUs, 5446 complete and 0 interrupted iterations
default   [  28% ] 184/184 VUs  03m05.0s/11m10.0s

running (03m06.0s), 184/184 VUs, 5446 complete and 0 interrupted iterations
default   [  28% ] 184/184 VUs  03m06.0s/11m10.0s

running (03m07.0s), 184/184 VUs, 5446 complete and 0 interrupted iterations
default   [  28% ] 184/184 VUs  03m07.0s/11m10.0s

running (03m08.0s), 184/184 VUs, 5446 complete and 0 interrupted iterations
default   [  28% ] 184/184 VUs  03m08.0s/11m10.0s

running (03m09.0s), 184/184 VUs, 5446 complete and 0 interrupted iterations
default   [  28% ] 184/184 VUs  03m09.0s/11m10.0s

running (03m10.0s), 184/184 VUs, 5498 complete and 0 interrupted iterations
default   [  28% ] 184/184 VUs  03m10.0s/11m10.0s

running (03m11.0s), 184/184 VUs, 5630 complete and 0 interrupted iterations
default   [  29% ] 184/184 VUs  03m11.0s/11m10.0s

running (03m12.0s), 184/184 VUs, 5630 complete and 0 interrupted iterations
default   [  29% ] 184/184 VUs  03m12.0s/11m10.0s

running (03m13.0s), 184/184 VUs, 5630 complete and 0 interrupted iterations
default   [  29% ] 184/184 VUs  03m13.0s/11m10.0s

running (03m14.0s), 184/184 VUs, 5630 complete and 0 interrupted iterations
default   [  29% ] 184/184 VUs  03m14.0s/11m10.0s

running (03m15.0s), 184/184 VUs, 5630 complete and 0 interrupted iterations
default   [  29% ] 184/184 VUs  03m15.0s/11m10.0s

running (03m16.0s), 184/184 VUs, 5630 complete and 0 interrupted iterations
default   [  29% ] 184/184 VUs  03m16.0s/11m10.0s

running (03m17.0s), 184/184 VUs, 5630 complete and 0 interrupted iterations
default   [  29% ] 184/184 VUs  03m17.0s/11m10.0s

running (03m18.0s), 184/184 VUs, 5630 complete and 0 interrupted iterations
default   [  30% ] 184/184 VUs  03m18.0s/11m10.0s

running (03m19.0s), 184/184 VUs, 5630 complete and 0 interrupted iterations
default   [  30% ] 184/184 VUs  03m19.0s/11m10.0s

running (03m20.0s), 184/184 VUs, 5630 complete and 0 interrupted iterations
default   [  30% ] 184/184 VUs  03m20.0s/11m10.0s

running (03m21.0s), 184/184 VUs, 5630 complete and 0 interrupted iterations
default   [  30% ] 184/184 VUs  03m21.0s/11m10.0s

running (03m22.0s), 184/184 VUs, 5630 complete and 0 interrupted iterations
default   [  30% ] 184/184 VUs  03m22.0s/11m10.0s

running (03m23.0s), 184/184 VUs, 5630 complete and 0 interrupted iterations
default   [  30% ] 184/184 VUs  03m23.0s/11m10.0s

running (03m24.0s), 184/184 VUs, 5630 complete and 0 interrupted iterations
default   [  30% ] 184/184 VUs  03m24.0s/11m10.0s

running (03m25.0s), 184/184 VUs, 5630 complete and 0 interrupted iterations
default   [  31% ] 184/184 VUs  03m25.0s/11m10.0s

running (03m26.0s), 184/184 VUs, 5630 complete and 0 interrupted iterations
default   [  31% ] 184/184 VUs  03m26.0s/11m10.0s

running (03m27.0s), 184/184 VUs, 5630 complete and 0 interrupted iterations
default   [  31% ] 184/184 VUs  03m27.0s/11m10.0s

running (03m28.0s), 184/184 VUs, 5630 complete and 0 interrupted iterations
default   [  31% ] 184/184 VUs  03m28.0s/11m10.0s

running (03m29.0s), 184/184 VUs, 5630 complete and 0 interrupted iterations
default   [  31% ] 184/184 VUs  03m29.0s/11m10.0s

running (03m30.0s), 184/184 VUs, 5630 complete and 0 interrupted iterations
default   [  31% ] 184/184 VUs  03m30.0s/11m10.0s

running (03m31.0s), 184/184 VUs, 5630 complete and 0 interrupted iterations
default   [  31% ] 184/184 VUs  03m31.0s/11m10.0s

running (03m32.0s), 184/184 VUs, 5630 complete and 0 interrupted iterations
default   [  32% ] 184/184 VUs  03m32.0s/11m10.0s

running (03m33.0s), 184/184 VUs, 5630 complete and 0 interrupted iterations
default   [  32% ] 184/184 VUs  03m33.0s/11m10.0s

running (03m34.0s), 184/184 VUs, 5630 complete and 0 interrupted iterations
default   [  32% ] 184/184 VUs  03m34.0s/11m10.0s

running (03m35.0s), 184/184 VUs, 5630 complete and 0 interrupted iterations
default   [  32% ] 184/184 VUs  03m35.0s/11m10.0s

running (03m36.0s), 184/184 VUs, 5630 complete and 0 interrupted iterations
default   [  32% ] 184/184 VUs  03m36.0s/11m10.0s

running (03m37.0s), 184/184 VUs, 5630 complete and 0 interrupted iterations
default   [  32% ] 184/184 VUs  03m37.0s/11m10.0s

running (03m38.0s), 184/184 VUs, 5630 complete and 0 interrupted iterations
default   [  33% ] 184/184 VUs  03m38.0s/11m10.0s

running (03m39.0s), 184/184 VUs, 5630 complete and 0 interrupted iterations
default   [  33% ] 184/184 VUs  03m39.0s/11m10.0s

running (03m40.0s), 184/184 VUs, 5630 complete and 0 interrupted iterations
default   [  33% ] 184/184 VUs  03m40.0s/11m10.0s

running (03m41.0s), 184/184 VUs, 5630 complete and 0 interrupted iterations
default   [  33% ] 184/184 VUs  03m41.0s/11m10.0s

running (03m42.0s), 184/184 VUs, 5630 complete and 0 interrupted iterations
default   [  33% ] 184/184 VUs  03m42.0s/11m10.0s

running (03m43.0s), 184/184 VUs, 5630 complete and 0 interrupted iterations
default   [  33% ] 184/184 VUs  03m43.0s/11m10.0s

running (03m44.0s), 184/184 VUs, 5630 complete and 0 interrupted iterations
default   [  33% ] 184/184 VUs  03m44.0s/11m10.0s

running (03m45.0s), 184/184 VUs, 5630 complete and 0 interrupted iterations
default   [  34% ] 184/184 VUs  03m45.0s/11m10.0s

running (03m46.0s), 184/184 VUs, 5630 complete and 0 interrupted iterations
default   [  34% ] 184/184 VUs  03m46.0s/11m10.0s

running (03m47.0s), 184/184 VUs, 5630 complete and 0 interrupted iterations
default   [  34% ] 184/184 VUs  03m47.0s/11m10.0s

running (03m48.0s), 184/184 VUs, 5630 complete and 0 interrupted iterations
default   [  34% ] 184/184 VUs  03m48.0s/11m10.0s

running (03m49.0s), 184/184 VUs, 5630 complete and 0 interrupted iterations
default   [  34% ] 184/184 VUs  03m49.0s/11m10.0s

running (03m50.0s), 184/184 VUs, 5630 complete and 0 interrupted iterations
default   [  34% ] 184/184 VUs  03m50.0s/11m10.0s

running (03m51.0s), 184/184 VUs, 5630 complete and 0 interrupted iterations
default   [  34% ] 184/184 VUs  03m51.0s/11m10.0s

running (03m52.0s), 184/184 VUs, 5630 complete and 0 interrupted iterations
default   [  35% ] 184/184 VUs  03m52.0s/11m10.0s

running (03m53.0s), 184/184 VUs, 5630 complete and 0 interrupted iterations
default   [  35% ] 184/184 VUs  03m53.0s/11m10.0s

running (03m54.0s), 184/184 VUs, 5630 complete and 0 interrupted iterations
default   [  35% ] 184/184 VUs  03m54.0s/11m10.0s

running (03m55.0s), 184/184 VUs, 5630 complete and 0 interrupted iterations
default   [  35% ] 184/184 VUs  03m55.0s/11m10.0s

running (03m56.0s), 184/184 VUs, 5630 complete and 0 interrupted iterations
default   [  35% ] 184/184 VUs  03m56.0s/11m10.0s

running (03m57.0s), 184/184 VUs, 5630 complete and 0 interrupted iterations
default   [  35% ] 184/184 VUs  03m57.0s/11m10.0s

running (03m58.0s), 184/184 VUs, 5630 complete and 0 interrupted iterations
default   [  36% ] 184/184 VUs  03m58.0s/11m10.0s

running (03m59.0s), 184/184 VUs, 5630 complete and 0 interrupted iterations
default   [  36% ] 184/184 VUs  03m59.0s/11m10.0s

running (04m00.0s), 184/184 VUs, 5630 complete and 0 interrupted iterations
default   [  36% ] 184/184 VUs  04m00.0s/11m10.0s

running (04m01.0s), 184/184 VUs, 5630 complete and 0 interrupted iterations
default   [  36% ] 184/184 VUs  04m01.0s/11m10.0s

running (04m02.0s), 184/184 VUs, 5630 complete and 0 interrupted iterations
default   [  36% ] 184/184 VUs  04m02.0s/11m10.0s

running (04m03.0s), 184/184 VUs, 5630 complete and 0 interrupted iterations
default   [  36% ] 184/184 VUs  04m03.0s/11m10.0s

running (04m04.0s), 184/184 VUs, 5630 complete and 0 interrupted iterations
default   [  36% ] 184/184 VUs  04m04.0s/11m10.0s

running (04m05.0s), 184/184 VUs, 5630 complete and 0 interrupted iterations
default   [  37% ] 184/184 VUs  04m05.0s/11m10.0s

running (04m06.0s), 184/184 VUs, 5630 complete and 0 interrupted iterations
default   [  37% ] 184/184 VUs  04m06.0s/11m10.0s

running (04m07.0s), 184/184 VUs, 5630 complete and 0 interrupted iterations
default   [  37% ] 184/184 VUs  04m07.0s/11m10.0s

running (04m08.0s), 184/184 VUs, 5630 complete and 0 interrupted iterations
default   [  37% ] 184/184 VUs  04m08.0s/11m10.0s

running (04m09.0s), 184/184 VUs, 5630 complete and 0 interrupted iterations
default   [  37% ] 184/184 VUs  04m09.0s/11m10.0s

running (04m10.0s), 184/184 VUs, 5682 complete and 0 interrupted iterations
default   [  37% ] 184/184 VUs  04m10.0s/11m10.0s

running (04m11.0s), 184/184 VUs, 5814 complete and 0 interrupted iterations
default   [  37% ] 184/184 VUs  04m11.0s/11m10.0s

running (04m12.0s), 184/184 VUs, 5814 complete and 0 interrupted iterations
default   [  38% ] 184/184 VUs  04m12.0s/11m10.0s

running (04m13.0s), 184/184 VUs, 5814 complete and 0 interrupted iterations
default   [  38% ] 184/184 VUs  04m13.0s/11m10.0s

running (04m14.0s), 184/184 VUs, 5814 complete and 0 interrupted iterations
default   [  38% ] 184/184 VUs  04m14.0s/11m10.0s

running (04m15.0s), 184/184 VUs, 5814 complete and 0 interrupted iterations
default   [  38% ] 184/184 VUs  04m15.0s/11m10.0s

running (04m16.0s), 184/184 VUs, 5814 complete and 0 interrupted iterations
default   [  38% ] 184/184 VUs  04m16.0s/11m10.0s

running (04m17.0s), 184/184 VUs, 5814 complete and 0 interrupted iterations
default   [  38% ] 184/184 VUs  04m17.0s/11m10.0s

running (04m18.0s), 184/184 VUs, 5814 complete and 0 interrupted iterations
default   [  39% ] 184/184 VUs  04m18.0s/11m10.0s

running (04m19.0s), 184/184 VUs, 5814 complete and 0 interrupted iterations
default   [  39% ] 184/184 VUs  04m19.0s/11m10.0s

running (04m20.0s), 184/184 VUs, 5814 complete and 0 interrupted iterations
default   [  39% ] 184/184 VUs  04m20.0s/11m10.0s

running (04m21.0s), 184/184 VUs, 5814 complete and 0 interrupted iterations
default   [  39% ] 184/184 VUs  04m21.0s/11m10.0s

running (04m22.0s), 184/184 VUs, 5814 complete and 0 interrupted iterations
default   [  39% ] 184/184 VUs  04m22.0s/11m10.0s

running (04m23.0s), 184/184 VUs, 5814 complete and 0 interrupted iterations
default   [  39% ] 184/184 VUs  04m23.0s/11m10.0s

running (04m24.0s), 184/184 VUs, 5814 complete and 0 interrupted iterations
default   [  39% ] 184/184 VUs  04m24.0s/11m10.0s

running (04m25.0s), 184/184 VUs, 5814 complete and 0 interrupted iterations
default   [  40% ] 184/184 VUs  04m25.0s/11m10.0s

running (04m26.0s), 184/184 VUs, 5814 complete and 0 interrupted iterations
default   [  40% ] 184/184 VUs  04m26.0s/11m10.0s

running (04m27.0s), 184/184 VUs, 5814 complete and 0 interrupted iterations
default   [  40% ] 184/184 VUs  04m27.0s/11m10.0s

running (04m28.0s), 184/184 VUs, 5814 complete and 0 interrupted iterations
default   [  40% ] 184/184 VUs  04m28.0s/11m10.0s

running (04m29.0s), 184/184 VUs, 5814 complete and 0 interrupted iterations
default   [  40% ] 184/184 VUs  04m29.0s/11m10.0s

running (04m30.0s), 184/184 VUs, 5814 complete and 0 interrupted iterations
default   [  40% ] 184/184 VUs  04m30.0s/11m10.0s

running (04m31.0s), 184/184 VUs, 5814 complete and 0 interrupted iterations
default   [  40% ] 184/184 VUs  04m31.0s/11m10.0s

running (04m32.0s), 184/184 VUs, 5814 complete and 0 interrupted iterations
default   [  41% ] 184/184 VUs  04m32.0s/11m10.0s

running (04m33.0s), 184/184 VUs, 5814 complete and 0 interrupted iterations
default   [  41% ] 184/184 VUs  04m33.0s/11m10.0s

running (04m34.0s), 184/184 VUs, 5814 complete and 0 interrupted iterations
default   [  41% ] 184/184 VUs  04m34.0s/11m10.0s

running (04m35.0s), 184/184 VUs, 5814 complete and 0 interrupted iterations
default   [  41% ] 184/184 VUs  04m35.0s/11m10.0s

running (04m36.0s), 184/184 VUs, 5814 complete and 0 interrupted iterations
default   [  41% ] 184/184 VUs  04m36.0s/11m10.0s

running (04m37.0s), 184/184 VUs, 5814 complete and 0 interrupted iterations
default   [  41% ] 184/184 VUs  04m37.0s/11m10.0s

running (04m38.0s), 184/184 VUs, 5814 complete and 0 interrupted iterations
default   [  41% ] 184/184 VUs  04m38.0s/11m10.0s

running (04m39.0s), 184/184 VUs, 5814 complete and 0 interrupted iterations
default   [  42% ] 184/184 VUs  04m39.0s/11m10.0s

running (04m40.0s), 184/184 VUs, 5814 complete and 0 interrupted iterations
default   [  42% ] 184/184 VUs  04m40.0s/11m10.0s

running (04m41.0s), 184/184 VUs, 5814 complete and 0 interrupted iterations
default   [  42% ] 184/184 VUs  04m41.0s/11m10.0s

running (04m42.0s), 184/184 VUs, 5814 complete and 0 interrupted iterations
default   [  42% ] 184/184 VUs  04m42.0s/11m10.0s

running (04m43.0s), 184/184 VUs, 5814 complete and 0 interrupted iterations
default   [  42% ] 184/184 VUs  04m43.0s/11m10.0s

running (04m44.0s), 184/184 VUs, 5814 complete and 0 interrupted iterations
default   [  42% ] 184/184 VUs  04m44.0s/11m10.0s

running (04m45.0s), 184/184 VUs, 5814 complete and 0 interrupted iterations
default   [  43% ] 184/184 VUs  04m45.0s/11m10.0s

running (04m46.0s), 184/184 VUs, 5814 complete and 0 interrupted iterations
default   [  43% ] 184/184 VUs  04m46.0s/11m10.0s

running (04m47.0s), 184/184 VUs, 5814 complete and 0 interrupted iterations
default   [  43% ] 184/184 VUs  04m47.0s/11m10.0s

running (04m48.0s), 184/184 VUs, 5814 complete and 0 interrupted iterations
default   [  43% ] 184/184 VUs  04m48.0s/11m10.0s

running (04m49.0s), 184/184 VUs, 5814 complete and 0 interrupted iterations
default   [  43% ] 184/184 VUs  04m49.0s/11m10.0s

running (04m50.0s), 184/184 VUs, 5814 complete and 0 interrupted iterations
default   [  43% ] 184/184 VUs  04m50.0s/11m10.0s

running (04m51.0s), 184/184 VUs, 5814 complete and 0 interrupted iterations
default   [  43% ] 184/184 VUs  04m51.0s/11m10.0s

running (04m52.0s), 184/184 VUs, 5814 complete and 0 interrupted iterations
default   [  44% ] 184/184 VUs  04m52.0s/11m10.0s

running (04m53.0s), 184/184 VUs, 5814 complete and 0 interrupted iterations
default   [  44% ] 184/184 VUs  04m53.0s/11m10.0s

running (04m54.0s), 184/184 VUs, 5814 complete and 0 interrupted iterations
default   [  44% ] 184/184 VUs  04m54.0s/11m10.0s

running (04m55.0s), 184/184 VUs, 5814 complete and 0 interrupted iterations
default   [  44% ] 184/184 VUs  04m55.0s/11m10.0s

running (04m56.0s), 184/184 VUs, 5814 complete and 0 interrupted iterations
default   [  44% ] 184/184 VUs  04m56.0s/11m10.0s

running (04m57.0s), 184/184 VUs, 5814 complete and 0 interrupted iterations
default   [  44% ] 184/184 VUs  04m57.0s/11m10.0s

running (04m58.0s), 184/184 VUs, 5814 complete and 0 interrupted iterations
default   [  44% ] 184/184 VUs  04m58.0s/11m10.0s

running (04m59.0s), 184/184 VUs, 5814 complete and 0 interrupted iterations
default   [  45% ] 184/184 VUs  04m59.0s/11m10.0s

running (05m00.0s), 184/184 VUs, 5814 complete and 0 interrupted iterations
default   [  45% ] 184/184 VUs  05m00.0s/11m10.0s

running (05m01.0s), 184/184 VUs, 5814 complete and 0 interrupted iterations
default   [  45% ] 184/184 VUs  05m01.0s/11m10.0s

running (05m02.0s), 184/184 VUs, 5814 complete and 0 interrupted iterations
default   [  45% ] 184/184 VUs  05m02.0s/11m10.0s

running (05m03.0s), 184/184 VUs, 5814 complete and 0 interrupted iterations
default   [  45% ] 184/184 VUs  05m03.0s/11m10.0s

running (05m04.0s), 184/184 VUs, 5814 complete and 0 interrupted iterations
default   [  45% ] 184/184 VUs  05m04.0s/11m10.0s

running (05m05.0s), 184/184 VUs, 5814 complete and 0 interrupted iterations
default   [  46% ] 184/184 VUs  05m05.0s/11m10.0s

running (05m06.0s), 184/184 VUs, 5814 complete and 0 interrupted iterations
default   [  46% ] 184/184 VUs  05m06.0s/11m10.0s

running (05m07.0s), 184/184 VUs, 5814 complete and 0 interrupted iterations
default   [  46% ] 184/184 VUs  05m07.0s/11m10.0s

running (05m08.0s), 184/184 VUs, 5814 complete and 0 interrupted iterations
default   [  46% ] 184/184 VUs  05m08.0s/11m10.0s

running (05m09.0s), 184/184 VUs, 5814 complete and 0 interrupted iterations
default   [  46% ] 184/184 VUs  05m09.0s/11m10.0s

running (05m10.0s), 184/184 VUs, 5866 complete and 0 interrupted iterations
default   [  46% ] 184/184 VUs  05m10.0s/11m10.0s

running (05m11.0s), 184/184 VUs, 5998 complete and 0 interrupted iterations
default   [  46% ] 184/184 VUs  05m11.0s/11m10.0s

running (05m12.0s), 184/184 VUs, 5998 complete and 0 interrupted iterations
default   [  47% ] 184/184 VUs  05m12.0s/11m10.0s

running (05m13.0s), 184/184 VUs, 5998 complete and 0 interrupted iterations
default   [  47% ] 184/184 VUs  05m13.0s/11m10.0s

running (05m14.0s), 184/184 VUs, 5998 complete and 0 interrupted iterations
default   [  47% ] 184/184 VUs  05m14.0s/11m10.0s

running (05m15.0s), 184/184 VUs, 5998 complete and 0 interrupted iterations
default   [  47% ] 184/184 VUs  05m15.0s/11m10.0s

running (05m16.0s), 184/184 VUs, 5998 complete and 0 interrupted iterations
default   [  47% ] 184/184 VUs  05m16.0s/11m10.0s

running (05m17.0s), 184/184 VUs, 5998 complete and 0 interrupted iterations
default   [  47% ] 184/184 VUs  05m17.0s/11m10.0s

running (05m18.0s), 184/184 VUs, 5998 complete and 0 interrupted iterations
default   [  47% ] 184/184 VUs  05m18.0s/11m10.0s

running (05m19.0s), 184/184 VUs, 5998 complete and 0 interrupted iterations
default   [  48% ] 184/184 VUs  05m19.0s/11m10.0s

running (05m20.0s), 184/184 VUs, 5998 complete and 0 interrupted iterations
default   [  48% ] 184/184 VUs  05m20.0s/11m10.0s

running (05m21.0s), 184/184 VUs, 5998 complete and 0 interrupted iterations
default   [  48% ] 184/184 VUs  05m21.0s/11m10.0s

running (05m22.0s), 184/184 VUs, 5998 complete and 0 interrupted iterations
default   [  48% ] 184/184 VUs  05m22.0s/11m10.0s

running (05m23.0s), 184/184 VUs, 5998 complete and 0 interrupted iterations
default   [  48% ] 184/184 VUs  05m23.0s/11m10.0s

running (05m24.0s), 184/184 VUs, 5998 complete and 0 interrupted iterations
default   [  48% ] 184/184 VUs  05m24.0s/11m10.0s

running (05m25.0s), 184/184 VUs, 5998 complete and 0 interrupted iterations
default   [  49% ] 184/184 VUs  05m25.0s/11m10.0s

running (05m26.0s), 184/184 VUs, 5998 complete and 0 interrupted iterations
default   [  49% ] 184/184 VUs  05m26.0s/11m10.0s

running (05m27.0s), 184/184 VUs, 5998 complete and 0 interrupted iterations
default   [  49% ] 184/184 VUs  05m27.0s/11m10.0s

running (05m28.0s), 184/184 VUs, 5998 complete and 0 interrupted iterations
default   [  49% ] 184/184 VUs  05m28.0s/11m10.0s

running (05m29.0s), 184/184 VUs, 5998 complete and 0 interrupted iterations
default   [  49% ] 184/184 VUs  05m29.0s/11m10.0s

running (05m30.0s), 184/184 VUs, 5998 complete and 0 interrupted iterations
default   [  49% ] 184/184 VUs  05m30.0s/11m10.0s

running (05m31.0s), 184/184 VUs, 5998 complete and 0 interrupted iterations
default   [  49% ] 184/184 VUs  05m31.0s/11m10.0s

running (05m32.0s), 184/184 VUs, 5998 complete and 0 interrupted iterations
default   [  50% ] 184/184 VUs  05m32.0s/11m10.0s

running (05m33.0s), 184/184 VUs, 5998 complete and 0 interrupted iterations
default   [  50% ] 184/184 VUs  05m33.0s/11m10.0s

running (05m34.0s), 184/184 VUs, 5998 complete and 0 interrupted iterations
default   [  50% ] 184/184 VUs  05m34.0s/11m10.0s

running (05m35.0s), 184/184 VUs, 5998 complete and 0 interrupted iterations
default   [  50% ] 184/184 VUs  05m35.0s/11m10.0s

running (05m36.0s), 184/184 VUs, 5998 complete and 0 interrupted iterations
default   [  50% ] 184/184 VUs  05m36.0s/11m10.0s

running (05m37.0s), 184/184 VUs, 5998 complete and 0 interrupted iterations
default   [  50% ] 184/184 VUs  05m37.0s/11m10.0s

running (05m38.0s), 184/184 VUs, 5998 complete and 0 interrupted iterations
default   [  50% ] 184/184 VUs  05m38.0s/11m10.0s

running (05m39.0s), 184/184 VUs, 5998 complete and 0 interrupted iterations
default   [  51% ] 184/184 VUs  05m39.0s/11m10.0s

running (05m40.0s), 184/184 VUs, 5998 complete and 0 interrupted iterations
default   [  51% ] 184/184 VUs  05m40.0s/11m10.0s

running (05m41.0s), 184/184 VUs, 5998 complete and 0 interrupted iterations
default   [  51% ] 184/184 VUs  05m41.0s/11m10.0s

running (05m42.0s), 184/184 VUs, 5998 complete and 0 interrupted iterations
default   [  51% ] 184/184 VUs  05m42.0s/11m10.0s

running (05m43.0s), 184/184 VUs, 5998 complete and 0 interrupted iterations
default   [  51% ] 184/184 VUs  05m43.0s/11m10.0s

running (05m44.0s), 184/184 VUs, 5998 complete and 0 interrupted iterations
default   [  51% ] 184/184 VUs  05m44.0s/11m10.0s

running (05m45.0s), 184/184 VUs, 5998 complete and 0 interrupted iterations
default   [  51% ] 184/184 VUs  05m45.0s/11m10.0s

running (05m46.0s), 184/184 VUs, 5998 complete and 0 interrupted iterations
default   [  52% ] 184/184 VUs  05m46.0s/11m10.0s

running (05m47.0s), 184/184 VUs, 5998 complete and 0 interrupted iterations
default   [  52% ] 184/184 VUs  05m47.0s/11m10.0s

running (05m48.0s), 184/184 VUs, 5998 complete and 0 interrupted iterations
default   [  52% ] 184/184 VUs  05m48.0s/11m10.0s

running (05m49.0s), 184/184 VUs, 5998 complete and 0 interrupted iterations
default   [  52% ] 184/184 VUs  05m49.0s/11m10.0s

running (05m50.0s), 184/184 VUs, 5998 complete and 0 interrupted iterations
default   [  52% ] 184/184 VUs  05m50.0s/11m10.0s

running (05m51.0s), 184/184 VUs, 5998 complete and 0 interrupted iterations
default   [  52% ] 184/184 VUs  05m51.0s/11m10.0s

running (05m52.0s), 184/184 VUs, 5998 complete and 0 interrupted iterations
default   [  53% ] 184/184 VUs  05m52.0s/11m10.0s

running (05m53.0s), 184/184 VUs, 5998 complete and 0 interrupted iterations
default   [  53% ] 184/184 VUs  05m53.0s/11m10.0s

running (05m54.0s), 184/184 VUs, 5998 complete and 0 interrupted iterations
default   [  53% ] 184/184 VUs  05m54.0s/11m10.0s

running (05m55.0s), 184/184 VUs, 5998 complete and 0 interrupted iterations
default   [  53% ] 184/184 VUs  05m55.0s/11m10.0s

running (05m56.0s), 184/184 VUs, 5998 complete and 0 interrupted iterations
default   [  53% ] 184/184 VUs  05m56.0s/11m10.0s

running (05m57.0s), 184/184 VUs, 5998 complete and 0 interrupted iterations
default   [  53% ] 184/184 VUs  05m57.0s/11m10.0s

running (05m58.0s), 184/184 VUs, 5998 complete and 0 interrupted iterations
default   [  53% ] 184/184 VUs  05m58.0s/11m10.0s

running (05m59.0s), 184/184 VUs, 5998 complete and 0 interrupted iterations
default   [  54% ] 184/184 VUs  05m59.0s/11m10.0s

running (06m00.0s), 184/184 VUs, 5998 complete and 0 interrupted iterations
default   [  54% ] 184/184 VUs  06m00.0s/11m10.0s

running (06m01.0s), 184/184 VUs, 5998 complete and 0 interrupted iterations
default   [  54% ] 184/184 VUs  06m01.0s/11m10.0s

running (06m02.0s), 184/184 VUs, 5998 complete and 0 interrupted iterations
default   [  54% ] 184/184 VUs  06m02.0s/11m10.0s

running (06m03.0s), 184/184 VUs, 5998 complete and 0 interrupted iterations
default   [  54% ] 184/184 VUs  06m03.0s/11m10.0s

running (06m04.0s), 184/184 VUs, 5998 complete and 0 interrupted iterations
default   [  54% ] 184/184 VUs  06m04.0s/11m10.0s

running (06m05.0s), 184/184 VUs, 5998 complete and 0 interrupted iterations
default   [  54% ] 184/184 VUs  06m05.0s/11m10.0s

running (06m06.0s), 184/184 VUs, 5998 complete and 0 interrupted iterations
default   [  55% ] 184/184 VUs  06m06.0s/11m10.0s

running (06m07.0s), 184/184 VUs, 5998 complete and 0 interrupted iterations
default   [  55% ] 184/184 VUs  06m07.0s/11m10.0s

running (06m08.0s), 184/184 VUs, 5998 complete and 0 interrupted iterations
default   [  55% ] 184/184 VUs  06m08.0s/11m10.0s

running (06m09.0s), 184/184 VUs, 5998 complete and 0 interrupted iterations
default   [  55% ] 184/184 VUs  06m09.0s/11m10.0s

running (06m10.0s), 184/184 VUs, 6050 complete and 0 interrupted iterations
default   [  55% ] 184/184 VUs  06m10.0s/11m10.0s

running (06m11.0s), 184/184 VUs, 6182 complete and 0 interrupted iterations
default   [  55% ] 184/184 VUs  06m11.0s/11m10.0s

running (06m12.0s), 184/184 VUs, 6182 complete and 0 interrupted iterations
default   [  56% ] 184/184 VUs  06m12.0s/11m10.0s

running (06m13.0s), 184/184 VUs, 6182 complete and 0 interrupted iterations
default   [  56% ] 184/184 VUs  06m13.0s/11m10.0s

running (06m14.0s), 184/184 VUs, 6182 complete and 0 interrupted iterations
default   [  56% ] 184/184 VUs  06m14.0s/11m10.0s

running (06m15.0s), 184/184 VUs, 6182 complete and 0 interrupted iterations
default   [  56% ] 184/184 VUs  06m15.0s/11m10.0s

running (06m16.0s), 184/184 VUs, 6182 complete and 0 interrupted iterations
default   [  56% ] 184/184 VUs  06m16.0s/11m10.0s

running (06m17.0s), 184/184 VUs, 6182 complete and 0 interrupted iterations
default   [  56% ] 184/184 VUs  06m17.0s/11m10.0s

running (06m18.0s), 184/184 VUs, 6182 complete and 0 interrupted iterations
default   [  56% ] 184/184 VUs  06m18.0s/11m10.0s

running (06m19.0s), 184/184 VUs, 6182 complete and 0 interrupted iterations
default   [  57% ] 184/184 VUs  06m19.0s/11m10.0s

running (06m20.0s), 184/184 VUs, 6182 complete and 0 interrupted iterations
default   [  57% ] 184/184 VUs  06m20.0s/11m10.0s

running (06m21.0s), 184/184 VUs, 6182 complete and 0 interrupted iterations
default   [  57% ] 184/184 VUs  06m21.0s/11m10.0s

running (06m22.0s), 184/184 VUs, 6182 complete and 0 interrupted iterations
default   [  57% ] 184/184 VUs  06m22.0s/11m10.0s

running (06m23.0s), 184/184 VUs, 6182 complete and 0 interrupted iterations
default   [  57% ] 184/184 VUs  06m23.0s/11m10.0s

running (06m24.0s), 184/184 VUs, 6182 complete and 0 interrupted iterations
default   [  57% ] 184/184 VUs  06m24.0s/11m10.0s

running (06m25.0s), 184/184 VUs, 6182 complete and 0 interrupted iterations
default   [  57% ] 184/184 VUs  06m25.0s/11m10.0s

running (06m26.0s), 184/184 VUs, 6182 complete and 0 interrupted iterations
default   [  58% ] 184/184 VUs  06m26.0s/11m10.0s

running (06m27.0s), 184/184 VUs, 6182 complete and 0 interrupted iterations
default   [  58% ] 184/184 VUs  06m27.0s/11m10.0s

running (06m28.0s), 184/184 VUs, 6182 complete and 0 interrupted iterations
default   [  58% ] 184/184 VUs  06m28.0s/11m10.0s

running (06m29.0s), 184/184 VUs, 6182 complete and 0 interrupted iterations
default   [  58% ] 184/184 VUs  06m29.0s/11m10.0s

running (06m30.0s), 184/184 VUs, 6182 complete and 0 interrupted iterations
default   [  58% ] 184/184 VUs  06m30.0s/11m10.0s

running (06m31.0s), 184/184 VUs, 6182 complete and 0 interrupted iterations
default   [  58% ] 184/184 VUs  06m31.0s/11m10.0s

running (06m32.0s), 184/184 VUs, 6182 complete and 0 interrupted iterations
default   [  59% ] 184/184 VUs  06m32.0s/11m10.0s

running (06m33.0s), 184/184 VUs, 6182 complete and 0 interrupted iterations
default   [  59% ] 184/184 VUs  06m33.0s/11m10.0s

running (06m34.0s), 184/184 VUs, 6182 complete and 0 interrupted iterations
default   [  59% ] 184/184 VUs  06m34.0s/11m10.0s

running (06m35.0s), 184/184 VUs, 6182 complete and 0 interrupted iterations
default   [  59% ] 184/184 VUs  06m35.0s/11m10.0s

running (06m36.0s), 184/184 VUs, 6182 complete and 0 interrupted iterations
default   [  59% ] 184/184 VUs  06m36.0s/11m10.0s

running (06m37.0s), 184/184 VUs, 6182 complete and 0 interrupted iterations
default   [  59% ] 184/184 VUs  06m37.0s/11m10.0s

running (06m38.0s), 184/184 VUs, 6182 complete and 0 interrupted iterations
default   [  59% ] 184/184 VUs  06m38.0s/11m10.0s

running (06m39.0s), 184/184 VUs, 6182 complete and 0 interrupted iterations
default   [  60% ] 184/184 VUs  06m39.0s/11m10.0s

running (06m40.0s), 184/184 VUs, 6182 complete and 0 interrupted iterations
default   [  60% ] 184/184 VUs  06m40.0s/11m10.0s

running (06m41.0s), 184/184 VUs, 6182 complete and 0 interrupted iterations
default   [  60% ] 184/184 VUs  06m41.0s/11m10.0s

running (06m42.0s), 184/184 VUs, 6182 complete and 0 interrupted iterations
default   [  60% ] 184/184 VUs  06m42.0s/11m10.0s

running (06m43.0s), 184/184 VUs, 6182 complete and 0 interrupted iterations
default   [  60% ] 184/184 VUs  06m43.0s/11m10.0s

running (06m44.0s), 184/184 VUs, 6182 complete and 0 interrupted iterations
default   [  60% ] 184/184 VUs  06m44.0s/11m10.0s

running (06m45.0s), 184/184 VUs, 6182 complete and 0 interrupted iterations
default   [  60% ] 184/184 VUs  06m45.0s/11m10.0s

running (06m46.0s), 184/184 VUs, 6182 complete and 0 interrupted iterations
default   [  61% ] 184/184 VUs  06m46.0s/11m10.0s

running (06m47.0s), 184/184 VUs, 6182 complete and 0 interrupted iterations
default   [  61% ] 184/184 VUs  06m47.0s/11m10.0s

running (06m48.0s), 184/184 VUs, 6182 complete and 0 interrupted iterations
default   [  61% ] 184/184 VUs  06m48.0s/11m10.0s

running (06m49.0s), 184/184 VUs, 6182 complete and 0 interrupted iterations
default   [  61% ] 184/184 VUs  06m49.0s/11m10.0s

running (06m50.0s), 184/184 VUs, 6182 complete and 0 interrupted iterations
default   [  61% ] 184/184 VUs  06m50.0s/11m10.0s

running (06m51.0s), 184/184 VUs, 6182 complete and 0 interrupted iterations
default   [  61% ] 184/184 VUs  06m51.0s/11m10.0s

running (06m52.0s), 184/184 VUs, 6182 complete and 0 interrupted iterations
default   [  61% ] 184/184 VUs  06m52.0s/11m10.0s

running (06m53.0s), 184/184 VUs, 6182 complete and 0 interrupted iterations
default   [  62% ] 184/184 VUs  06m53.0s/11m10.0s

running (06m54.0s), 184/184 VUs, 6182 complete and 0 interrupted iterations
default   [  62% ] 184/184 VUs  06m54.0s/11m10.0s

running (06m55.0s), 184/184 VUs, 6182 complete and 0 interrupted iterations
default   [  62% ] 184/184 VUs  06m55.0s/11m10.0s

running (06m56.0s), 184/184 VUs, 6182 complete and 0 interrupted iterations
default   [  62% ] 184/184 VUs  06m56.0s/11m10.0s

running (06m57.0s), 184/184 VUs, 6182 complete and 0 interrupted iterations
default   [  62% ] 184/184 VUs  06m57.0s/11m10.0s

running (06m58.0s), 184/184 VUs, 6182 complete and 0 interrupted iterations
default   [  62% ] 184/184 VUs  06m58.0s/11m10.0s

running (06m59.0s), 184/184 VUs, 6182 complete and 0 interrupted iterations
default   [  63% ] 184/184 VUs  06m59.0s/11m10.0s

running (07m00.0s), 184/184 VUs, 6182 complete and 0 interrupted iterations
default   [  63% ] 184/184 VUs  07m00.0s/11m10.0s

running (07m01.0s), 184/184 VUs, 6182 complete and 0 interrupted iterations
default   [  63% ] 184/184 VUs  07m01.0s/11m10.0s

running (07m02.0s), 184/184 VUs, 6182 complete and 0 interrupted iterations
default   [  63% ] 184/184 VUs  07m02.0s/11m10.0s

running (07m03.0s), 184/184 VUs, 6182 complete and 0 interrupted iterations
default   [  63% ] 184/184 VUs  07m03.0s/11m10.0s

running (07m04.0s), 184/184 VUs, 6182 complete and 0 interrupted iterations
default   [  63% ] 184/184 VUs  07m04.0s/11m10.0s

running (07m05.0s), 184/184 VUs, 6182 complete and 0 interrupted iterations
default   [  63% ] 184/184 VUs  07m05.0s/11m10.0s

running (07m06.0s), 184/184 VUs, 6182 complete and 0 interrupted iterations
default   [  64% ] 184/184 VUs  07m06.0s/11m10.0s

running (07m07.0s), 184/184 VUs, 6182 complete and 0 interrupted iterations
default   [  64% ] 184/184 VUs  07m07.0s/11m10.0s

running (07m08.0s), 184/184 VUs, 6182 complete and 0 interrupted iterations
default   [  64% ] 184/184 VUs  07m08.0s/11m10.0s

running (07m09.0s), 184/184 VUs, 6182 complete and 0 interrupted iterations
default   [  64% ] 184/184 VUs  07m09.0s/11m10.0s

running (07m10.0s), 184/184 VUs, 6234 complete and 0 interrupted iterations
default   [  64% ] 184/184 VUs  07m10.0s/11m10.0s

running (07m11.0s), 184/184 VUs, 6366 complete and 0 interrupted iterations
default   [  64% ] 184/184 VUs  07m11.0s/11m10.0s

running (07m12.0s), 184/184 VUs, 6366 complete and 0 interrupted iterations
default   [  64% ] 184/184 VUs  07m12.0s/11m10.0s

running (07m13.0s), 184/184 VUs, 6366 complete and 0 interrupted iterations
default   [  65% ] 184/184 VUs  07m13.0s/11m10.0s

running (07m14.0s), 184/184 VUs, 6366 complete and 0 interrupted iterations
default   [  65% ] 184/184 VUs  07m14.0s/11m10.0s

running (07m15.0s), 184/184 VUs, 6366 complete and 0 interrupted iterations
default   [  65% ] 184/184 VUs  07m15.0s/11m10.0s

running (07m16.0s), 184/184 VUs, 6366 complete and 0 interrupted iterations
default   [  65% ] 184/184 VUs  07m16.0s/11m10.0s

running (07m17.0s), 184/184 VUs, 6366 complete and 0 interrupted iterations
default   [  65% ] 184/184 VUs  07m17.0s/11m10.0s

running (07m18.0s), 184/184 VUs, 6366 complete and 0 interrupted iterations
default   [  65% ] 184/184 VUs  07m18.0s/11m10.0s

running (07m19.0s), 184/184 VUs, 6366 complete and 0 interrupted iterations
default   [  66% ] 184/184 VUs  07m19.0s/11m10.0s

running (07m20.0s), 184/184 VUs, 6366 complete and 0 interrupted iterations
default   [  66% ] 184/184 VUs  07m20.0s/11m10.0s

running (07m21.0s), 184/184 VUs, 6366 complete and 0 interrupted iterations
default   [  66% ] 184/184 VUs  07m21.0s/11m10.0s

running (07m22.0s), 184/184 VUs, 6366 complete and 0 interrupted iterations
default   [  66% ] 184/184 VUs  07m22.0s/11m10.0s

running (07m23.0s), 184/184 VUs, 6366 complete and 0 interrupted iterations
default   [  66% ] 184/184 VUs  07m23.0s/11m10.0s

running (07m24.0s), 184/184 VUs, 6366 complete and 0 interrupted iterations
default   [  66% ] 184/184 VUs  07m24.0s/11m10.0s

running (07m25.0s), 184/184 VUs, 6366 complete and 0 interrupted iterations
default   [  66% ] 184/184 VUs  07m25.0s/11m10.0s

running (07m26.0s), 184/184 VUs, 6366 complete and 0 interrupted iterations
default   [  67% ] 184/184 VUs  07m26.0s/11m10.0s

running (07m27.0s), 184/184 VUs, 6366 complete and 0 interrupted iterations
default   [  67% ] 184/184 VUs  07m27.0s/11m10.0s

running (07m28.0s), 184/184 VUs, 6366 complete and 0 interrupted iterations
default   [  67% ] 184/184 VUs  07m28.0s/11m10.0s

running (07m29.0s), 184/184 VUs, 6366 complete and 0 interrupted iterations
default   [  67% ] 184/184 VUs  07m29.0s/11m10.0s

running (07m30.0s), 184/184 VUs, 6366 complete and 0 interrupted iterations
default   [  67% ] 184/184 VUs  07m30.0s/11m10.0s

running (07m31.0s), 184/184 VUs, 6366 complete and 0 interrupted iterations
default   [  67% ] 184/184 VUs  07m31.0s/11m10.0s

running (07m32.0s), 184/184 VUs, 6366 complete and 0 interrupted iterations
default   [  67% ] 184/184 VUs  07m32.0s/11m10.0s

running (07m33.0s), 184/184 VUs, 6366 complete and 0 interrupted iterations
default   [  68% ] 184/184 VUs  07m33.0s/11m10.0s

running (07m34.0s), 184/184 VUs, 6366 complete and 0 interrupted iterations
default   [  68% ] 184/184 VUs  07m34.0s/11m10.0s

running (07m35.0s), 184/184 VUs, 6366 complete and 0 interrupted iterations
default   [  68% ] 184/184 VUs  07m35.0s/11m10.0s

running (07m36.0s), 184/184 VUs, 6366 complete and 0 interrupted iterations
default   [  68% ] 184/184 VUs  07m36.0s/11m10.0s

running (07m37.0s), 184/184 VUs, 6366 complete and 0 interrupted iterations
default   [  68% ] 184/184 VUs  07m37.0s/11m10.0s

running (07m38.0s), 184/184 VUs, 6366 complete and 0 interrupted iterations
default   [  68% ] 184/184 VUs  07m38.0s/11m10.0s

running (07m39.0s), 184/184 VUs, 6366 complete and 0 interrupted iterations
default   [  69% ] 184/184 VUs  07m39.0s/11m10.0s

running (07m40.0s), 184/184 VUs, 6366 complete and 0 interrupted iterations
default   [  69% ] 184/184 VUs  07m40.0s/11m10.0s

running (07m41.0s), 184/184 VUs, 6366 complete and 0 interrupted iterations
default   [  69% ] 184/184 VUs  07m41.0s/11m10.0s

running (07m42.0s), 184/184 VUs, 6366 complete and 0 interrupted iterations
default   [  69% ] 184/184 VUs  07m42.0s/11m10.0s

running (07m43.0s), 184/184 VUs, 6366 complete and 0 interrupted iterations
default   [  69% ] 184/184 VUs  07m43.0s/11m10.0s

running (07m44.0s), 184/184 VUs, 6366 complete and 0 interrupted iterations
default   [  69% ] 184/184 VUs  07m44.0s/11m10.0s

running (07m45.0s), 184/184 VUs, 6366 complete and 0 interrupted iterations
default   [  69% ] 184/184 VUs  07m45.0s/11m10.0s

running (07m46.0s), 184/184 VUs, 6366 complete and 0 interrupted iterations
default   [  70% ] 184/184 VUs  07m46.0s/11m10.0s

running (07m47.0s), 184/184 VUs, 6366 complete and 0 interrupted iterations
default   [  70% ] 184/184 VUs  07m47.0s/11m10.0s

running (07m48.0s), 184/184 VUs, 6366 complete and 0 interrupted iterations
default   [  70% ] 184/184 VUs  07m48.0s/11m10.0s

running (07m49.0s), 184/184 VUs, 6366 complete and 0 interrupted iterations
default   [  70% ] 184/184 VUs  07m49.0s/11m10.0s

running (07m50.0s), 184/184 VUs, 6366 complete and 0 interrupted iterations
default   [  70% ] 184/184 VUs  07m50.0s/11m10.0s

running (07m51.0s), 184/184 VUs, 6366 complete and 0 interrupted iterations
default   [  70% ] 184/184 VUs  07m51.0s/11m10.0s

running (07m52.0s), 184/184 VUs, 6366 complete and 0 interrupted iterations
default   [  70% ] 184/184 VUs  07m52.0s/11m10.0s

running (07m53.0s), 184/184 VUs, 6366 complete and 0 interrupted iterations
default   [  71% ] 184/184 VUs  07m53.0s/11m10.0s

running (07m54.0s), 184/184 VUs, 6366 complete and 0 interrupted iterations
default   [  71% ] 184/184 VUs  07m54.0s/11m10.0s

running (07m55.0s), 184/184 VUs, 6366 complete and 0 interrupted iterations
default   [  71% ] 184/184 VUs  07m55.0s/11m10.0s

running (07m56.0s), 184/184 VUs, 6366 complete and 0 interrupted iterations
default   [  71% ] 184/184 VUs  07m56.0s/11m10.0s

running (07m57.0s), 184/184 VUs, 6366 complete and 0 interrupted iterations
default   [  71% ] 184/184 VUs  07m57.0s/11m10.0s

running (07m58.0s), 184/184 VUs, 6366 complete and 0 interrupted iterations
default   [  71% ] 184/184 VUs  07m58.0s/11m10.0s

running (07m59.0s), 184/184 VUs, 6366 complete and 0 interrupted iterations
default   [  71% ] 184/184 VUs  07m59.0s/11m10.0s

running (08m00.0s), 184/184 VUs, 6366 complete and 0 interrupted iterations
default   [  72% ] 184/184 VUs  08m00.0s/11m10.0s

running (08m01.0s), 184/184 VUs, 6366 complete and 0 interrupted iterations
default   [  72% ] 184/184 VUs  08m01.0s/11m10.0s

running (08m02.0s), 184/184 VUs, 6366 complete and 0 interrupted iterations
default   [  72% ] 184/184 VUs  08m02.0s/11m10.0s

running (08m03.0s), 184/184 VUs, 6366 complete and 0 interrupted iterations
default   [  72% ] 184/184 VUs  08m03.0s/11m10.0s

running (08m04.0s), 184/184 VUs, 6366 complete and 0 interrupted iterations
default   [  72% ] 184/184 VUs  08m04.0s/11m10.0s

running (08m05.0s), 184/184 VUs, 6366 complete and 0 interrupted iterations
default   [  72% ] 184/184 VUs  08m05.0s/11m10.0s

running (08m06.0s), 184/184 VUs, 6366 complete and 0 interrupted iterations
default   [  73% ] 184/184 VUs  08m06.0s/11m10.0s

running (08m07.0s), 184/184 VUs, 6366 complete and 0 interrupted iterations
default   [  73% ] 184/184 VUs  08m07.0s/11m10.0s

running (08m08.0s), 184/184 VUs, 6366 complete and 0 interrupted iterations
default   [  73% ] 184/184 VUs  08m08.0s/11m10.0s

running (08m09.0s), 184/184 VUs, 6366 complete and 0 interrupted iterations
default   [  73% ] 184/184 VUs  08m09.0s/11m10.0s

running (08m10.0s), 184/184 VUs, 6418 complete and 0 interrupted iterations
default   [  73% ] 184/184 VUs  08m10.0s/11m10.0s

running (08m11.0s), 184/184 VUs, 6550 complete and 0 interrupted iterations
default   [  73% ] 184/184 VUs  08m11.0s/11m10.0s

running (08m12.0s), 184/184 VUs, 6550 complete and 0 interrupted iterations
default   [  73% ] 184/184 VUs  08m12.0s/11m10.0s

running (08m13.0s), 184/184 VUs, 6550 complete and 0 interrupted iterations
default   [  74% ] 184/184 VUs  08m13.0s/11m10.0s

running (08m14.0s), 184/184 VUs, 6550 complete and 0 interrupted iterations
default   [  74% ] 184/184 VUs  08m14.0s/11m10.0s

running (08m15.0s), 184/184 VUs, 6550 complete and 0 interrupted iterations
default   [  74% ] 184/184 VUs  08m15.0s/11m10.0s

running (08m16.0s), 184/184 VUs, 6550 complete and 0 interrupted iterations
default   [  74% ] 184/184 VUs  08m16.0s/11m10.0s

running (08m17.0s), 184/184 VUs, 6550 complete and 0 interrupted iterations
default   [  74% ] 184/184 VUs  08m17.0s/11m10.0s

running (08m18.0s), 184/184 VUs, 6550 complete and 0 interrupted iterations
default   [  74% ] 184/184 VUs  08m18.0s/11m10.0s

running (08m19.0s), 184/184 VUs, 6550 complete and 0 interrupted iterations
default   [  74% ] 184/184 VUs  08m19.0s/11m10.0s

running (08m20.0s), 184/184 VUs, 6550 complete and 0 interrupted iterations
default   [  75% ] 184/184 VUs  08m20.0s/11m10.0s

running (08m21.0s), 184/184 VUs, 6550 complete and 0 interrupted iterations
default   [  75% ] 184/184 VUs  08m21.0s/11m10.0s

running (08m22.0s), 184/184 VUs, 6550 complete and 0 interrupted iterations
default   [  75% ] 184/184 VUs  08m22.0s/11m10.0s

running (08m23.0s), 184/184 VUs, 6550 complete and 0 interrupted iterations
default   [  75% ] 184/184 VUs  08m23.0s/11m10.0s

running (08m24.0s), 184/184 VUs, 6550 complete and 0 interrupted iterations
default   [  75% ] 184/184 VUs  08m24.0s/11m10.0s

running (08m25.0s), 184/184 VUs, 6550 complete and 0 interrupted iterations
default   [  75% ] 184/184 VUs  08m25.0s/11m10.0s

running (08m26.0s), 184/184 VUs, 6550 complete and 0 interrupted iterations
default   [  76% ] 184/184 VUs  08m26.0s/11m10.0s

running (08m27.0s), 184/184 VUs, 6550 complete and 0 interrupted iterations
default   [  76% ] 184/184 VUs  08m27.0s/11m10.0s

running (08m28.0s), 184/184 VUs, 6550 complete and 0 interrupted iterations
default   [  76% ] 184/184 VUs  08m28.0s/11m10.0s

running (08m29.0s), 184/184 VUs, 6550 complete and 0 interrupted iterations
default   [  76% ] 184/184 VUs  08m29.0s/11m10.0s

running (08m30.0s), 184/184 VUs, 6550 complete and 0 interrupted iterations
default   [  76% ] 184/184 VUs  08m30.0s/11m10.0s

running (08m31.0s), 184/184 VUs, 6550 complete and 0 interrupted iterations
default   [  76% ] 184/184 VUs  08m31.0s/11m10.0s

running (08m32.0s), 184/184 VUs, 6550 complete and 0 interrupted iterations
default   [  76% ] 184/184 VUs  08m32.0s/11m10.0s

running (08m33.0s), 184/184 VUs, 6550 complete and 0 interrupted iterations
default   [  77% ] 184/184 VUs  08m33.0s/11m10.0s

running (08m34.0s), 184/184 VUs, 6550 complete and 0 interrupted iterations
default   [  77% ] 184/184 VUs  08m34.0s/11m10.0s

running (08m35.0s), 184/184 VUs, 6550 complete and 0 interrupted iterations
default   [  77% ] 184/184 VUs  08m35.0s/11m10.0s

running (08m36.0s), 184/184 VUs, 6550 complete and 0 interrupted iterations
default   [  77% ] 184/184 VUs  08m36.0s/11m10.0s

running (08m37.0s), 184/184 VUs, 6550 complete and 0 interrupted iterations
default   [  77% ] 184/184 VUs  08m37.0s/11m10.0s

running (08m38.0s), 184/184 VUs, 6550 complete and 0 interrupted iterations
default   [  77% ] 184/184 VUs  08m38.0s/11m10.0s

running (08m39.0s), 184/184 VUs, 6550 complete and 0 interrupted iterations
default   [  77% ] 184/184 VUs  08m39.0s/11m10.0s

running (08m40.0s), 184/184 VUs, 6550 complete and 0 interrupted iterations
default   [  78% ] 184/184 VUs  08m40.0s/11m10.0s

running (08m41.0s), 184/184 VUs, 6550 complete and 0 interrupted iterations
default   [  78% ] 184/184 VUs  08m41.0s/11m10.0s

running (08m42.0s), 184/184 VUs, 6550 complete and 0 interrupted iterations
default   [  78% ] 184/184 VUs  08m42.0s/11m10.0s

running (08m43.0s), 184/184 VUs, 6550 complete and 0 interrupted iterations
default   [  78% ] 184/184 VUs  08m43.0s/11m10.0s

running (08m44.0s), 184/184 VUs, 6550 complete and 0 interrupted iterations
default   [  78% ] 184/184 VUs  08m44.0s/11m10.0s

running (08m45.0s), 184/184 VUs, 6550 complete and 0 interrupted iterations
default   [  78% ] 184/184 VUs  08m45.0s/11m10.0s

running (08m46.0s), 184/184 VUs, 6550 complete and 0 interrupted iterations
default   [  79% ] 184/184 VUs  08m46.0s/11m10.0s

running (08m47.0s), 184/184 VUs, 6550 complete and 0 interrupted iterations
default   [  79% ] 184/184 VUs  08m47.0s/11m10.0s

running (08m48.0s), 184/184 VUs, 6550 complete and 0 interrupted iterations
default   [  79% ] 184/184 VUs  08m48.0s/11m10.0s

running (08m49.0s), 184/184 VUs, 6550 complete and 0 interrupted iterations
default   [  79% ] 184/184 VUs  08m49.0s/11m10.0s

running (08m50.0s), 184/184 VUs, 6550 complete and 0 interrupted iterations
default   [  79% ] 184/184 VUs  08m50.0s/11m10.0s

running (08m51.0s), 184/184 VUs, 6550 complete and 0 interrupted iterations
default   [  79% ] 184/184 VUs  08m51.0s/11m10.0s

running (08m52.0s), 184/184 VUs, 6550 complete and 0 interrupted iterations
default   [  79% ] 184/184 VUs  08m52.0s/11m10.0s

running (08m53.0s), 184/184 VUs, 6550 complete and 0 interrupted iterations
default   [  80% ] 184/184 VUs  08m53.0s/11m10.0s

running (08m54.0s), 184/184 VUs, 6550 complete and 0 interrupted iterations
default   [  80% ] 184/184 VUs  08m54.0s/11m10.0s

running (08m55.0s), 184/184 VUs, 6550 complete and 0 interrupted iterations
default   [  80% ] 184/184 VUs  08m55.0s/11m10.0s

running (08m56.0s), 184/184 VUs, 6550 complete and 0 interrupted iterations
default   [  80% ] 184/184 VUs  08m56.0s/11m10.0s

running (08m57.0s), 184/184 VUs, 6550 complete and 0 interrupted iterations
default   [  80% ] 184/184 VUs  08m57.0s/11m10.0s

running (08m58.0s), 184/184 VUs, 6550 complete and 0 interrupted iterations
default   [  80% ] 184/184 VUs  08m58.0s/11m10.0s

running (08m59.0s), 184/184 VUs, 6550 complete and 0 interrupted iterations
default   [  80% ] 184/184 VUs  08m59.0s/11m10.0s

running (09m00.0s), 184/184 VUs, 6550 complete and 0 interrupted iterations
default   [  81% ] 184/184 VUs  09m00.0s/11m10.0s

running (09m01.0s), 184/184 VUs, 6550 complete and 0 interrupted iterations
default   [  81% ] 184/184 VUs  09m01.0s/11m10.0s

running (09m02.0s), 184/184 VUs, 6550 complete and 0 interrupted iterations
default   [  81% ] 184/184 VUs  09m02.0s/11m10.0s

running (09m03.0s), 184/184 VUs, 6550 complete and 0 interrupted iterations
default   [  81% ] 184/184 VUs  09m03.0s/11m10.0s

running (09m04.0s), 184/184 VUs, 6550 complete and 0 interrupted iterations
default   [  81% ] 184/184 VUs  09m04.0s/11m10.0s

running (09m05.0s), 184/184 VUs, 6550 complete and 0 interrupted iterations
default   [  81% ] 184/184 VUs  09m05.0s/11m10.0s

running (09m06.0s), 184/184 VUs, 6550 complete and 0 interrupted iterations
default   [  81% ] 184/184 VUs  09m06.0s/11m10.0s

running (09m07.0s), 184/184 VUs, 6550 complete and 0 interrupted iterations
default   [  82% ] 184/184 VUs  09m07.0s/11m10.0s

running (09m08.0s), 184/184 VUs, 6550 complete and 0 interrupted iterations
default   [  82% ] 184/184 VUs  09m08.0s/11m10.0s

running (09m09.0s), 184/184 VUs, 6550 complete and 0 interrupted iterations
default   [  82% ] 184/184 VUs  09m09.0s/11m10.0s

running (09m10.0s), 184/184 VUs, 6602 complete and 0 interrupted iterations
default   [  82% ] 184/184 VUs  09m10.0s/11m10.0s

running (09m11.0s), 184/184 VUs, 6734 complete and 0 interrupted iterations
default   [  82% ] 184/184 VUs  09m11.0s/11m10.0s

running (09m12.0s), 184/184 VUs, 6734 complete and 0 interrupted iterations
default   [  82% ] 184/184 VUs  09m12.0s/11m10.0s

running (09m13.0s), 184/184 VUs, 6734 complete and 0 interrupted iterations
default   [  83% ] 184/184 VUs  09m13.0s/11m10.0s

running (09m14.0s), 184/184 VUs, 6734 complete and 0 interrupted iterations
default   [  83% ] 184/184 VUs  09m14.0s/11m10.0s

running (09m15.0s), 184/184 VUs, 6734 complete and 0 interrupted iterations
default   [  83% ] 184/184 VUs  09m15.0s/11m10.0s

running (09m16.0s), 184/184 VUs, 6734 complete and 0 interrupted iterations
default   [  83% ] 184/184 VUs  09m16.0s/11m10.0s

running (09m17.0s), 184/184 VUs, 6734 complete and 0 interrupted iterations
default   [  83% ] 184/184 VUs  09m17.0s/11m10.0s

running (09m18.0s), 184/184 VUs, 6734 complete and 0 interrupted iterations
default   [  83% ] 184/184 VUs  09m18.0s/11m10.0s

running (09m19.0s), 184/184 VUs, 6734 complete and 0 interrupted iterations
default   [  83% ] 184/184 VUs  09m19.0s/11m10.0s

running (09m20.0s), 184/184 VUs, 6734 complete and 0 interrupted iterations
default   [  84% ] 184/184 VUs  09m20.0s/11m10.0s

running (09m21.0s), 184/184 VUs, 6734 complete and 0 interrupted iterations
default   [  84% ] 184/184 VUs  09m21.0s/11m10.0s

running (09m22.0s), 184/184 VUs, 6734 complete and 0 interrupted iterations
default   [  84% ] 184/184 VUs  09m22.0s/11m10.0s

running (09m23.0s), 184/184 VUs, 6734 complete and 0 interrupted iterations
default   [  84% ] 184/184 VUs  09m23.0s/11m10.0s

running (09m24.0s), 184/184 VUs, 6734 complete and 0 interrupted iterations
default   [  84% ] 184/184 VUs  09m24.0s/11m10.0s

running (09m25.0s), 184/184 VUs, 6734 complete and 0 interrupted iterations
default   [  84% ] 184/184 VUs  09m25.0s/11m10.0s

running (09m26.0s), 184/184 VUs, 6734 complete and 0 interrupted iterations
default   [  84% ] 184/184 VUs  09m26.0s/11m10.0s

running (09m27.0s), 184/184 VUs, 6734 complete and 0 interrupted iterations
default   [  85% ] 184/184 VUs  09m27.0s/11m10.0s

running (09m28.0s), 184/184 VUs, 6734 complete and 0 interrupted iterations
default   [  85% ] 184/184 VUs  09m28.0s/11m10.0s

running (09m29.0s), 184/184 VUs, 6734 complete and 0 interrupted iterations
default   [  85% ] 184/184 VUs  09m29.0s/11m10.0s

running (09m30.0s), 184/184 VUs, 6734 complete and 0 interrupted iterations
default   [  85% ] 184/184 VUs  09m30.0s/11m10.0s

running (09m31.0s), 184/184 VUs, 6734 complete and 0 interrupted iterations
default   [  85% ] 184/184 VUs  09m31.0s/11m10.0s

running (09m32.0s), 184/184 VUs, 6734 complete and 0 interrupted iterations
default   [  85% ] 184/184 VUs  09m32.0s/11m10.0s

running (09m33.0s), 184/184 VUs, 6734 complete and 0 interrupted iterations
default   [  86% ] 184/184 VUs  09m33.0s/11m10.0s

running (09m34.0s), 184/184 VUs, 6734 complete and 0 interrupted iterations
default   [  86% ] 184/184 VUs  09m34.0s/11m10.0s

running (09m35.0s), 184/184 VUs, 6734 complete and 0 interrupted iterations
default   [  86% ] 184/184 VUs  09m35.0s/11m10.0s

running (09m36.0s), 184/184 VUs, 6734 complete and 0 interrupted iterations
default   [  86% ] 184/184 VUs  09m36.0s/11m10.0s

running (09m37.0s), 184/184 VUs, 6734 complete and 0 interrupted iterations
default   [  86% ] 184/184 VUs  09m37.0s/11m10.0s

running (09m38.0s), 184/184 VUs, 6734 complete and 0 interrupted iterations
default   [  86% ] 184/184 VUs  09m38.0s/11m10.0s

running (09m39.0s), 184/184 VUs, 6734 complete and 0 interrupted iterations
default   [  86% ] 184/184 VUs  09m39.0s/11m10.0s

running (09m40.0s), 184/184 VUs, 6734 complete and 0 interrupted iterations
default   [  87% ] 184/184 VUs  09m40.0s/11m10.0s

running (09m41.0s), 184/184 VUs, 6734 complete and 0 interrupted iterations
default   [  87% ] 184/184 VUs  09m41.0s/11m10.0s

running (09m42.0s), 184/184 VUs, 6734 complete and 0 interrupted iterations
default   [  87% ] 184/184 VUs  09m42.0s/11m10.0s

running (09m43.0s), 184/184 VUs, 6734 complete and 0 interrupted iterations
default   [  87% ] 184/184 VUs  09m43.0s/11m10.0s

running (09m44.0s), 184/184 VUs, 6734 complete and 0 interrupted iterations
default   [  87% ] 184/184 VUs  09m44.0s/11m10.0s

running (09m45.0s), 184/184 VUs, 6734 complete and 0 interrupted iterations
default   [  87% ] 184/184 VUs  09m45.0s/11m10.0s

running (09m46.0s), 184/184 VUs, 6734 complete and 0 interrupted iterations
default   [  87% ] 184/184 VUs  09m46.0s/11m10.0s

running (09m47.0s), 184/184 VUs, 6734 complete and 0 interrupted iterations
default   [  88% ] 184/184 VUs  09m47.0s/11m10.0s

running (09m48.0s), 184/184 VUs, 6734 complete and 0 interrupted iterations
default   [  88% ] 184/184 VUs  09m48.0s/11m10.0s

running (09m49.0s), 184/184 VUs, 6734 complete and 0 interrupted iterations
default   [  88% ] 184/184 VUs  09m49.0s/11m10.0s

running (09m50.0s), 184/184 VUs, 6734 complete and 0 interrupted iterations
default   [  88% ] 184/184 VUs  09m50.0s/11m10.0s

running (09m51.0s), 184/184 VUs, 6734 complete and 0 interrupted iterations
default   [  88% ] 184/184 VUs  09m51.0s/11m10.0s

running (09m52.0s), 184/184 VUs, 6734 complete and 0 interrupted iterations
default   [  88% ] 184/184 VUs  09m52.0s/11m10.0s

running (09m53.0s), 184/184 VUs, 6734 complete and 0 interrupted iterations
default   [  89% ] 184/184 VUs  09m53.0s/11m10.0s

running (09m54.0s), 184/184 VUs, 6734 complete and 0 interrupted iterations
default   [  89% ] 184/184 VUs  09m54.0s/11m10.0s

running (09m55.0s), 184/184 VUs, 6734 complete and 0 interrupted iterations
default   [  89% ] 184/184 VUs  09m55.0s/11m10.0s

running (09m56.0s), 184/184 VUs, 6734 complete and 0 interrupted iterations
default   [  89% ] 184/184 VUs  09m56.0s/11m10.0s

running (09m57.0s), 184/184 VUs, 6734 complete and 0 interrupted iterations
default   [  89% ] 184/184 VUs  09m57.0s/11m10.0s

running (09m58.0s), 184/184 VUs, 6734 complete and 0 interrupted iterations
default   [  89% ] 184/184 VUs  09m58.0s/11m10.0s

running (09m59.0s), 184/184 VUs, 6734 complete and 0 interrupted iterations
default   [  89% ] 184/184 VUs  09m59.0s/11m10.0s

running (10m00.0s), 184/184 VUs, 6734 complete and 0 interrupted iterations
default   [  90% ] 184/184 VUs  10m00.0s/11m10.0s

running (10m01.0s), 184/184 VUs, 6734 complete and 0 interrupted iterations
default   [  90% ] 184/184 VUs  10m01.0s/11m10.0s

running (10m02.0s), 184/184 VUs, 6734 complete and 0 interrupted iterations
default   [  90% ] 184/184 VUs  10m02.0s/11m10.0s

running (10m03.0s), 184/184 VUs, 6734 complete and 0 interrupted iterations
default   [  90% ] 184/184 VUs  10m03.0s/11m10.0s

running (10m04.0s), 184/184 VUs, 6734 complete and 0 interrupted iterations
default   [  90% ] 184/184 VUs  10m04.0s/11m10.0s

running (10m05.0s), 184/184 VUs, 6734 complete and 0 interrupted iterations
default   [  90% ] 184/184 VUs  10m05.0s/11m10.0s

running (10m06.0s), 184/184 VUs, 6734 complete and 0 interrupted iterations
default   [  90% ] 184/184 VUs  10m06.0s/11m10.0s

running (10m07.0s), 184/184 VUs, 6734 complete and 0 interrupted iterations
default   [  91% ] 184/184 VUs  10m07.0s/11m10.0s

running (10m08.0s), 184/184 VUs, 6734 complete and 0 interrupted iterations
default   [  91% ] 184/184 VUs  10m08.0s/11m10.0s

running (10m09.0s), 184/184 VUs, 6734 complete and 0 interrupted iterations
default   [  91% ] 184/184 VUs  10m09.0s/11m10.0s

running (10m10.0s), 184/184 VUs, 6786 complete and 0 interrupted iterations
default   [  91% ] 184/184 VUs  10m10.0s/11m10.0s

running (10m11.0s), 184/184 VUs, 6918 complete and 0 interrupted iterations
default   [  91% ] 184/184 VUs  10m11.0s/11m10.0s

running (10m12.0s), 184/184 VUs, 6918 complete and 0 interrupted iterations
default   [  91% ] 184/184 VUs  10m12.0s/11m10.0s

running (10m13.0s), 184/184 VUs, 6918 complete and 0 interrupted iterations
default   [  91% ] 184/184 VUs  10m13.0s/11m10.0s

running (10m14.0s), 184/184 VUs, 6918 complete and 0 interrupted iterations
default   [  92% ] 184/184 VUs  10m14.0s/11m10.0s

running (10m15.0s), 184/184 VUs, 6918 complete and 0 interrupted iterations
default   [  92% ] 184/184 VUs  10m15.0s/11m10.0s

running (10m16.0s), 184/184 VUs, 6918 complete and 0 interrupted iterations
default   [  92% ] 184/184 VUs  10m16.0s/11m10.0s

running (10m17.0s), 184/184 VUs, 6918 complete and 0 interrupted iterations
default   [  92% ] 184/184 VUs  10m17.0s/11m10.0s

running (10m18.0s), 184/184 VUs, 6918 complete and 0 interrupted iterations
default   [  92% ] 184/184 VUs  10m18.0s/11m10.0s

running (10m19.0s), 184/184 VUs, 6918 complete and 0 interrupted iterations
default   [  92% ] 184/184 VUs  10m19.0s/11m10.0s

running (10m20.0s), 184/184 VUs, 6918 complete and 0 interrupted iterations
default   [  93% ] 184/184 VUs  10m20.0s/11m10.0s

running (10m21.0s), 184/184 VUs, 6918 complete and 0 interrupted iterations
default   [  93% ] 184/184 VUs  10m21.0s/11m10.0s

running (10m22.0s), 184/184 VUs, 6918 complete and 0 interrupted iterations
default   [  93% ] 184/184 VUs  10m22.0s/11m10.0s

running (10m23.0s), 184/184 VUs, 6918 complete and 0 interrupted iterations
default   [  93% ] 184/184 VUs  10m23.0s/11m10.0s

running (10m24.0s), 184/184 VUs, 6918 complete and 0 interrupted iterations
default   [  93% ] 184/184 VUs  10m24.0s/11m10.0s

running (10m25.0s), 184/184 VUs, 6918 complete and 0 interrupted iterations
default   [  93% ] 184/184 VUs  10m25.0s/11m10.0s

running (10m26.0s), 184/184 VUs, 6918 complete and 0 interrupted iterations
default   [  93% ] 184/184 VUs  10m26.0s/11m10.0s

running (10m27.0s), 184/184 VUs, 6918 complete and 0 interrupted iterations
default   [  94% ] 184/184 VUs  10m27.0s/11m10.0s

running (10m28.0s), 184/184 VUs, 6918 complete and 0 interrupted iterations
default   [  94% ] 184/184 VUs  10m28.0s/11m10.0s

running (10m29.0s), 184/184 VUs, 6918 complete and 0 interrupted iterations
default   [  94% ] 184/184 VUs  10m29.0s/11m10.0s

running (10m30.0s), 184/184 VUs, 6918 complete and 0 interrupted iterations
default   [  94% ] 184/184 VUs  10m30.0s/11m10.0s

running (10m31.0s), 184/184 VUs, 6918 complete and 0 interrupted iterations
default   [  94% ] 184/184 VUs  10m31.0s/11m10.0s

running (10m32.0s), 184/184 VUs, 6918 complete and 0 interrupted iterations
default   [  94% ] 184/184 VUs  10m32.0s/11m10.0s

running (10m33.0s), 184/184 VUs, 6989 complete and 0 interrupted iterations
default   [  94% ] 184/184 VUs  10m33.0s/11m10.0s

running (10m34.0s), 184/184 VUs, 6989 complete and 0 interrupted iterations
default   [  95% ] 184/184 VUs  10m34.0s/11m10.0s

running (10m35.0s), 184/184 VUs, 6989 complete and 0 interrupted iterations
default   [  95% ] 184/184 VUs  10m35.0s/11m10.0s

running (10m36.0s), 184/184 VUs, 6989 complete and 0 interrupted iterations
default   [  95% ] 184/184 VUs  10m36.0s/11m10.0s

running (10m37.0s), 184/184 VUs, 6989 complete and 0 interrupted iterations
default   [  95% ] 184/184 VUs  10m37.0s/11m10.0s

running (10m38.0s), 184/184 VUs, 6989 complete and 0 interrupted iterations
default   [  95% ] 184/184 VUs  10m38.0s/11m10.0s

running (10m39.0s), 184/184 VUs, 6989 complete and 0 interrupted iterations
default   [  95% ] 184/184 VUs  10m39.0s/11m10.0s

running (10m40.0s), 184/184 VUs, 6989 complete and 0 interrupted iterations
default   [  96% ] 184/184 VUs  10m40.0s/11m10.0s

running (10m41.0s), 184/184 VUs, 6989 complete and 0 interrupted iterations
default   [  96% ] 184/184 VUs  10m41.0s/11m10.0s

running (10m42.0s), 184/184 VUs, 6989 complete and 0 interrupted iterations
default   [  96% ] 184/184 VUs  10m42.0s/11m10.0s

running (10m43.0s), 184/184 VUs, 6989 complete and 0 interrupted iterations
default   [  96% ] 184/184 VUs  10m43.0s/11m10.0s

running (10m44.0s), 184/184 VUs, 6989 complete and 0 interrupted iterations
default   [  96% ] 184/184 VUs  10m44.0s/11m10.0s

running (10m45.0s), 184/184 VUs, 6989 complete and 0 interrupted iterations
default   [  96% ] 184/184 VUs  10m45.0s/11m10.0s

running (10m46.0s), 184/184 VUs, 6989 complete and 0 interrupted iterations
default   [  96% ] 184/184 VUs  10m46.0s/11m10.0s

running (10m47.0s), 184/184 VUs, 6989 complete and 0 interrupted iterations
default   [  97% ] 184/184 VUs  10m47.0s/11m10.0s

running (10m48.0s), 184/184 VUs, 6989 complete and 0 interrupted iterations
default   [  97% ] 184/184 VUs  10m48.0s/11m10.0s

running (10m49.0s), 184/184 VUs, 6989 complete and 0 interrupted iterations
default   [  97% ] 184/184 VUs  10m49.0s/11m10.0s

running (10m50.0s), 184/184 VUs, 6989 complete and 0 interrupted iterations
default   [  97% ] 184/184 VUs  10m50.0s/11m10.0s

running (10m51.0s), 184/184 VUs, 6989 complete and 0 interrupted iterations
default   [  97% ] 184/184 VUs  10m51.0s/11m10.0s

running (10m52.0s), 184/184 VUs, 6989 complete and 0 interrupted iterations
default   [  97% ] 184/184 VUs  10m52.0s/11m10.0s

running (10m53.0s), 184/184 VUs, 6989 complete and 0 interrupted iterations
default   [  97% ] 184/184 VUs  10m53.0s/11m10.0s

running (10m54.0s), 184/184 VUs, 6989 complete and 0 interrupted iterations
default   [  98% ] 184/184 VUs  10m54.0s/11m10.0s

running (10m55.0s), 184/184 VUs, 6989 complete and 0 interrupted iterations
default   [  98% ] 184/184 VUs  10m55.0s/11m10.0s

running (10m56.0s), 184/184 VUs, 6989 complete and 0 interrupted iterations
default   [  98% ] 184/184 VUs  10m56.0s/11m10.0s

running (10m57.0s), 184/184 VUs, 6989 complete and 0 interrupted iterations
default   [  98% ] 184/184 VUs  10m57.0s/11m10.0s

running (10m58.0s), 184/184 VUs, 6989 complete and 0 interrupted iterations
default   [  98% ] 184/184 VUs  10m58.0s/11m10.0s

running (10m59.0s), 184/184 VUs, 6989 complete and 0 interrupted iterations
default   [  98% ] 184/184 VUs  10m59.0s/11m10.0s

running (11m00.0s), 184/184 VUs, 6989 complete and 0 interrupted iterations
default   [  99% ] 184/184 VUs  11m00.0s/11m10.0s

running (11m01.0s), 184/184 VUs, 6989 complete and 0 interrupted iterations
default   [  99% ] 184/184 VUs  11m01.0s/11m10.0s

running (11m02.0s), 184/184 VUs, 6989 complete and 0 interrupted iterations
default   [  99% ] 184/184 VUs  11m02.0s/11m10.0s

running (11m03.0s), 184/184 VUs, 6989 complete and 0 interrupted iterations
default   [  99% ] 184/184 VUs  11m03.0s/11m10.0s

running (11m04.0s), 184/184 VUs, 6989 complete and 0 interrupted iterations
default   [  99% ] 184/184 VUs  11m04.0s/11m10.0s

running (11m05.0s), 184/184 VUs, 6989 complete and 0 interrupted iterations
default   [  99% ] 184/184 VUs  11m05.0s/11m10.0s

running (11m06.0s), 184/184 VUs, 6989 complete and 0 interrupted iterations
default   [  99% ] 184/184 VUs  11m06.0s/11m10.0s

running (11m07.0s), 184/184 VUs, 6989 complete and 0 interrupted iterations
default   [ 100% ] 184/184 VUs  11m07.0s/11m10.0s

running (11m08.0s), 184/184 VUs, 6989 complete and 0 interrupted iterations
default   [ 100% ] 184/184 VUs  11m08.0s/11m10.0s

running (11m09.0s), 184/184 VUs, 6989 complete and 0 interrupted iterations
default   [ 100% ] 184/184 VUs  11m09.0s/11m10.0s

running (11m10.0s), 142/184 VUs, 7031 complete and 0 interrupted iterations
default   [ 100% ] 142/184 VUs  11m10.0s/11m10.0s

running (11m11.0s), 071/184 VUs, 7102 complete and 0 interrupted iterations
default ↓ [ 100% ] 142/184 VUs  11m10s

running (11m12.0s), 071/184 VUs, 7102 complete and 0 interrupted iterations
default ↓ [ 100% ] 142/184 VUs  11m10s

running (11m13.0s), 071/184 VUs, 7102 complete and 0 interrupted iterations
default ↓ [ 100% ] 142/184 VUs  11m10s

running (11m14.0s), 071/184 VUs, 7102 complete and 0 interrupted iterations
default ↓ [ 100% ] 142/184 VUs  11m10s

running (11m15.0s), 071/184 VUs, 7102 complete and 0 interrupted iterations
default ↓ [ 100% ] 142/184 VUs  11m10s

running (11m16.0s), 071/184 VUs, 7102 complete and 0 interrupted iterations
default ↓ [ 100% ] 142/184 VUs  11m10s

running (11m17.0s), 071/184 VUs, 7102 complete and 0 interrupted iterations
default ↓ [ 100% ] 142/184 VUs  11m10s

running (11m18.0s), 071/184 VUs, 7102 complete and 0 interrupted iterations
default ↓ [ 100% ] 142/184 VUs  11m10s

running (11m19.0s), 071/184 VUs, 7102 complete and 0 interrupted iterations
default ↓ [ 100% ] 142/184 VUs  11m10s

running (11m20.0s), 071/184 VUs, 7102 complete and 0 interrupted iterations
default ↓ [ 100% ] 142/184 VUs  11m10s

running (11m21.0s), 071/184 VUs, 7102 complete and 0 interrupted iterations
default ↓ [ 100% ] 142/184 VUs  11m10s

running (11m22.0s), 071/184 VUs, 7102 complete and 0 interrupted iterations
default ↓ [ 100% ] 142/184 VUs  11m10s

running (11m23.0s), 071/184 VUs, 7102 complete and 0 interrupted iterations
default ↓ [ 100% ] 142/184 VUs  11m10s

running (11m24.0s), 071/184 VUs, 7102 complete and 0 interrupted iterations
default ↓ [ 100% ] 142/184 VUs  11m10s

running (11m25.0s), 071/184 VUs, 7102 complete and 0 interrupted iterations
default ↓ [ 100% ] 142/184 VUs  11m10s

running (11m26.0s), 071/184 VUs, 7102 complete and 0 interrupted iterations
default ↓ [ 100% ] 142/184 VUs  11m10s

running (11m27.0s), 071/184 VUs, 7102 complete and 0 interrupted iterations
default ↓ [ 100% ] 142/184 VUs  11m10s

running (11m28.0s), 071/184 VUs, 7102 complete and 0 interrupted iterations
default ↓ [ 100% ] 142/184 VUs  11m10s

running (11m29.0s), 071/184 VUs, 7102 complete and 0 interrupted iterations
default ↓ [ 100% ] 142/184 VUs  11m10s

running (11m30.0s), 071/184 VUs, 7102 complete and 0 interrupted iterations
default ↓ [ 100% ] 142/184 VUs  11m10s

running (11m31.0s), 070/184 VUs, 7102 complete and 1 interrupted iterations
default ↓ [ 100% ] 142/184 VUs  11m10s

running (11m32.0s), 057/184 VUs, 7102 complete and 14 interrupted iterations
default ↓ [ 100% ] 142/184 VUs  11m10s

running (11m32.7s), 000/184 VUs, 7159 complete and 14 interrupted iterations
default ✓ [ 100% ] 000/184 VUs  11m10s

     ✗ response ok
      ↳  99% — ✓ 5262 / ✗ 11

     checks.........................: 99.79% ✓ 5262  ✗ 11   
     data_received..................: 3.8 MB 5.5 kB/s
     data_sent......................: 2.3 MB 3.3 kB/s
     http_req_blocked...............: avg=382.67µs min=0s     med=0s      max=220.42ms p(90)=1µs      p(95)=1µs   
     http_req_connecting............: avg=85.52µs  min=0s     med=0s      max=59.59ms  p(90)=0s       p(95)=0s    
   ✗ http_req_duration..............: avg=9.11s    min=7.27ms med=18.08ms max=1m0s     p(90)=1m0s     p(95)=1m0s  
       { expected_response:true }...: avg=202.64ms min=7.27ms med=14.26ms max=3.57s    p(90)=227.19ms p(95)=2.15s 
     http_req_failed................: 15.25% ✓ 1897  ✗ 10535
     http_req_receiving.............: avg=454.6µs  min=0s     med=79µs    max=130.43ms p(90)=525.89µs p(95)=1.17ms
     http_req_sending...............: avg=108.11µs min=24µs   med=84µs    max=17.36ms  p(90)=187µs    p(95)=234µs 
     http_req_tls_handshaking.......: avg=293.66µs min=0s     med=0s      max=206.53ms p(90)=0s       p(95)=0s    
     http_req_waiting...............: avg=9.1s     min=0s     med=17.75ms max=1m0s     p(90)=1m0s     p(95)=1m0s  
     http_reqs......................: 12432  17.946337/s
     iteration_duration.............: avg=16.56s   min=1.01s  med=1.06s   max=1m1s     p(90)=1m0s     p(95)=1m0s  
     iterations.....................: 7159   10.334445/s
     vus............................: 57     min=4   max=184
     vus_max........................: 184    min=184 max=184

