
          /\      |‾‾| /‾‾/   /‾‾/   
     /\  /  \     |  |/  /   /  /    
    /  \/    \    |     (   /   ‾‾\  
   /          \   |  |\  \ |  (‾)  | 
  / __________ \  |__| \__\ \_____/ .io

  execution: local
     script: monitoring/frequent/favorite/favorite_load.js
     output: -

  scenarios: (100.00%) 1 scenario, 184 max VUs, 6m40s max duration (incl. graceful stop):
           * default: Up to 184 looping VUs for 6m10s over 5 stages (gracefulRampDown: 30s, gracefulStop: 30s)


running (0m01.0s), 001/184 VUs, 0 complete and 0 interrupted iterations
default   [   0% ] 001/184 VUs  0m01.0s/6m10.0s

running (0m02.0s), 002/184 VUs, 0 complete and 0 interrupted iterations
default   [   1% ] 002/184 VUs  0m02.0s/6m10.0s

running (0m03.0s), 003/184 VUs, 0 complete and 0 interrupted iterations
default   [   1% ] 003/184 VUs  0m03.0s/6m10.0s

running (0m04.0s), 003/184 VUs, 0 complete and 0 interrupted iterations
default   [   1% ] 003/184 VUs  0m04.0s/6m10.0s

running (0m05.0s), 004/184 VUs, 0 complete and 0 interrupted iterations
default   [   1% ] 004/184 VUs  0m05.0s/6m10.0s

running (0m06.0s), 005/184 VUs, 0 complete and 0 interrupted iterations
default   [   2% ] 005/184 VUs  0m06.0s/6m10.0s

running (0m07.0s), 006/184 VUs, 0 complete and 0 interrupted iterations
default   [   2% ] 006/184 VUs  0m07.0s/6m10.0s

running (0m08.0s), 006/184 VUs, 0 complete and 0 interrupted iterations
default   [   2% ] 006/184 VUs  0m08.0s/6m10.0s

running (0m09.0s), 007/184 VUs, 0 complete and 0 interrupted iterations
default   [   2% ] 007/184 VUs  0m09.0s/6m10.0s

running (0m10.0s), 008/184 VUs, 0 complete and 0 interrupted iterations
default   [   3% ] 008/184 VUs  0m10.0s/6m10.0s

running (0m11.0s), 008/184 VUs, 0 complete and 0 interrupted iterations
default   [   3% ] 008/184 VUs  0m11.0s/6m10.0s

running (0m12.0s), 009/184 VUs, 0 complete and 0 interrupted iterations
default   [   3% ] 009/184 VUs  0m12.0s/6m10.0s

running (0m13.0s), 010/184 VUs, 0 complete and 0 interrupted iterations
default   [   4% ] 010/184 VUs  0m13.0s/6m10.0s

running (0m14.0s), 011/184 VUs, 0 complete and 0 interrupted iterations
default   [   4% ] 011/184 VUs  0m14.0s/6m10.0s

running (0m15.0s), 011/184 VUs, 0 complete and 0 interrupted iterations
default   [   4% ] 011/184 VUs  0m15.0s/6m10.0s

running (0m16.0s), 012/184 VUs, 0 complete and 0 interrupted iterations
default   [   4% ] 012/184 VUs  0m16.0s/6m10.0s

running (0m17.0s), 013/184 VUs, 0 complete and 0 interrupted iterations
default   [   5% ] 013/184 VUs  0m17.0s/6m10.0s

running (0m18.0s), 013/184 VUs, 0 complete and 0 interrupted iterations
default   [   5% ] 013/184 VUs  0m18.0s/6m10.0s

running (0m19.0s), 014/184 VUs, 0 complete and 0 interrupted iterations
default   [   5% ] 014/184 VUs  0m19.0s/6m10.0s

running (0m20.0s), 015/184 VUs, 0 complete and 0 interrupted iterations
default   [   5% ] 015/184 VUs  0m20.0s/6m10.0s

running (0m21.0s), 016/184 VUs, 0 complete and 0 interrupted iterations
default   [   6% ] 016/184 VUs  0m21.0s/6m10.0s

running (0m22.0s), 016/184 VUs, 0 complete and 0 interrupted iterations
default   [   6% ] 016/184 VUs  0m22.0s/6m10.0s

running (0m23.0s), 017/184 VUs, 0 complete and 0 interrupted iterations
default   [   6% ] 017/184 VUs  0m23.0s/6m10.0s

running (0m24.0s), 018/184 VUs, 0 complete and 0 interrupted iterations
default   [   6% ] 018/184 VUs  0m24.0s/6m10.0s

running (0m25.0s), 018/184 VUs, 0 complete and 0 interrupted iterations
default   [   7% ] 018/184 VUs  0m25.0s/6m10.0s

running (0m26.0s), 019/184 VUs, 0 complete and 0 interrupted iterations
default   [   7% ] 019/184 VUs  0m26.0s/6m10.0s

running (0m27.0s), 020/184 VUs, 0 complete and 0 interrupted iterations
default   [   7% ] 020/184 VUs  0m27.0s/6m10.0s

running (0m28.0s), 021/184 VUs, 0 complete and 0 interrupted iterations
default   [   8% ] 021/184 VUs  0m28.0s/6m10.0s

running (0m29.0s), 021/184 VUs, 0 complete and 0 interrupted iterations
default   [   8% ] 021/184 VUs  0m29.0s/6m10.0s

running (0m30.0s), 022/184 VUs, 0 complete and 0 interrupted iterations
default   [   8% ] 022/184 VUs  0m30.0s/6m10.0s

running (0m31.0s), 023/184 VUs, 0 complete and 0 interrupted iterations
default   [   8% ] 023/184 VUs  0m31.0s/6m10.0s

running (0m32.0s), 023/184 VUs, 0 complete and 0 interrupted iterations
default   [   9% ] 023/184 VUs  0m32.0s/6m10.0s

running (0m33.0s), 024/184 VUs, 0 complete and 0 interrupted iterations
default   [   9% ] 024/184 VUs  0m33.0s/6m10.0s

running (0m34.0s), 025/184 VUs, 0 complete and 0 interrupted iterations
default   [   9% ] 025/184 VUs  0m34.0s/6m10.0s

running (0m35.0s), 026/184 VUs, 0 complete and 0 interrupted iterations
default   [   9% ] 026/184 VUs  0m35.0s/6m10.0s

running (0m36.0s), 026/184 VUs, 0 complete and 0 interrupted iterations
default   [  10% ] 026/184 VUs  0m36.0s/6m10.0s

running (0m37.0s), 027/184 VUs, 0 complete and 0 interrupted iterations
default   [  10% ] 027/184 VUs  0m37.0s/6m10.0s

running (0m38.0s), 028/184 VUs, 0 complete and 0 interrupted iterations
default   [  10% ] 028/184 VUs  0m38.0s/6m10.0s

running (0m39.0s), 028/184 VUs, 0 complete and 0 interrupted iterations
default   [  11% ] 028/184 VUs  0m39.0s/6m10.0s

running (0m40.0s), 029/184 VUs, 0 complete and 0 interrupted iterations
default   [  11% ] 029/184 VUs  0m40.0s/6m10.0s

running (0m41.0s), 030/184 VUs, 0 complete and 0 interrupted iterations
default   [  11% ] 030/184 VUs  0m41.0s/6m10.0s

running (0m42.0s), 031/184 VUs, 0 complete and 0 interrupted iterations
default   [  11% ] 031/184 VUs  0m42.0s/6m10.0s

running (0m43.0s), 031/184 VUs, 0 complete and 0 interrupted iterations
default   [  12% ] 031/184 VUs  0m43.0s/6m10.0s

running (0m44.0s), 032/184 VUs, 0 complete and 0 interrupted iterations
default   [  12% ] 032/184 VUs  0m44.0s/6m10.0s

running (0m45.0s), 033/184 VUs, 0 complete and 0 interrupted iterations
default   [  12% ] 033/184 VUs  0m45.0s/6m10.0s

running (0m46.0s), 033/184 VUs, 0 complete and 0 interrupted iterations
default   [  12% ] 033/184 VUs  0m46.0s/6m10.0s

running (0m47.0s), 034/184 VUs, 0 complete and 0 interrupted iterations
default   [  13% ] 034/184 VUs  0m47.0s/6m10.0s

running (0m48.0s), 035/184 VUs, 0 complete and 0 interrupted iterations
default   [  13% ] 035/184 VUs  0m48.0s/6m10.0s

running (0m49.0s), 036/184 VUs, 0 complete and 0 interrupted iterations
default   [  13% ] 036/184 VUs  0m49.0s/6m10.0s

running (0m50.0s), 036/184 VUs, 0 complete and 0 interrupted iterations
default   [  14% ] 036/184 VUs  0m50.0s/6m10.0s

running (0m51.0s), 037/184 VUs, 0 complete and 0 interrupted iterations
default   [  14% ] 037/184 VUs  0m51.0s/6m10.0s

running (0m52.0s), 038/184 VUs, 0 complete and 0 interrupted iterations
default   [  14% ] 038/184 VUs  0m52.0s/6m10.0s

running (0m53.0s), 038/184 VUs, 0 complete and 0 interrupted iterations
default   [  14% ] 038/184 VUs  0m53.0s/6m10.0s

running (0m54.0s), 039/184 VUs, 0 complete and 0 interrupted iterations
default   [  15% ] 039/184 VUs  0m54.0s/6m10.0s

running (0m55.0s), 040/184 VUs, 0 complete and 0 interrupted iterations
default   [  15% ] 040/184 VUs  0m55.0s/6m10.0s

running (0m56.0s), 041/184 VUs, 0 complete and 0 interrupted iterations
default   [  15% ] 041/184 VUs  0m56.0s/6m10.0s

running (0m57.0s), 041/184 VUs, 0 complete and 0 interrupted iterations
default   [  15% ] 041/184 VUs  0m57.0s/6m10.0s

running (0m58.0s), 042/184 VUs, 0 complete and 0 interrupted iterations
default   [  16% ] 042/184 VUs  0m58.0s/6m10.0s

running (0m59.0s), 043/184 VUs, 0 complete and 0 interrupted iterations
default   [  16% ] 043/184 VUs  0m59.0s/6m10.0s

running (1m00.0s), 043/184 VUs, 0 complete and 0 interrupted iterations
default   [  16% ] 043/184 VUs  1m00.0s/6m10.0s

running (1m01.0s), 044/184 VUs, 1 complete and 0 interrupted iterations
default   [  16% ] 044/184 VUs  1m01.0s/6m10.0s

running (1m02.0s), 044/184 VUs, 2 complete and 0 interrupted iterations
default   [  17% ] 044/184 VUs  1m02.0s/6m10.0s

running (1m03.0s), 044/184 VUs, 3 complete and 0 interrupted iterations
default   [  17% ] 044/184 VUs  1m03.0s/6m10.0s

running (1m04.0s), 044/184 VUs, 3 complete and 0 interrupted iterations
default   [  17% ] 044/184 VUs  1m04.0s/6m10.0s

running (1m05.0s), 044/184 VUs, 4 complete and 0 interrupted iterations
default   [  18% ] 044/184 VUs  1m05.0s/6m10.0s

running (1m06.0s), 044/184 VUs, 5 complete and 0 interrupted iterations
default   [  18% ] 044/184 VUs  1m06.0s/6m10.0s

running (1m07.0s), 044/184 VUs, 6 complete and 0 interrupted iterations
default   [  18% ] 044/184 VUs  1m07.0s/6m10.0s

running (1m08.0s), 044/184 VUs, 6 complete and 0 interrupted iterations
default   [  18% ] 044/184 VUs  1m08.0s/6m10.0s

running (1m09.0s), 044/184 VUs, 7 complete and 0 interrupted iterations
default   [  19% ] 044/184 VUs  1m09.0s/6m10.0s

running (1m10.0s), 044/184 VUs, 8 complete and 0 interrupted iterations
default   [  19% ] 044/184 VUs  1m10.0s/6m10.0s

running (1m11.0s), 044/184 VUs, 8 complete and 0 interrupted iterations
default   [  19% ] 044/184 VUs  1m11.0s/6m10.0s

running (1m12.0s), 044/184 VUs, 9 complete and 0 interrupted iterations
default   [  19% ] 044/184 VUs  1m12.0s/6m10.0s

running (1m13.0s), 044/184 VUs, 10 complete and 0 interrupted iterations
default   [  20% ] 044/184 VUs  1m13.0s/6m10.0s

running (1m14.0s), 044/184 VUs, 11 complete and 0 interrupted iterations
default   [  20% ] 044/184 VUs  1m14.0s/6m10.0s

running (1m15.0s), 044/184 VUs, 11 complete and 0 interrupted iterations
default   [  20% ] 044/184 VUs  1m15.0s/6m10.0s

running (1m16.0s), 044/184 VUs, 12 complete and 0 interrupted iterations
default   [  21% ] 044/184 VUs  1m16.0s/6m10.0s

running (1m17.0s), 044/184 VUs, 13 complete and 0 interrupted iterations
default   [  21% ] 044/184 VUs  1m17.0s/6m10.0s

running (1m18.0s), 044/184 VUs, 13 complete and 0 interrupted iterations
default   [  21% ] 044/184 VUs  1m18.0s/6m10.0s

running (1m19.0s), 044/184 VUs, 14 complete and 0 interrupted iterations
default   [  21% ] 044/184 VUs  1m19.0s/6m10.0s

running (1m20.0s), 044/184 VUs, 15 complete and 0 interrupted iterations
default   [  22% ] 044/184 VUs  1m20.0s/6m10.0s

running (1m21.0s), 044/184 VUs, 16 complete and 0 interrupted iterations
default   [  22% ] 044/184 VUs  1m21.0s/6m10.0s

running (1m22.0s), 044/184 VUs, 16 complete and 0 interrupted iterations
default   [  22% ] 044/184 VUs  1m22.0s/6m10.0s

running (1m23.0s), 044/184 VUs, 17 complete and 0 interrupted iterations
default   [  22% ] 044/184 VUs  1m23.0s/6m10.0s

running (1m24.0s), 044/184 VUs, 18 complete and 0 interrupted iterations
default   [  23% ] 044/184 VUs  1m24.0s/6m10.0s

running (1m25.0s), 044/184 VUs, 18 complete and 0 interrupted iterations
default   [  23% ] 044/184 VUs  1m25.0s/6m10.0s

running (1m26.0s), 044/184 VUs, 19 complete and 0 interrupted iterations
default   [  23% ] 044/184 VUs  1m26.0s/6m10.0s

running (1m27.0s), 044/184 VUs, 20 complete and 0 interrupted iterations
default   [  24% ] 044/184 VUs  1m27.0s/6m10.0s

running (1m28.0s), 044/184 VUs, 21 complete and 0 interrupted iterations
default   [  24% ] 044/184 VUs  1m28.0s/6m10.0s

running (1m29.0s), 044/184 VUs, 21 complete and 0 interrupted iterations
default   [  24% ] 044/184 VUs  1m29.0s/6m10.0s

running (1m30.0s), 044/184 VUs, 22 complete and 0 interrupted iterations
default   [  24% ] 044/184 VUs  1m30.0s/6m10.0s

running (1m31.0s), 044/184 VUs, 23 complete and 0 interrupted iterations
default   [  25% ] 044/184 VUs  1m31.0s/6m10.0s

running (1m32.0s), 044/184 VUs, 23 complete and 0 interrupted iterations
default   [  25% ] 044/184 VUs  1m32.0s/6m10.0s

running (1m33.0s), 044/184 VUs, 24 complete and 0 interrupted iterations
default   [  25% ] 044/184 VUs  1m33.0s/6m10.0s

running (1m34.0s), 044/184 VUs, 25 complete and 0 interrupted iterations
default   [  25% ] 044/184 VUs  1m34.0s/6m10.0s

running (1m35.0s), 044/184 VUs, 26 complete and 0 interrupted iterations
default   [  26% ] 044/184 VUs  1m35.0s/6m10.0s

running (1m36.0s), 044/184 VUs, 26 complete and 0 interrupted iterations
default   [  26% ] 044/184 VUs  1m36.0s/6m10.0s

running (1m37.0s), 044/184 VUs, 27 complete and 0 interrupted iterations
default   [  26% ] 044/184 VUs  1m37.0s/6m10.0s

running (1m38.0s), 044/184 VUs, 28 complete and 0 interrupted iterations
default   [  26% ] 044/184 VUs  1m38.0s/6m10.0s

running (1m39.0s), 044/184 VUs, 28 complete and 0 interrupted iterations
default   [  27% ] 044/184 VUs  1m39.0s/6m10.0s

running (1m40.0s), 044/184 VUs, 29 complete and 0 interrupted iterations
default   [  27% ] 044/184 VUs  1m40.0s/6m10.0s

running (1m41.0s), 044/184 VUs, 30 complete and 0 interrupted iterations
default   [  27% ] 044/184 VUs  1m41.0s/6m10.0s

running (1m42.0s), 044/184 VUs, 31 complete and 0 interrupted iterations
default   [  28% ] 044/184 VUs  1m42.0s/6m10.0s

running (1m43.0s), 044/184 VUs, 31 complete and 0 interrupted iterations
default   [  28% ] 044/184 VUs  1m43.0s/6m10.0s

running (1m44.0s), 044/184 VUs, 32 complete and 0 interrupted iterations
default   [  28% ] 044/184 VUs  1m44.0s/6m10.0s

running (1m45.0s), 044/184 VUs, 33 complete and 0 interrupted iterations
default   [  28% ] 044/184 VUs  1m45.0s/6m10.0s

running (1m46.0s), 044/184 VUs, 33 complete and 0 interrupted iterations
default   [  29% ] 044/184 VUs  1m46.0s/6m10.0s

running (1m47.0s), 044/184 VUs, 34 complete and 0 interrupted iterations
default   [  29% ] 044/184 VUs  1m47.0s/6m10.0s

running (1m48.0s), 044/184 VUs, 35 complete and 0 interrupted iterations
default   [  29% ] 044/184 VUs  1m48.0s/6m10.0s

running (1m49.0s), 044/184 VUs, 36 complete and 0 interrupted iterations
default   [  29% ] 044/184 VUs  1m49.0s/6m10.0s

running (1m50.0s), 044/184 VUs, 36 complete and 0 interrupted iterations
default   [  30% ] 044/184 VUs  1m50.0s/6m10.0s

running (1m51.0s), 044/184 VUs, 37 complete and 0 interrupted iterations
default   [  30% ] 044/184 VUs  1m51.0s/6m10.0s

running (1m52.0s), 044/184 VUs, 38 complete and 0 interrupted iterations
default   [  30% ] 044/184 VUs  1m52.0s/6m10.0s

running (1m53.0s), 044/184 VUs, 38 complete and 0 interrupted iterations
default   [  31% ] 044/184 VUs  1m53.0s/6m10.0s

running (1m54.0s), 044/184 VUs, 39 complete and 0 interrupted iterations
default   [  31% ] 044/184 VUs  1m54.0s/6m10.0s

running (1m55.0s), 044/184 VUs, 40 complete and 0 interrupted iterations
default   [  31% ] 044/184 VUs  1m55.0s/6m10.0s

running (1m56.0s), 044/184 VUs, 41 complete and 0 interrupted iterations
default   [  31% ] 044/184 VUs  1m56.0s/6m10.0s

running (1m57.0s), 044/184 VUs, 41 complete and 0 interrupted iterations
default   [  32% ] 044/184 VUs  1m57.0s/6m10.0s

running (1m58.0s), 044/184 VUs, 42 complete and 0 interrupted iterations
default   [  32% ] 044/184 VUs  1m58.0s/6m10.0s

running (1m59.0s), 044/184 VUs, 43 complete and 0 interrupted iterations
default   [  32% ] 044/184 VUs  1m59.0s/6m10.0s

running (2m00.0s), 044/184 VUs, 43 complete and 0 interrupted iterations
default   [  32% ] 044/184 VUs  2m00.0s/6m10.0s

running (2m01.0s), 044/184 VUs, 45 complete and 0 interrupted iterations
default   [  33% ] 044/184 VUs  2m01.0s/6m10.0s

running (2m02.0s), 044/184 VUs, 46 complete and 0 interrupted iterations
default   [  33% ] 044/184 VUs  2m02.0s/6m10.0s

running (2m03.0s), 044/184 VUs, 47 complete and 0 interrupted iterations
default   [  33% ] 044/184 VUs  2m03.0s/6m10.0s

running (2m04.0s), 044/184 VUs, 47 complete and 0 interrupted iterations
default   [  34% ] 044/184 VUs  2m04.0s/6m10.0s

running (2m05.0s), 044/184 VUs, 48 complete and 0 interrupted iterations
default   [  34% ] 044/184 VUs  2m05.0s/6m10.0s

running (2m06.0s), 044/184 VUs, 49 complete and 0 interrupted iterations
default   [  34% ] 044/184 VUs  2m06.0s/6m10.0s

running (2m07.0s), 044/184 VUs, 50 complete and 0 interrupted iterations
default   [  34% ] 044/184 VUs  2m07.0s/6m10.0s

running (2m08.0s), 044/184 VUs, 50 complete and 0 interrupted iterations
default   [  35% ] 044/184 VUs  2m08.0s/6m10.0s

running (2m09.0s), 044/184 VUs, 51 complete and 0 interrupted iterations
default   [  35% ] 044/184 VUs  2m09.0s/6m10.0s

running (2m10.0s), 044/184 VUs, 52 complete and 0 interrupted iterations
default   [  35% ] 044/184 VUs  2m10.0s/6m10.0s

running (2m11.0s), 044/184 VUs, 52 complete and 0 interrupted iterations
default   [  35% ] 044/184 VUs  2m11.0s/6m10.0s

running (2m12.0s), 044/184 VUs, 53 complete and 0 interrupted iterations
default   [  36% ] 044/184 VUs  2m12.0s/6m10.0s

running (2m13.0s), 044/184 VUs, 54 complete and 0 interrupted iterations
default   [  36% ] 044/184 VUs  2m13.0s/6m10.0s

running (2m14.0s), 044/184 VUs, 55 complete and 0 interrupted iterations
default   [  36% ] 044/184 VUs  2m14.0s/6m10.0s

running (2m15.0s), 044/184 VUs, 55 complete and 0 interrupted iterations
default   [  36% ] 044/184 VUs  2m15.0s/6m10.0s

running (2m16.0s), 044/184 VUs, 56 complete and 0 interrupted iterations
default   [  37% ] 044/184 VUs  2m16.0s/6m10.0s

running (2m17.0s), 044/184 VUs, 57 complete and 0 interrupted iterations
default   [  37% ] 044/184 VUs  2m17.0s/6m10.0s

running (2m18.0s), 044/184 VUs, 57 complete and 0 interrupted iterations
default   [  37% ] 044/184 VUs  2m18.0s/6m10.0s

running (2m19.0s), 044/184 VUs, 58 complete and 0 interrupted iterations
default   [  38% ] 044/184 VUs  2m19.0s/6m10.0s

running (2m20.0s), 044/184 VUs, 59 complete and 0 interrupted iterations
default   [  38% ] 044/184 VUs  2m20.0s/6m10.0s

running (2m21.0s), 044/184 VUs, 60 complete and 0 interrupted iterations
default   [  38% ] 044/184 VUs  2m21.0s/6m10.0s

running (2m22.0s), 044/184 VUs, 60 complete and 0 interrupted iterations
default   [  38% ] 044/184 VUs  2m22.0s/6m10.0s

running (2m23.0s), 044/184 VUs, 61 complete and 0 interrupted iterations
default   [  39% ] 044/184 VUs  2m23.0s/6m10.0s

running (2m24.0s), 044/184 VUs, 62 complete and 0 interrupted iterations
default   [  39% ] 044/184 VUs  2m24.0s/6m10.0s

running (2m25.0s), 044/184 VUs, 62 complete and 0 interrupted iterations
default   [  39% ] 044/184 VUs  2m25.0s/6m10.0s

running (2m26.0s), 044/184 VUs, 63 complete and 0 interrupted iterations
default   [  39% ] 044/184 VUs  2m26.0s/6m10.0s

running (2m27.0s), 044/184 VUs, 64 complete and 0 interrupted iterations
default   [  40% ] 044/184 VUs  2m27.0s/6m10.0s

running (2m28.0s), 044/184 VUs, 65 complete and 0 interrupted iterations
default   [  40% ] 044/184 VUs  2m28.0s/6m10.0s

running (2m29.0s), 044/184 VUs, 65 complete and 0 interrupted iterations
default   [  40% ] 044/184 VUs  2m29.0s/6m10.0s

running (2m30.0s), 044/184 VUs, 66 complete and 0 interrupted iterations
default   [  41% ] 044/184 VUs  2m30.0s/6m10.0s

running (2m31.0s), 044/184 VUs, 67 complete and 0 interrupted iterations
default   [  41% ] 044/184 VUs  2m31.0s/6m10.0s

running (2m32.0s), 044/184 VUs, 67 complete and 0 interrupted iterations
default   [  41% ] 044/184 VUs  2m32.0s/6m10.0s

running (2m33.0s), 044/184 VUs, 68 complete and 0 interrupted iterations
default   [  41% ] 044/184 VUs  2m33.0s/6m10.0s

running (2m34.0s), 044/184 VUs, 69 complete and 0 interrupted iterations
default   [  42% ] 044/184 VUs  2m34.0s/6m10.0s

running (2m35.0s), 044/184 VUs, 70 complete and 0 interrupted iterations
default   [  42% ] 044/184 VUs  2m35.0s/6m10.0s

running (2m36.0s), 044/184 VUs, 70 complete and 0 interrupted iterations
default   [  42% ] 044/184 VUs  2m36.0s/6m10.0s

running (2m37.0s), 044/184 VUs, 71 complete and 0 interrupted iterations
default   [  42% ] 044/184 VUs  2m37.0s/6m10.0s

running (2m38.0s), 044/184 VUs, 72 complete and 0 interrupted iterations
default   [  43% ] 044/184 VUs  2m38.0s/6m10.0s

running (2m39.0s), 044/184 VUs, 72 complete and 0 interrupted iterations
default   [  43% ] 044/184 VUs  2m39.0s/6m10.0s

running (2m40.0s), 044/184 VUs, 73 complete and 0 interrupted iterations
default   [  43% ] 044/184 VUs  2m40.0s/6m10.0s

running (2m41.0s), 044/184 VUs, 74 complete and 0 interrupted iterations
default   [  44% ] 044/184 VUs  2m41.0s/6m10.0s

running (2m42.0s), 044/184 VUs, 75 complete and 0 interrupted iterations
default   [  44% ] 044/184 VUs  2m42.0s/6m10.0s

running (2m43.0s), 044/184 VUs, 75 complete and 0 interrupted iterations
default   [  44% ] 044/184 VUs  2m43.0s/6m10.0s

running (2m44.0s), 044/184 VUs, 76 complete and 0 interrupted iterations
default   [  44% ] 044/184 VUs  2m44.0s/6m10.0s

running (2m45.0s), 044/184 VUs, 77 complete and 0 interrupted iterations
default   [  45% ] 044/184 VUs  2m45.0s/6m10.0s

running (2m46.0s), 044/184 VUs, 77 complete and 0 interrupted iterations
default   [  45% ] 044/184 VUs  2m46.0s/6m10.0s

running (2m47.0s), 044/184 VUs, 78 complete and 0 interrupted iterations
default   [  45% ] 044/184 VUs  2m47.0s/6m10.0s

running (2m48.0s), 044/184 VUs, 79 complete and 0 interrupted iterations
default   [  45% ] 044/184 VUs  2m48.0s/6m10.0s

running (2m49.0s), 044/184 VUs, 80 complete and 0 interrupted iterations
default   [  46% ] 044/184 VUs  2m49.0s/6m10.0s

running (2m50.0s), 044/184 VUs, 80 complete and 0 interrupted iterations
default   [  46% ] 044/184 VUs  2m50.0s/6m10.0s

running (2m51.0s), 044/184 VUs, 81 complete and 0 interrupted iterations
default   [  46% ] 044/184 VUs  2m51.0s/6m10.0s

running (2m52.0s), 044/184 VUs, 82 complete and 0 interrupted iterations
default   [  46% ] 044/184 VUs  2m52.0s/6m10.0s

running (2m53.0s), 044/184 VUs, 82 complete and 0 interrupted iterations
default   [  47% ] 044/184 VUs  2m53.0s/6m10.0s

running (2m54.0s), 044/184 VUs, 83 complete and 0 interrupted iterations
default   [  47% ] 044/184 VUs  2m54.0s/6m10.0s

running (2m55.0s), 044/184 VUs, 84 complete and 0 interrupted iterations
default   [  47% ] 044/184 VUs  2m55.0s/6m10.0s

running (2m56.0s), 044/184 VUs, 85 complete and 0 interrupted iterations
default   [  48% ] 044/184 VUs  2m56.0s/6m10.0s

running (2m57.0s), 044/184 VUs, 85 complete and 0 interrupted iterations
default   [  48% ] 044/184 VUs  2m57.0s/6m10.0s

running (2m58.0s), 044/184 VUs, 86 complete and 0 interrupted iterations
default   [  48% ] 044/184 VUs  2m58.0s/6m10.0s

running (2m59.0s), 044/184 VUs, 87 complete and 0 interrupted iterations
default   [  48% ] 044/184 VUs  2m59.0s/6m10.0s

running (3m00.0s), 044/184 VUs, 87 complete and 0 interrupted iterations
default   [  49% ] 044/184 VUs  3m00.0s/6m10.0s

running (3m01.0s), 046/184 VUs, 89 complete and 0 interrupted iterations
default   [  49% ] 046/184 VUs  3m01.0s/6m10.0s

running (3m02.0s), 048/184 VUs, 90 complete and 0 interrupted iterations
default   [  49% ] 048/184 VUs  3m02.0s/6m10.0s

running (3m03.0s), 050/184 VUs, 91 complete and 0 interrupted iterations
default   [  49% ] 050/184 VUs  3m03.0s/6m10.0s

running (3m04.0s), 053/184 VUs, 91 complete and 0 interrupted iterations
default   [  50% ] 053/184 VUs  3m04.0s/6m10.0s

running (3m05.0s), 055/184 VUs, 92 complete and 0 interrupted iterations
default   [  50% ] 055/184 VUs  3m05.0s/6m10.0s

running (3m06.0s), 057/184 VUs, 93 complete and 0 interrupted iterations
default   [  50% ] 057/184 VUs  3m06.0s/6m10.0s

running (3m07.0s), 060/184 VUs, 93 complete and 0 interrupted iterations
default   [  51% ] 060/184 VUs  3m07.0s/6m10.0s

running (3m08.0s), 062/184 VUs, 94 complete and 0 interrupted iterations
default   [  51% ] 062/184 VUs  3m08.0s/6m10.0s

running (3m09.0s), 064/184 VUs, 95 complete and 0 interrupted iterations
default   [  51% ] 064/184 VUs  3m09.0s/6m10.0s

running (3m10.0s), 067/184 VUs, 96 complete and 0 interrupted iterations
default   [  51% ] 067/184 VUs  3m10.0s/6m10.0s

running (3m11.0s), 069/184 VUs, 96 complete and 0 interrupted iterations
default   [  52% ] 069/184 VUs  3m11.0s/6m10.0s

running (3m12.0s), 071/184 VUs, 97 complete and 0 interrupted iterations
default   [  52% ] 071/184 VUs  3m12.0s/6m10.0s

running (3m13.0s), 074/184 VUs, 98 complete and 0 interrupted iterations
default   [  52% ] 074/184 VUs  3m13.0s/6m10.0s

running (3m14.0s), 076/184 VUs, 99 complete and 0 interrupted iterations
default   [  52% ] 076/184 VUs  3m14.0s/6m10.0s

running (3m15.0s), 078/184 VUs, 99 complete and 0 interrupted iterations
default   [  53% ] 078/184 VUs  3m15.0s/6m10.0s

running (3m16.0s), 081/184 VUs, 100 complete and 0 interrupted iterations
default   [  53% ] 081/184 VUs  3m16.0s/6m10.0s

running (3m17.0s), 083/184 VUs, 101 complete and 0 interrupted iterations
default   [  53% ] 083/184 VUs  3m17.0s/6m10.0s

running (3m18.0s), 085/184 VUs, 101 complete and 0 interrupted iterations
default   [  54% ] 085/184 VUs  3m18.0s/6m10.0s

running (3m19.0s), 088/184 VUs, 102 complete and 0 interrupted iterations
default   [  54% ] 088/184 VUs  3m19.0s/6m10.0s

running (3m20.0s), 090/184 VUs, 103 complete and 0 interrupted iterations
default   [  54% ] 090/184 VUs  3m20.0s/6m10.0s

running (3m21.0s), 092/184 VUs, 104 complete and 0 interrupted iterations
default   [  54% ] 092/184 VUs  3m21.0s/6m10.0s

running (3m22.0s), 095/184 VUs, 104 complete and 0 interrupted iterations
default   [  55% ] 095/184 VUs  3m22.0s/6m10.0s

running (3m23.0s), 097/184 VUs, 105 complete and 0 interrupted iterations
default   [  55% ] 097/184 VUs  3m23.0s/6m10.0s

running (3m24.0s), 099/184 VUs, 106 complete and 0 interrupted iterations
default   [  55% ] 099/184 VUs  3m24.0s/6m10.0s

running (3m25.0s), 102/184 VUs, 106 complete and 0 interrupted iterations
default   [  55% ] 102/184 VUs  3m25.0s/6m10.0s

running (3m26.0s), 104/184 VUs, 107 complete and 0 interrupted iterations
default   [  56% ] 104/184 VUs  3m26.0s/6m10.0s

running (3m27.0s), 106/184 VUs, 108 complete and 0 interrupted iterations
default   [  56% ] 106/184 VUs  3m27.0s/6m10.0s

running (3m28.0s), 109/184 VUs, 109 complete and 0 interrupted iterations
default   [  56% ] 109/184 VUs  3m28.0s/6m10.0s

running (3m29.0s), 111/184 VUs, 109 complete and 0 interrupted iterations
default   [  56% ] 111/184 VUs  3m29.0s/6m10.0s

running (3m30.0s), 113/184 VUs, 110 complete and 0 interrupted iterations
default   [  57% ] 113/184 VUs  3m30.0s/6m10.0s

running (3m31.0s), 116/184 VUs, 111 complete and 0 interrupted iterations
default   [  57% ] 116/184 VUs  3m31.0s/6m10.0s

running (3m32.0s), 118/184 VUs, 111 complete and 0 interrupted iterations
default   [  57% ] 118/184 VUs  3m32.0s/6m10.0s

running (3m33.0s), 120/184 VUs, 112 complete and 0 interrupted iterations
default   [  58% ] 120/184 VUs  3m33.0s/6m10.0s

running (3m34.0s), 123/184 VUs, 113 complete and 0 interrupted iterations
default   [  58% ] 123/184 VUs  3m34.0s/6m10.0s

running (3m35.0s), 125/184 VUs, 114 complete and 0 interrupted iterations
default   [  58% ] 125/184 VUs  3m35.0s/6m10.0s

running (3m36.0s), 127/184 VUs, 114 complete and 0 interrupted iterations
default   [  58% ] 127/184 VUs  3m36.0s/6m10.0s

running (3m37.0s), 130/184 VUs, 115 complete and 0 interrupted iterations
default   [  59% ] 130/184 VUs  3m37.0s/6m10.0s

running (3m38.0s), 132/184 VUs, 116 complete and 0 interrupted iterations
default   [  59% ] 132/184 VUs  3m38.0s/6m10.0s

running (3m39.0s), 134/184 VUs, 116 complete and 0 interrupted iterations
default   [  59% ] 134/184 VUs  3m39.0s/6m10.0s

running (3m40.0s), 137/184 VUs, 117 complete and 0 interrupted iterations
default   [  59% ] 137/184 VUs  3m40.0s/6m10.0s

running (3m41.0s), 139/184 VUs, 118 complete and 0 interrupted iterations
default   [  60% ] 139/184 VUs  3m41.0s/6m10.0s

running (3m42.0s), 141/184 VUs, 119 complete and 0 interrupted iterations
default   [  60% ] 141/184 VUs  3m42.0s/6m10.0s

running (3m43.0s), 144/184 VUs, 119 complete and 0 interrupted iterations
default   [  60% ] 144/184 VUs  3m43.0s/6m10.0s

running (3m44.0s), 146/184 VUs, 120 complete and 0 interrupted iterations
default   [  61% ] 146/184 VUs  3m44.0s/6m10.0s

running (3m45.0s), 148/184 VUs, 121 complete and 0 interrupted iterations
default   [  61% ] 148/184 VUs  3m45.0s/6m10.0s

running (3m46.0s), 151/184 VUs, 121 complete and 0 interrupted iterations
default   [  61% ] 151/184 VUs  3m46.0s/6m10.0s

running (3m47.0s), 153/184 VUs, 122 complete and 0 interrupted iterations
default   [  61% ] 153/184 VUs  3m47.0s/6m10.0s

running (3m48.0s), 155/184 VUs, 123 complete and 0 interrupted iterations
default   [  62% ] 155/184 VUs  3m48.0s/6m10.0s

running (3m49.0s), 158/184 VUs, 124 complete and 0 interrupted iterations
default   [  62% ] 158/184 VUs  3m49.0s/6m10.0s

running (3m50.0s), 160/184 VUs, 124 complete and 0 interrupted iterations
default   [  62% ] 160/184 VUs  3m50.0s/6m10.0s

running (3m51.0s), 162/184 VUs, 125 complete and 0 interrupted iterations
default   [  62% ] 162/184 VUs  3m51.0s/6m10.0s

running (3m52.0s), 165/184 VUs, 126 complete and 0 interrupted iterations
default   [  63% ] 165/184 VUs  3m52.0s/6m10.0s

running (3m53.0s), 167/184 VUs, 126 complete and 0 interrupted iterations
default   [  63% ] 167/184 VUs  3m53.0s/6m10.0s

running (3m54.0s), 169/184 VUs, 127 complete and 0 interrupted iterations
default   [  63% ] 169/184 VUs  3m54.0s/6m10.0s

running (3m55.0s), 172/184 VUs, 128 complete and 0 interrupted iterations
default   [  64% ] 172/184 VUs  3m55.0s/6m10.0s

running (3m56.0s), 174/184 VUs, 129 complete and 0 interrupted iterations
default   [  64% ] 174/184 VUs  3m56.0s/6m10.0s

running (3m57.0s), 176/184 VUs, 129 complete and 0 interrupted iterations
default   [  64% ] 176/184 VUs  3m57.0s/6m10.0s

running (3m58.0s), 179/184 VUs, 130 complete and 0 interrupted iterations
default   [  64% ] 179/184 VUs  3m58.0s/6m10.0s

running (3m59.0s), 181/184 VUs, 131 complete and 0 interrupted iterations
default   [  65% ] 181/184 VUs  3m59.0s/6m10.0s

running (4m00.0s), 183/184 VUs, 131 complete and 0 interrupted iterations
default   [  65% ] 183/184 VUs  4m00.0s/6m10.0s

running (4m01.0s), 184/184 VUs, 135 complete and 0 interrupted iterations
default   [  65% ] 184/184 VUs  4m01.0s/6m10.0s

running (4m02.0s), 184/184 VUs, 138 complete and 0 interrupted iterations
default   [  65% ] 184/184 VUs  4m02.0s/6m10.0s

running (4m03.0s), 184/184 VUs, 141 complete and 0 interrupted iterations
default   [  66% ] 184/184 VUs  4m03.0s/6m10.0s

running (4m04.0s), 184/184 VUs, 144 complete and 0 interrupted iterations
default   [  66% ] 184/184 VUs  4m04.0s/6m10.0s

running (4m05.0s), 184/184 VUs, 147 complete and 0 interrupted iterations
default   [  66% ] 184/184 VUs  4m05.0s/6m10.0s

running (4m06.0s), 184/184 VUs, 150 complete and 0 interrupted iterations
default   [  66% ] 184/184 VUs  4m06.0s/6m10.0s

running (4m07.0s), 184/184 VUs, 153 complete and 0 interrupted iterations
default   [  67% ] 184/184 VUs  4m07.0s/6m10.0s

running (4m08.0s), 184/184 VUs, 156 complete and 0 interrupted iterations
default   [  67% ] 184/184 VUs  4m08.0s/6m10.0s

running (4m09.0s), 184/184 VUs, 159 complete and 0 interrupted iterations
default   [  67% ] 184/184 VUs  4m09.0s/6m10.0s

running (4m10.0s), 184/184 VUs, 163 complete and 0 interrupted iterations
default   [  68% ] 184/184 VUs  4m10.0s/6m10.0s

running (4m11.0s), 184/184 VUs, 165 complete and 0 interrupted iterations
default   [  68% ] 184/184 VUs  4m11.0s/6m10.0s

running (4m12.0s), 184/184 VUs, 168 complete and 0 interrupted iterations
default   [  68% ] 184/184 VUs  4m12.0s/6m10.0s

running (4m13.0s), 184/184 VUs, 172 complete and 0 interrupted iterations
default   [  68% ] 184/184 VUs  4m13.0s/6m10.0s

running (4m14.0s), 184/184 VUs, 175 complete and 0 interrupted iterations
default   [  69% ] 184/184 VUs  4m14.0s/6m10.0s

running (4m15.0s), 184/184 VUs, 177 complete and 0 interrupted iterations
default   [  69% ] 184/184 VUs  4m15.0s/6m10.0s

running (4m16.0s), 184/184 VUs, 181 complete and 0 interrupted iterations
default   [  69% ] 184/184 VUs  4m16.0s/6m10.0s

running (4m17.0s), 184/184 VUs, 184 complete and 0 interrupted iterations
default   [  69% ] 184/184 VUs  4m17.0s/6m10.0s

running (4m18.0s), 184/184 VUs, 186 complete and 0 interrupted iterations
default   [  70% ] 184/184 VUs  4m18.0s/6m10.0s

running (4m19.0s), 184/184 VUs, 190 complete and 0 interrupted iterations
default   [  70% ] 184/184 VUs  4m19.0s/6m10.0s

running (4m20.0s), 184/184 VUs, 193 complete and 0 interrupted iterations
default   [  70% ] 184/184 VUs  4m20.0s/6m10.0s

running (4m21.0s), 184/184 VUs, 196 complete and 0 interrupted iterations
default   [  71% ] 184/184 VUs  4m21.0s/6m10.0s

running (4m22.0s), 184/184 VUs, 199 complete and 0 interrupted iterations
default   [  71% ] 184/184 VUs  4m22.0s/6m10.0s

running (4m23.0s), 184/184 VUs, 202 complete and 0 interrupted iterations
default   [  71% ] 184/184 VUs  4m23.0s/6m10.0s

running (4m24.0s), 184/184 VUs, 205 complete and 0 interrupted iterations
default   [  71% ] 184/184 VUs  4m24.0s/6m10.0s

running (4m25.0s), 184/184 VUs, 208 complete and 0 interrupted iterations
default   [  72% ] 184/184 VUs  4m25.0s/6m10.0s

running (4m26.0s), 184/184 VUs, 211 complete and 0 interrupted iterations
default   [  72% ] 184/184 VUs  4m26.0s/6m10.0s

running (4m27.0s), 184/184 VUs, 214 complete and 0 interrupted iterations
default   [  72% ] 184/184 VUs  4m27.0s/6m10.0s

running (4m28.0s), 184/184 VUs, 218 complete and 0 interrupted iterations
default   [  72% ] 184/184 VUs  4m28.0s/6m10.0s

running (4m29.0s), 184/184 VUs, 220 complete and 0 interrupted iterations
default   [  73% ] 184/184 VUs  4m29.0s/6m10.0s

running (4m30.0s), 184/184 VUs, 223 complete and 0 interrupted iterations
default   [  73% ] 184/184 VUs  4m30.0s/6m10.0s

running (4m31.0s), 184/184 VUs, 227 complete and 0 interrupted iterations
default   [  73% ] 184/184 VUs  4m31.0s/6m10.0s

running (4m32.0s), 184/184 VUs, 229 complete and 0 interrupted iterations
default   [  74% ] 184/184 VUs  4m32.0s/6m10.0s

running (4m33.0s), 184/184 VUs, 232 complete and 0 interrupted iterations
default   [  74% ] 184/184 VUs  4m33.0s/6m10.0s

running (4m34.0s), 184/184 VUs, 236 complete and 0 interrupted iterations
default   [  74% ] 184/184 VUs  4m34.0s/6m10.0s

running (4m35.0s), 184/184 VUs, 239 complete and 0 interrupted iterations
default   [  74% ] 184/184 VUs  4m35.0s/6m10.0s

running (4m36.0s), 184/184 VUs, 241 complete and 0 interrupted iterations
default   [  75% ] 184/184 VUs  4m36.0s/6m10.0s

running (4m37.0s), 184/184 VUs, 245 complete and 0 interrupted iterations
default   [  75% ] 184/184 VUs  4m37.0s/6m10.0s

running (4m38.0s), 184/184 VUs, 248 complete and 0 interrupted iterations
default   [  75% ] 184/184 VUs  4m38.0s/6m10.0s

running (4m39.0s), 184/184 VUs, 250 complete and 0 interrupted iterations
default   [  75% ] 184/184 VUs  4m39.0s/6m10.0s

running (4m40.0s), 184/184 VUs, 254 complete and 0 interrupted iterations
default   [  76% ] 184/184 VUs  4m40.0s/6m10.0s

running (4m41.0s), 184/184 VUs, 257 complete and 0 interrupted iterations
default   [  76% ] 184/184 VUs  4m41.0s/6m10.0s

running (4m42.0s), 184/184 VUs, 260 complete and 0 interrupted iterations
default   [  76% ] 184/184 VUs  4m42.0s/6m10.0s

running (4m43.0s), 184/184 VUs, 263 complete and 0 interrupted iterations
default   [  76% ] 184/184 VUs  4m43.0s/6m10.0s

running (4m44.0s), 184/184 VUs, 266 complete and 0 interrupted iterations
default   [  77% ] 184/184 VUs  4m44.0s/6m10.0s

running (4m45.0s), 184/184 VUs, 269 complete and 0 interrupted iterations
default   [  77% ] 184/184 VUs  4m45.0s/6m10.0s

running (4m46.0s), 184/184 VUs, 272 complete and 0 interrupted iterations
default   [  77% ] 184/184 VUs  4m46.0s/6m10.0s

running (4m47.0s), 184/184 VUs, 275 complete and 0 interrupted iterations
default   [  78% ] 184/184 VUs  4m47.0s/6m10.0s

running (4m48.0s), 184/184 VUs, 278 complete and 0 interrupted iterations
default   [  78% ] 184/184 VUs  4m48.0s/6m10.0s

running (4m49.0s), 184/184 VUs, 282 complete and 0 interrupted iterations
default   [  78% ] 184/184 VUs  4m49.0s/6m10.0s

running (4m50.0s), 184/184 VUs, 284 complete and 0 interrupted iterations
default   [  78% ] 184/184 VUs  4m50.0s/6m10.0s

running (4m51.0s), 184/184 VUs, 287 complete and 0 interrupted iterations
default   [  79% ] 184/184 VUs  4m51.0s/6m10.0s

running (4m52.0s), 184/184 VUs, 291 complete and 0 interrupted iterations
default   [  79% ] 184/184 VUs  4m52.0s/6m10.0s

running (4m53.0s), 184/184 VUs, 293 complete and 0 interrupted iterations
default   [  79% ] 184/184 VUs  4m53.0s/6m10.0s

running (4m54.0s), 184/184 VUs, 296 complete and 0 interrupted iterations
default   [  79% ] 184/184 VUs  4m54.0s/6m10.0s

running (4m55.0s), 184/184 VUs, 300 complete and 0 interrupted iterations
default   [  80% ] 184/184 VUs  4m55.0s/6m10.0s

running (4m56.0s), 184/184 VUs, 303 complete and 0 interrupted iterations
default   [  80% ] 184/184 VUs  4m56.0s/6m10.0s

running (4m57.0s), 184/184 VUs, 305 complete and 0 interrupted iterations
default   [  80% ] 184/184 VUs  4m57.0s/6m10.0s

running (4m58.0s), 184/184 VUs, 309 complete and 0 interrupted iterations
default   [  81% ] 184/184 VUs  4m58.0s/6m10.0s

running (4m59.0s), 184/184 VUs, 312 complete and 0 interrupted iterations
default   [  81% ] 184/184 VUs  4m59.0s/6m10.0s

running (5m00.0s), 184/184 VUs, 314 complete and 0 interrupted iterations
default   [  81% ] 184/184 VUs  5m00.0s/6m10.0s

running (5m01.0s), 184/184 VUs, 319 complete and 0 interrupted iterations
default   [  81% ] 184/184 VUs  5m01.0s/6m10.0s

running (5m02.0s), 184/184 VUs, 322 complete and 0 interrupted iterations
default   [  82% ] 184/184 VUs  5m02.0s/6m10.0s

running (5m03.0s), 184/184 VUs, 325 complete and 0 interrupted iterations
default   [  82% ] 184/184 VUs  5m03.0s/6m10.0s

running (5m04.0s), 184/184 VUs, 328 complete and 0 interrupted iterations
default   [  82% ] 184/184 VUs  5m04.0s/6m10.0s

running (5m05.0s), 184/184 VUs, 331 complete and 0 interrupted iterations
default   [  82% ] 184/184 VUs  5m05.0s/6m10.0s

running (5m06.0s), 184/184 VUs, 334 complete and 0 interrupted iterations
default   [  83% ] 184/184 VUs  5m06.0s/6m10.0s

running (5m07.0s), 184/184 VUs, 337 complete and 0 interrupted iterations
default   [  83% ] 184/184 VUs  5m07.0s/6m10.0s

running (5m08.0s), 184/184 VUs, 340 complete and 0 interrupted iterations
default   [  83% ] 184/184 VUs  5m08.0s/6m10.0s

running (5m09.0s), 184/184 VUs, 343 complete and 0 interrupted iterations
default   [  84% ] 184/184 VUs  5m09.0s/6m10.0s

running (5m10.0s), 184/184 VUs, 347 complete and 0 interrupted iterations
default   [  84% ] 184/184 VUs  5m10.0s/6m10.0s

running (5m11.0s), 184/184 VUs, 349 complete and 0 interrupted iterations
default   [  84% ] 184/184 VUs  5m11.0s/6m10.0s

running (5m12.0s), 184/184 VUs, 352 complete and 0 interrupted iterations
default   [  84% ] 184/184 VUs  5m12.0s/6m10.0s

running (5m13.0s), 184/184 VUs, 356 complete and 0 interrupted iterations
default   [  85% ] 184/184 VUs  5m13.0s/6m10.0s

running (5m14.0s), 184/184 VUs, 359 complete and 0 interrupted iterations
default   [  85% ] 184/184 VUs  5m14.0s/6m10.0s

running (5m15.0s), 184/184 VUs, 361 complete and 0 interrupted iterations
default   [  85% ] 184/184 VUs  5m15.0s/6m10.0s

running (5m16.0s), 184/184 VUs, 365 complete and 0 interrupted iterations
default   [  85% ] 184/184 VUs  5m16.0s/6m10.0s

running (5m17.0s), 184/184 VUs, 368 complete and 0 interrupted iterations
default   [  86% ] 184/184 VUs  5m17.0s/6m10.0s

running (5m18.0s), 184/184 VUs, 370 complete and 0 interrupted iterations
default   [  86% ] 184/184 VUs  5m18.0s/6m10.0s

running (5m19.0s), 184/184 VUs, 374 complete and 0 interrupted iterations
default   [  86% ] 184/184 VUs  5m19.0s/6m10.0s

running (5m20.0s), 184/184 VUs, 377 complete and 0 interrupted iterations
default   [  86% ] 184/184 VUs  5m20.0s/6m10.0s

running (5m21.0s), 184/184 VUs, 380 complete and 0 interrupted iterations
default   [  87% ] 184/184 VUs  5m21.0s/6m10.0s

running (5m22.0s), 184/184 VUs, 383 complete and 0 interrupted iterations
default   [  87% ] 184/184 VUs  5m22.0s/6m10.0s

running (5m23.0s), 184/184 VUs, 386 complete and 0 interrupted iterations
default   [  87% ] 184/184 VUs  5m23.0s/6m10.0s

running (5m24.0s), 184/184 VUs, 389 complete and 0 interrupted iterations
default   [  88% ] 184/184 VUs  5m24.0s/6m10.0s

running (5m25.0s), 184/184 VUs, 392 complete and 0 interrupted iterations
default   [  88% ] 184/184 VUs  5m25.0s/6m10.0s

running (5m26.0s), 184/184 VUs, 395 complete and 0 interrupted iterations
default   [  88% ] 184/184 VUs  5m26.0s/6m10.0s

running (5m27.0s), 184/184 VUs, 398 complete and 0 interrupted iterations
default   [  88% ] 184/184 VUs  5m27.0s/6m10.0s

running (5m28.0s), 184/184 VUs, 402 complete and 0 interrupted iterations
default   [  89% ] 184/184 VUs  5m28.0s/6m10.0s

running (5m29.0s), 184/184 VUs, 404 complete and 0 interrupted iterations
default   [  89% ] 184/184 VUs  5m29.0s/6m10.0s

running (5m30.0s), 184/184 VUs, 407 complete and 0 interrupted iterations
default   [  89% ] 184/184 VUs  5m30.0s/6m10.0s

running (5m31.0s), 184/184 VUs, 411 complete and 0 interrupted iterations
default   [  89% ] 184/184 VUs  5m31.0s/6m10.0s

running (5m32.0s), 184/184 VUs, 413 complete and 0 interrupted iterations
default   [  90% ] 184/184 VUs  5m32.0s/6m10.0s

running (5m33.0s), 184/184 VUs, 416 complete and 0 interrupted iterations
default   [  90% ] 184/184 VUs  5m33.0s/6m10.0s

running (5m34.0s), 184/184 VUs, 420 complete and 0 interrupted iterations
default   [  90% ] 184/184 VUs  5m34.0s/6m10.0s

running (5m35.0s), 184/184 VUs, 425 complete and 0 interrupted iterations
default   [  91% ] 184/184 VUs  5m35.0s/6m10.0s

running (5m36.0s), 184/184 VUs, 427 complete and 0 interrupted iterations
default   [  91% ] 184/184 VUs  5m36.0s/6m10.0s

running (5m37.0s), 184/184 VUs, 431 complete and 0 interrupted iterations
default   [  91% ] 184/184 VUs  5m37.0s/6m10.0s

running (5m38.0s), 184/184 VUs, 434 complete and 0 interrupted iterations
default   [  91% ] 184/184 VUs  5m38.0s/6m10.0s

running (5m39.0s), 184/184 VUs, 436 complete and 0 interrupted iterations
default   [  92% ] 184/184 VUs  5m39.0s/6m10.0s

running (5m40.0s), 184/184 VUs, 437 complete and 0 interrupted iterations
default   [  92% ] 184/184 VUs  5m40.0s/6m10.0s

running (5m41.0s), 184/184 VUs, 577 complete and 0 interrupted iterations
default   [  92% ] 184/184 VUs  5m41.0s/6m10.0s

running (5m42.0s), 184/184 VUs, 751 complete and 0 interrupted iterations
default   [  92% ] 184/184 VUs  5m42.0s/6m10.0s

running (5m43.0s), 184/184 VUs, 935 complete and 0 interrupted iterations
default   [  93% ] 184/184 VUs  5m43.0s/6m10.0s

running (5m44.0s), 184/184 VUs, 1063 complete and 0 interrupted iterations
default   [  93% ] 184/184 VUs  5m44.0s/6m10.0s

running (5m45.0s), 184/184 VUs, 1063 complete and 0 interrupted iterations
default   [  93% ] 184/184 VUs  5m45.0s/6m10.0s

running (5m46.0s), 184/184 VUs, 1063 complete and 0 interrupted iterations
default   [  94% ] 184/184 VUs  5m46.0s/6m10.0s

running (5m47.0s), 184/184 VUs, 1247 complete and 0 interrupted iterations
default   [  94% ] 184/184 VUs  5m47.0s/6m10.0s

running (5m48.0s), 184/184 VUs, 1383 complete and 0 interrupted iterations
default   [  94% ] 184/184 VUs  5m48.0s/6m10.0s

running (5m49.0s), 184/184 VUs, 1534 complete and 0 interrupted iterations
default   [  94% ] 184/184 VUs  5m49.0s/6m10.0s

running (5m50.0s), 184/184 VUs, 1546 complete and 0 interrupted iterations
default   [  95% ] 184/184 VUs  5m50.0s/6m10.0s

running (5m51.0s), 184/184 VUs, 1546 complete and 0 interrupted iterations
default   [  95% ] 184/184 VUs  5m51.0s/6m10.0s

running (5m52.0s), 184/184 VUs, 1711 complete and 0 interrupted iterations
default   [  95% ] 184/184 VUs  5m52.0s/6m10.0s

running (5m53.0s), 184/184 VUs, 1795 complete and 0 interrupted iterations
default   [  95% ] 184/184 VUs  5m53.0s/6m10.0s

running (5m54.0s), 184/184 VUs, 1977 complete and 0 interrupted iterations
default   [  96% ] 184/184 VUs  5m54.0s/6m10.0s

running (5m55.0s), 184/184 VUs, 2034 complete and 0 interrupted iterations
default   [  96% ] 184/184 VUs  5m55.0s/6m10.0s

running (5m56.0s), 184/184 VUs, 2043 complete and 0 interrupted iterations
default   [  96% ] 184/184 VUs  5m56.0s/6m10.0s

running (5m57.0s), 184/184 VUs, 2218 complete and 0 interrupted iterations
default   [  96% ] 184/184 VUs  5m57.0s/6m10.0s

running (5m58.0s), 184/184 VUs, 2402 complete and 0 interrupted iterations
default   [  97% ] 184/184 VUs  5m58.0s/6m10.0s

running (5m59.0s), 184/184 VUs, 2522 complete and 0 interrupted iterations
default   [  97% ] 184/184 VUs  5m59.0s/6m10.0s

running (6m00.0s), 184/184 VUs, 2522 complete and 0 interrupted iterations
default   [  97% ] 184/184 VUs  6m00.0s/6m10.0s

running (6m01.0s), 174/184 VUs, 2706 complete and 0 interrupted iterations
default   [  98% ] 174/184 VUs  6m01.0s/6m10.0s

running (6m02.0s), 158/184 VUs, 2820 complete and 0 interrupted iterations
default   [  98% ] 158/184 VUs  6m02.0s/6m10.0s

running (6m03.0s), 140/184 VUs, 2971 complete and 0 interrupted iterations
default   [  98% ] 140/184 VUs  6m03.0s/6m10.0s

running (6m04.0s), 135/184 VUs, 3004 complete and 0 interrupted iterations
default   [  98% ] 135/184 VUs  6m04.0s/6m10.0s

running (6m05.0s), 099/184 VUs, 3139 complete and 0 interrupted iterations
default   [  99% ] 099/184 VUs  6m05.0s/6m10.0s

running (6m06.0s), 078/184 VUs, 3238 complete and 0 interrupted iterations
default   [  99% ] 078/184 VUs  6m06.0s/6m10.0s

running (6m07.0s), 057/184 VUs, 3316 complete and 0 interrupted iterations
default   [  99% ] 057/184 VUs  6m07.0s/6m10.0s

running (6m08.0s), 046/184 VUs, 3365 complete and 0 interrupted iterations
default   [  99% ] 046/184 VUs  6m08.0s/6m10.0s

running (6m09.0s), 025/184 VUs, 3408 complete and 0 interrupted iterations
default   [ 100% ] 025/184 VUs  6m09.0s/6m10.0s

running (6m10.0s), 008/184 VUs, 3430 complete and 0 interrupted iterations
default   [ 100% ] 008/184 VUs  6m10.0s/6m10.0s

running (6m10.6s), 000/184 VUs, 3438 complete and 0 interrupted iterations
default ✓ [ 100% ] 000/184 VUs  6m10s

     ✓ response ok

     checks.........................: 100.00% ✓ 3001  ✗ 0    
     data_received..................: 2.9 MB  7.8 kB/s
     data_sent......................: 1.2 MB  3.4 kB/s
     http_req_blocked...............: avg=486.26ms min=0s     med=0s      max=52.77s   p(90)=1µs    p(95)=1µs   
     http_req_connecting............: avg=182.71µs min=0s     med=0s      max=8.49ms   p(90)=0s     p(95)=0s    
   ✗ http_req_duration..............: avg=4.29s    min=0s     med=89.7ms  max=1m0s     p(90)=2.4s   p(95)=55.09s
       { expected_response:true }...: avg=915.69ms min=7.58ms med=71.68ms max=59.96s   p(90)=1.66s  p(95)=2.27s 
     http_req_failed................: 6.78%   ✓ 437   ✗ 6002 
     http_req_receiving.............: avg=2.06ms   min=0s     med=235µs   max=132.28ms p(90)=5.08ms p(95)=9.43ms
     http_req_sending...............: avg=91.61µs  min=0s     med=78µs    max=5.29ms   p(90)=158µs  p(95)=198µs 
     http_req_tls_handshaking.......: avg=486.1ms  min=0s     med=0s      max=52.77s   p(90)=0s     p(95)=0s    
     http_req_waiting...............: avg=4.29s    min=0s     med=86.19ms max=1m0s     p(90)=2.4s   p(95)=55.09s
     http_reqs......................: 6439    17.373329/s
     iteration_duration.............: avg=10.62s   min=1.01s  med=1.31s   max=1m1s     p(90)=1m0s   p(95)=1m0s  
     iterations.....................: 3438    9.276208/s
     vus............................: 5       min=1   max=184
     vus_max........................: 184     min=184 max=184

