
          /\      |‾‾| /‾‾/   /‾‾/
     /\  /  \     |  |/  /   /  /
    /  \/    \    |     (   /   ‾‾\
   /          \   |  |\  \ |  (‾)  |
  / __________ \  |__| \__\ \_____/ .io

  execution: local
     script: load.js
     output: -

  scenarios: (100.00%) 1 scenario, 27 max VUs, 50s max duration (incl. graceful stop):
           * default: Up to 27 looping VUs for 20s over 3 stages (gracefulRampDown: 30s, gracefulStop: 30s)


running (01.0s), 02/27 VUs, 0 complete and 0 interrupted iterations
default   [   5% ] 02/27 VUs  01.0s/20.0s

running (02.0s), 04/27 VUs, 2 complete and 0 interrupted iterations
default   [  10% ] 04/27 VUs  02.0s/20.0s

running (03.0s), 05/27 VUs, 6 complete and 0 interrupted iterations
default   [  15% ] 05/27 VUs  03.0s/20.0s

running (04.0s), 07/27 VUs, 11 complete and 0 interrupted iterations
default   [  20% ] 07/27 VUs  04.0s/20.0s

running (05.0s), 08/27 VUs, 18 complete and 0 interrupted iterations
default   [  25% ] 08/27 VUs  05.0s/20.0s

running (06.0s), 10/27 VUs, 26 complete and 0 interrupted iterations
default   [  30% ] 10/27 VUs  06.0s/20.0s

running (07.0s), 12/27 VUs, 36 complete and 0 interrupted iterations
default   [  35% ] 12/27 VUs  07.0s/20.0s

running (08.0s), 14/27 VUs, 48 complete and 0 interrupted iterations
default   [  40% ] 14/27 VUs  08.0s/20.0s

running (09.0s), 16/27 VUs, 61 complete and 0 interrupted iterations
default   [  45% ] 16/27 VUs  09.0s/20.0s

running (10.0s), 17/27 VUs, 77 complete and 0 interrupted iterations
default   [  50% ] 17/27 VUs  10.0s/20.0s

running (11.0s), 19/27 VUs, 94 complete and 0 interrupted iterations
default   [  55% ] 19/27 VUs  11.0s/20.0s

running (12.0s), 21/27 VUs, 113 complete and 0 interrupted iterations
default   [  60% ] 21/27 VUs  12.0s/20.0s

running (13.0s), 23/27 VUs, 134 complete and 0 interrupted iterations
default   [  65% ] 23/27 VUs  13.0s/20.0s

running (14.0s), 25/27 VUs, 157 complete and 0 interrupted iterations
default   [  70% ] 25/27 VUs  14.0s/20.0s

running (15.0s), 26/27 VUs, 182 complete and 0 interrupted iterations
default   [  75% ] 26/27 VUs  15.0s/20.0s

running (16.0s), 25/27 VUs, 207 complete and 0 interrupted iterations
default   [  80% ] 25/27 VUs  16.0s/20.0s

running (17.0s), 20/27 VUs, 232 complete and 0 interrupted iterations
default   [  85% ] 20/27 VUs  17.0s/20.0s

running (18.0s), 14/27 VUs, 252 complete and 0 interrupted iterations
default   [  90% ] 14/27 VUs  18.0s/20.0s

running (19.0s), 08/27 VUs, 266 complete and 0 interrupted iterations
default   [  95% ] 08/27 VUs  19.0s/20.0s

running (20.0s), 03/27 VUs, 274 complete and 0 interrupted iterations
default   [ 100% ] 03/27 VUs  20.0s/20.0s

running (20.5s), 00/27 VUs, 277 complete and 0 interrupted iterations
default ✓ [ 100% ] 00/27 VUs  20s

     ✓ found path

     checks.........................: 100.00% ✓ 277       ✗ 0
     data_received..................: 336 kB  16 kB/s
     data_sent......................: 28 kB   1.4 kB/s
     http_req_blocked...............: avg=553.26µs min=2.64µs  med=2.89µs   max=20.74ms p(90)=14.19µs  p(95)=4.79ms
     http_req_connecting............: avg=81.68µs  min=0s      med=0s       max=1.3ms   p(90)=0s       p(95)=588.11µs
   ✓ http_req_duration..............: avg=13.42ms  min=7.91ms  med=12.54ms  max=45.62ms p(90)=17.76ms  p(95)=21.12ms
       { expected_response:true }...: avg=13.42ms  min=7.91ms  med=12.54ms  max=45.62ms p(90)=17.76ms  p(95)=21.12ms
     http_req_failed................: 0.00%   ✓ 0         ✗ 277
     http_req_receiving.............: avg=522.25µs min=37.47µs med=288.89µs max=5.3ms   p(90)=1.19ms   p(95)=1.66ms
     http_req_sending...............: avg=86.91µs  min=42.28µs med=83.28µs  max=217µs   p(90)=114.51µs p(95)=142.95µs
     http_req_tls_handshaking.......: avg=442.99µs min=0s      med=0s       max=16.58ms p(90)=0s       p(95)=4.08ms
     http_req_waiting...............: avg=12.81ms  min=7.78ms  med=11.87ms  max=45.29ms p(90)=17.22ms  p(95)=20.05ms
     http_reqs......................: 277     13.502205/s
     iteration_duration.............: avg=1.01s    min=1s      med=1.01s    max=1.04s   p(90)=1.02s    p(95)=1.02s
     iterations.....................: 277     13.502205/s
     vus............................: 3       min=2       max=26
     vus_max........................: 27      min=27      max=27
