
          /\      |‾‾| /‾‾/   /‾‾/
     /\  /  \     |  |/  /   /  /
    /  \/    \    |     (   /   ‾‾\
   /          \   |  |\  \ |  (‾)  |
  / __________ \  |__| \__\ \_____/ .io

  execution: local
     script: smoke.js
     output: -

  scenarios: (100.00%) 1 scenario, 1 max VUs, 40s max duration (incl. graceful stop):
           * default: 1 looping VUs for 10s (gracefulStop: 30s)


running (01.0s), 1/1 VUs, 0 complete and 0 interrupted iterations
default   [  10% ] 1 VUs  01.0s/10s

running (02.0s), 1/1 VUs, 1 complete and 0 interrupted iterations
default   [  20% ] 1 VUs  02.0s/10s

running (03.0s), 1/1 VUs, 2 complete and 0 interrupted iterations
default   [  30% ] 1 VUs  03.0s/10s

running (04.0s), 1/1 VUs, 3 complete and 0 interrupted iterations
default   [  40% ] 1 VUs  04.0s/10s

running (05.0s), 1/1 VUs, 4 complete and 0 interrupted iterations
default   [  50% ] 1 VUs  05.0s/10s

running (06.0s), 1/1 VUs, 5 complete and 0 interrupted iterations
default   [  60% ] 1 VUs  06.0s/10s

running (07.0s), 1/1 VUs, 6 complete and 0 interrupted iterations
default   [  70% ] 1 VUs  07.0s/10s

running (08.0s), 1/1 VUs, 7 complete and 0 interrupted iterations
default   [  80% ] 1 VUs  08.0s/10s

running (09.0s), 1/1 VUs, 8 complete and 0 interrupted iterations
default   [  90% ] 1 VUs  09.0s/10s

running (10.0s), 1/1 VUs, 9 complete and 0 interrupted iterations
default   [ 100% ] 1 VUs  10.0s/10s

running (10.2s), 0/1 VUs, 10 complete and 0 interrupted iterations
default ✓ [ 100% ] 1 VUs  10s

     ✓ found path

     checks.........................: 100.00% ✓ 10      ✗ 0
     data_received..................: 12 kB   1.2 kB/s
     data_sent......................: 1.0 kB  101 B/s
     http_req_blocked...............: avg=2.11ms   min=2.8µs    med=2.9µs    max=21.08ms  p(90)=2.11ms   p(95)=11.59ms
     http_req_connecting............: avg=115.92µs min=0s       med=0s       max=1.15ms   p(90)=115.92µs p(95)=637.58µs
   ✓ http_req_duration..............: avg=19.09ms  min=16.07ms  med=18.17ms  max=27.23ms  p(90)=22.22ms  p(95)=24.73ms
       { expected_response:true }...: avg=19.09ms  min=16.07ms  med=18.17ms  max=27.23ms  p(90)=22.22ms  p(95)=24.73ms
     http_req_failed................: 0.00%   ✓ 0       ✗ 10
     http_req_receiving.............: avg=489.5µs  min=214.12µs med=434.84µs max=1.09ms   p(90)=714.55µs p(95)=902.89µs
     http_req_sending...............: avg=100.94µs min=81.06µs  med=88.82µs  max=195.92µs p(90)=120.83µs p(95)=158.37µs
     http_req_tls_handshaking.......: avg=1.66ms   min=0s       med=0s       max=16.61ms  p(90)=1.66ms   p(95)=9.14ms
     http_req_waiting...............: avg=18.49ms  min=15.41ms  med=17.7ms   max=26.84ms  p(90)=21.7ms   p(95)=24.27ms
     http_reqs......................: 10      0.97852/s
     iteration_duration.............: avg=1.02s    min=1.01s    med=1.01s    max=1.04s    p(90)=1.02s    p(95)=1.03s
     iterations.....................: 10      0.97852/s
     vus............................: 1       min=1     max=1
     vus_max........................: 1       min=1     max=1
