
          /\      |‾‾| /‾‾/   /‾‾/   
     /\  /  \     |  |/  /   /  /    
    /  \/    \    |     (   /   ‾‾\  
   /          \   |  |\  \ |  (‾)  | 
  / __________ \  |__| \__\ \_____/ .io

  execution: local
     script: monitoring/frequent/findPath/findPath_load.js
     output: -

  scenarios: (100.00%) 1 scenario, 184 max VUs, 6m40s max duration (incl. graceful stop):
           * default: Up to 184 looping VUs for 6m10s over 5 stages (gracefulRampDown: 30s, gracefulStop: 30s)


running (0m01.0s), 001/184 VUs, 0 complete and 0 interrupted iterations
default   [   0% ] 001/184 VUs  0m01.0s/6m10.0s

running (0m02.0s), 002/184 VUs, 1 complete and 0 interrupted iterations
default   [   1% ] 002/184 VUs  0m02.0s/6m10.0s

running (0m03.0s), 003/184 VUs, 3 complete and 0 interrupted iterations
default   [   1% ] 003/184 VUs  0m03.0s/6m10.0s

running (0m04.0s), 003/184 VUs, 6 complete and 0 interrupted iterations
default   [   1% ] 003/184 VUs  0m04.0s/6m10.0s

running (0m05.0s), 004/184 VUs, 9 complete and 0 interrupted iterations
default   [   1% ] 004/184 VUs  0m05.0s/6m10.0s

running (0m06.0s), 005/184 VUs, 13 complete and 0 interrupted iterations
default   [   2% ] 005/184 VUs  0m06.0s/6m10.0s

running (0m07.0s), 006/184 VUs, 18 complete and 0 interrupted iterations
default   [   2% ] 006/184 VUs  0m07.0s/6m10.0s

running (0m08.0s), 006/184 VUs, 23 complete and 0 interrupted iterations
default   [   2% ] 006/184 VUs  0m08.0s/6m10.0s

running (0m09.0s), 007/184 VUs, 29 complete and 0 interrupted iterations
default   [   2% ] 007/184 VUs  0m09.0s/6m10.0s

running (0m10.0s), 008/184 VUs, 36 complete and 0 interrupted iterations
default   [   3% ] 008/184 VUs  0m10.0s/6m10.0s

running (0m11.0s), 008/184 VUs, 44 complete and 0 interrupted iterations
default   [   3% ] 008/184 VUs  0m11.0s/6m10.0s

running (0m12.0s), 009/184 VUs, 52 complete and 0 interrupted iterations
default   [   3% ] 009/184 VUs  0m12.0s/6m10.0s

running (0m13.0s), 010/184 VUs, 60 complete and 0 interrupted iterations
default   [   4% ] 010/184 VUs  0m13.0s/6m10.0s

running (0m14.0s), 011/184 VUs, 70 complete and 0 interrupted iterations
default   [   4% ] 011/184 VUs  0m14.0s/6m10.0s

running (0m15.0s), 011/184 VUs, 80 complete and 0 interrupted iterations
default   [   4% ] 011/184 VUs  0m15.0s/6m10.0s

running (0m16.0s), 012/184 VUs, 91 complete and 0 interrupted iterations
default   [   4% ] 012/184 VUs  0m16.0s/6m10.0s

running (0m17.0s), 013/184 VUs, 103 complete and 0 interrupted iterations
default   [   5% ] 013/184 VUs  0m17.0s/6m10.0s

running (0m18.0s), 013/184 VUs, 116 complete and 0 interrupted iterations
default   [   5% ] 013/184 VUs  0m18.0s/6m10.0s

running (0m19.0s), 014/184 VUs, 129 complete and 0 interrupted iterations
default   [   5% ] 014/184 VUs  0m19.0s/6m10.0s

running (0m20.0s), 015/184 VUs, 143 complete and 0 interrupted iterations
default   [   5% ] 015/184 VUs  0m20.0s/6m10.0s

running (0m21.0s), 016/184 VUs, 157 complete and 0 interrupted iterations
default   [   6% ] 016/184 VUs  0m21.0s/6m10.0s

running (0m22.0s), 016/184 VUs, 173 complete and 0 interrupted iterations
default   [   6% ] 016/184 VUs  0m22.0s/6m10.0s

running (0m23.0s), 017/184 VUs, 188 complete and 0 interrupted iterations
default   [   6% ] 017/184 VUs  0m23.0s/6m10.0s

running (0m24.0s), 018/184 VUs, 205 complete and 0 interrupted iterations
default   [   6% ] 018/184 VUs  0m24.0s/6m10.0s

running (0m25.0s), 018/184 VUs, 223 complete and 0 interrupted iterations
default   [   7% ] 018/184 VUs  0m25.0s/6m10.0s

running (0m26.0s), 019/184 VUs, 241 complete and 0 interrupted iterations
default   [   7% ] 019/184 VUs  0m26.0s/6m10.0s

running (0m27.0s), 020/184 VUs, 260 complete and 0 interrupted iterations
default   [   7% ] 020/184 VUs  0m27.0s/6m10.0s

running (0m28.0s), 021/184 VUs, 280 complete and 0 interrupted iterations
default   [   8% ] 021/184 VUs  0m28.0s/6m10.0s

running (0m29.0s), 021/184 VUs, 299 complete and 0 interrupted iterations
default   [   8% ] 021/184 VUs  0m29.0s/6m10.0s

running (0m30.0s), 022/184 VUs, 320 complete and 0 interrupted iterations
default   [   8% ] 022/184 VUs  0m30.0s/6m10.0s

running (0m31.0s), 023/184 VUs, 342 complete and 0 interrupted iterations
default   [   8% ] 023/184 VUs  0m31.0s/6m10.0s

running (0m32.0s), 023/184 VUs, 364 complete and 0 interrupted iterations
default   [   9% ] 023/184 VUs  0m32.0s/6m10.0s

running (0m33.0s), 024/184 VUs, 387 complete and 0 interrupted iterations
default   [   9% ] 024/184 VUs  0m33.0s/6m10.0s

running (0m34.0s), 025/184 VUs, 411 complete and 0 interrupted iterations
default   [   9% ] 025/184 VUs  0m34.0s/6m10.0s

running (0m35.0s), 026/184 VUs, 436 complete and 0 interrupted iterations
default   [   9% ] 026/184 VUs  0m35.0s/6m10.0s

running (0m36.0s), 026/184 VUs, 462 complete and 0 interrupted iterations
default   [  10% ] 026/184 VUs  0m36.0s/6m10.0s

running (0m37.0s), 027/184 VUs, 486 complete and 0 interrupted iterations
default   [  10% ] 027/184 VUs  0m37.0s/6m10.0s

running (0m38.0s), 028/184 VUs, 512 complete and 0 interrupted iterations
default   [  10% ] 028/184 VUs  0m38.0s/6m10.0s

running (0m39.0s), 028/184 VUs, 540 complete and 0 interrupted iterations
default   [  11% ] 028/184 VUs  0m39.0s/6m10.0s

running (0m40.0s), 029/184 VUs, 567 complete and 0 interrupted iterations
default   [  11% ] 029/184 VUs  0m40.0s/6m10.0s

running (0m41.0s), 030/184 VUs, 596 complete and 0 interrupted iterations
default   [  11% ] 030/184 VUs  0m41.0s/6m10.0s

running (0m42.0s), 031/184 VUs, 626 complete and 0 interrupted iterations
default   [  11% ] 031/184 VUs  0m42.0s/6m10.0s

running (0m43.0s), 031/184 VUs, 657 complete and 0 interrupted iterations
default   [  12% ] 031/184 VUs  0m43.0s/6m10.0s

running (0m44.0s), 032/184 VUs, 685 complete and 0 interrupted iterations
default   [  12% ] 032/184 VUs  0m44.0s/6m10.0s

running (0m45.0s), 033/184 VUs, 717 complete and 0 interrupted iterations
default   [  12% ] 033/184 VUs  0m45.0s/6m10.0s

running (0m46.0s), 033/184 VUs, 750 complete and 0 interrupted iterations
default   [  12% ] 033/184 VUs  0m46.0s/6m10.0s

running (0m47.0s), 034/184 VUs, 782 complete and 0 interrupted iterations
default   [  13% ] 034/184 VUs  0m47.0s/6m10.0s

running (0m48.0s), 035/184 VUs, 815 complete and 0 interrupted iterations
default   [  13% ] 035/184 VUs  0m48.0s/6m10.0s

running (0m49.0s), 036/184 VUs, 850 complete and 0 interrupted iterations
default   [  13% ] 036/184 VUs  0m49.0s/6m10.0s

running (0m50.0s), 036/184 VUs, 884 complete and 0 interrupted iterations
default   [  14% ] 036/184 VUs  0m50.0s/6m10.0s

running (0m51.0s), 037/184 VUs, 920 complete and 0 interrupted iterations
default   [  14% ] 037/184 VUs  0m51.0s/6m10.0s

running (0m52.0s), 038/184 VUs, 957 complete and 0 interrupted iterations
default   [  14% ] 038/184 VUs  0m52.0s/6m10.0s

running (0m53.0s), 038/184 VUs, 995 complete and 0 interrupted iterations
default   [  14% ] 038/184 VUs  0m53.0s/6m10.0s

running (0m54.0s), 039/184 VUs, 1032 complete and 0 interrupted iterations
default   [  15% ] 039/184 VUs  0m54.0s/6m10.0s

running (0m55.0s), 040/184 VUs, 1070 complete and 0 interrupted iterations
default   [  15% ] 040/184 VUs  0m55.0s/6m10.0s

running (0m56.0s), 041/184 VUs, 1108 complete and 0 interrupted iterations
default   [  15% ] 041/184 VUs  0m56.0s/6m10.0s

running (0m57.0s), 041/184 VUs, 1149 complete and 0 interrupted iterations
default   [  15% ] 041/184 VUs  0m57.0s/6m10.0s

running (0m58.0s), 042/184 VUs, 1190 complete and 0 interrupted iterations
default   [  16% ] 042/184 VUs  0m58.0s/6m10.0s

running (0m59.0s), 043/184 VUs, 1232 complete and 0 interrupted iterations
default   [  16% ] 043/184 VUs  0m59.0s/6m10.0s

running (1m00.0s), 043/184 VUs, 1275 complete and 0 interrupted iterations
default   [  16% ] 043/184 VUs  1m00.0s/6m10.0s

running (1m01.0s), 044/184 VUs, 1317 complete and 0 interrupted iterations
default   [  16% ] 044/184 VUs  1m01.0s/6m10.0s

running (1m02.0s), 044/184 VUs, 1361 complete and 0 interrupted iterations
default   [  17% ] 044/184 VUs  1m02.0s/6m10.0s

running (1m03.0s), 044/184 VUs, 1403 complete and 0 interrupted iterations
default   [  17% ] 044/184 VUs  1m03.0s/6m10.0s

running (1m04.0s), 044/184 VUs, 1447 complete and 0 interrupted iterations
default   [  17% ] 044/184 VUs  1m04.0s/6m10.0s

running (1m05.0s), 044/184 VUs, 1489 complete and 0 interrupted iterations
default   [  18% ] 044/184 VUs  1m05.0s/6m10.0s

running (1m06.0s), 044/184 VUs, 1533 complete and 0 interrupted iterations
default   [  18% ] 044/184 VUs  1m06.0s/6m10.0s

running (1m07.0s), 044/184 VUs, 1577 complete and 0 interrupted iterations
default   [  18% ] 044/184 VUs  1m07.0s/6m10.0s

running (1m08.0s), 044/184 VUs, 1620 complete and 0 interrupted iterations
default   [  18% ] 044/184 VUs  1m08.0s/6m10.0s

running (1m09.0s), 044/184 VUs, 1663 complete and 0 interrupted iterations
default   [  19% ] 044/184 VUs  1m09.0s/6m10.0s

running (1m10.0s), 044/184 VUs, 1707 complete and 0 interrupted iterations
default   [  19% ] 044/184 VUs  1m10.0s/6m10.0s

running (1m11.0s), 044/184 VUs, 1746 complete and 0 interrupted iterations
default   [  19% ] 044/184 VUs  1m11.0s/6m10.0s

running (1m12.0s), 044/184 VUs, 1790 complete and 0 interrupted iterations
default   [  19% ] 044/184 VUs  1m12.0s/6m10.0s

running (1m13.0s), 044/184 VUs, 1834 complete and 0 interrupted iterations
default   [  20% ] 044/184 VUs  1m13.0s/6m10.0s

running (1m14.0s), 044/184 VUs, 1878 complete and 0 interrupted iterations
default   [  20% ] 044/184 VUs  1m14.0s/6m10.0s

running (1m15.0s), 044/184 VUs, 1922 complete and 0 interrupted iterations
default   [  20% ] 044/184 VUs  1m15.0s/6m10.0s

running (1m16.0s), 044/184 VUs, 1966 complete and 0 interrupted iterations
default   [  21% ] 044/184 VUs  1m16.0s/6m10.0s

running (1m17.0s), 044/184 VUs, 2010 complete and 0 interrupted iterations
default   [  21% ] 044/184 VUs  1m17.0s/6m10.0s

running (1m18.0s), 044/184 VUs, 2052 complete and 0 interrupted iterations
default   [  21% ] 044/184 VUs  1m18.0s/6m10.0s

running (1m19.0s), 044/184 VUs, 2096 complete and 0 interrupted iterations
default   [  21% ] 044/184 VUs  1m19.0s/6m10.0s

running (1m20.0s), 044/184 VUs, 2138 complete and 0 interrupted iterations
default   [  22% ] 044/184 VUs  1m20.0s/6m10.0s

running (1m21.0s), 044/184 VUs, 2182 complete and 0 interrupted iterations
default   [  22% ] 044/184 VUs  1m21.0s/6m10.0s

running (1m22.0s), 044/184 VUs, 2224 complete and 0 interrupted iterations
default   [  22% ] 044/184 VUs  1m22.0s/6m10.0s

running (1m23.0s), 044/184 VUs, 2268 complete and 0 interrupted iterations
default   [  22% ] 044/184 VUs  1m23.0s/6m10.0s

running (1m24.0s), 044/184 VUs, 2312 complete and 0 interrupted iterations
default   [  23% ] 044/184 VUs  1m24.0s/6m10.0s

running (1m25.0s), 044/184 VUs, 2356 complete and 0 interrupted iterations
default   [  23% ] 044/184 VUs  1m25.0s/6m10.0s

running (1m26.0s), 044/184 VUs, 2400 complete and 0 interrupted iterations
default   [  23% ] 044/184 VUs  1m26.0s/6m10.0s

running (1m27.0s), 044/184 VUs, 2440 complete and 0 interrupted iterations
default   [  24% ] 044/184 VUs  1m27.0s/6m10.0s

running (1m28.0s), 044/184 VUs, 2484 complete and 0 interrupted iterations
default   [  24% ] 044/184 VUs  1m28.0s/6m10.0s

running (1m29.0s), 044/184 VUs, 2528 complete and 0 interrupted iterations
default   [  24% ] 044/184 VUs  1m29.0s/6m10.0s

running (1m30.0s), 044/184 VUs, 2572 complete and 0 interrupted iterations
default   [  24% ] 044/184 VUs  1m30.0s/6m10.0s

running (1m31.0s), 044/184 VUs, 2616 complete and 0 interrupted iterations
default   [  25% ] 044/184 VUs  1m31.0s/6m10.0s

running (1m32.0s), 044/184 VUs, 2658 complete and 0 interrupted iterations
default   [  25% ] 044/184 VUs  1m32.0s/6m10.0s

running (1m33.0s), 044/184 VUs, 2702 complete and 0 interrupted iterations
default   [  25% ] 044/184 VUs  1m33.0s/6m10.0s

running (1m34.0s), 044/184 VUs, 2745 complete and 0 interrupted iterations
default   [  25% ] 044/184 VUs  1m34.0s/6m10.0s

running (1m35.0s), 044/184 VUs, 2789 complete and 0 interrupted iterations
default   [  26% ] 044/184 VUs  1m35.0s/6m10.0s

running (1m36.0s), 044/184 VUs, 2833 complete and 0 interrupted iterations
default   [  26% ] 044/184 VUs  1m36.0s/6m10.0s

running (1m37.0s), 044/184 VUs, 2877 complete and 0 interrupted iterations
default   [  26% ] 044/184 VUs  1m37.0s/6m10.0s

running (1m38.0s), 044/184 VUs, 2918 complete and 0 interrupted iterations
default   [  26% ] 044/184 VUs  1m38.0s/6m10.0s

running (1m39.0s), 044/184 VUs, 2962 complete and 0 interrupted iterations
default   [  27% ] 044/184 VUs  1m39.0s/6m10.0s

running (1m40.0s), 044/184 VUs, 2996 complete and 0 interrupted iterations
default   [  27% ] 044/184 VUs  1m40.0s/6m10.0s

running (1m41.0s), 044/184 VUs, 3040 complete and 0 interrupted iterations
default   [  27% ] 044/184 VUs  1m41.0s/6m10.0s

running (1m42.0s), 044/184 VUs, 3084 complete and 0 interrupted iterations
default   [  28% ] 044/184 VUs  1m42.0s/6m10.0s

running (1m43.0s), 044/184 VUs, 3128 complete and 0 interrupted iterations
default   [  28% ] 044/184 VUs  1m43.0s/6m10.0s

running (1m44.0s), 044/184 VUs, 3172 complete and 0 interrupted iterations
default   [  28% ] 044/184 VUs  1m44.0s/6m10.0s

running (1m45.0s), 044/184 VUs, 3216 complete and 0 interrupted iterations
default   [  28% ] 044/184 VUs  1m45.0s/6m10.0s

running (1m46.0s), 044/184 VUs, 3260 complete and 0 interrupted iterations
default   [  29% ] 044/184 VUs  1m46.0s/6m10.0s

running (1m47.0s), 044/184 VUs, 3304 complete and 0 interrupted iterations
default   [  29% ] 044/184 VUs  1m47.0s/6m10.0s

running (1m48.0s), 044/184 VUs, 3348 complete and 0 interrupted iterations
default   [  29% ] 044/184 VUs  1m48.0s/6m10.0s

running (1m49.0s), 044/184 VUs, 3391 complete and 0 interrupted iterations
default   [  29% ] 044/184 VUs  1m49.0s/6m10.0s

running (1m50.0s), 044/184 VUs, 3435 complete and 0 interrupted iterations
default   [  30% ] 044/184 VUs  1m50.0s/6m10.0s

running (1m51.0s), 044/184 VUs, 3479 complete and 0 interrupted iterations
default   [  30% ] 044/184 VUs  1m51.0s/6m10.0s

running (1m52.0s), 044/184 VUs, 3523 complete and 0 interrupted iterations
default   [  30% ] 044/184 VUs  1m52.0s/6m10.0s

running (1m53.0s), 044/184 VUs, 3567 complete and 0 interrupted iterations
default   [  31% ] 044/184 VUs  1m53.0s/6m10.0s

running (1m54.0s), 044/184 VUs, 3609 complete and 0 interrupted iterations
default   [  31% ] 044/184 VUs  1m54.0s/6m10.0s

running (1m55.0s), 044/184 VUs, 3653 complete and 0 interrupted iterations
default   [  31% ] 044/184 VUs  1m55.0s/6m10.0s

running (1m56.0s), 044/184 VUs, 3697 complete and 0 interrupted iterations
default   [  31% ] 044/184 VUs  1m56.0s/6m10.0s

running (1m57.0s), 044/184 VUs, 3741 complete and 0 interrupted iterations
default   [  32% ] 044/184 VUs  1m57.0s/6m10.0s

running (1m58.0s), 044/184 VUs, 3782 complete and 0 interrupted iterations
default   [  32% ] 044/184 VUs  1m58.0s/6m10.0s

running (1m59.0s), 044/184 VUs, 3826 complete and 0 interrupted iterations
default   [  32% ] 044/184 VUs  1m59.0s/6m10.0s

running (2m00.0s), 044/184 VUs, 3870 complete and 0 interrupted iterations
default   [  32% ] 044/184 VUs  2m00.0s/6m10.0s

running (2m01.0s), 044/184 VUs, 3911 complete and 0 interrupted iterations
default   [  33% ] 044/184 VUs  2m01.0s/6m10.0s

running (2m02.0s), 044/184 VUs, 3955 complete and 0 interrupted iterations
default   [  33% ] 044/184 VUs  2m02.0s/6m10.0s

running (2m03.0s), 044/184 VUs, 3999 complete and 0 interrupted iterations
default   [  33% ] 044/184 VUs  2m03.0s/6m10.0s

running (2m04.0s), 044/184 VUs, 4043 complete and 0 interrupted iterations
default   [  34% ] 044/184 VUs  2m04.0s/6m10.0s

running (2m05.0s), 044/184 VUs, 4086 complete and 0 interrupted iterations
default   [  34% ] 044/184 VUs  2m05.0s/6m10.0s

running (2m06.0s), 044/184 VUs, 4129 complete and 0 interrupted iterations
default   [  34% ] 044/184 VUs  2m06.0s/6m10.0s

running (2m07.0s), 044/184 VUs, 4171 complete and 0 interrupted iterations
default   [  34% ] 044/184 VUs  2m07.0s/6m10.0s

running (2m08.0s), 044/184 VUs, 4210 complete and 0 interrupted iterations
default   [  35% ] 044/184 VUs  2m08.0s/6m10.0s

running (2m09.0s), 044/184 VUs, 4254 complete and 0 interrupted iterations
default   [  35% ] 044/184 VUs  2m09.0s/6m10.0s

running (2m10.0s), 044/184 VUs, 4298 complete and 0 interrupted iterations
default   [  35% ] 044/184 VUs  2m10.0s/6m10.0s

running (2m11.0s), 044/184 VUs, 4342 complete and 0 interrupted iterations
default   [  35% ] 044/184 VUs  2m11.0s/6m10.0s

running (2m12.0s), 044/184 VUs, 4386 complete and 0 interrupted iterations
default   [  36% ] 044/184 VUs  2m12.0s/6m10.0s

running (2m13.0s), 044/184 VUs, 4430 complete and 0 interrupted iterations
default   [  36% ] 044/184 VUs  2m13.0s/6m10.0s

running (2m14.0s), 044/184 VUs, 4474 complete and 0 interrupted iterations
default   [  36% ] 044/184 VUs  2m14.0s/6m10.0s

running (2m15.0s), 044/184 VUs, 4518 complete and 0 interrupted iterations
default   [  36% ] 044/184 VUs  2m15.0s/6m10.0s

running (2m16.0s), 044/184 VUs, 4562 complete and 0 interrupted iterations
default   [  37% ] 044/184 VUs  2m16.0s/6m10.0s

running (2m17.0s), 044/184 VUs, 4606 complete and 0 interrupted iterations
default   [  37% ] 044/184 VUs  2m17.0s/6m10.0s

running (2m18.0s), 044/184 VUs, 4647 complete and 0 interrupted iterations
default   [  37% ] 044/184 VUs  2m18.0s/6m10.0s

running (2m19.0s), 044/184 VUs, 4688 complete and 0 interrupted iterations
default   [  38% ] 044/184 VUs  2m19.0s/6m10.0s

running (2m20.0s), 044/184 VUs, 4732 complete and 0 interrupted iterations
default   [  38% ] 044/184 VUs  2m20.0s/6m10.0s

running (2m21.0s), 044/184 VUs, 4776 complete and 0 interrupted iterations
default   [  38% ] 044/184 VUs  2m21.0s/6m10.0s

running (2m22.0s), 044/184 VUs, 4820 complete and 0 interrupted iterations
default   [  38% ] 044/184 VUs  2m22.0s/6m10.0s

running (2m23.0s), 044/184 VUs, 4864 complete and 0 interrupted iterations
default   [  39% ] 044/184 VUs  2m23.0s/6m10.0s

running (2m24.0s), 044/184 VUs, 4904 complete and 0 interrupted iterations
default   [  39% ] 044/184 VUs  2m24.0s/6m10.0s

running (2m25.0s), 044/184 VUs, 4948 complete and 0 interrupted iterations
default   [  39% ] 044/184 VUs  2m25.0s/6m10.0s

running (2m26.0s), 044/184 VUs, 4992 complete and 0 interrupted iterations
default   [  39% ] 044/184 VUs  2m26.0s/6m10.0s

running (2m27.0s), 044/184 VUs, 5036 complete and 0 interrupted iterations
default   [  40% ] 044/184 VUs  2m27.0s/6m10.0s

running (2m28.0s), 044/184 VUs, 5080 complete and 0 interrupted iterations
default   [  40% ] 044/184 VUs  2m28.0s/6m10.0s

running (2m29.0s), 044/184 VUs, 5124 complete and 0 interrupted iterations
default   [  40% ] 044/184 VUs  2m29.0s/6m10.0s

running (2m30.0s), 044/184 VUs, 5168 complete and 0 interrupted iterations
default   [  41% ] 044/184 VUs  2m30.0s/6m10.0s

running (2m31.0s), 044/184 VUs, 5212 complete and 0 interrupted iterations
default   [  41% ] 044/184 VUs  2m31.0s/6m10.0s

running (2m32.0s), 044/184 VUs, 5256 complete and 0 interrupted iterations
default   [  41% ] 044/184 VUs  2m32.0s/6m10.0s

running (2m33.0s), 044/184 VUs, 5298 complete and 0 interrupted iterations
default   [  41% ] 044/184 VUs  2m33.0s/6m10.0s

running (2m34.0s), 044/184 VUs, 5342 complete and 0 interrupted iterations
default   [  42% ] 044/184 VUs  2m34.0s/6m10.0s

running (2m35.0s), 044/184 VUs, 5383 complete and 0 interrupted iterations
default   [  42% ] 044/184 VUs  2m35.0s/6m10.0s

running (2m36.0s), 044/184 VUs, 5422 complete and 0 interrupted iterations
default   [  42% ] 044/184 VUs  2m36.0s/6m10.0s

running (2m37.0s), 044/184 VUs, 5460 complete and 0 interrupted iterations
default   [  42% ] 044/184 VUs  2m37.0s/6m10.0s

running (2m38.0s), 044/184 VUs, 5504 complete and 0 interrupted iterations
default   [  43% ] 044/184 VUs  2m38.0s/6m10.0s

running (2m39.0s), 044/184 VUs, 5548 complete and 0 interrupted iterations
default   [  43% ] 044/184 VUs  2m39.0s/6m10.0s

running (2m40.0s), 044/184 VUs, 5592 complete and 0 interrupted iterations
default   [  43% ] 044/184 VUs  2m40.0s/6m10.0s

running (2m41.0s), 044/184 VUs, 5636 complete and 0 interrupted iterations
default   [  44% ] 044/184 VUs  2m41.0s/6m10.0s

running (2m42.0s), 044/184 VUs, 5680 complete and 0 interrupted iterations
default   [  44% ] 044/184 VUs  2m42.0s/6m10.0s

running (2m43.0s), 044/184 VUs, 5724 complete and 0 interrupted iterations
default   [  44% ] 044/184 VUs  2m43.0s/6m10.0s

running (2m44.0s), 044/184 VUs, 5768 complete and 0 interrupted iterations
default   [  44% ] 044/184 VUs  2m44.0s/6m10.0s

running (2m45.0s), 044/184 VUs, 5812 complete and 0 interrupted iterations
default   [  45% ] 044/184 VUs  2m45.0s/6m10.0s

running (2m46.0s), 044/184 VUs, 5856 complete and 0 interrupted iterations
default   [  45% ] 044/184 VUs  2m46.0s/6m10.0s

running (2m47.0s), 044/184 VUs, 5900 complete and 0 interrupted iterations
default   [  45% ] 044/184 VUs  2m47.0s/6m10.0s

running (2m48.0s), 044/184 VUs, 5943 complete and 0 interrupted iterations
default   [  45% ] 044/184 VUs  2m48.0s/6m10.0s

running (2m49.0s), 044/184 VUs, 5987 complete and 0 interrupted iterations
default   [  46% ] 044/184 VUs  2m49.0s/6m10.0s

running (2m50.0s), 044/184 VUs, 6031 complete and 0 interrupted iterations
default   [  46% ] 044/184 VUs  2m50.0s/6m10.0s

running (2m51.0s), 044/184 VUs, 6073 complete and 0 interrupted iterations
default   [  46% ] 044/184 VUs  2m51.0s/6m10.0s

running (2m52.0s), 044/184 VUs, 6117 complete and 0 interrupted iterations
default   [  46% ] 044/184 VUs  2m52.0s/6m10.0s

running (2m53.0s), 044/184 VUs, 6161 complete and 0 interrupted iterations
default   [  47% ] 044/184 VUs  2m53.0s/6m10.0s

running (2m54.0s), 044/184 VUs, 6205 complete and 0 interrupted iterations
default   [  47% ] 044/184 VUs  2m54.0s/6m10.0s

running (2m55.0s), 044/184 VUs, 6249 complete and 0 interrupted iterations
default   [  47% ] 044/184 VUs  2m55.0s/6m10.0s

running (2m56.0s), 044/184 VUs, 6290 complete and 0 interrupted iterations
default   [  48% ] 044/184 VUs  2m56.0s/6m10.0s

running (2m57.0s), 044/184 VUs, 6334 complete and 0 interrupted iterations
default   [  48% ] 044/184 VUs  2m57.0s/6m10.0s

running (2m58.0s), 044/184 VUs, 6378 complete and 0 interrupted iterations
default   [  48% ] 044/184 VUs  2m58.0s/6m10.0s

running (2m59.0s), 044/184 VUs, 6419 complete and 0 interrupted iterations
default   [  48% ] 044/184 VUs  2m59.0s/6m10.0s

running (3m00.0s), 044/184 VUs, 6463 complete and 0 interrupted iterations
default   [  49% ] 044/184 VUs  3m00.0s/6m10.0s

running (3m01.0s), 046/184 VUs, 6507 complete and 0 interrupted iterations
default   [  49% ] 046/184 VUs  3m01.0s/6m10.0s

running (3m02.0s), 048/184 VUs, 6553 complete and 0 interrupted iterations
default   [  49% ] 048/184 VUs  3m02.0s/6m10.0s

running (3m03.0s), 050/184 VUs, 6601 complete and 0 interrupted iterations
default   [  49% ] 050/184 VUs  3m03.0s/6m10.0s

running (3m04.0s), 053/184 VUs, 6651 complete and 0 interrupted iterations
default   [  50% ] 053/184 VUs  3m04.0s/6m10.0s

running (3m05.0s), 055/184 VUs, 6699 complete and 0 interrupted iterations
default   [  50% ] 055/184 VUs  3m05.0s/6m10.0s

running (3m06.0s), 057/184 VUs, 6753 complete and 0 interrupted iterations
default   [  50% ] 057/184 VUs  3m06.0s/6m10.0s

running (3m07.0s), 060/184 VUs, 6807 complete and 0 interrupted iterations
default   [  51% ] 060/184 VUs  3m07.0s/6m10.0s

running (3m08.0s), 062/184 VUs, 6866 complete and 0 interrupted iterations
default   [  51% ] 062/184 VUs  3m08.0s/6m10.0s

running (3m09.0s), 064/184 VUs, 6928 complete and 0 interrupted iterations
default   [  51% ] 064/184 VUs  3m09.0s/6m10.0s

running (3m10.0s), 067/184 VUs, 6991 complete and 0 interrupted iterations
default   [  51% ] 067/184 VUs  3m10.0s/6m10.0s

running (3m11.0s), 069/184 VUs, 7058 complete and 0 interrupted iterations
default   [  52% ] 069/184 VUs  3m11.0s/6m10.0s

running (3m12.0s), 071/184 VUs, 7127 complete and 0 interrupted iterations
default   [  52% ] 071/184 VUs  3m12.0s/6m10.0s

running (3m13.0s), 074/184 VUs, 7198 complete and 0 interrupted iterations
default   [  52% ] 074/184 VUs  3m13.0s/6m10.0s

running (3m14.0s), 076/184 VUs, 7271 complete and 0 interrupted iterations
default   [  52% ] 076/184 VUs  3m14.0s/6m10.0s

running (3m15.0s), 078/184 VUs, 7347 complete and 0 interrupted iterations
default   [  53% ] 078/184 VUs  3m15.0s/6m10.0s

running (3m16.0s), 081/184 VUs, 7421 complete and 0 interrupted iterations
default   [  53% ] 081/184 VUs  3m16.0s/6m10.0s

running (3m17.0s), 083/184 VUs, 7498 complete and 0 interrupted iterations
default   [  53% ] 083/184 VUs  3m17.0s/6m10.0s

running (3m18.0s), 085/184 VUs, 7581 complete and 0 interrupted iterations
default   [  54% ] 085/184 VUs  3m18.0s/6m10.0s

running (3m19.0s), 088/184 VUs, 7664 complete and 0 interrupted iterations
default   [  54% ] 088/184 VUs  3m19.0s/6m10.0s

running (3m20.0s), 090/184 VUs, 7752 complete and 0 interrupted iterations
default   [  54% ] 090/184 VUs  3m20.0s/6m10.0s

running (3m21.0s), 092/184 VUs, 7841 complete and 0 interrupted iterations
default   [  54% ] 092/184 VUs  3m21.0s/6m10.0s

running (3m22.0s), 095/184 VUs, 7928 complete and 0 interrupted iterations
default   [  55% ] 095/184 VUs  3m22.0s/6m10.0s

running (3m23.0s), 097/184 VUs, 8023 complete and 0 interrupted iterations
default   [  55% ] 097/184 VUs  3m23.0s/6m10.0s

running (3m24.0s), 099/184 VUs, 8120 complete and 0 interrupted iterations
default   [  55% ] 099/184 VUs  3m24.0s/6m10.0s

running (3m25.0s), 102/184 VUs, 8219 complete and 0 interrupted iterations
default   [  55% ] 102/184 VUs  3m25.0s/6m10.0s

running (3m26.0s), 104/184 VUs, 8318 complete and 0 interrupted iterations
default   [  56% ] 104/184 VUs  3m26.0s/6m10.0s

running (3m27.0s), 106/184 VUs, 8422 complete and 0 interrupted iterations
default   [  56% ] 106/184 VUs  3m27.0s/6m10.0s

running (3m28.0s), 109/184 VUs, 8523 complete and 0 interrupted iterations
default   [  56% ] 109/184 VUs  3m28.0s/6m10.0s

running (3m29.0s), 111/184 VUs, 8628 complete and 0 interrupted iterations
default   [  56% ] 111/184 VUs  3m29.0s/6m10.0s

running (3m30.0s), 113/184 VUs, 8736 complete and 0 interrupted iterations
default   [  57% ] 113/184 VUs  3m30.0s/6m10.0s

running (3m31.0s), 116/184 VUs, 8844 complete and 0 interrupted iterations
default   [  57% ] 116/184 VUs  3m31.0s/6m10.0s

running (3m32.0s), 118/184 VUs, 8958 complete and 0 interrupted iterations
default   [  57% ] 118/184 VUs  3m32.0s/6m10.0s

running (3m33.0s), 120/184 VUs, 9074 complete and 0 interrupted iterations
default   [  58% ] 120/184 VUs  3m33.0s/6m10.0s

running (3m34.0s), 123/184 VUs, 9192 complete and 0 interrupted iterations
default   [  58% ] 123/184 VUs  3m34.0s/6m10.0s

running (3m35.0s), 125/184 VUs, 9311 complete and 0 interrupted iterations
default   [  58% ] 125/184 VUs  3m35.0s/6m10.0s

running (3m36.0s), 127/184 VUs, 9436 complete and 0 interrupted iterations
default   [  58% ] 127/184 VUs  3m36.0s/6m10.0s

running (3m37.0s), 130/184 VUs, 9562 complete and 0 interrupted iterations
default   [  59% ] 130/184 VUs  3m37.0s/6m10.0s

running (3m38.0s), 132/184 VUs, 9691 complete and 0 interrupted iterations
default   [  59% ] 132/184 VUs  3m38.0s/6m10.0s

running (3m39.0s), 134/184 VUs, 9821 complete and 0 interrupted iterations
default   [  59% ] 134/184 VUs  3m39.0s/6m10.0s

running (3m40.0s), 137/184 VUs, 9955 complete and 0 interrupted iterations
default   [  59% ] 137/184 VUs  3m40.0s/6m10.0s

running (3m41.0s), 139/184 VUs, 10087 complete and 0 interrupted iterations
default   [  60% ] 139/184 VUs  3m41.0s/6m10.0s

running (3m42.0s), 141/184 VUs, 10226 complete and 0 interrupted iterations
default   [  60% ] 141/184 VUs  3m42.0s/6m10.0s

running (3m43.0s), 144/184 VUs, 10367 complete and 0 interrupted iterations
default   [  60% ] 144/184 VUs  3m43.0s/6m10.0s

running (3m44.0s), 146/184 VUs, 10506 complete and 0 interrupted iterations
default   [  61% ] 146/184 VUs  3m44.0s/6m10.0s

running (3m45.0s), 148/184 VUs, 10652 complete and 0 interrupted iterations
default   [  61% ] 148/184 VUs  3m45.0s/6m10.0s

running (3m46.0s), 151/184 VUs, 10800 complete and 0 interrupted iterations
default   [  61% ] 151/184 VUs  3m46.0s/6m10.0s

running (3m47.0s), 153/184 VUs, 10945 complete and 0 interrupted iterations
default   [  61% ] 153/184 VUs  3m47.0s/6m10.0s

running (3m48.0s), 155/184 VUs, 11096 complete and 0 interrupted iterations
default   [  62% ] 155/184 VUs  3m48.0s/6m10.0s

running (3m49.0s), 158/184 VUs, 11245 complete and 0 interrupted iterations
default   [  62% ] 158/184 VUs  3m49.0s/6m10.0s

running (3m50.0s), 160/184 VUs, 11403 complete and 0 interrupted iterations
default   [  62% ] 160/184 VUs  3m50.0s/6m10.0s

running (3m51.0s), 162/184 VUs, 11563 complete and 0 interrupted iterations
default   [  62% ] 162/184 VUs  3m51.0s/6m10.0s

running (3m52.0s), 165/184 VUs, 11716 complete and 0 interrupted iterations
default   [  63% ] 165/184 VUs  3m52.0s/6m10.0s

running (3m53.0s), 167/184 VUs, 11881 complete and 0 interrupted iterations
default   [  63% ] 167/184 VUs  3m53.0s/6m10.0s

running (3m54.0s), 169/184 VUs, 12047 complete and 0 interrupted iterations
default   [  63% ] 169/184 VUs  3m54.0s/6m10.0s

running (3m55.0s), 172/184 VUs, 12208 complete and 0 interrupted iterations
default   [  64% ] 172/184 VUs  3m55.0s/6m10.0s

running (3m56.0s), 174/184 VUs, 12380 complete and 0 interrupted iterations
default   [  64% ] 174/184 VUs  3m56.0s/6m10.0s

running (3m57.0s), 176/184 VUs, 12553 complete and 0 interrupted iterations
default   [  64% ] 176/184 VUs  3m57.0s/6m10.0s

running (3m58.0s), 179/184 VUs, 12723 complete and 0 interrupted iterations
default   [  64% ] 179/184 VUs  3m58.0s/6m10.0s

running (3m59.0s), 181/184 VUs, 12895 complete and 0 interrupted iterations
default   [  65% ] 181/184 VUs  3m59.0s/6m10.0s

running (4m00.0s), 183/184 VUs, 13073 complete and 0 interrupted iterations
default   [  65% ] 183/184 VUs  4m00.0s/6m10.0s

running (4m01.0s), 184/184 VUs, 13254 complete and 0 interrupted iterations
default   [  65% ] 184/184 VUs  4m01.0s/6m10.0s

running (4m02.0s), 184/184 VUs, 13437 complete and 0 interrupted iterations
default   [  65% ] 184/184 VUs  4m02.0s/6m10.0s

running (4m03.0s), 184/184 VUs, 13611 complete and 0 interrupted iterations
default   [  66% ] 184/184 VUs  4m03.0s/6m10.0s

running (4m04.0s), 184/184 VUs, 13794 complete and 0 interrupted iterations
default   [  66% ] 184/184 VUs  4m04.0s/6m10.0s

running (4m05.0s), 184/184 VUs, 13978 complete and 0 interrupted iterations
default   [  66% ] 184/184 VUs  4m05.0s/6m10.0s

running (4m06.0s), 184/184 VUs, 14162 complete and 0 interrupted iterations
default   [  66% ] 184/184 VUs  4m06.0s/6m10.0s

running (4m07.0s), 184/184 VUs, 14346 complete and 0 interrupted iterations
default   [  67% ] 184/184 VUs  4m07.0s/6m10.0s

running (4m08.0s), 184/184 VUs, 14524 complete and 0 interrupted iterations
default   [  67% ] 184/184 VUs  4m08.0s/6m10.0s

running (4m09.0s), 184/184 VUs, 14701 complete and 0 interrupted iterations
default   [  67% ] 184/184 VUs  4m09.0s/6m10.0s

running (4m10.0s), 184/184 VUs, 14884 complete and 0 interrupted iterations
default   [  68% ] 184/184 VUs  4m10.0s/6m10.0s

running (4m11.0s), 184/184 VUs, 15068 complete and 0 interrupted iterations
default   [  68% ] 184/184 VUs  4m11.0s/6m10.0s

running (4m12.0s), 184/184 VUs, 15243 complete and 0 interrupted iterations
default   [  68% ] 184/184 VUs  4m12.0s/6m10.0s

running (4m13.0s), 184/184 VUs, 15426 complete and 0 interrupted iterations
default   [  68% ] 184/184 VUs  4m13.0s/6m10.0s

running (4m14.0s), 184/184 VUs, 15606 complete and 0 interrupted iterations
default   [  69% ] 184/184 VUs  4m14.0s/6m10.0s

running (4m15.0s), 184/184 VUs, 15784 complete and 0 interrupted iterations
default   [  69% ] 184/184 VUs  4m15.0s/6m10.0s

running (4m16.0s), 184/184 VUs, 15967 complete and 0 interrupted iterations
default   [  69% ] 184/184 VUs  4m16.0s/6m10.0s

running (4m17.0s), 184/184 VUs, 16149 complete and 0 interrupted iterations
default   [  69% ] 184/184 VUs  4m17.0s/6m10.0s

running (4m18.0s), 184/184 VUs, 16325 complete and 0 interrupted iterations
default   [  70% ] 184/184 VUs  4m18.0s/6m10.0s

running (4m19.0s), 184/184 VUs, 16508 complete and 0 interrupted iterations
default   [  70% ] 184/184 VUs  4m19.0s/6m10.0s

running (4m20.0s), 184/184 VUs, 16679 complete and 0 interrupted iterations
default   [  70% ] 184/184 VUs  4m20.0s/6m10.0s

running (4m21.0s), 184/184 VUs, 16792 complete and 0 interrupted iterations
default   [  71% ] 184/184 VUs  4m21.0s/6m10.0s

running (4m22.0s), 184/184 VUs, 16963 complete and 0 interrupted iterations
default   [  71% ] 184/184 VUs  4m22.0s/6m10.0s

running (4m23.0s), 184/184 VUs, 17130 complete and 0 interrupted iterations
default   [  71% ] 184/184 VUs  4m23.0s/6m10.0s

running (4m24.0s), 184/184 VUs, 17314 complete and 0 interrupted iterations
default   [  71% ] 184/184 VUs  4m24.0s/6m10.0s

running (4m25.0s), 184/184 VUs, 17340 complete and 0 interrupted iterations
default   [  72% ] 184/184 VUs  4m25.0s/6m10.0s

running (4m26.0s), 184/184 VUs, 17524 complete and 0 interrupted iterations
default   [  72% ] 184/184 VUs  4m26.0s/6m10.0s

running (4m27.0s), 184/184 VUs, 17708 complete and 0 interrupted iterations
default   [  72% ] 184/184 VUs  4m27.0s/6m10.0s

running (4m28.0s), 184/184 VUs, 17892 complete and 0 interrupted iterations
default   [  72% ] 184/184 VUs  4m28.0s/6m10.0s

running (4m29.0s), 184/184 VUs, 18015 complete and 0 interrupted iterations
default   [  73% ] 184/184 VUs  4m29.0s/6m10.0s

running (4m30.0s), 184/184 VUs, 18198 complete and 0 interrupted iterations
default   [  73% ] 184/184 VUs  4m30.0s/6m10.0s

running (4m31.0s), 184/184 VUs, 18360 complete and 0 interrupted iterations
default   [  73% ] 184/184 VUs  4m31.0s/6m10.0s

running (4m32.0s), 184/184 VUs, 18543 complete and 0 interrupted iterations
default   [  74% ] 184/184 VUs  4m32.0s/6m10.0s

running (4m33.0s), 184/184 VUs, 18725 complete and 0 interrupted iterations
default   [  74% ] 184/184 VUs  4m33.0s/6m10.0s

running (4m34.0s), 184/184 VUs, 18908 complete and 0 interrupted iterations
default   [  74% ] 184/184 VUs  4m34.0s/6m10.0s

running (4m35.0s), 184/184 VUs, 19090 complete and 0 interrupted iterations
default   [  74% ] 184/184 VUs  4m35.0s/6m10.0s

running (4m36.0s), 184/184 VUs, 19274 complete and 0 interrupted iterations
default   [  75% ] 184/184 VUs  4m36.0s/6m10.0s

running (4m37.0s), 184/184 VUs, 19451 complete and 0 interrupted iterations
default   [  75% ] 184/184 VUs  4m37.0s/6m10.0s

running (4m38.0s), 184/184 VUs, 19634 complete and 0 interrupted iterations
default   [  75% ] 184/184 VUs  4m38.0s/6m10.0s

running (4m39.0s), 184/184 VUs, 19818 complete and 0 interrupted iterations
default   [  75% ] 184/184 VUs  4m39.0s/6m10.0s

running (4m40.0s), 184/184 VUs, 20002 complete and 0 interrupted iterations
default   [  76% ] 184/184 VUs  4m40.0s/6m10.0s

running (4m41.0s), 184/184 VUs, 20183 complete and 0 interrupted iterations
default   [  76% ] 184/184 VUs  4m41.0s/6m10.0s

running (4m42.0s), 184/184 VUs, 20367 complete and 0 interrupted iterations
default   [  76% ] 184/184 VUs  4m42.0s/6m10.0s

running (4m43.0s), 184/184 VUs, 20542 complete and 0 interrupted iterations
default   [  76% ] 184/184 VUs  4m43.0s/6m10.0s

running (4m44.0s), 184/184 VUs, 20726 complete and 0 interrupted iterations
default   [  77% ] 184/184 VUs  4m44.0s/6m10.0s

running (4m45.0s), 184/184 VUs, 20904 complete and 0 interrupted iterations
default   [  77% ] 184/184 VUs  4m45.0s/6m10.0s

running (4m46.0s), 184/184 VUs, 21085 complete and 0 interrupted iterations
default   [  77% ] 184/184 VUs  4m46.0s/6m10.0s

running (4m47.0s), 184/184 VUs, 21262 complete and 0 interrupted iterations
default   [  78% ] 184/184 VUs  4m47.0s/6m10.0s

running (4m48.0s), 184/184 VUs, 21440 complete and 0 interrupted iterations
default   [  78% ] 184/184 VUs  4m48.0s/6m10.0s

running (4m49.0s), 184/184 VUs, 21619 complete and 0 interrupted iterations
default   [  78% ] 184/184 VUs  4m49.0s/6m10.0s

running (4m50.0s), 184/184 VUs, 21801 complete and 0 interrupted iterations
default   [  78% ] 184/184 VUs  4m50.0s/6m10.0s

running (4m51.0s), 184/184 VUs, 21985 complete and 0 interrupted iterations
default   [  79% ] 184/184 VUs  4m51.0s/6m10.0s

running (4m52.0s), 184/184 VUs, 22163 complete and 0 interrupted iterations
default   [  79% ] 184/184 VUs  4m52.0s/6m10.0s

running (4m53.0s), 184/184 VUs, 22326 complete and 0 interrupted iterations
default   [  79% ] 184/184 VUs  4m53.0s/6m10.0s

running (4m54.0s), 184/184 VUs, 22507 complete and 0 interrupted iterations
default   [  79% ] 184/184 VUs  4m54.0s/6m10.0s

running (4m55.0s), 184/184 VUs, 22675 complete and 0 interrupted iterations
default   [  80% ] 184/184 VUs  4m55.0s/6m10.0s

running (4m56.0s), 184/184 VUs, 22859 complete and 0 interrupted iterations
default   [  80% ] 184/184 VUs  4m56.0s/6m10.0s

running (4m57.0s), 184/184 VUs, 23037 complete and 0 interrupted iterations
default   [  80% ] 184/184 VUs  4m57.0s/6m10.0s

running (4m58.0s), 184/184 VUs, 23220 complete and 0 interrupted iterations
default   [  81% ] 184/184 VUs  4m58.0s/6m10.0s

running (4m59.0s), 184/184 VUs, 23384 complete and 0 interrupted iterations
default   [  81% ] 184/184 VUs  4m59.0s/6m10.0s

running (5m00.0s), 184/184 VUs, 23489 complete and 0 interrupted iterations
default   [  81% ] 184/184 VUs  5m00.0s/6m10.0s

running (5m01.0s), 184/184 VUs, 23673 complete and 0 interrupted iterations
default   [  81% ] 184/184 VUs  5m01.0s/6m10.0s

running (5m02.0s), 184/184 VUs, 23857 complete and 0 interrupted iterations
default   [  82% ] 184/184 VUs  5m02.0s/6m10.0s

running (5m03.0s), 184/184 VUs, 24041 complete and 0 interrupted iterations
default   [  82% ] 184/184 VUs  5m03.0s/6m10.0s

running (5m04.0s), 184/184 VUs, 24225 complete and 0 interrupted iterations
default   [  82% ] 184/184 VUs  5m04.0s/6m10.0s

running (5m05.0s), 184/184 VUs, 24409 complete and 0 interrupted iterations
default   [  82% ] 184/184 VUs  5m05.0s/6m10.0s

running (5m06.0s), 184/184 VUs, 24593 complete and 0 interrupted iterations
default   [  83% ] 184/184 VUs  5m06.0s/6m10.0s

running (5m07.0s), 184/184 VUs, 24777 complete and 0 interrupted iterations
default   [  83% ] 184/184 VUs  5m07.0s/6m10.0s

running (5m08.0s), 184/184 VUs, 24961 complete and 0 interrupted iterations
default   [  83% ] 184/184 VUs  5m08.0s/6m10.0s

running (5m09.0s), 184/184 VUs, 25145 complete and 0 interrupted iterations
default   [  84% ] 184/184 VUs  5m09.0s/6m10.0s

running (5m10.0s), 184/184 VUs, 25329 complete and 0 interrupted iterations
default   [  84% ] 184/184 VUs  5m10.0s/6m10.0s

running (5m11.0s), 184/184 VUs, 25513 complete and 0 interrupted iterations
default   [  84% ] 184/184 VUs  5m11.0s/6m10.0s

running (5m12.0s), 184/184 VUs, 25697 complete and 0 interrupted iterations
default   [  84% ] 184/184 VUs  5m12.0s/6m10.0s

running (5m13.0s), 184/184 VUs, 25874 complete and 0 interrupted iterations
default   [  85% ] 184/184 VUs  5m13.0s/6m10.0s

running (5m14.0s), 184/184 VUs, 26024 complete and 0 interrupted iterations
default   [  85% ] 184/184 VUs  5m14.0s/6m10.0s

running (5m15.0s), 184/184 VUs, 26190 complete and 0 interrupted iterations
default   [  85% ] 184/184 VUs  5m15.0s/6m10.0s

running (5m16.0s), 184/184 VUs, 26361 complete and 0 interrupted iterations
default   [  85% ] 184/184 VUs  5m16.0s/6m10.0s

running (5m17.0s), 184/184 VUs, 26447 complete and 0 interrupted iterations
default   [  86% ] 184/184 VUs  5m17.0s/6m10.0s

running (5m18.0s), 184/184 VUs, 26625 complete and 0 interrupted iterations
default   [  86% ] 184/184 VUs  5m18.0s/6m10.0s

running (5m19.0s), 184/184 VUs, 26809 complete and 0 interrupted iterations
default   [  86% ] 184/184 VUs  5m19.0s/6m10.0s

running (5m20.0s), 184/184 VUs, 26993 complete and 0 interrupted iterations
default   [  86% ] 184/184 VUs  5m20.0s/6m10.0s

running (5m21.0s), 184/184 VUs, 27177 complete and 0 interrupted iterations
default   [  87% ] 184/184 VUs  5m21.0s/6m10.0s

running (5m22.0s), 184/184 VUs, 27361 complete and 0 interrupted iterations
default   [  87% ] 184/184 VUs  5m22.0s/6m10.0s

running (5m23.0s), 184/184 VUs, 27545 complete and 0 interrupted iterations
default   [  87% ] 184/184 VUs  5m23.0s/6m10.0s

running (5m24.0s), 184/184 VUs, 27729 complete and 0 interrupted iterations
default   [  88% ] 184/184 VUs  5m24.0s/6m10.0s

running (5m25.0s), 184/184 VUs, 27913 complete and 0 interrupted iterations
default   [  88% ] 184/184 VUs  5m25.0s/6m10.0s

running (5m26.0s), 184/184 VUs, 28097 complete and 0 interrupted iterations
default   [  88% ] 184/184 VUs  5m26.0s/6m10.0s

running (5m27.0s), 184/184 VUs, 28281 complete and 0 interrupted iterations
default   [  88% ] 184/184 VUs  5m27.0s/6m10.0s

running (5m28.0s), 184/184 VUs, 28465 complete and 0 interrupted iterations
default   [  89% ] 184/184 VUs  5m28.0s/6m10.0s

running (5m29.0s), 184/184 VUs, 28649 complete and 0 interrupted iterations
default   [  89% ] 184/184 VUs  5m29.0s/6m10.0s

running (5m30.0s), 184/184 VUs, 28663 complete and 0 interrupted iterations
default   [  89% ] 184/184 VUs  5m30.0s/6m10.0s

running (5m31.0s), 184/184 VUs, 28847 complete and 0 interrupted iterations
default   [  89% ] 184/184 VUs  5m31.0s/6m10.0s

running (5m32.0s), 184/184 VUs, 29031 complete and 0 interrupted iterations
default   [  90% ] 184/184 VUs  5m32.0s/6m10.0s

running (5m33.0s), 184/184 VUs, 29215 complete and 0 interrupted iterations
default   [  90% ] 184/184 VUs  5m33.0s/6m10.0s

running (5m34.0s), 184/184 VUs, 29399 complete and 0 interrupted iterations
default   [  90% ] 184/184 VUs  5m34.0s/6m10.0s

running (5m35.0s), 184/184 VUs, 29583 complete and 0 interrupted iterations
default   [  91% ] 184/184 VUs  5m35.0s/6m10.0s

running (5m36.0s), 184/184 VUs, 29767 complete and 0 interrupted iterations
default   [  91% ] 184/184 VUs  5m36.0s/6m10.0s

running (5m37.0s), 184/184 VUs, 29951 complete and 0 interrupted iterations
default   [  91% ] 184/184 VUs  5m37.0s/6m10.0s

running (5m38.0s), 184/184 VUs, 30135 complete and 0 interrupted iterations
default   [  91% ] 184/184 VUs  5m38.0s/6m10.0s

running (5m39.0s), 184/184 VUs, 30319 complete and 0 interrupted iterations
default   [  92% ] 184/184 VUs  5m39.0s/6m10.0s

running (5m40.0s), 184/184 VUs, 30404 complete and 0 interrupted iterations
default   [  92% ] 184/184 VUs  5m40.0s/6m10.0s

running (5m41.0s), 184/184 VUs, 30587 complete and 0 interrupted iterations
default   [  92% ] 184/184 VUs  5m41.0s/6m10.0s

running (5m42.0s), 184/184 VUs, 30762 complete and 0 interrupted iterations
default   [  92% ] 184/184 VUs  5m42.0s/6m10.0s

running (5m43.0s), 184/184 VUs, 30936 complete and 0 interrupted iterations
default   [  93% ] 184/184 VUs  5m43.0s/6m10.0s

running (5m44.0s), 184/184 VUs, 31116 complete and 0 interrupted iterations
default   [  93% ] 184/184 VUs  5m44.0s/6m10.0s

running (5m45.0s), 184/184 VUs, 31290 complete and 0 interrupted iterations
default   [  93% ] 184/184 VUs  5m45.0s/6m10.0s

running (5m46.0s), 184/184 VUs, 31464 complete and 0 interrupted iterations
default   [  94% ] 184/184 VUs  5m46.0s/6m10.0s

running (5m47.0s), 184/184 VUs, 31626 complete and 0 interrupted iterations
default   [  94% ] 184/184 VUs  5m47.0s/6m10.0s

running (5m48.0s), 184/184 VUs, 31810 complete and 0 interrupted iterations
default   [  94% ] 184/184 VUs  5m48.0s/6m10.0s

running (5m49.0s), 184/184 VUs, 31994 complete and 0 interrupted iterations
default   [  94% ] 184/184 VUs  5m49.0s/6m10.0s

running (5m50.0s), 184/184 VUs, 32178 complete and 0 interrupted iterations
default   [  95% ] 184/184 VUs  5m50.0s/6m10.0s

running (5m51.0s), 184/184 VUs, 32362 complete and 0 interrupted iterations
default   [  95% ] 184/184 VUs  5m51.0s/6m10.0s

running (5m52.0s), 184/184 VUs, 32546 complete and 0 interrupted iterations
default   [  95% ] 184/184 VUs  5m52.0s/6m10.0s

running (5m53.0s), 184/184 VUs, 32730 complete and 0 interrupted iterations
default   [  95% ] 184/184 VUs  5m53.0s/6m10.0s

running (5m54.0s), 184/184 VUs, 32914 complete and 0 interrupted iterations
default   [  96% ] 184/184 VUs  5m54.0s/6m10.0s

running (5m55.0s), 184/184 VUs, 33097 complete and 0 interrupted iterations
default   [  96% ] 184/184 VUs  5m55.0s/6m10.0s

running (5m56.0s), 184/184 VUs, 33270 complete and 0 interrupted iterations
default   [  96% ] 184/184 VUs  5m56.0s/6m10.0s

running (5m57.0s), 184/184 VUs, 33454 complete and 0 interrupted iterations
default   [  96% ] 184/184 VUs  5m57.0s/6m10.0s

running (5m58.0s), 184/184 VUs, 33638 complete and 0 interrupted iterations
default   [  97% ] 184/184 VUs  5m58.0s/6m10.0s

running (5m59.0s), 184/184 VUs, 33822 complete and 0 interrupted iterations
default   [  97% ] 184/184 VUs  5m59.0s/6m10.0s

running (6m00.0s), 184/184 VUs, 33947 complete and 0 interrupted iterations
default   [  97% ] 184/184 VUs  6m00.0s/6m10.0s

running (6m01.0s), 182/184 VUs, 34041 complete and 0 interrupted iterations
default   [  98% ] 182/184 VUs  6m01.0s/6m10.0s

running (6m02.0s), 161/184 VUs, 34218 complete and 0 interrupted iterations
default   [  98% ] 161/184 VUs  6m02.0s/6m10.0s

running (6m03.0s), 144/184 VUs, 34379 complete and 0 interrupted iterations
default   [  98% ] 144/184 VUs  6m03.0s/6m10.0s

running (6m04.0s), 125/184 VUs, 34518 complete and 0 interrupted iterations
default   [  98% ] 125/184 VUs  6m04.0s/6m10.0s

running (6m05.0s), 104/184 VUs, 34640 complete and 0 interrupted iterations
default   [  99% ] 104/184 VUs  6m05.0s/6m10.0s

running (6m06.0s), 086/184 VUs, 34744 complete and 0 interrupted iterations
default   [  99% ] 086/184 VUs  6m06.0s/6m10.0s

running (6m07.0s), 068/184 VUs, 34830 complete and 0 interrupted iterations
default   [  99% ] 068/184 VUs  6m07.0s/6m10.0s

running (6m08.0s), 053/184 VUs, 34898 complete and 0 interrupted iterations
default   [  99% ] 053/184 VUs  6m08.0s/6m10.0s

running (6m09.0s), 030/184 VUs, 34951 complete and 0 interrupted iterations
default   [ 100% ] 030/184 VUs  6m09.0s/6m10.0s

running (6m10.0s), 013/184 VUs, 34981 complete and 0 interrupted iterations
default   [ 100% ] 013/184 VUs  6m10.0s/6m10.0s

running (6m10.6s), 000/184 VUs, 34994 complete and 0 interrupted iterations
default ✓ [ 100% ] 000/184 VUs  6m10s

     ✓ response ok

     checks.........................: 100.00% ✓ 34994 ✗ 0    
     data_received..................: 55 MB   148 kB/s
     data_sent......................: 13 MB   34 kB/s
     http_req_blocked...............: avg=54.15µs  min=0s     med=0s     max=201.85ms p(90)=1µs     p(95)=1µs    
     http_req_connecting............: avg=13.59µs  min=0s     med=0s     max=9.54ms   p(90)=0s      p(95)=0s     
   ✓ http_req_duration..............: avg=21.18ms  min=4.56ms med=9.59ms max=1.01s    p(90)=36.91ms p(95)=77.84ms
       { expected_response:true }...: avg=21.18ms  min=4.56ms med=9.59ms max=1.01s    p(90)=36.91ms p(95)=77.84ms
     http_req_failed................: 0.00%   ✓ 0     ✗ 69988
     http_req_receiving.............: avg=278.49µs min=28µs   med=81µs   max=144.89ms p(90)=294µs   p(95)=812µs  
     http_req_sending...............: avg=105.09µs min=21µs   med=79µs   max=8.37ms   p(90)=202µs   p(95)=267µs  
     http_req_tls_handshaking.......: avg=39.59µs  min=0s     med=0s     max=194.57ms p(90)=0s      p(95)=0s     
     http_req_waiting...............: avg=20.79ms  min=1.45ms med=9.26ms max=1.01s    p(90)=36.09ms p(95)=76.74ms
     http_reqs......................: 69988   188.850533/s
     iteration_duration.............: avg=1.04s    min=1.01s  med=1.01s  max=2.12s    p(90)=1.08s   p(95)=1.16s  
     iterations.....................: 34994   94.425267/s
     vus............................: 13      min=1   max=184
     vus_max........................: 184     min=184 max=184

