
          /\      |‾‾| /‾‾/   /‾‾/   
     /\  /  \     |  |/  /   /  /    
    /  \/    \    |     (   /   ‾‾\  
   /          \   |  |\  \ |  (‾)  | 
  / __________ \  |__| \__\ \_____/ .io

  execution: local
     script: monitoring/frequent/findPath/findPath_stress.js
     output: -

  scenarios: (100.00%) 1 scenario, 184 max VUs, 11m40s max duration (incl. graceful stop):
           * default: Up to 184 looping VUs for 11m10s over 3 stages (gracefulRampDown: 30s, gracefulStop: 30s)


running (00m01.0s), 003/184 VUs, 0 complete and 0 interrupted iterations
default   [   0% ] 003/184 VUs  00m01.0s/11m10.0s

running (00m02.0s), 007/184 VUs, 3 complete and 0 interrupted iterations
default   [   0% ] 007/184 VUs  00m02.0s/11m10.0s

running (00m03.0s), 010/184 VUs, 9 complete and 0 interrupted iterations
default   [   0% ] 010/184 VUs  00m03.0s/11m10.0s

running (00m04.0s), 013/184 VUs, 18 complete and 0 interrupted iterations
default   [   1% ] 013/184 VUs  00m04.0s/11m10.0s

running (00m05.0s), 016/184 VUs, 31 complete and 0 interrupted iterations
default   [   1% ] 016/184 VUs  00m05.0s/11m10.0s

running (00m06.0s), 019/184 VUs, 46 complete and 0 interrupted iterations
default   [   1% ] 019/184 VUs  00m06.0s/11m10.0s

running (00m07.0s), 022/184 VUs, 65 complete and 0 interrupted iterations
default   [   1% ] 022/184 VUs  00m07.0s/11m10.0s

running (00m08.0s), 025/184 VUs, 86 complete and 0 interrupted iterations
default   [   1% ] 025/184 VUs  00m08.0s/11m10.0s

running (00m09.0s), 028/184 VUs, 111 complete and 0 interrupted iterations
default   [   1% ] 028/184 VUs  00m09.0s/11m10.0s

running (00m10.0s), 031/184 VUs, 138 complete and 0 interrupted iterations
default   [   1% ] 031/184 VUs  00m10.0s/11m10.0s

running (00m11.0s), 034/184 VUs, 169 complete and 0 interrupted iterations
default   [   2% ] 034/184 VUs  00m11.0s/11m10.0s

running (00m12.0s), 037/184 VUs, 202 complete and 0 interrupted iterations
default   [   2% ] 037/184 VUs  00m12.0s/11m10.0s

running (00m13.0s), 040/184 VUs, 239 complete and 0 interrupted iterations
default   [   2% ] 040/184 VUs  00m13.0s/11m10.0s

running (00m14.0s), 043/184 VUs, 278 complete and 0 interrupted iterations
default   [   2% ] 043/184 VUs  00m14.0s/11m10.0s

running (00m15.0s), 046/184 VUs, 321 complete and 0 interrupted iterations
default   [   2% ] 046/184 VUs  00m15.0s/11m10.0s

running (00m16.0s), 049/184 VUs, 367 complete and 0 interrupted iterations
default   [   2% ] 049/184 VUs  00m16.0s/11m10.0s

running (00m17.0s), 052/184 VUs, 415 complete and 0 interrupted iterations
default   [   3% ] 052/184 VUs  00m17.0s/11m10.0s

running (00m18.0s), 055/184 VUs, 466 complete and 0 interrupted iterations
default   [   3% ] 055/184 VUs  00m18.0s/11m10.0s

running (00m19.0s), 058/184 VUs, 521 complete and 0 interrupted iterations
default   [   3% ] 058/184 VUs  00m19.0s/11m10.0s

running (00m20.0s), 061/184 VUs, 578 complete and 0 interrupted iterations
default   [   3% ] 061/184 VUs  00m20.0s/11m10.0s

running (00m21.0s), 064/184 VUs, 638 complete and 0 interrupted iterations
default   [   3% ] 064/184 VUs  00m21.0s/11m10.0s

running (00m22.0s), 068/184 VUs, 701 complete and 0 interrupted iterations
default   [   3% ] 068/184 VUs  00m22.0s/11m10.0s

running (00m23.0s), 071/184 VUs, 767 complete and 0 interrupted iterations
default   [   3% ] 071/184 VUs  00m23.0s/11m10.0s

running (00m24.0s), 074/184 VUs, 835 complete and 0 interrupted iterations
default   [   4% ] 074/184 VUs  00m24.0s/11m10.0s

running (00m25.0s), 077/184 VUs, 909 complete and 0 interrupted iterations
default   [   4% ] 077/184 VUs  00m25.0s/11m10.0s

running (00m26.0s), 080/184 VUs, 983 complete and 0 interrupted iterations
default   [   4% ] 080/184 VUs  00m26.0s/11m10.0s

running (00m27.0s), 083/184 VUs, 1063 complete and 0 interrupted iterations
default   [   4% ] 083/184 VUs  00m27.0s/11m10.0s

running (00m28.0s), 086/184 VUs, 1144 complete and 0 interrupted iterations
default   [   4% ] 086/184 VUs  00m28.0s/11m10.0s

running (00m29.0s), 089/184 VUs, 1229 complete and 0 interrupted iterations
default   [   4% ] 089/184 VUs  00m29.0s/11m10.0s

running (00m30.0s), 092/184 VUs, 1315 complete and 0 interrupted iterations
default   [   4% ] 092/184 VUs  00m30.0s/11m10.0s

running (00m31.0s), 095/184 VUs, 1407 complete and 0 interrupted iterations
default   [   5% ] 095/184 VUs  00m31.0s/11m10.0s

running (00m32.0s), 098/184 VUs, 1499 complete and 0 interrupted iterations
default   [   5% ] 098/184 VUs  00m32.0s/11m10.0s

running (00m33.0s), 101/184 VUs, 1595 complete and 0 interrupted iterations
default   [   5% ] 101/184 VUs  00m33.0s/11m10.0s

running (00m34.0s), 104/184 VUs, 1695 complete and 0 interrupted iterations
default   [   5% ] 104/184 VUs  00m34.0s/11m10.0s

running (00m35.0s), 107/184 VUs, 1799 complete and 0 interrupted iterations
default   [   5% ] 107/184 VUs  00m35.0s/11m10.0s

running (00m36.0s), 110/184 VUs, 1904 complete and 0 interrupted iterations
default   [   5% ] 110/184 VUs  00m36.0s/11m10.0s

running (00m37.0s), 113/184 VUs, 2013 complete and 0 interrupted iterations
default   [   6% ] 113/184 VUs  00m37.0s/11m10.0s

running (00m38.0s), 116/184 VUs, 2124 complete and 0 interrupted iterations
default   [   6% ] 116/184 VUs  00m38.0s/11m10.0s

running (00m39.0s), 119/184 VUs, 2239 complete and 0 interrupted iterations
default   [   6% ] 119/184 VUs  00m39.0s/11m10.0s

running (00m40.0s), 122/184 VUs, 2355 complete and 0 interrupted iterations
default   [   6% ] 122/184 VUs  00m40.0s/11m10.0s

running (00m41.0s), 125/184 VUs, 2475 complete and 0 interrupted iterations
default   [   6% ] 125/184 VUs  00m41.0s/11m10.0s

running (00m42.0s), 129/184 VUs, 2598 complete and 0 interrupted iterations
default   [   6% ] 129/184 VUs  00m42.0s/11m10.0s

running (00m43.0s), 132/184 VUs, 2725 complete and 0 interrupted iterations
default   [   6% ] 132/184 VUs  00m43.0s/11m10.0s

running (00m44.0s), 135/184 VUs, 2849 complete and 0 interrupted iterations
default   [   7% ] 135/184 VUs  00m44.0s/11m10.0s

running (00m45.0s), 138/184 VUs, 2983 complete and 0 interrupted iterations
default   [   7% ] 138/184 VUs  00m45.0s/11m10.0s

running (00m46.0s), 141/184 VUs, 3120 complete and 0 interrupted iterations
default   [   7% ] 141/184 VUs  00m46.0s/11m10.0s

running (00m47.0s), 144/184 VUs, 3261 complete and 0 interrupted iterations
default   [   7% ] 144/184 VUs  00m47.0s/11m10.0s

running (00m48.0s), 147/184 VUs, 3401 complete and 0 interrupted iterations
default   [   7% ] 147/184 VUs  00m48.0s/11m10.0s

running (00m49.0s), 150/184 VUs, 3548 complete and 0 interrupted iterations
default   [   7% ] 150/184 VUs  00m49.0s/11m10.0s

running (00m50.0s), 153/184 VUs, 3691 complete and 0 interrupted iterations
default   [   7% ] 153/184 VUs  00m50.0s/11m10.0s

running (00m51.0s), 156/184 VUs, 3843 complete and 0 interrupted iterations
default   [   8% ] 156/184 VUs  00m51.0s/11m10.0s

running (00m52.0s), 159/184 VUs, 3992 complete and 0 interrupted iterations
default   [   8% ] 159/184 VUs  00m52.0s/11m10.0s

running (00m53.0s), 162/184 VUs, 4151 complete and 0 interrupted iterations
default   [   8% ] 162/184 VUs  00m53.0s/11m10.0s

running (00m54.0s), 165/184 VUs, 4312 complete and 0 interrupted iterations
default   [   8% ] 165/184 VUs  00m54.0s/11m10.0s

running (00m55.0s), 168/184 VUs, 4476 complete and 0 interrupted iterations
default   [   8% ] 168/184 VUs  00m55.0s/11m10.0s

running (00m56.0s), 171/184 VUs, 4640 complete and 0 interrupted iterations
default   [   8% ] 171/184 VUs  00m56.0s/11m10.0s

running (00m57.0s), 174/184 VUs, 4809 complete and 0 interrupted iterations
default   [   9% ] 174/184 VUs  00m57.0s/11m10.0s

running (00m58.0s), 177/184 VUs, 4972 complete and 0 interrupted iterations
default   [   9% ] 177/184 VUs  00m58.0s/11m10.0s

running (00m59.0s), 180/184 VUs, 5149 complete and 0 interrupted iterations
default   [   9% ] 180/184 VUs  00m59.0s/11m10.0s

running (01m00.0s), 183/184 VUs, 5329 complete and 0 interrupted iterations
default   [   9% ] 183/184 VUs  01m00.0s/11m10.0s

running (01m01.0s), 184/184 VUs, 5508 complete and 0 interrupted iterations
default   [   9% ] 184/184 VUs  01m01.0s/11m10.0s

running (01m02.0s), 184/184 VUs, 5688 complete and 0 interrupted iterations
default   [   9% ] 184/184 VUs  01m02.0s/11m10.0s

running (01m03.0s), 184/184 VUs, 5872 complete and 0 interrupted iterations
default   [   9% ] 184/184 VUs  01m03.0s/11m10.0s

running (01m04.0s), 184/184 VUs, 6052 complete and 0 interrupted iterations
default   [  10% ] 184/184 VUs  01m04.0s/11m10.0s

running (01m05.0s), 184/184 VUs, 6234 complete and 0 interrupted iterations
default   [  10% ] 184/184 VUs  01m05.0s/11m10.0s

running (01m06.0s), 184/184 VUs, 6416 complete and 0 interrupted iterations
default   [  10% ] 184/184 VUs  01m06.0s/11m10.0s

running (01m07.0s), 184/184 VUs, 6600 complete and 0 interrupted iterations
default   [  10% ] 184/184 VUs  01m07.0s/11m10.0s

running (01m08.0s), 184/184 VUs, 6784 complete and 0 interrupted iterations
default   [  10% ] 184/184 VUs  01m08.0s/11m10.0s

running (01m09.0s), 184/184 VUs, 6964 complete and 0 interrupted iterations
default   [  10% ] 184/184 VUs  01m09.0s/11m10.0s

running (01m10.0s), 184/184 VUs, 7143 complete and 0 interrupted iterations
default   [  10% ] 184/184 VUs  01m10.0s/11m10.0s

running (01m11.0s), 184/184 VUs, 7322 complete and 0 interrupted iterations
default   [  11% ] 184/184 VUs  01m11.0s/11m10.0s

running (01m12.0s), 184/184 VUs, 7500 complete and 0 interrupted iterations
default   [  11% ] 184/184 VUs  01m12.0s/11m10.0s

running (01m13.0s), 184/184 VUs, 7679 complete and 0 interrupted iterations
default   [  11% ] 184/184 VUs  01m13.0s/11m10.0s

running (01m14.0s), 184/184 VUs, 7859 complete and 0 interrupted iterations
default   [  11% ] 184/184 VUs  01m14.0s/11m10.0s

running (01m15.0s), 184/184 VUs, 8040 complete and 0 interrupted iterations
default   [  11% ] 184/184 VUs  01m15.0s/11m10.0s

running (01m16.0s), 184/184 VUs, 8224 complete and 0 interrupted iterations
default   [  11% ] 184/184 VUs  01m16.0s/11m10.0s

running (01m17.0s), 184/184 VUs, 8408 complete and 0 interrupted iterations
default   [  11% ] 184/184 VUs  01m17.0s/11m10.0s

running (01m18.0s), 184/184 VUs, 8587 complete and 0 interrupted iterations
default   [  12% ] 184/184 VUs  01m18.0s/11m10.0s

running (01m19.0s), 184/184 VUs, 8767 complete and 0 interrupted iterations
default   [  12% ] 184/184 VUs  01m19.0s/11m10.0s

running (01m20.0s), 184/184 VUs, 8947 complete and 0 interrupted iterations
default   [  12% ] 184/184 VUs  01m20.0s/11m10.0s

running (01m21.0s), 184/184 VUs, 9110 complete and 0 interrupted iterations
default   [  12% ] 184/184 VUs  01m21.0s/11m10.0s

running (01m22.0s), 184/184 VUs, 9294 complete and 0 interrupted iterations
default   [  12% ] 184/184 VUs  01m22.0s/11m10.0s

running (01m23.0s), 184/184 VUs, 9364 complete and 0 interrupted iterations
default   [  12% ] 184/184 VUs  01m23.0s/11m10.0s

running (01m24.0s), 184/184 VUs, 9548 complete and 0 interrupted iterations
default   [  13% ] 184/184 VUs  01m24.0s/11m10.0s

running (01m25.0s), 184/184 VUs, 9729 complete and 0 interrupted iterations
default   [  13% ] 184/184 VUs  01m25.0s/11m10.0s

running (01m26.0s), 184/184 VUs, 9913 complete and 0 interrupted iterations
default   [  13% ] 184/184 VUs  01m26.0s/11m10.0s

running (01m27.0s), 184/184 VUs, 10033 complete and 0 interrupted iterations
default   [  13% ] 184/184 VUs  01m27.0s/11m10.0s

running (01m28.0s), 184/184 VUs, 10214 complete and 0 interrupted iterations
default   [  13% ] 184/184 VUs  01m28.0s/11m10.0s

running (01m29.0s), 184/184 VUs, 10388 complete and 0 interrupted iterations
default   [  13% ] 184/184 VUs  01m29.0s/11m10.0s

running (01m30.0s), 184/184 VUs, 10570 complete and 0 interrupted iterations
default   [  13% ] 184/184 VUs  01m30.0s/11m10.0s

running (01m31.0s), 184/184 VUs, 10753 complete and 0 interrupted iterations
default   [  14% ] 184/184 VUs  01m31.0s/11m10.0s

running (01m32.0s), 184/184 VUs, 10936 complete and 0 interrupted iterations
default   [  14% ] 184/184 VUs  01m32.0s/11m10.0s

running (01m33.0s), 184/184 VUs, 11047 complete and 0 interrupted iterations
default   [  14% ] 184/184 VUs  01m33.0s/11m10.0s

running (01m34.0s), 184/184 VUs, 11231 complete and 0 interrupted iterations
default   [  14% ] 184/184 VUs  01m34.0s/11m10.0s

running (01m35.0s), 184/184 VUs, 11415 complete and 0 interrupted iterations
default   [  14% ] 184/184 VUs  01m35.0s/11m10.0s

running (01m36.0s), 184/184 VUs, 11596 complete and 0 interrupted iterations
default   [  14% ] 184/184 VUs  01m36.0s/11m10.0s

running (01m37.0s), 184/184 VUs, 11779 complete and 0 interrupted iterations
default   [  14% ] 184/184 VUs  01m37.0s/11m10.0s

running (01m38.0s), 184/184 VUs, 11923 complete and 0 interrupted iterations
default   [  15% ] 184/184 VUs  01m38.0s/11m10.0s

running (01m39.0s), 184/184 VUs, 12086 complete and 0 interrupted iterations
default   [  15% ] 184/184 VUs  01m39.0s/11m10.0s

running (01m40.0s), 184/184 VUs, 12268 complete and 0 interrupted iterations
default   [  15% ] 184/184 VUs  01m40.0s/11m10.0s

running (01m41.0s), 184/184 VUs, 12449 complete and 0 interrupted iterations
default   [  15% ] 184/184 VUs  01m41.0s/11m10.0s

running (01m42.0s), 184/184 VUs, 12628 complete and 0 interrupted iterations
default   [  15% ] 184/184 VUs  01m42.0s/11m10.0s

running (01m43.0s), 184/184 VUs, 12806 complete and 0 interrupted iterations
default   [  15% ] 184/184 VUs  01m43.0s/11m10.0s

running (01m44.0s), 184/184 VUs, 12956 complete and 0 interrupted iterations
default   [  16% ] 184/184 VUs  01m44.0s/11m10.0s

running (01m45.0s), 184/184 VUs, 13128 complete and 0 interrupted iterations
default   [  16% ] 184/184 VUs  01m45.0s/11m10.0s

running (01m46.0s), 184/184 VUs, 13296 complete and 0 interrupted iterations
default   [  16% ] 184/184 VUs  01m46.0s/11m10.0s

running (01m47.0s), 184/184 VUs, 13438 complete and 0 interrupted iterations
default   [  16% ] 184/184 VUs  01m47.0s/11m10.0s

running (01m48.0s), 184/184 VUs, 13611 complete and 0 interrupted iterations
default   [  16% ] 184/184 VUs  01m48.0s/11m10.0s

running (01m49.0s), 184/184 VUs, 13795 complete and 0 interrupted iterations
default   [  16% ] 184/184 VUs  01m49.0s/11m10.0s

running (01m50.0s), 184/184 VUs, 13977 complete and 0 interrupted iterations
default   [  16% ] 184/184 VUs  01m50.0s/11m10.0s

running (01m51.0s), 184/184 VUs, 14150 complete and 0 interrupted iterations
default   [  17% ] 184/184 VUs  01m51.0s/11m10.0s

running (01m52.0s), 184/184 VUs, 14332 complete and 0 interrupted iterations
default   [  17% ] 184/184 VUs  01m52.0s/11m10.0s

running (01m53.0s), 184/184 VUs, 14515 complete and 0 interrupted iterations
default   [  17% ] 184/184 VUs  01m53.0s/11m10.0s

running (01m54.0s), 184/184 VUs, 14699 complete and 0 interrupted iterations
default   [  17% ] 184/184 VUs  01m54.0s/11m10.0s

running (01m55.0s), 184/184 VUs, 14878 complete and 0 interrupted iterations
default   [  17% ] 184/184 VUs  01m55.0s/11m10.0s

running (01m56.0s), 184/184 VUs, 15044 complete and 0 interrupted iterations
default   [  17% ] 184/184 VUs  01m56.0s/11m10.0s

running (01m57.0s), 184/184 VUs, 15225 complete and 0 interrupted iterations
default   [  17% ] 184/184 VUs  01m57.0s/11m10.0s

running (01m58.0s), 184/184 VUs, 15393 complete and 0 interrupted iterations
default   [  18% ] 184/184 VUs  01m58.0s/11m10.0s

running (01m59.0s), 184/184 VUs, 15555 complete and 0 interrupted iterations
default   [  18% ] 184/184 VUs  01m59.0s/11m10.0s

running (02m00.0s), 184/184 VUs, 15636 complete and 0 interrupted iterations
default   [  18% ] 184/184 VUs  02m00.0s/11m10.0s

running (02m01.0s), 184/184 VUs, 15820 complete and 0 interrupted iterations
default   [  18% ] 184/184 VUs  02m01.0s/11m10.0s

running (02m02.0s), 184/184 VUs, 16004 complete and 0 interrupted iterations
default   [  18% ] 184/184 VUs  02m02.0s/11m10.0s

running (02m03.0s), 184/184 VUs, 16188 complete and 0 interrupted iterations
default   [  18% ] 184/184 VUs  02m03.0s/11m10.0s

running (02m04.0s), 184/184 VUs, 16372 complete and 0 interrupted iterations
default   [  19% ] 184/184 VUs  02m04.0s/11m10.0s

running (02m05.0s), 184/184 VUs, 16556 complete and 0 interrupted iterations
default   [  19% ] 184/184 VUs  02m05.0s/11m10.0s

running (02m06.0s), 184/184 VUs, 16740 complete and 0 interrupted iterations
default   [  19% ] 184/184 VUs  02m06.0s/11m10.0s

running (02m07.0s), 184/184 VUs, 16924 complete and 0 interrupted iterations
default   [  19% ] 184/184 VUs  02m07.0s/11m10.0s

running (02m08.0s), 184/184 VUs, 17088 complete and 0 interrupted iterations
default   [  19% ] 184/184 VUs  02m08.0s/11m10.0s

running (02m09.0s), 184/184 VUs, 17152 complete and 0 interrupted iterations
default   [  19% ] 184/184 VUs  02m09.0s/11m10.0s

running (02m10.0s), 184/184 VUs, 17305 complete and 0 interrupted iterations
default   [  19% ] 184/184 VUs  02m10.0s/11m10.0s

running (02m11.0s), 184/184 VUs, 17481 complete and 0 interrupted iterations
default   [  20% ] 184/184 VUs  02m11.0s/11m10.0s

running (02m12.0s), 184/184 VUs, 17663 complete and 0 interrupted iterations
default   [  20% ] 184/184 VUs  02m12.0s/11m10.0s

running (02m13.0s), 184/184 VUs, 17833 complete and 0 interrupted iterations
default   [  20% ] 184/184 VUs  02m13.0s/11m10.0s

running (02m14.0s), 184/184 VUs, 18017 complete and 0 interrupted iterations
default   [  20% ] 184/184 VUs  02m14.0s/11m10.0s

running (02m15.0s), 184/184 VUs, 18201 complete and 0 interrupted iterations
default   [  20% ] 184/184 VUs  02m15.0s/11m10.0s

running (02m16.0s), 184/184 VUs, 18385 complete and 0 interrupted iterations
default   [  20% ] 184/184 VUs  02m16.0s/11m10.0s

running (02m17.0s), 184/184 VUs, 18569 complete and 0 interrupted iterations
default   [  20% ] 184/184 VUs  02m17.0s/11m10.0s

running (02m18.0s), 184/184 VUs, 18753 complete and 0 interrupted iterations
default   [  21% ] 184/184 VUs  02m18.0s/11m10.0s

running (02m19.0s), 184/184 VUs, 18937 complete and 0 interrupted iterations
default   [  21% ] 184/184 VUs  02m19.0s/11m10.0s

running (02m20.0s), 184/184 VUs, 19121 complete and 0 interrupted iterations
default   [  21% ] 184/184 VUs  02m20.0s/11m10.0s

running (02m21.0s), 184/184 VUs, 19305 complete and 0 interrupted iterations
default   [  21% ] 184/184 VUs  02m21.0s/11m10.0s

running (02m22.0s), 184/184 VUs, 19339 complete and 0 interrupted iterations
default   [  21% ] 184/184 VUs  02m22.0s/11m10.0s

running (02m23.0s), 184/184 VUs, 19523 complete and 0 interrupted iterations
default   [  21% ] 184/184 VUs  02m23.0s/11m10.0s

running (02m24.0s), 184/184 VUs, 19707 complete and 0 interrupted iterations
default   [  21% ] 184/184 VUs  02m24.0s/11m10.0s

running (02m25.0s), 184/184 VUs, 19891 complete and 0 interrupted iterations
default   [  22% ] 184/184 VUs  02m25.0s/11m10.0s

running (02m26.0s), 184/184 VUs, 20075 complete and 0 interrupted iterations
default   [  22% ] 184/184 VUs  02m26.0s/11m10.0s

running (02m27.0s), 184/184 VUs, 20259 complete and 0 interrupted iterations
default   [  22% ] 184/184 VUs  02m27.0s/11m10.0s

running (02m28.0s), 184/184 VUs, 20443 complete and 0 interrupted iterations
default   [  22% ] 184/184 VUs  02m28.0s/11m10.0s

running (02m29.0s), 184/184 VUs, 20627 complete and 0 interrupted iterations
default   [  22% ] 184/184 VUs  02m29.0s/11m10.0s

running (02m30.0s), 184/184 VUs, 20811 complete and 0 interrupted iterations
default   [  22% ] 184/184 VUs  02m30.0s/11m10.0s

running (02m31.0s), 184/184 VUs, 20993 complete and 0 interrupted iterations
default   [  23% ] 184/184 VUs  02m31.0s/11m10.0s

running (02m32.0s), 184/184 VUs, 21144 complete and 0 interrupted iterations
default   [  23% ] 184/184 VUs  02m32.0s/11m10.0s

running (02m33.0s), 184/184 VUs, 21302 complete and 0 interrupted iterations
default   [  23% ] 184/184 VUs  02m33.0s/11m10.0s

running (02m34.0s), 184/184 VUs, 21461 complete and 0 interrupted iterations
default   [  23% ] 184/184 VUs  02m34.0s/11m10.0s

running (02m35.0s), 184/184 VUs, 21642 complete and 0 interrupted iterations
default   [  23% ] 184/184 VUs  02m35.0s/11m10.0s

running (02m36.0s), 184/184 VUs, 21817 complete and 0 interrupted iterations
default   [  23% ] 184/184 VUs  02m36.0s/11m10.0s

running (02m37.0s), 184/184 VUs, 21997 complete and 0 interrupted iterations
default   [  23% ] 184/184 VUs  02m37.0s/11m10.0s

running (02m38.0s), 184/184 VUs, 22178 complete and 0 interrupted iterations
default   [  24% ] 184/184 VUs  02m38.0s/11m10.0s

running (02m39.0s), 184/184 VUs, 22294 complete and 0 interrupted iterations
default   [  24% ] 184/184 VUs  02m39.0s/11m10.0s

running (02m40.0s), 184/184 VUs, 22478 complete and 0 interrupted iterations
default   [  24% ] 184/184 VUs  02m40.0s/11m10.0s

running (02m41.0s), 184/184 VUs, 22662 complete and 0 interrupted iterations
default   [  24% ] 184/184 VUs  02m41.0s/11m10.0s

running (02m42.0s), 184/184 VUs, 22846 complete and 0 interrupted iterations
default   [  24% ] 184/184 VUs  02m42.0s/11m10.0s

running (02m43.0s), 184/184 VUs, 23028 complete and 0 interrupted iterations
default   [  24% ] 184/184 VUs  02m43.0s/11m10.0s

running (02m44.0s), 184/184 VUs, 23212 complete and 0 interrupted iterations
default   [  24% ] 184/184 VUs  02m44.0s/11m10.0s

running (02m45.0s), 184/184 VUs, 23396 complete and 0 interrupted iterations
default   [  25% ] 184/184 VUs  02m45.0s/11m10.0s

running (02m46.0s), 184/184 VUs, 23580 complete and 0 interrupted iterations
default   [  25% ] 184/184 VUs  02m46.0s/11m10.0s

running (02m47.0s), 184/184 VUs, 23764 complete and 0 interrupted iterations
default   [  25% ] 184/184 VUs  02m47.0s/11m10.0s

running (02m48.0s), 184/184 VUs, 23948 complete and 0 interrupted iterations
default   [  25% ] 184/184 VUs  02m48.0s/11m10.0s

running (02m49.0s), 184/184 VUs, 24132 complete and 0 interrupted iterations
default   [  25% ] 184/184 VUs  02m49.0s/11m10.0s

running (02m50.0s), 184/184 VUs, 24316 complete and 0 interrupted iterations
default   [  25% ] 184/184 VUs  02m50.0s/11m10.0s

running (02m51.0s), 184/184 VUs, 24500 complete and 0 interrupted iterations
default   [  26% ] 184/184 VUs  02m51.0s/11m10.0s

running (02m52.0s), 184/184 VUs, 24684 complete and 0 interrupted iterations
default   [  26% ] 184/184 VUs  02m52.0s/11m10.0s

running (02m53.0s), 184/184 VUs, 24856 complete and 0 interrupted iterations
default   [  26% ] 184/184 VUs  02m53.0s/11m10.0s

running (02m54.0s), 184/184 VUs, 25019 complete and 0 interrupted iterations
default   [  26% ] 184/184 VUs  02m54.0s/11m10.0s

running (02m55.0s), 184/184 VUs, 25195 complete and 0 interrupted iterations
default   [  26% ] 184/184 VUs  02m55.0s/11m10.0s

running (02m56.0s), 184/184 VUs, 25355 complete and 0 interrupted iterations
default   [  26% ] 184/184 VUs  02m56.0s/11m10.0s

running (02m57.0s), 184/184 VUs, 25496 complete and 0 interrupted iterations
default   [  26% ] 184/184 VUs  02m57.0s/11m10.0s

running (02m58.0s), 184/184 VUs, 25671 complete and 0 interrupted iterations
default   [  27% ] 184/184 VUs  02m58.0s/11m10.0s

running (02m59.0s), 184/184 VUs, 25854 complete and 0 interrupted iterations
default   [  27% ] 184/184 VUs  02m59.0s/11m10.0s

running (03m00.0s), 184/184 VUs, 25994 complete and 0 interrupted iterations
default   [  27% ] 184/184 VUs  03m00.0s/11m10.0s

running (03m01.0s), 184/184 VUs, 26178 complete and 0 interrupted iterations
default   [  27% ] 184/184 VUs  03m01.0s/11m10.0s

running (03m02.0s), 184/184 VUs, 26362 complete and 0 interrupted iterations
default   [  27% ] 184/184 VUs  03m02.0s/11m10.0s

running (03m03.0s), 184/184 VUs, 26546 complete and 0 interrupted iterations
default   [  27% ] 184/184 VUs  03m03.0s/11m10.0s

running (03m04.0s), 184/184 VUs, 26730 complete and 0 interrupted iterations
default   [  27% ] 184/184 VUs  03m04.0s/11m10.0s

running (03m05.0s), 184/184 VUs, 26903 complete and 0 interrupted iterations
default   [  28% ] 184/184 VUs  03m05.0s/11m10.0s

running (03m06.0s), 184/184 VUs, 27084 complete and 0 interrupted iterations
default   [  28% ] 184/184 VUs  03m06.0s/11m10.0s

running (03m07.0s), 184/184 VUs, 27216 complete and 0 interrupted iterations
default   [  28% ] 184/184 VUs  03m07.0s/11m10.0s

running (03m08.0s), 184/184 VUs, 27391 complete and 0 interrupted iterations
default   [  28% ] 184/184 VUs  03m08.0s/11m10.0s

running (03m09.0s), 184/184 VUs, 27563 complete and 0 interrupted iterations
default   [  28% ] 184/184 VUs  03m09.0s/11m10.0s

running (03m10.0s), 184/184 VUs, 27734 complete and 0 interrupted iterations
default   [  28% ] 184/184 VUs  03m10.0s/11m10.0s

running (03m11.0s), 184/184 VUs, 27916 complete and 0 interrupted iterations
default   [  29% ] 184/184 VUs  03m11.0s/11m10.0s

running (03m12.0s), 184/184 VUs, 28099 complete and 0 interrupted iterations
default   [  29% ] 184/184 VUs  03m12.0s/11m10.0s

running (03m13.0s), 184/184 VUs, 28277 complete and 0 interrupted iterations
default   [  29% ] 184/184 VUs  03m13.0s/11m10.0s

running (03m14.0s), 184/184 VUs, 28427 complete and 0 interrupted iterations
default   [  29% ] 184/184 VUs  03m14.0s/11m10.0s

running (03m15.0s), 184/184 VUs, 28607 complete and 0 interrupted iterations
default   [  29% ] 184/184 VUs  03m15.0s/11m10.0s

running (03m16.0s), 184/184 VUs, 28783 complete and 0 interrupted iterations
default   [  29% ] 184/184 VUs  03m16.0s/11m10.0s

running (03m17.0s), 184/184 VUs, 28948 complete and 0 interrupted iterations
default   [  29% ] 184/184 VUs  03m17.0s/11m10.0s

running (03m18.0s), 184/184 VUs, 29109 complete and 0 interrupted iterations
default   [  30% ] 184/184 VUs  03m18.0s/11m10.0s

running (03m19.0s), 184/184 VUs, 29293 complete and 0 interrupted iterations
default   [  30% ] 184/184 VUs  03m19.0s/11m10.0s

running (03m20.0s), 184/184 VUs, 29477 complete and 0 interrupted iterations
default   [  30% ] 184/184 VUs  03m20.0s/11m10.0s

running (03m21.0s), 184/184 VUs, 29661 complete and 0 interrupted iterations
default   [  30% ] 184/184 VUs  03m21.0s/11m10.0s

running (03m22.0s), 184/184 VUs, 29845 complete and 0 interrupted iterations
default   [  30% ] 184/184 VUs  03m22.0s/11m10.0s

running (03m23.0s), 184/184 VUs, 30029 complete and 0 interrupted iterations
default   [  30% ] 184/184 VUs  03m23.0s/11m10.0s

running (03m24.0s), 184/184 VUs, 30164 complete and 0 interrupted iterations
default   [  30% ] 184/184 VUs  03m24.0s/11m10.0s

running (03m25.0s), 184/184 VUs, 30344 complete and 0 interrupted iterations
default   [  31% ] 184/184 VUs  03m25.0s/11m10.0s

running (03m26.0s), 184/184 VUs, 30512 complete and 0 interrupted iterations
default   [  31% ] 184/184 VUs  03m26.0s/11m10.0s

running (03m27.0s), 184/184 VUs, 30637 complete and 0 interrupted iterations
default   [  31% ] 184/184 VUs  03m27.0s/11m10.0s

running (03m28.0s), 184/184 VUs, 30816 complete and 0 interrupted iterations
default   [  31% ] 184/184 VUs  03m28.0s/11m10.0s

running (03m29.0s), 184/184 VUs, 30993 complete and 0 interrupted iterations
default   [  31% ] 184/184 VUs  03m29.0s/11m10.0s

running (03m30.0s), 184/184 VUs, 31172 complete and 0 interrupted iterations
default   [  31% ] 184/184 VUs  03m30.0s/11m10.0s

running (03m31.0s), 184/184 VUs, 31356 complete and 0 interrupted iterations
default   [  31% ] 184/184 VUs  03m31.0s/11m10.0s

running (03m32.0s), 184/184 VUs, 31536 complete and 0 interrupted iterations
default   [  32% ] 184/184 VUs  03m32.0s/11m10.0s

running (03m33.0s), 184/184 VUs, 31711 complete and 0 interrupted iterations
default   [  32% ] 184/184 VUs  03m33.0s/11m10.0s

running (03m34.0s), 184/184 VUs, 31793 complete and 0 interrupted iterations
default   [  32% ] 184/184 VUs  03m34.0s/11m10.0s

running (03m35.0s), 184/184 VUs, 31911 complete and 0 interrupted iterations
default   [  32% ] 184/184 VUs  03m35.0s/11m10.0s

running (03m36.0s), 184/184 VUs, 32095 complete and 0 interrupted iterations
default   [  32% ] 184/184 VUs  03m36.0s/11m10.0s

running (03m37.0s), 184/184 VUs, 32279 complete and 0 interrupted iterations
default   [  32% ] 184/184 VUs  03m37.0s/11m10.0s

running (03m38.0s), 184/184 VUs, 32463 complete and 0 interrupted iterations
default   [  33% ] 184/184 VUs  03m38.0s/11m10.0s

running (03m39.0s), 184/184 VUs, 32646 complete and 0 interrupted iterations
default   [  33% ] 184/184 VUs  03m39.0s/11m10.0s

running (03m40.0s), 184/184 VUs, 32830 complete and 0 interrupted iterations
default   [  33% ] 184/184 VUs  03m40.0s/11m10.0s

running (03m41.0s), 184/184 VUs, 33014 complete and 0 interrupted iterations
default   [  33% ] 184/184 VUs  03m41.0s/11m10.0s

running (03m42.0s), 184/184 VUs, 33198 complete and 0 interrupted iterations
default   [  33% ] 184/184 VUs  03m42.0s/11m10.0s

running (03m43.0s), 184/184 VUs, 33382 complete and 0 interrupted iterations
default   [  33% ] 184/184 VUs  03m43.0s/11m10.0s

running (03m44.0s), 184/184 VUs, 33546 complete and 0 interrupted iterations
default   [  33% ] 184/184 VUs  03m44.0s/11m10.0s

running (03m45.0s), 184/184 VUs, 33719 complete and 0 interrupted iterations
default   [  34% ] 184/184 VUs  03m45.0s/11m10.0s

running (03m46.0s), 184/184 VUs, 33899 complete and 0 interrupted iterations
default   [  34% ] 184/184 VUs  03m46.0s/11m10.0s

running (03m47.0s), 184/184 VUs, 34068 complete and 0 interrupted iterations
default   [  34% ] 184/184 VUs  03m47.0s/11m10.0s

running (03m48.0s), 184/184 VUs, 34129 complete and 0 interrupted iterations
default   [  34% ] 184/184 VUs  03m48.0s/11m10.0s

running (03m49.0s), 184/184 VUs, 34313 complete and 0 interrupted iterations
default   [  34% ] 184/184 VUs  03m49.0s/11m10.0s

running (03m50.0s), 184/184 VUs, 34497 complete and 0 interrupted iterations
default   [  34% ] 184/184 VUs  03m50.0s/11m10.0s

running (03m51.0s), 184/184 VUs, 34681 complete and 0 interrupted iterations
default   [  34% ] 184/184 VUs  03m51.0s/11m10.0s

running (03m52.0s), 184/184 VUs, 34865 complete and 0 interrupted iterations
default   [  35% ] 184/184 VUs  03m52.0s/11m10.0s

running (03m53.0s), 184/184 VUs, 35049 complete and 0 interrupted iterations
default   [  35% ] 184/184 VUs  03m53.0s/11m10.0s

running (03m54.0s), 184/184 VUs, 35233 complete and 0 interrupted iterations
default   [  35% ] 184/184 VUs  03m54.0s/11m10.0s

running (03m55.0s), 184/184 VUs, 35417 complete and 0 interrupted iterations
default   [  35% ] 184/184 VUs  03m55.0s/11m10.0s

running (03m56.0s), 184/184 VUs, 35601 complete and 0 interrupted iterations
default   [  35% ] 184/184 VUs  03m56.0s/11m10.0s

running (03m57.0s), 184/184 VUs, 35778 complete and 0 interrupted iterations
default   [  35% ] 184/184 VUs  03m57.0s/11m10.0s

running (03m58.0s), 184/184 VUs, 35947 complete and 0 interrupted iterations
default   [  36% ] 184/184 VUs  03m58.0s/11m10.0s

running (03m59.0s), 184/184 VUs, 36122 complete and 0 interrupted iterations
default   [  36% ] 184/184 VUs  03m59.0s/11m10.0s

running (04m00.0s), 184/184 VUs, 36299 complete and 0 interrupted iterations
default   [  36% ] 184/184 VUs  04m00.0s/11m10.0s

running (04m01.0s), 184/184 VUs, 36347 complete and 0 interrupted iterations
default   [  36% ] 184/184 VUs  04m01.0s/11m10.0s

running (04m02.0s), 184/184 VUs, 36521 complete and 0 interrupted iterations
default   [  36% ] 184/184 VUs  04m02.0s/11m10.0s

running (04m03.0s), 184/184 VUs, 36704 complete and 0 interrupted iterations
default   [  36% ] 184/184 VUs  04m03.0s/11m10.0s

running (04m04.0s), 184/184 VUs, 36888 complete and 0 interrupted iterations
default   [  36% ] 184/184 VUs  04m04.0s/11m10.0s

running (04m05.0s), 184/184 VUs, 37072 complete and 0 interrupted iterations
default   [  37% ] 184/184 VUs  04m05.0s/11m10.0s

running (04m06.0s), 184/184 VUs, 37256 complete and 0 interrupted iterations
default   [  37% ] 184/184 VUs  04m06.0s/11m10.0s

running (04m07.0s), 184/184 VUs, 37440 complete and 0 interrupted iterations
default   [  37% ] 184/184 VUs  04m07.0s/11m10.0s

running (04m08.0s), 184/184 VUs, 37624 complete and 0 interrupted iterations
default   [  37% ] 184/184 VUs  04m08.0s/11m10.0s

running (04m09.0s), 184/184 VUs, 37808 complete and 0 interrupted iterations
default   [  37% ] 184/184 VUs  04m09.0s/11m10.0s

running (04m10.0s), 184/184 VUs, 37973 complete and 0 interrupted iterations
default   [  37% ] 184/184 VUs  04m10.0s/11m10.0s

running (04m11.0s), 184/184 VUs, 38098 complete and 0 interrupted iterations
default   [  37% ] 184/184 VUs  04m11.0s/11m10.0s

running (04m12.0s), 184/184 VUs, 38271 complete and 0 interrupted iterations
default   [  38% ] 184/184 VUs  04m12.0s/11m10.0s

running (04m13.0s), 184/184 VUs, 38433 complete and 0 interrupted iterations
default   [  38% ] 184/184 VUs  04m13.0s/11m10.0s

running (04m14.0s), 184/184 VUs, 38613 complete and 0 interrupted iterations
default   [  38% ] 184/184 VUs  04m14.0s/11m10.0s

running (04m15.0s), 184/184 VUs, 38788 complete and 0 interrupted iterations
default   [  38% ] 184/184 VUs  04m15.0s/11m10.0s

running (04m16.0s), 184/184 VUs, 38970 complete and 0 interrupted iterations
default   [  38% ] 184/184 VUs  04m16.0s/11m10.0s

running (04m17.0s), 184/184 VUs, 39142 complete and 0 interrupted iterations
default   [  38% ] 184/184 VUs  04m17.0s/11m10.0s

running (04m18.0s), 184/184 VUs, 39304 complete and 0 interrupted iterations
default   [  39% ] 184/184 VUs  04m18.0s/11m10.0s

running (04m19.0s), 184/184 VUs, 39488 complete and 0 interrupted iterations
default   [  39% ] 184/184 VUs  04m19.0s/11m10.0s

running (04m20.0s), 184/184 VUs, 39672 complete and 0 interrupted iterations
default   [  39% ] 184/184 VUs  04m20.0s/11m10.0s

running (04m21.0s), 184/184 VUs, 39856 complete and 0 interrupted iterations
default   [  39% ] 184/184 VUs  04m21.0s/11m10.0s

running (04m22.0s), 184/184 VUs, 40033 complete and 0 interrupted iterations
default   [  39% ] 184/184 VUs  04m22.0s/11m10.0s

running (04m23.0s), 184/184 VUs, 40216 complete and 0 interrupted iterations
default   [  39% ] 184/184 VUs  04m23.0s/11m10.0s

running (04m24.0s), 184/184 VUs, 40400 complete and 0 interrupted iterations
default   [  39% ] 184/184 VUs  04m24.0s/11m10.0s

running (04m25.0s), 184/184 VUs, 40584 complete and 0 interrupted iterations
default   [  40% ] 184/184 VUs  04m25.0s/11m10.0s

running (04m26.0s), 184/184 VUs, 40728 complete and 0 interrupted iterations
default   [  40% ] 184/184 VUs  04m26.0s/11m10.0s

running (04m27.0s), 184/184 VUs, 40852 complete and 0 interrupted iterations
default   [  40% ] 184/184 VUs  04m27.0s/11m10.0s

running (04m28.0s), 184/184 VUs, 40973 complete and 0 interrupted iterations
default   [  40% ] 184/184 VUs  04m28.0s/11m10.0s

running (04m29.0s), 184/184 VUs, 41155 complete and 0 interrupted iterations
default   [  40% ] 184/184 VUs  04m29.0s/11m10.0s

running (04m30.0s), 184/184 VUs, 41338 complete and 0 interrupted iterations
default   [  40% ] 184/184 VUs  04m30.0s/11m10.0s

running (04m31.0s), 184/184 VUs, 41522 complete and 0 interrupted iterations
default   [  40% ] 184/184 VUs  04m31.0s/11m10.0s

running (04m32.0s), 184/184 VUs, 41706 complete and 0 interrupted iterations
default   [  41% ] 184/184 VUs  04m32.0s/11m10.0s

running (04m33.0s), 184/184 VUs, 41890 complete and 0 interrupted iterations
default   [  41% ] 184/184 VUs  04m33.0s/11m10.0s

running (04m34.0s), 184/184 VUs, 42074 complete and 0 interrupted iterations
default   [  41% ] 184/184 VUs  04m34.0s/11m10.0s

running (04m35.0s), 184/184 VUs, 42258 complete and 0 interrupted iterations
default   [  41% ] 184/184 VUs  04m35.0s/11m10.0s

running (04m36.0s), 184/184 VUs, 42442 complete and 0 interrupted iterations
default   [  41% ] 184/184 VUs  04m36.0s/11m10.0s

running (04m37.0s), 184/184 VUs, 42626 complete and 0 interrupted iterations
default   [  41% ] 184/184 VUs  04m37.0s/11m10.0s

running (04m38.0s), 184/184 VUs, 42810 complete and 0 interrupted iterations
default   [  41% ] 184/184 VUs  04m38.0s/11m10.0s

running (04m39.0s), 184/184 VUs, 42994 complete and 0 interrupted iterations
default   [  42% ] 184/184 VUs  04m39.0s/11m10.0s

running (04m40.0s), 184/184 VUs, 43165 complete and 0 interrupted iterations
default   [  42% ] 184/184 VUs  04m40.0s/11m10.0s

running (04m41.0s), 184/184 VUs, 43244 complete and 0 interrupted iterations
default   [  42% ] 184/184 VUs  04m41.0s/11m10.0s

running (04m42.0s), 184/184 VUs, 43420 complete and 0 interrupted iterations
default   [  42% ] 184/184 VUs  04m42.0s/11m10.0s

running (04m43.0s), 184/184 VUs, 43588 complete and 0 interrupted iterations
default   [  42% ] 184/184 VUs  04m43.0s/11m10.0s

running (04m44.0s), 184/184 VUs, 43744 complete and 0 interrupted iterations
default   [  42% ] 184/184 VUs  04m44.0s/11m10.0s

running (04m45.0s), 184/184 VUs, 43928 complete and 0 interrupted iterations
default   [  43% ] 184/184 VUs  04m45.0s/11m10.0s

running (04m46.0s), 184/184 VUs, 44112 complete and 0 interrupted iterations
default   [  43% ] 184/184 VUs  04m46.0s/11m10.0s

running (04m47.0s), 184/184 VUs, 44296 complete and 0 interrupted iterations
default   [  43% ] 184/184 VUs  04m47.0s/11m10.0s

running (04m48.0s), 184/184 VUs, 44480 complete and 0 interrupted iterations
default   [  43% ] 184/184 VUs  04m48.0s/11m10.0s

running (04m49.0s), 184/184 VUs, 44662 complete and 0 interrupted iterations
default   [  43% ] 184/184 VUs  04m49.0s/11m10.0s

running (04m50.0s), 184/184 VUs, 44846 complete and 0 interrupted iterations
default   [  43% ] 184/184 VUs  04m50.0s/11m10.0s

running (04m51.0s), 184/184 VUs, 45030 complete and 0 interrupted iterations
default   [  43% ] 184/184 VUs  04m51.0s/11m10.0s

running (04m52.0s), 184/184 VUs, 45214 complete and 0 interrupted iterations
default   [  44% ] 184/184 VUs  04m52.0s/11m10.0s

running (04m53.0s), 184/184 VUs, 45398 complete and 0 interrupted iterations
default   [  44% ] 184/184 VUs  04m53.0s/11m10.0s

running (04m54.0s), 184/184 VUs, 45582 complete and 0 interrupted iterations
default   [  44% ] 184/184 VUs  04m54.0s/11m10.0s

running (04m55.0s), 184/184 VUs, 45748 complete and 0 interrupted iterations
default   [  44% ] 184/184 VUs  04m55.0s/11m10.0s

running (04m56.0s), 184/184 VUs, 45923 complete and 0 interrupted iterations
default   [  44% ] 184/184 VUs  04m56.0s/11m10.0s

running (04m57.0s), 184/184 VUs, 46107 complete and 0 interrupted iterations
default   [  44% ] 184/184 VUs  04m57.0s/11m10.0s

running (04m58.0s), 184/184 VUs, 46258 complete and 0 interrupted iterations
default   [  44% ] 184/184 VUs  04m58.0s/11m10.0s

running (04m59.0s), 184/184 VUs, 46419 complete and 0 interrupted iterations
default   [  45% ] 184/184 VUs  04m59.0s/11m10.0s

running (05m00.0s), 184/184 VUs, 46583 complete and 0 interrupted iterations
default   [  45% ] 184/184 VUs  05m00.0s/11m10.0s

running (05m01.0s), 184/184 VUs, 46754 complete and 0 interrupted iterations
default   [  45% ] 184/184 VUs  05m01.0s/11m10.0s

running (05m02.0s), 184/184 VUs, 46935 complete and 0 interrupted iterations
default   [  45% ] 184/184 VUs  05m02.0s/11m10.0s

running (05m03.0s), 184/184 VUs, 47113 complete and 0 interrupted iterations
default   [  45% ] 184/184 VUs  05m03.0s/11m10.0s

running (05m04.0s), 184/184 VUs, 47285 complete and 0 interrupted iterations
default   [  45% ] 184/184 VUs  05m04.0s/11m10.0s

running (05m05.0s), 184/184 VUs, 47448 complete and 0 interrupted iterations
default   [  46% ] 184/184 VUs  05m05.0s/11m10.0s

running (05m06.0s), 184/184 VUs, 47632 complete and 0 interrupted iterations
default   [  46% ] 184/184 VUs  05m06.0s/11m10.0s

running (05m07.0s), 184/184 VUs, 47808 complete and 0 interrupted iterations
default   [  46% ] 184/184 VUs  05m07.0s/11m10.0s

running (05m08.0s), 184/184 VUs, 47990 complete and 0 interrupted iterations
default   [  46% ] 184/184 VUs  05m08.0s/11m10.0s

running (05m09.0s), 184/184 VUs, 48119 complete and 0 interrupted iterations
default   [  46% ] 184/184 VUs  05m09.0s/11m10.0s

running (05m10.0s), 184/184 VUs, 48289 complete and 0 interrupted iterations
default   [  46% ] 184/184 VUs  05m10.0s/11m10.0s

running (05m11.0s), 184/184 VUs, 48461 complete and 0 interrupted iterations
default   [  46% ] 184/184 VUs  05m11.0s/11m10.0s

running (05m12.0s), 184/184 VUs, 48631 complete and 0 interrupted iterations
default   [  47% ] 184/184 VUs  05m12.0s/11m10.0s

running (05m13.0s), 184/184 VUs, 48814 complete and 0 interrupted iterations
default   [  47% ] 184/184 VUs  05m13.0s/11m10.0s

running (05m14.0s), 184/184 VUs, 48991 complete and 0 interrupted iterations
default   [  47% ] 184/184 VUs  05m14.0s/11m10.0s

running (05m15.0s), 184/184 VUs, 49170 complete and 0 interrupted iterations
default   [  47% ] 184/184 VUs  05m15.0s/11m10.0s

running (05m16.0s), 184/184 VUs, 49348 complete and 0 interrupted iterations
default   [  47% ] 184/184 VUs  05m16.0s/11m10.0s

running (05m17.0s), 184/184 VUs, 49527 complete and 0 interrupted iterations
default   [  47% ] 184/184 VUs  05m17.0s/11m10.0s

running (05m18.0s), 184/184 VUs, 49665 complete and 0 interrupted iterations
default   [  47% ] 184/184 VUs  05m18.0s/11m10.0s

running (05m19.0s), 184/184 VUs, 49849 complete and 0 interrupted iterations
default   [  48% ] 184/184 VUs  05m19.0s/11m10.0s

running (05m20.0s), 184/184 VUs, 50033 complete and 0 interrupted iterations
default   [  48% ] 184/184 VUs  05m20.0s/11m10.0s

running (05m21.0s), 184/184 VUs, 50217 complete and 0 interrupted iterations
default   [  48% ] 184/184 VUs  05m21.0s/11m10.0s

running (05m22.0s), 184/184 VUs, 50400 complete and 0 interrupted iterations
default   [  48% ] 184/184 VUs  05m22.0s/11m10.0s

running (05m23.0s), 184/184 VUs, 50577 complete and 0 interrupted iterations
default   [  48% ] 184/184 VUs  05m23.0s/11m10.0s

running (05m24.0s), 184/184 VUs, 50760 complete and 0 interrupted iterations
default   [  48% ] 184/184 VUs  05m24.0s/11m10.0s

running (05m25.0s), 184/184 VUs, 50944 complete and 0 interrupted iterations
default   [  49% ] 184/184 VUs  05m25.0s/11m10.0s

running (05m26.0s), 184/184 VUs, 51106 complete and 0 interrupted iterations
default   [  49% ] 184/184 VUs  05m26.0s/11m10.0s

running (05m27.0s), 184/184 VUs, 51217 complete and 0 interrupted iterations
default   [  49% ] 184/184 VUs  05m27.0s/11m10.0s

running (05m28.0s), 184/184 VUs, 51337 complete and 0 interrupted iterations
default   [  49% ] 184/184 VUs  05m28.0s/11m10.0s

running (05m29.0s), 184/184 VUs, 51514 complete and 0 interrupted iterations
default   [  49% ] 184/184 VUs  05m29.0s/11m10.0s

running (05m30.0s), 184/184 VUs, 51692 complete and 0 interrupted iterations
default   [  49% ] 184/184 VUs  05m30.0s/11m10.0s

running (05m31.0s), 184/184 VUs, 51874 complete and 0 interrupted iterations
default   [  49% ] 184/184 VUs  05m31.0s/11m10.0s

running (05m32.0s), 184/184 VUs, 52057 complete and 0 interrupted iterations
default   [  50% ] 184/184 VUs  05m32.0s/11m10.0s

running (05m33.0s), 184/184 VUs, 52241 complete and 0 interrupted iterations
default   [  50% ] 184/184 VUs  05m33.0s/11m10.0s

running (05m34.0s), 184/184 VUs, 52425 complete and 0 interrupted iterations
default   [  50% ] 184/184 VUs  05m34.0s/11m10.0s

running (05m35.0s), 184/184 VUs, 52609 complete and 0 interrupted iterations
default   [  50% ] 184/184 VUs  05m35.0s/11m10.0s

running (05m36.0s), 184/184 VUs, 52793 complete and 0 interrupted iterations
default   [  50% ] 184/184 VUs  05m36.0s/11m10.0s

running (05m37.0s), 184/184 VUs, 52977 complete and 0 interrupted iterations
default   [  50% ] 184/184 VUs  05m37.0s/11m10.0s

running (05m38.0s), 184/184 VUs, 53161 complete and 0 interrupted iterations
default   [  50% ] 184/184 VUs  05m38.0s/11m10.0s

running (05m39.0s), 184/184 VUs, 53345 complete and 0 interrupted iterations
default   [  51% ] 184/184 VUs  05m39.0s/11m10.0s

running (05m40.0s), 184/184 VUs, 53529 complete and 0 interrupted iterations
default   [  51% ] 184/184 VUs  05m40.0s/11m10.0s

running (05m41.0s), 184/184 VUs, 53713 complete and 0 interrupted iterations
default   [  51% ] 184/184 VUs  05m41.0s/11m10.0s

running (05m42.0s), 184/184 VUs, 53888 complete and 0 interrupted iterations
default   [  51% ] 184/184 VUs  05m42.0s/11m10.0s

running (05m43.0s), 184/184 VUs, 54041 complete and 0 interrupted iterations
default   [  51% ] 184/184 VUs  05m43.0s/11m10.0s

running (05m44.0s), 184/184 VUs, 54219 complete and 0 interrupted iterations
default   [  51% ] 184/184 VUs  05m44.0s/11m10.0s

running (05m45.0s), 184/184 VUs, 54367 complete and 0 interrupted iterations
default   [  51% ] 184/184 VUs  05m45.0s/11m10.0s

running (05m46.0s), 184/184 VUs, 54539 complete and 0 interrupted iterations
default   [  52% ] 184/184 VUs  05m46.0s/11m10.0s

running (05m47.0s), 184/184 VUs, 54709 complete and 0 interrupted iterations
default   [  52% ] 184/184 VUs  05m47.0s/11m10.0s

running (05m48.0s), 184/184 VUs, 54889 complete and 0 interrupted iterations
default   [  52% ] 184/184 VUs  05m48.0s/11m10.0s

running (05m49.0s), 184/184 VUs, 55059 complete and 0 interrupted iterations
default   [  52% ] 184/184 VUs  05m49.0s/11m10.0s

running (05m50.0s), 184/184 VUs, 55241 complete and 0 interrupted iterations
default   [  52% ] 184/184 VUs  05m50.0s/11m10.0s

running (05m51.0s), 184/184 VUs, 55417 complete and 0 interrupted iterations
default   [  52% ] 184/184 VUs  05m51.0s/11m10.0s

running (05m52.0s), 184/184 VUs, 55588 complete and 0 interrupted iterations
default   [  53% ] 184/184 VUs  05m52.0s/11m10.0s

running (05m53.0s), 184/184 VUs, 55764 complete and 0 interrupted iterations
default   [  53% ] 184/184 VUs  05m53.0s/11m10.0s

running (05m54.0s), 184/184 VUs, 55944 complete and 0 interrupted iterations
default   [  53% ] 184/184 VUs  05m54.0s/11m10.0s

running (05m55.0s), 184/184 VUs, 56126 complete and 0 interrupted iterations
default   [  53% ] 184/184 VUs  05m55.0s/11m10.0s

running (05m56.0s), 184/184 VUs, 56306 complete and 0 interrupted iterations
default   [  53% ] 184/184 VUs  05m56.0s/11m10.0s

running (05m57.0s), 184/184 VUs, 56421 complete and 0 interrupted iterations
default   [  53% ] 184/184 VUs  05m57.0s/11m10.0s

running (05m58.0s), 184/184 VUs, 56525 complete and 0 interrupted iterations
default   [  53% ] 184/184 VUs  05m58.0s/11m10.0s

running (05m59.0s), 184/184 VUs, 56683 complete and 0 interrupted iterations
default   [  54% ] 184/184 VUs  05m59.0s/11m10.0s

running (06m00.0s), 184/184 VUs, 56845 complete and 0 interrupted iterations
default   [  54% ] 184/184 VUs  06m00.0s/11m10.0s

running (06m01.0s), 184/184 VUs, 57012 complete and 0 interrupted iterations
default   [  54% ] 184/184 VUs  06m01.0s/11m10.0s

running (06m02.0s), 184/184 VUs, 57189 complete and 0 interrupted iterations
default   [  54% ] 184/184 VUs  06m02.0s/11m10.0s

running (06m03.0s), 184/184 VUs, 57373 complete and 0 interrupted iterations
default   [  54% ] 184/184 VUs  06m03.0s/11m10.0s

running (06m04.0s), 184/184 VUs, 57557 complete and 0 interrupted iterations
default   [  54% ] 184/184 VUs  06m04.0s/11m10.0s

running (06m05.0s), 184/184 VUs, 57732 complete and 0 interrupted iterations
default   [  54% ] 184/184 VUs  06m05.0s/11m10.0s

running (06m06.0s), 184/184 VUs, 57915 complete and 0 interrupted iterations
default   [  55% ] 184/184 VUs  06m06.0s/11m10.0s

running (06m07.0s), 184/184 VUs, 58095 complete and 0 interrupted iterations
default   [  55% ] 184/184 VUs  06m07.0s/11m10.0s

running (06m08.0s), 184/184 VUs, 58274 complete and 0 interrupted iterations
default   [  55% ] 184/184 VUs  06m08.0s/11m10.0s

running (06m09.0s), 184/184 VUs, 58421 complete and 0 interrupted iterations
default   [  55% ] 184/184 VUs  06m09.0s/11m10.0s

running (06m10.0s), 184/184 VUs, 58599 complete and 0 interrupted iterations
default   [  55% ] 184/184 VUs  06m10.0s/11m10.0s

running (06m11.0s), 184/184 VUs, 58777 complete and 0 interrupted iterations
default   [  55% ] 184/184 VUs  06m11.0s/11m10.0s

running (06m12.0s), 184/184 VUs, 58949 complete and 0 interrupted iterations
default   [  56% ] 184/184 VUs  06m12.0s/11m10.0s

running (06m13.0s), 184/184 VUs, 59124 complete and 0 interrupted iterations
default   [  56% ] 184/184 VUs  06m13.0s/11m10.0s

running (06m14.0s), 184/184 VUs, 59275 complete and 0 interrupted iterations
default   [  56% ] 184/184 VUs  06m14.0s/11m10.0s

running (06m15.0s), 184/184 VUs, 59459 complete and 0 interrupted iterations
default   [  56% ] 184/184 VUs  06m15.0s/11m10.0s

running (06m16.0s), 184/184 VUs, 59643 complete and 0 interrupted iterations
default   [  56% ] 184/184 VUs  06m16.0s/11m10.0s

running (06m17.0s), 184/184 VUs, 59827 complete and 0 interrupted iterations
default   [  56% ] 184/184 VUs  06m17.0s/11m10.0s

running (06m18.0s), 184/184 VUs, 60011 complete and 0 interrupted iterations
default   [  56% ] 184/184 VUs  06m18.0s/11m10.0s

running (06m19.0s), 184/184 VUs, 60193 complete and 0 interrupted iterations
default   [  57% ] 184/184 VUs  06m19.0s/11m10.0s

running (06m20.0s), 184/184 VUs, 60377 complete and 0 interrupted iterations
default   [  57% ] 184/184 VUs  06m20.0s/11m10.0s

running (06m21.0s), 184/184 VUs, 60561 complete and 0 interrupted iterations
default   [  57% ] 184/184 VUs  06m21.0s/11m10.0s

running (06m22.0s), 184/184 VUs, 60745 complete and 0 interrupted iterations
default   [  57% ] 184/184 VUs  06m22.0s/11m10.0s

running (06m23.0s), 184/184 VUs, 60929 complete and 0 interrupted iterations
default   [  57% ] 184/184 VUs  06m23.0s/11m10.0s

running (06m24.0s), 184/184 VUs, 61113 complete and 0 interrupted iterations
default   [  57% ] 184/184 VUs  06m24.0s/11m10.0s

running (06m25.0s), 184/184 VUs, 61284 complete and 0 interrupted iterations
default   [  57% ] 184/184 VUs  06m25.0s/11m10.0s

running (06m26.0s), 184/184 VUs, 61460 complete and 0 interrupted iterations
default   [  58% ] 184/184 VUs  06m26.0s/11m10.0s

running (06m27.0s), 184/184 VUs, 61591 complete and 0 interrupted iterations
default   [  58% ] 184/184 VUs  06m27.0s/11m10.0s

running (06m28.0s), 184/184 VUs, 61727 complete and 0 interrupted iterations
default   [  58% ] 184/184 VUs  06m28.0s/11m10.0s

running (06m29.0s), 184/184 VUs, 61890 complete and 0 interrupted iterations
default   [  58% ] 184/184 VUs  06m29.0s/11m10.0s

running (06m30.0s), 184/184 VUs, 62066 complete and 0 interrupted iterations
default   [  58% ] 184/184 VUs  06m30.0s/11m10.0s

running (06m31.0s), 184/184 VUs, 62243 complete and 0 interrupted iterations
default   [  58% ] 184/184 VUs  06m31.0s/11m10.0s

running (06m32.0s), 184/184 VUs, 62420 complete and 0 interrupted iterations
default   [  59% ] 184/184 VUs  06m32.0s/11m10.0s

running (06m33.0s), 184/184 VUs, 62603 complete and 0 interrupted iterations
default   [  59% ] 184/184 VUs  06m33.0s/11m10.0s

running (06m34.0s), 184/184 VUs, 62787 complete and 0 interrupted iterations
default   [  59% ] 184/184 VUs  06m34.0s/11m10.0s

running (06m35.0s), 184/184 VUs, 62971 complete and 0 interrupted iterations
default   [  59% ] 184/184 VUs  06m35.0s/11m10.0s

running (06m36.0s), 184/184 VUs, 63141 complete and 0 interrupted iterations
default   [  59% ] 184/184 VUs  06m36.0s/11m10.0s

running (06m37.0s), 184/184 VUs, 63325 complete and 0 interrupted iterations
default   [  59% ] 184/184 VUs  06m37.0s/11m10.0s

running (06m38.0s), 184/184 VUs, 63509 complete and 0 interrupted iterations
default   [  59% ] 184/184 VUs  06m38.0s/11m10.0s

running (06m39.0s), 184/184 VUs, 63693 complete and 0 interrupted iterations
default   [  60% ] 184/184 VUs  06m39.0s/11m10.0s

running (06m40.0s), 184/184 VUs, 63877 complete and 0 interrupted iterations
default   [  60% ] 184/184 VUs  06m40.0s/11m10.0s

running (06m41.0s), 184/184 VUs, 64061 complete and 0 interrupted iterations
default   [  60% ] 184/184 VUs  06m41.0s/11m10.0s

running (06m42.0s), 184/184 VUs, 64206 complete and 0 interrupted iterations
default   [  60% ] 184/184 VUs  06m42.0s/11m10.0s

running (06m43.0s), 184/184 VUs, 64373 complete and 0 interrupted iterations
default   [  60% ] 184/184 VUs  06m43.0s/11m10.0s

running (06m44.0s), 184/184 VUs, 64478 complete and 0 interrupted iterations
default   [  60% ] 184/184 VUs  06m44.0s/11m10.0s

running (06m45.0s), 184/184 VUs, 64638 complete and 0 interrupted iterations
default   [  60% ] 184/184 VUs  06m45.0s/11m10.0s

running (06m46.0s), 184/184 VUs, 64820 complete and 0 interrupted iterations
default   [  61% ] 184/184 VUs  06m46.0s/11m10.0s

running (06m47.0s), 184/184 VUs, 65004 complete and 0 interrupted iterations
default   [  61% ] 184/184 VUs  06m47.0s/11m10.0s

running (06m48.0s), 184/184 VUs, 65188 complete and 0 interrupted iterations
default   [  61% ] 184/184 VUs  06m48.0s/11m10.0s

running (06m49.0s), 184/184 VUs, 65372 complete and 0 interrupted iterations
default   [  61% ] 184/184 VUs  06m49.0s/11m10.0s

running (06m50.0s), 184/184 VUs, 65556 complete and 0 interrupted iterations
default   [  61% ] 184/184 VUs  06m50.0s/11m10.0s

running (06m51.0s), 184/184 VUs, 65740 complete and 0 interrupted iterations
default   [  61% ] 184/184 VUs  06m51.0s/11m10.0s

running (06m52.0s), 184/184 VUs, 65924 complete and 0 interrupted iterations
default   [  61% ] 184/184 VUs  06m52.0s/11m10.0s

running (06m53.0s), 184/184 VUs, 66108 complete and 0 interrupted iterations
default   [  62% ] 184/184 VUs  06m53.0s/11m10.0s

running (06m54.0s), 184/184 VUs, 66292 complete and 0 interrupted iterations
default   [  62% ] 184/184 VUs  06m54.0s/11m10.0s

running (06m55.0s), 184/184 VUs, 66476 complete and 0 interrupted iterations
default   [  62% ] 184/184 VUs  06m55.0s/11m10.0s

running (06m56.0s), 184/184 VUs, 66660 complete and 0 interrupted iterations
default   [  62% ] 184/184 VUs  06m56.0s/11m10.0s

running (06m57.0s), 184/184 VUs, 66844 complete and 0 interrupted iterations
default   [  62% ] 184/184 VUs  06m57.0s/11m10.0s

running (06m58.0s), 184/184 VUs, 67028 complete and 0 interrupted iterations
default   [  62% ] 184/184 VUs  06m58.0s/11m10.0s

running (06m59.0s), 184/184 VUs, 67211 complete and 0 interrupted iterations
default   [  63% ] 184/184 VUs  06m59.0s/11m10.0s

running (07m00.0s), 184/184 VUs, 67357 complete and 0 interrupted iterations
default   [  63% ] 184/184 VUs  07m00.0s/11m10.0s

running (07m01.0s), 184/184 VUs, 67499 complete and 0 interrupted iterations
default   [  63% ] 184/184 VUs  07m01.0s/11m10.0s

running (07m02.0s), 184/184 VUs, 67633 complete and 0 interrupted iterations
default   [  63% ] 184/184 VUs  07m02.0s/11m10.0s

running (07m03.0s), 184/184 VUs, 67795 complete and 0 interrupted iterations
default   [  63% ] 184/184 VUs  07m03.0s/11m10.0s

running (07m04.0s), 184/184 VUs, 67977 complete and 0 interrupted iterations
default   [  63% ] 184/184 VUs  07m04.0s/11m10.0s

running (07m05.0s), 184/184 VUs, 68153 complete and 0 interrupted iterations
default   [  63% ] 184/184 VUs  07m05.0s/11m10.0s

running (07m06.0s), 184/184 VUs, 68334 complete and 0 interrupted iterations
default   [  64% ] 184/184 VUs  07m06.0s/11m10.0s

running (07m07.0s), 184/184 VUs, 68517 complete and 0 interrupted iterations
default   [  64% ] 184/184 VUs  07m07.0s/11m10.0s

running (07m08.0s), 184/184 VUs, 68700 complete and 0 interrupted iterations
default   [  64% ] 184/184 VUs  07m08.0s/11m10.0s

running (07m09.0s), 184/184 VUs, 68884 complete and 0 interrupted iterations
default   [  64% ] 184/184 VUs  07m09.0s/11m10.0s

running (07m10.0s), 184/184 VUs, 69068 complete and 0 interrupted iterations
default   [  64% ] 184/184 VUs  07m10.0s/11m10.0s

running (07m11.0s), 184/184 VUs, 69252 complete and 0 interrupted iterations
default   [  64% ] 184/184 VUs  07m11.0s/11m10.0s

running (07m12.0s), 184/184 VUs, 69436 complete and 0 interrupted iterations
default   [  64% ] 184/184 VUs  07m12.0s/11m10.0s

running (07m13.0s), 184/184 VUs, 69620 complete and 0 interrupted iterations
default   [  65% ] 184/184 VUs  07m13.0s/11m10.0s

running (07m14.0s), 184/184 VUs, 69804 complete and 0 interrupted iterations
default   [  65% ] 184/184 VUs  07m14.0s/11m10.0s

running (07m15.0s), 184/184 VUs, 69937 complete and 0 interrupted iterations
default   [  65% ] 184/184 VUs  07m15.0s/11m10.0s

running (07m16.0s), 184/184 VUs, 70120 complete and 0 interrupted iterations
default   [  65% ] 184/184 VUs  07m16.0s/11m10.0s

running (07m17.0s), 184/184 VUs, 70281 complete and 0 interrupted iterations
default   [  65% ] 184/184 VUs  07m17.0s/11m10.0s

running (07m18.0s), 184/184 VUs, 70448 complete and 0 interrupted iterations
default   [  65% ] 184/184 VUs  07m18.0s/11m10.0s

running (07m19.0s), 184/184 VUs, 70627 complete and 0 interrupted iterations
default   [  66% ] 184/184 VUs  07m19.0s/11m10.0s

running (07m20.0s), 184/184 VUs, 70799 complete and 0 interrupted iterations
default   [  66% ] 184/184 VUs  07m20.0s/11m10.0s

running (07m21.0s), 184/184 VUs, 70972 complete and 0 interrupted iterations
default   [  66% ] 184/184 VUs  07m21.0s/11m10.0s

running (07m22.0s), 184/184 VUs, 71111 complete and 0 interrupted iterations
default   [  66% ] 184/184 VUs  07m22.0s/11m10.0s

running (07m23.0s), 184/184 VUs, 71274 complete and 0 interrupted iterations
default   [  66% ] 184/184 VUs  07m23.0s/11m10.0s

running (07m24.0s), 184/184 VUs, 71458 complete and 0 interrupted iterations
default   [  66% ] 184/184 VUs  07m24.0s/11m10.0s

running (07m25.0s), 184/184 VUs, 71642 complete and 0 interrupted iterations
default   [  66% ] 184/184 VUs  07m25.0s/11m10.0s

running (07m26.0s), 184/184 VUs, 71826 complete and 0 interrupted iterations
default   [  67% ] 184/184 VUs  07m26.0s/11m10.0s

running (07m27.0s), 184/184 VUs, 72010 complete and 0 interrupted iterations
default   [  67% ] 184/184 VUs  07m27.0s/11m10.0s

running (07m28.0s), 184/184 VUs, 72194 complete and 0 interrupted iterations
default   [  67% ] 184/184 VUs  07m28.0s/11m10.0s

running (07m29.0s), 184/184 VUs, 72378 complete and 0 interrupted iterations
default   [  67% ] 184/184 VUs  07m29.0s/11m10.0s

running (07m30.0s), 184/184 VUs, 72562 complete and 0 interrupted iterations
default   [  67% ] 184/184 VUs  07m30.0s/11m10.0s

running (07m31.0s), 184/184 VUs, 72595 complete and 0 interrupted iterations
default   [  67% ] 184/184 VUs  07m31.0s/11m10.0s

running (07m32.0s), 184/184 VUs, 72779 complete and 0 interrupted iterations
default   [  67% ] 184/184 VUs  07m32.0s/11m10.0s

running (07m33.0s), 184/184 VUs, 72963 complete and 0 interrupted iterations
default   [  68% ] 184/184 VUs  07m33.0s/11m10.0s

running (07m34.0s), 184/184 VUs, 73147 complete and 0 interrupted iterations
default   [  68% ] 184/184 VUs  07m34.0s/11m10.0s

running (07m35.0s), 184/184 VUs, 73329 complete and 0 interrupted iterations
default   [  68% ] 184/184 VUs  07m35.0s/11m10.0s

running (07m36.0s), 184/184 VUs, 73513 complete and 0 interrupted iterations
default   [  68% ] 184/184 VUs  07m36.0s/11m10.0s

running (07m37.0s), 184/184 VUs, 73697 complete and 0 interrupted iterations
default   [  68% ] 184/184 VUs  07m37.0s/11m10.0s

running (07m38.0s), 184/184 VUs, 73881 complete and 0 interrupted iterations
default   [  68% ] 184/184 VUs  07m38.0s/11m10.0s

running (07m39.0s), 184/184 VUs, 74065 complete and 0 interrupted iterations
default   [  69% ] 184/184 VUs  07m39.0s/11m10.0s

running (07m40.0s), 184/184 VUs, 74249 complete and 0 interrupted iterations
default   [  69% ] 184/184 VUs  07m40.0s/11m10.0s

running (07m41.0s), 184/184 VUs, 74433 complete and 0 interrupted iterations
default   [  69% ] 184/184 VUs  07m41.0s/11m10.0s

running (07m42.0s), 184/184 VUs, 74617 complete and 0 interrupted iterations
default   [  69% ] 184/184 VUs  07m42.0s/11m10.0s

running (07m43.0s), 184/184 VUs, 74801 complete and 0 interrupted iterations
default   [  69% ] 184/184 VUs  07m43.0s/11m10.0s

running (07m44.0s), 184/184 VUs, 74979 complete and 0 interrupted iterations
default   [  69% ] 184/184 VUs  07m44.0s/11m10.0s

running (07m45.0s), 184/184 VUs, 75141 complete and 0 interrupted iterations
default   [  69% ] 184/184 VUs  07m45.0s/11m10.0s

running (07m46.0s), 184/184 VUs, 75317 complete and 0 interrupted iterations
default   [  70% ] 184/184 VUs  07m46.0s/11m10.0s

running (07m47.0s), 184/184 VUs, 75487 complete and 0 interrupted iterations
default   [  70% ] 184/184 VUs  07m47.0s/11m10.0s

running (07m48.0s), 184/184 VUs, 75664 complete and 0 interrupted iterations
default   [  70% ] 184/184 VUs  07m48.0s/11m10.0s

running (07m49.0s), 184/184 VUs, 75840 complete and 0 interrupted iterations
default   [  70% ] 184/184 VUs  07m49.0s/11m10.0s

running (07m50.0s), 184/184 VUs, 76017 complete and 0 interrupted iterations
default   [  70% ] 184/184 VUs  07m50.0s/11m10.0s

running (07m51.0s), 184/184 VUs, 76179 complete and 0 interrupted iterations
default   [  70% ] 184/184 VUs  07m51.0s/11m10.0s

running (07m52.0s), 184/184 VUs, 76287 complete and 0 interrupted iterations
default   [  70% ] 184/184 VUs  07m52.0s/11m10.0s

running (07m53.0s), 184/184 VUs, 76471 complete and 0 interrupted iterations
default   [  71% ] 184/184 VUs  07m53.0s/11m10.0s

running (07m54.0s), 184/184 VUs, 76655 complete and 0 interrupted iterations
default   [  71% ] 184/184 VUs  07m54.0s/11m10.0s

running (07m55.0s), 184/184 VUs, 76839 complete and 0 interrupted iterations
default   [  71% ] 184/184 VUs  07m55.0s/11m10.0s

running (07m56.0s), 184/184 VUs, 77023 complete and 0 interrupted iterations
default   [  71% ] 184/184 VUs  07m56.0s/11m10.0s

running (07m57.0s), 184/184 VUs, 77207 complete and 0 interrupted iterations
default   [  71% ] 184/184 VUs  07m57.0s/11m10.0s

running (07m58.0s), 184/184 VUs, 77391 complete and 0 interrupted iterations
default   [  71% ] 184/184 VUs  07m58.0s/11m10.0s

running (07m59.0s), 184/184 VUs, 77575 complete and 0 interrupted iterations
default   [  71% ] 184/184 VUs  07m59.0s/11m10.0s

running (08m00.0s), 184/184 VUs, 77759 complete and 0 interrupted iterations
default   [  72% ] 184/184 VUs  08m00.0s/11m10.0s

running (08m01.0s), 184/184 VUs, 77789 complete and 0 interrupted iterations
default   [  72% ] 184/184 VUs  08m01.0s/11m10.0s

running (08m02.0s), 184/184 VUs, 77973 complete and 0 interrupted iterations
default   [  72% ] 184/184 VUs  08m02.0s/11m10.0s

running (08m03.0s), 184/184 VUs, 78157 complete and 0 interrupted iterations
default   [  72% ] 184/184 VUs  08m03.0s/11m10.0s

running (08m04.0s), 184/184 VUs, 78338 complete and 0 interrupted iterations
default   [  72% ] 184/184 VUs  08m04.0s/11m10.0s

running (08m05.0s), 184/184 VUs, 78508 complete and 0 interrupted iterations
default   [  72% ] 184/184 VUs  08m05.0s/11m10.0s

running (08m06.0s), 184/184 VUs, 78686 complete and 0 interrupted iterations
default   [  73% ] 184/184 VUs  08m06.0s/11m10.0s

running (08m07.0s), 184/184 VUs, 78870 complete and 0 interrupted iterations
default   [  73% ] 184/184 VUs  08m07.0s/11m10.0s

running (08m08.0s), 184/184 VUs, 79054 complete and 0 interrupted iterations
default   [  73% ] 184/184 VUs  08m08.0s/11m10.0s

running (08m09.0s), 184/184 VUs, 79238 complete and 0 interrupted iterations
default   [  73% ] 184/184 VUs  08m09.0s/11m10.0s

running (08m10.0s), 184/184 VUs, 79409 complete and 0 interrupted iterations
default   [  73% ] 184/184 VUs  08m10.0s/11m10.0s

running (08m11.0s), 184/184 VUs, 79540 complete and 0 interrupted iterations
default   [  73% ] 184/184 VUs  08m11.0s/11m10.0s

running (08m12.0s), 184/184 VUs, 79708 complete and 0 interrupted iterations
default   [  73% ] 184/184 VUs  08m12.0s/11m10.0s

running (08m13.0s), 184/184 VUs, 79882 complete and 0 interrupted iterations
default   [  74% ] 184/184 VUs  08m13.0s/11m10.0s

running (08m14.0s), 184/184 VUs, 79988 complete and 0 interrupted iterations
default   [  74% ] 184/184 VUs  08m14.0s/11m10.0s

running (08m15.0s), 184/184 VUs, 80172 complete and 0 interrupted iterations
default   [  74% ] 184/184 VUs  08m15.0s/11m10.0s

running (08m16.0s), 184/184 VUs, 80354 complete and 0 interrupted iterations
default   [  74% ] 184/184 VUs  08m16.0s/11m10.0s

running (08m17.0s), 184/184 VUs, 80538 complete and 0 interrupted iterations
default   [  74% ] 184/184 VUs  08m17.0s/11m10.0s

running (08m18.0s), 184/184 VUs, 80722 complete and 0 interrupted iterations
default   [  74% ] 184/184 VUs  08m18.0s/11m10.0s

running (08m19.0s), 184/184 VUs, 80906 complete and 0 interrupted iterations
default   [  74% ] 184/184 VUs  08m19.0s/11m10.0s

running (08m20.0s), 184/184 VUs, 81090 complete and 0 interrupted iterations
default   [  75% ] 184/184 VUs  08m20.0s/11m10.0s

running (08m21.0s), 184/184 VUs, 81244 complete and 0 interrupted iterations
default   [  75% ] 184/184 VUs  08m21.0s/11m10.0s

running (08m22.0s), 184/184 VUs, 81426 complete and 0 interrupted iterations
default   [  75% ] 184/184 VUs  08m22.0s/11m10.0s

running (08m23.0s), 184/184 VUs, 81601 complete and 0 interrupted iterations
default   [  75% ] 184/184 VUs  08m23.0s/11m10.0s

running (08m24.0s), 184/184 VUs, 81781 complete and 0 interrupted iterations
default   [  75% ] 184/184 VUs  08m24.0s/11m10.0s

running (08m25.0s), 184/184 VUs, 81962 complete and 0 interrupted iterations
default   [  75% ] 184/184 VUs  08m25.0s/11m10.0s

running (08m26.0s), 184/184 VUs, 82139 complete and 0 interrupted iterations
default   [  76% ] 184/184 VUs  08m26.0s/11m10.0s

running (08m27.0s), 184/184 VUs, 82317 complete and 0 interrupted iterations
default   [  76% ] 184/184 VUs  08m27.0s/11m10.0s

running (08m28.0s), 184/184 VUs, 82501 complete and 0 interrupted iterations
default   [  76% ] 184/184 VUs  08m28.0s/11m10.0s

running (08m29.0s), 184/184 VUs, 82660 complete and 0 interrupted iterations
default   [  76% ] 184/184 VUs  08m29.0s/11m10.0s

running (08m30.0s), 184/184 VUs, 82843 complete and 0 interrupted iterations
default   [  76% ] 184/184 VUs  08m30.0s/11m10.0s

running (08m31.0s), 184/184 VUs, 82945 complete and 0 interrupted iterations
default   [  76% ] 184/184 VUs  08m31.0s/11m10.0s

running (08m32.0s), 184/184 VUs, 83129 complete and 0 interrupted iterations
default   [  76% ] 184/184 VUs  08m32.0s/11m10.0s

running (08m33.0s), 184/184 VUs, 83313 complete and 0 interrupted iterations
default   [  77% ] 184/184 VUs  08m33.0s/11m10.0s

running (08m34.0s), 184/184 VUs, 83497 complete and 0 interrupted iterations
default   [  77% ] 184/184 VUs  08m34.0s/11m10.0s

running (08m35.0s), 184/184 VUs, 83635 complete and 0 interrupted iterations
default   [  77% ] 184/184 VUs  08m35.0s/11m10.0s

running (08m36.0s), 184/184 VUs, 83819 complete and 0 interrupted iterations
default   [  77% ] 184/184 VUs  08m36.0s/11m10.0s

running (08m37.0s), 184/184 VUs, 84003 complete and 0 interrupted iterations
default   [  77% ] 184/184 VUs  08m37.0s/11m10.0s

running (08m38.0s), 184/184 VUs, 84185 complete and 0 interrupted iterations
default   [  77% ] 184/184 VUs  08m38.0s/11m10.0s

running (08m39.0s), 184/184 VUs, 84361 complete and 0 interrupted iterations
default   [  77% ] 184/184 VUs  08m39.0s/11m10.0s

running (08m40.0s), 184/184 VUs, 84509 complete and 0 interrupted iterations
default   [  78% ] 184/184 VUs  08m40.0s/11m10.0s

running (08m41.0s), 184/184 VUs, 84666 complete and 0 interrupted iterations
default   [  78% ] 184/184 VUs  08m41.0s/11m10.0s

running (08m42.0s), 184/184 VUs, 84827 complete and 0 interrupted iterations
default   [  78% ] 184/184 VUs  08m42.0s/11m10.0s

running (08m43.0s), 184/184 VUs, 85001 complete and 0 interrupted iterations
default   [  78% ] 184/184 VUs  08m43.0s/11m10.0s

running (08m44.0s), 184/184 VUs, 85165 complete and 0 interrupted iterations
default   [  78% ] 184/184 VUs  08m44.0s/11m10.0s

running (08m45.0s), 184/184 VUs, 85349 complete and 0 interrupted iterations
default   [  78% ] 184/184 VUs  08m45.0s/11m10.0s

running (08m46.0s), 184/184 VUs, 85533 complete and 0 interrupted iterations
default   [  79% ] 184/184 VUs  08m46.0s/11m10.0s

running (08m47.0s), 184/184 VUs, 85717 complete and 0 interrupted iterations
default   [  79% ] 184/184 VUs  08m47.0s/11m10.0s

running (08m48.0s), 184/184 VUs, 85901 complete and 0 interrupted iterations
default   [  79% ] 184/184 VUs  08m48.0s/11m10.0s

running (08m49.0s), 184/184 VUs, 86085 complete and 0 interrupted iterations
default   [  79% ] 184/184 VUs  08m49.0s/11m10.0s

running (08m50.0s), 184/184 VUs, 86246 complete and 0 interrupted iterations
default   [  79% ] 184/184 VUs  08m50.0s/11m10.0s

running (08m51.0s), 184/184 VUs, 86428 complete and 0 interrupted iterations
default   [  79% ] 184/184 VUs  08m51.0s/11m10.0s

running (08m52.0s), 184/184 VUs, 86603 complete and 0 interrupted iterations
default   [  79% ] 184/184 VUs  08m52.0s/11m10.0s

running (08m53.0s), 184/184 VUs, 86646 complete and 0 interrupted iterations
default   [  80% ] 184/184 VUs  08m53.0s/11m10.0s

running (08m54.0s), 184/184 VUs, 86783 complete and 0 interrupted iterations
default   [  80% ] 184/184 VUs  08m54.0s/11m10.0s

running (08m55.0s), 184/184 VUs, 86967 complete and 0 interrupted iterations
default   [  80% ] 184/184 VUs  08m55.0s/11m10.0s

running (08m56.0s), 184/184 VUs, 87151 complete and 0 interrupted iterations
default   [  80% ] 184/184 VUs  08m56.0s/11m10.0s

running (08m57.0s), 184/184 VUs, 87335 complete and 0 interrupted iterations
default   [  80% ] 184/184 VUs  08m57.0s/11m10.0s

running (08m58.0s), 184/184 VUs, 87519 complete and 0 interrupted iterations
default   [  80% ] 184/184 VUs  08m58.0s/11m10.0s

running (08m59.0s), 184/184 VUs, 87703 complete and 0 interrupted iterations
default   [  80% ] 184/184 VUs  08m59.0s/11m10.0s

running (09m00.0s), 184/184 VUs, 87887 complete and 0 interrupted iterations
default   [  81% ] 184/184 VUs  09m00.0s/11m10.0s

running (09m01.0s), 184/184 VUs, 88068 complete and 0 interrupted iterations
default   [  81% ] 184/184 VUs  09m01.0s/11m10.0s

running (09m02.0s), 184/184 VUs, 88234 complete and 0 interrupted iterations
default   [  81% ] 184/184 VUs  09m02.0s/11m10.0s

running (09m03.0s), 184/184 VUs, 88418 complete and 0 interrupted iterations
default   [  81% ] 184/184 VUs  09m03.0s/11m10.0s

running (09m04.0s), 184/184 VUs, 88582 complete and 0 interrupted iterations
default   [  81% ] 184/184 VUs  09m04.0s/11m10.0s

running (09m05.0s), 184/184 VUs, 88765 complete and 0 interrupted iterations
default   [  81% ] 184/184 VUs  09m05.0s/11m10.0s

running (09m06.0s), 184/184 VUs, 88861 complete and 0 interrupted iterations
default   [  81% ] 184/184 VUs  09m06.0s/11m10.0s

running (09m07.0s), 184/184 VUs, 89045 complete and 0 interrupted iterations
default   [  82% ] 184/184 VUs  09m07.0s/11m10.0s

running (09m08.0s), 184/184 VUs, 89229 complete and 0 interrupted iterations
default   [  82% ] 184/184 VUs  09m08.0s/11m10.0s

running (09m09.0s), 184/184 VUs, 89413 complete and 0 interrupted iterations
default   [  82% ] 184/184 VUs  09m09.0s/11m10.0s

running (09m10.0s), 184/184 VUs, 89597 complete and 0 interrupted iterations
default   [  82% ] 184/184 VUs  09m10.0s/11m10.0s

running (09m11.0s), 184/184 VUs, 89781 complete and 0 interrupted iterations
default   [  82% ] 184/184 VUs  09m11.0s/11m10.0s

running (09m12.0s), 184/184 VUs, 89965 complete and 0 interrupted iterations
default   [  82% ] 184/184 VUs  09m12.0s/11m10.0s

running (09m13.0s), 184/184 VUs, 90149 complete and 0 interrupted iterations
default   [  83% ] 184/184 VUs  09m13.0s/11m10.0s

running (09m14.0s), 184/184 VUs, 90333 complete and 0 interrupted iterations
default   [  83% ] 184/184 VUs  09m14.0s/11m10.0s

running (09m15.0s), 184/184 VUs, 90480 complete and 0 interrupted iterations
default   [  83% ] 184/184 VUs  09m15.0s/11m10.0s

running (09m16.0s), 184/184 VUs, 90560 complete and 0 interrupted iterations
default   [  83% ] 184/184 VUs  09m16.0s/11m10.0s

running (09m17.0s), 184/184 VUs, 90743 complete and 0 interrupted iterations
default   [  83% ] 184/184 VUs  09m17.0s/11m10.0s

running (09m18.0s), 184/184 VUs, 90927 complete and 0 interrupted iterations
default   [  83% ] 184/184 VUs  09m18.0s/11m10.0s

running (09m19.0s), 184/184 VUs, 91082 complete and 0 interrupted iterations
default   [  83% ] 184/184 VUs  09m19.0s/11m10.0s

running (09m20.0s), 184/184 VUs, 91266 complete and 0 interrupted iterations
default   [  84% ] 184/184 VUs  09m20.0s/11m10.0s

running (09m21.0s), 184/184 VUs, 91450 complete and 0 interrupted iterations
default   [  84% ] 184/184 VUs  09m21.0s/11m10.0s

running (09m22.0s), 184/184 VUs, 91634 complete and 0 interrupted iterations
default   [  84% ] 184/184 VUs  09m22.0s/11m10.0s

running (09m23.0s), 184/184 VUs, 91816 complete and 0 interrupted iterations
default   [  84% ] 184/184 VUs  09m23.0s/11m10.0s

running (09m24.0s), 184/184 VUs, 92000 complete and 0 interrupted iterations
default   [  84% ] 184/184 VUs  09m24.0s/11m10.0s

running (09m25.0s), 184/184 VUs, 92184 complete and 0 interrupted iterations
default   [  84% ] 184/184 VUs  09m25.0s/11m10.0s

running (09m26.0s), 184/184 VUs, 92368 complete and 0 interrupted iterations
default   [  84% ] 184/184 VUs  09m26.0s/11m10.0s

running (09m27.0s), 184/184 VUs, 92508 complete and 0 interrupted iterations
default   [  85% ] 184/184 VUs  09m27.0s/11m10.0s

running (09m28.0s), 184/184 VUs, 92578 complete and 0 interrupted iterations
default   [  85% ] 184/184 VUs  09m28.0s/11m10.0s

running (09m29.0s), 184/184 VUs, 92752 complete and 0 interrupted iterations
default   [  85% ] 184/184 VUs  09m29.0s/11m10.0s

running (09m30.0s), 184/184 VUs, 92932 complete and 0 interrupted iterations
default   [  85% ] 184/184 VUs  09m30.0s/11m10.0s

running (09m31.0s), 184/184 VUs, 93116 complete and 0 interrupted iterations
default   [  85% ] 184/184 VUs  09m31.0s/11m10.0s

running (09m32.0s), 184/184 VUs, 93300 complete and 0 interrupted iterations
default   [  85% ] 184/184 VUs  09m32.0s/11m10.0s

running (09m33.0s), 184/184 VUs, 93484 complete and 0 interrupted iterations
default   [  86% ] 184/184 VUs  09m33.0s/11m10.0s

running (09m34.0s), 184/184 VUs, 93668 complete and 0 interrupted iterations
default   [  86% ] 184/184 VUs  09m34.0s/11m10.0s

running (09m35.0s), 184/184 VUs, 93852 complete and 0 interrupted iterations
default   [  86% ] 184/184 VUs  09m35.0s/11m10.0s

running (09m36.0s), 184/184 VUs, 94036 complete and 0 interrupted iterations
default   [  86% ] 184/184 VUs  09m36.0s/11m10.0s

running (09m37.0s), 184/184 VUs, 94220 complete and 0 interrupted iterations
default   [  86% ] 184/184 VUs  09m37.0s/11m10.0s

running (09m38.0s), 184/184 VUs, 94404 complete and 0 interrupted iterations
default   [  86% ] 184/184 VUs  09m38.0s/11m10.0s

running (09m39.0s), 184/184 VUs, 94588 complete and 0 interrupted iterations
default   [  86% ] 184/184 VUs  09m39.0s/11m10.0s

running (09m40.0s), 184/184 VUs, 94772 complete and 0 interrupted iterations
default   [  87% ] 184/184 VUs  09m40.0s/11m10.0s

running (09m41.0s), 184/184 VUs, 94781 complete and 0 interrupted iterations
default   [  87% ] 184/184 VUs  09m41.0s/11m10.0s

running (09m42.0s), 184/184 VUs, 94965 complete and 0 interrupted iterations
default   [  87% ] 184/184 VUs  09m42.0s/11m10.0s

running (09m43.0s), 184/184 VUs, 95149 complete and 0 interrupted iterations
default   [  87% ] 184/184 VUs  09m43.0s/11m10.0s

running (09m44.0s), 184/184 VUs, 95333 complete and 0 interrupted iterations
default   [  87% ] 184/184 VUs  09m44.0s/11m10.0s

running (09m45.0s), 184/184 VUs, 95517 complete and 0 interrupted iterations
default   [  87% ] 184/184 VUs  09m45.0s/11m10.0s

running (09m46.0s), 184/184 VUs, 95701 complete and 0 interrupted iterations
default   [  87% ] 184/184 VUs  09m46.0s/11m10.0s

running (09m47.0s), 184/184 VUs, 95885 complete and 0 interrupted iterations
default   [  88% ] 184/184 VUs  09m47.0s/11m10.0s

running (09m48.0s), 184/184 VUs, 96069 complete and 0 interrupted iterations
default   [  88% ] 184/184 VUs  09m48.0s/11m10.0s

running (09m49.0s), 184/184 VUs, 96253 complete and 0 interrupted iterations
default   [  88% ] 184/184 VUs  09m49.0s/11m10.0s

running (09m50.0s), 184/184 VUs, 96437 complete and 0 interrupted iterations
default   [  88% ] 184/184 VUs  09m50.0s/11m10.0s

running (09m51.0s), 184/184 VUs, 96621 complete and 0 interrupted iterations
default   [  88% ] 184/184 VUs  09m51.0s/11m10.0s

running (09m52.0s), 184/184 VUs, 96805 complete and 0 interrupted iterations
default   [  88% ] 184/184 VUs  09m52.0s/11m10.0s

running (09m53.0s), 184/184 VUs, 96989 complete and 0 interrupted iterations
default   [  89% ] 184/184 VUs  09m53.0s/11m10.0s

running (09m54.0s), 184/184 VUs, 97160 complete and 0 interrupted iterations
default   [  89% ] 184/184 VUs  09m54.0s/11m10.0s

running (09m55.0s), 184/184 VUs, 97335 complete and 0 interrupted iterations
default   [  89% ] 184/184 VUs  09m55.0s/11m10.0s

running (09m56.0s), 184/184 VUs, 97505 complete and 0 interrupted iterations
default   [  89% ] 184/184 VUs  09m56.0s/11m10.0s

running (09m57.0s), 184/184 VUs, 97677 complete and 0 interrupted iterations
default   [  89% ] 184/184 VUs  09m57.0s/11m10.0s

running (09m58.0s), 184/184 VUs, 97808 complete and 0 interrupted iterations
default   [  89% ] 184/184 VUs  09m58.0s/11m10.0s

running (09m59.0s), 184/184 VUs, 97943 complete and 0 interrupted iterations
default   [  89% ] 184/184 VUs  09m59.0s/11m10.0s

running (10m00.0s), 184/184 VUs, 98112 complete and 0 interrupted iterations
default   [  90% ] 184/184 VUs  10m00.0s/11m10.0s

running (10m01.0s), 184/184 VUs, 98288 complete and 0 interrupted iterations
default   [  90% ] 184/184 VUs  10m01.0s/11m10.0s

running (10m02.0s), 184/184 VUs, 98467 complete and 0 interrupted iterations
default   [  90% ] 184/184 VUs  10m02.0s/11m10.0s

running (10m03.0s), 184/184 VUs, 98651 complete and 0 interrupted iterations
default   [  90% ] 184/184 VUs  10m03.0s/11m10.0s

running (10m04.0s), 184/184 VUs, 98835 complete and 0 interrupted iterations
default   [  90% ] 184/184 VUs  10m04.0s/11m10.0s

running (10m05.0s), 184/184 VUs, 99019 complete and 0 interrupted iterations
default   [  90% ] 184/184 VUs  10m05.0s/11m10.0s

running (10m06.0s), 184/184 VUs, 99203 complete and 0 interrupted iterations
default   [  90% ] 184/184 VUs  10m06.0s/11m10.0s

running (10m07.0s), 184/184 VUs, 99387 complete and 0 interrupted iterations
default   [  91% ] 184/184 VUs  10m07.0s/11m10.0s

running (10m08.0s), 184/184 VUs, 99571 complete and 0 interrupted iterations
default   [  91% ] 184/184 VUs  10m08.0s/11m10.0s

running (10m09.0s), 184/184 VUs, 99755 complete and 0 interrupted iterations
default   [  91% ] 184/184 VUs  10m09.0s/11m10.0s

running (10m10.0s), 184/184 VUs, 99939 complete and 0 interrupted iterations
default   [  91% ] 184/184 VUs  10m10.0s/11m10.0s

running (10m11.0s), 184/184 VUs, 100123 complete and 0 interrupted iterations
default   [  91% ] 184/184 VUs  10m11.0s/11m10.0s

running (10m12.0s), 184/184 VUs, 100302 complete and 0 interrupted iterations
default   [  91% ] 184/184 VUs  10m12.0s/11m10.0s

running (10m13.0s), 184/184 VUs, 100477 complete and 0 interrupted iterations
default   [  91% ] 184/184 VUs  10m13.0s/11m10.0s

running (10m14.0s), 184/184 VUs, 100651 complete and 0 interrupted iterations
default   [  92% ] 184/184 VUs  10m14.0s/11m10.0s

running (10m15.0s), 184/184 VUs, 100827 complete and 0 interrupted iterations
default   [  92% ] 184/184 VUs  10m15.0s/11m10.0s

running (10m16.0s), 184/184 VUs, 100995 complete and 0 interrupted iterations
default   [  92% ] 184/184 VUs  10m16.0s/11m10.0s

running (10m17.0s), 184/184 VUs, 101168 complete and 0 interrupted iterations
default   [  92% ] 184/184 VUs  10m17.0s/11m10.0s

running (10m18.0s), 184/184 VUs, 101344 complete and 0 interrupted iterations
default   [  92% ] 184/184 VUs  10m18.0s/11m10.0s

running (10m19.0s), 184/184 VUs, 101436 complete and 0 interrupted iterations
default   [  92% ] 184/184 VUs  10m19.0s/11m10.0s

running (10m20.0s), 184/184 VUs, 101620 complete and 0 interrupted iterations
default   [  93% ] 184/184 VUs  10m20.0s/11m10.0s

running (10m21.0s), 184/184 VUs, 101804 complete and 0 interrupted iterations
default   [  93% ] 184/184 VUs  10m21.0s/11m10.0s

running (10m22.0s), 184/184 VUs, 101988 complete and 0 interrupted iterations
default   [  93% ] 184/184 VUs  10m22.0s/11m10.0s

running (10m23.0s), 184/184 VUs, 102172 complete and 0 interrupted iterations
default   [  93% ] 184/184 VUs  10m23.0s/11m10.0s

running (10m24.0s), 184/184 VUs, 102356 complete and 0 interrupted iterations
default   [  93% ] 184/184 VUs  10m24.0s/11m10.0s

running (10m25.0s), 184/184 VUs, 102538 complete and 0 interrupted iterations
default   [  93% ] 184/184 VUs  10m25.0s/11m10.0s

running (10m26.0s), 184/184 VUs, 102669 complete and 0 interrupted iterations
default   [  93% ] 184/184 VUs  10m26.0s/11m10.0s

running (10m27.0s), 184/184 VUs, 102846 complete and 0 interrupted iterations
default   [  94% ] 184/184 VUs  10m27.0s/11m10.0s

running (10m28.0s), 184/184 VUs, 102942 complete and 0 interrupted iterations
default   [  94% ] 184/184 VUs  10m28.0s/11m10.0s

running (10m29.0s), 184/184 VUs, 103110 complete and 0 interrupted iterations
default   [  94% ] 184/184 VUs  10m29.0s/11m10.0s

running (10m30.0s), 184/184 VUs, 103284 complete and 0 interrupted iterations
default   [  94% ] 184/184 VUs  10m30.0s/11m10.0s

running (10m31.0s), 184/184 VUs, 103468 complete and 0 interrupted iterations
default   [  94% ] 184/184 VUs  10m31.0s/11m10.0s

running (10m32.0s), 184/184 VUs, 103652 complete and 0 interrupted iterations
default   [  94% ] 184/184 VUs  10m32.0s/11m10.0s

running (10m33.0s), 184/184 VUs, 103836 complete and 0 interrupted iterations
default   [  94% ] 184/184 VUs  10m33.0s/11m10.0s

running (10m34.0s), 184/184 VUs, 104020 complete and 0 interrupted iterations
default   [  95% ] 184/184 VUs  10m34.0s/11m10.0s

running (10m35.0s), 184/184 VUs, 104204 complete and 0 interrupted iterations
default   [  95% ] 184/184 VUs  10m35.0s/11m10.0s

running (10m36.0s), 184/184 VUs, 104388 complete and 0 interrupted iterations
default   [  95% ] 184/184 VUs  10m36.0s/11m10.0s

running (10m37.0s), 184/184 VUs, 104557 complete and 0 interrupted iterations
default   [  95% ] 184/184 VUs  10m37.0s/11m10.0s

running (10m38.0s), 184/184 VUs, 104667 complete and 0 interrupted iterations
default   [  95% ] 184/184 VUs  10m38.0s/11m10.0s

running (10m39.0s), 184/184 VUs, 104837 complete and 0 interrupted iterations
default   [  95% ] 184/184 VUs  10m39.0s/11m10.0s

running (10m40.0s), 184/184 VUs, 105004 complete and 0 interrupted iterations
default   [  96% ] 184/184 VUs  10m40.0s/11m10.0s

running (10m41.0s), 184/184 VUs, 105177 complete and 0 interrupted iterations
default   [  96% ] 184/184 VUs  10m41.0s/11m10.0s

running (10m42.0s), 184/184 VUs, 105350 complete and 0 interrupted iterations
default   [  96% ] 184/184 VUs  10m42.0s/11m10.0s

running (10m43.0s), 184/184 VUs, 105527 complete and 0 interrupted iterations
default   [  96% ] 184/184 VUs  10m43.0s/11m10.0s

running (10m44.0s), 184/184 VUs, 105697 complete and 0 interrupted iterations
default   [  96% ] 184/184 VUs  10m44.0s/11m10.0s

running (10m45.0s), 184/184 VUs, 105877 complete and 0 interrupted iterations
default   [  96% ] 184/184 VUs  10m45.0s/11m10.0s

running (10m46.0s), 184/184 VUs, 106059 complete and 0 interrupted iterations
default   [  96% ] 184/184 VUs  10m46.0s/11m10.0s

running (10m47.0s), 184/184 VUs, 106231 complete and 0 interrupted iterations
default   [  97% ] 184/184 VUs  10m47.0s/11m10.0s

running (10m48.0s), 184/184 VUs, 106415 complete and 0 interrupted iterations
default   [  97% ] 184/184 VUs  10m48.0s/11m10.0s

running (10m49.0s), 184/184 VUs, 106599 complete and 0 interrupted iterations
default   [  97% ] 184/184 VUs  10m49.0s/11m10.0s

running (10m50.0s), 184/184 VUs, 106783 complete and 0 interrupted iterations
default   [  97% ] 184/184 VUs  10m50.0s/11m10.0s

running (10m51.0s), 184/184 VUs, 106967 complete and 0 interrupted iterations
default   [  97% ] 184/184 VUs  10m51.0s/11m10.0s

running (10m52.0s), 184/184 VUs, 107151 complete and 0 interrupted iterations
default   [  97% ] 184/184 VUs  10m52.0s/11m10.0s

running (10m53.0s), 184/184 VUs, 107335 complete and 0 interrupted iterations
default   [  97% ] 184/184 VUs  10m53.0s/11m10.0s

running (10m54.0s), 184/184 VUs, 107519 complete and 0 interrupted iterations
default   [  98% ] 184/184 VUs  10m54.0s/11m10.0s

running (10m55.0s), 184/184 VUs, 107703 complete and 0 interrupted iterations
default   [  98% ] 184/184 VUs  10m55.0s/11m10.0s

running (10m56.0s), 184/184 VUs, 107887 complete and 0 interrupted iterations
default   [  98% ] 184/184 VUs  10m56.0s/11m10.0s

running (10m57.0s), 184/184 VUs, 108071 complete and 0 interrupted iterations
default   [  98% ] 184/184 VUs  10m57.0s/11m10.0s

running (10m58.0s), 184/184 VUs, 108234 complete and 0 interrupted iterations
default   [  98% ] 184/184 VUs  10m58.0s/11m10.0s

running (10m59.0s), 184/184 VUs, 108406 complete and 0 interrupted iterations
default   [  98% ] 184/184 VUs  10m59.0s/11m10.0s

running (11m00.0s), 184/184 VUs, 108575 complete and 0 interrupted iterations
default   [  99% ] 184/184 VUs  11m00.0s/11m10.0s

running (11m01.0s), 174/184 VUs, 108747 complete and 0 interrupted iterations
default   [  99% ] 174/184 VUs  11m01.0s/11m10.0s

running (11m02.0s), 165/184 VUs, 108831 complete and 0 interrupted iterations
default   [  99% ] 165/184 VUs  11m02.0s/11m10.0s

running (11m03.0s), 144/184 VUs, 108996 complete and 0 interrupted iterations
default   [  99% ] 144/184 VUs  11m03.0s/11m10.0s

running (11m04.0s), 124/184 VUs, 109140 complete and 0 interrupted iterations
default   [  99% ] 124/184 VUs  11m04.0s/11m10.0s

running (11m05.0s), 105/184 VUs, 109264 complete and 0 interrupted iterations
default   [  99% ] 105/184 VUs  11m05.0s/11m10.0s

running (11m06.0s), 086/184 VUs, 109369 complete and 0 interrupted iterations
default   [  99% ] 086/184 VUs  11m06.0s/11m10.0s

running (11m07.0s), 067/184 VUs, 109455 complete and 0 interrupted iterations
default   [ 100% ] 067/184 VUs  11m07.0s/11m10.0s

running (11m08.0s), 047/184 VUs, 109522 complete and 0 interrupted iterations
default   [ 100% ] 047/184 VUs  11m08.0s/11m10.0s

running (11m09.0s), 030/184 VUs, 109569 complete and 0 interrupted iterations
default   [ 100% ] 030/184 VUs  11m09.0s/11m10.0s

running (11m10.0s), 011/184 VUs, 109599 complete and 0 interrupted iterations
default   [ 100% ] 011/184 VUs  11m10.0s/11m10.0s

running (11m10.9s), 000/184 VUs, 109610 complete and 0 interrupted iterations
default ✓ [ 100% ] 000/184 VUs  11m10s

     ✓ response ok

     checks.........................: 100.00% ✓ 109610 ✗ 0     
     data_received..................: 171 MB  255 kB/s
     data_sent......................: 40 MB   59 kB/s
     http_req_blocked...............: avg=45.58µs  min=0s     med=0s      max=191.01ms p(90)=1µs     p(95)=1µs     
     http_req_connecting............: avg=9.34µs   min=0s     med=0s      max=12.82ms  p(90)=0s      p(95)=0s      
   ✓ http_req_duration..............: avg=33.14ms  min=4.44ms med=12.65ms max=1.1s     p(90)=75.54ms p(95)=125.42ms
       { expected_response:true }...: avg=33.14ms  min=4.44ms med=12.65ms max=1.1s     p(90)=75.54ms p(95)=125.42ms
     http_req_failed................: 0.00%   ✓ 0      ✗ 219220
     http_req_receiving.............: avg=407.96µs min=25µs   med=67µs    max=131.98ms p(90)=455µs   p(95)=1.29ms  
     http_req_sending...............: avg=78.7µs   min=21µs   med=67µs    max=8.9ms    p(90)=130µs   p(95)=164µs   
     http_req_tls_handshaking.......: avg=35.58µs  min=0s     med=0s      max=183.13ms p(90)=0s      p(95)=0s      
     http_req_waiting...............: avg=32.65ms  min=3.63ms med=12.36ms max=1.1s     p(90)=74.38ms p(95)=123.79ms
     http_reqs......................: 219220  326.763936/s
     iteration_duration.............: avg=1.06s    min=1.01s  med=1.02s   max=2.42s    p(90)=1.16s   p(95)=1.25s   
     iterations.....................: 109610  163.381968/s
     vus............................: 11      min=4    max=184 
     vus_max........................: 184     min=184  max=184 

