
/\      |‾‾| /‾‾/   /‾‾/
/\  /  \     |  |/  /   /  /
/  \/    \    |     (   /   ‾‾\
   /          \   |  |\  \ |  (‾)  |
/ __________ \  |__| \__\ \_____/ .io

execution: local
script: smoke.js
output: InfluxDBv1 (http://localhost:8086)

scenarios: (100.00%) 1 scenario, 1 max VUs, 40s max duration (incl. graceful stop):
* default: 1 looping VUs for 10s (gracefulStop: 30s)


running (10.1s), 0/1 VUs, 10 complete and 0 interrupted iterations
default ✓ [======================================] 1 VUs  10s

data_received..................: 17 kB  1.7 kB/s
data_sent......................: 1.6 kB 154 B/s
http_req_blocked...............: avg=3.53ms  min=5.43µs  med=6.57µs  max=35.32ms  p(90)=3.54ms  p(95)=19.43ms
http_req_connecting............: avg=70.36µs min=0s      med=0s      max=703.63µs p(90)=70.36µs p(95)=386.99µs
   ✓ http_req_duration..............: avg=2.92ms  min=2.62ms  med=2.97ms  max=3.17ms   p(90)=3.16ms  p(95)=3.17ms
{ expected_response:true }...: avg=2.92ms  min=2.62ms  med=2.97ms  max=3.17ms   p(90)=3.16ms  p(95)=3.17ms
http_req_failed................: 0.00%  ✓ 0        ✗ 10
http_req_receiving.............: avg=66.82µs min=54.87µs med=63.01µs max=88.59µs  p(90)=77.31µs p(95)=82.95µs
http_req_sending...............: avg=26.5µs  min=15.59µs med=19.74µs max=62.69µs  p(90)=44.3µs  p(95)=53.5µs
http_req_tls_handshaking.......: avg=1.73ms  min=0s      med=0s      max=17.39ms  p(90)=1.73ms  p(95)=9.56ms
http_req_waiting...............: avg=2.83ms  min=2.54ms  med=2.9ms   max=3.08ms   p(90)=3.02ms  p(95)=3.05ms
http_reqs......................: 10     0.992699/s
iteration_duration.............: avg=1s      min=1s      med=1s      max=1.03s    p(90)=1s      p(95)=1.02s
iterations.....................: 10     0.992699/s
vus............................: 1      min=1      max=1
vus_max........................: 1      min=1      max=1