
          /\      |‾‾| /‾‾/   /‾‾/
     /\  /  \     |  |/  /   /  /
    /  \/    \    |     (   /   ‾‾\
   /          \   |  |\  \ |  (‾)  |
  / __________ \  |__| \__\ \_____/ .io

  execution: local
     script: k6/update_member/load.js
     output: -

  scenarios: (100.00%) 1 scenario, 100 max VUs, 1m5s max duration (incl. graceful stop):
           * default: Up to 100 looping VUs for 35s over 5 stages (gracefulRampDown: 30s, gracefulStop: 30s)


running (0m35.9s), 000/100 VUs, 2366 complete and 0 interrupted iterations
default ✓ [======================================] 000/100 VUs  35s

     ✓ login
     ✓ update_member

     checks.........................: 100.00% ✓ 4732       ✗ 0
     data_received..................: 958 kB  27 kB/s
     data_sent......................: 1.5 MB  42 kB/s
     http_req_blocked...............: avg=164.36µs min=1µs    med=3µs     max=17.33ms  p(90)=5µs    p(95)=7µs
     http_req_connecting............: avg=159.24µs min=0s     med=0s      max=17.23ms  p(90)=0s     p(95)=0s
   ✓ http_req_duration..............: avg=11.88ms  min=5.77ms med=10.91ms max=229.74ms p(90)=16.5ms p(95)=19.23ms
       { expected_response:true }...: avg=11.88ms  min=5.77ms med=10.91ms max=229.74ms p(90)=16.5ms p(95)=19.23ms
     http_req_failed................: 0.00%   ✓ 0          ✗ 4732
     http_req_receiving.............: avg=132.37µs min=14µs   med=29µs    max=11.09ms  p(90)=58µs   p(95)=118.44µs
     http_req_sending...............: avg=20.23µs  min=9µs    med=17µs    max=265µs    p(90)=28µs   p(95)=37µs
     http_req_tls_handshaking.......: avg=0s       min=0s     med=0s      max=0s       p(90)=0s     p(95)=0s
     http_req_waiting...............: avg=11.73ms  min=5.7ms  med=10.81ms max=229.69ms p(90)=16.2ms p(95)=18.93ms
     http_reqs......................: 4732    131.760362/s
     iteration_duration.............: avg=1.02s    min=1.01s  med=1.02s   max=1.24s    p(90)=1.03s  p(95)=1.03s
     iterations.....................: 2366    65.880181/s
     vus............................: 5       min=5        max=100
     vus_max........................: 100     min=100      max=100
