
          /\      |‾‾| /‾‾/   /‾‾/
     /\  /  \     |  |/  /   /  /
    /  \/    \    |     (   /   ‾‾\
   /          \   |  |\  \ |  (‾)  |
  / __________ \  |__| \__\ \_____/ .io

  execution: local
     script: k6/update_member/smoke.js
     output: -

  scenarios: (100.00%) 1 scenario, 1 max VUs, 40s max duration (incl. graceful stop):
           * default: 1 looping VUs for 10s (gracefulStop: 30s)


running (10.3s), 0/1 VUs, 10 complete and 0 interrupted iterations
default ✓ [======================================] 1 VUs  10s

     ✓ login
     ✓ update_member

     checks.........................: 100.00% ✓ 20      ✗ 0
     data_received..................: 4.1 kB  395 B/s
     data_sent......................: 6.4 kB  622 B/s
     http_req_blocked...............: avg=888.64µs min=2µs    med=5µs     max=17.69ms p(90)=6.5µs   p(95)=895.05µs
     http_req_connecting............: avg=243.5µs  min=0s     med=0s      max=4.87ms  p(90)=0s      p(95)=243.5µs
   ✓ http_req_duration..............: avg=11.07ms  min=8.67ms med=10.1ms  max=24.89ms p(90)=11.98ms p(95)=13.05ms
       { expected_response:true }...: avg=11.07ms  min=8.67ms med=10.1ms  max=24.89ms p(90)=11.98ms p(95)=13.05ms
     http_req_failed................: 0.00%   ✓ 0       ✗ 20
     http_req_receiving.............: avg=55.7µs   min=22µs   med=44.5µs  max=228µs   p(90)=82.5µs  p(95)=128.25µs
     http_req_sending...............: avg=43.1µs   min=14µs   med=28.99µs max=344µs   p(90)=36µs    p(95)=51.4µs
     http_req_tls_handshaking.......: avg=0s       min=0s     med=0s      max=0s      p(90)=0s      p(95)=0s
     http_req_waiting...............: avg=10.97ms  min=8.62ms med=10.02ms max=24.43ms p(90)=11.91ms p(95)=12.92ms
     http_reqs......................: 20      1.9499/s
     iteration_duration.............: avg=1.02s    min=1.02s  med=1.02s   max=1.05s   p(90)=1.02s   p(95)=1.04s
     iterations.....................: 10      0.97495/s
     vus............................: 1       min=1     max=1
     vus_max........................: 1       min=1     max=1
