          /\      |‾‾| /‾‾/   /‾‾/
     /\  /  \     |  |/  /   /  /
    /  \/    \    |     (   /   ‾‾\
   /          \   |  |\  \ |  (‾)  |
  / __________ \  |__| \__\ \_____/ .io

  execution: local
     script: load.js
     output: -

  scenarios: (100.00%) 1 scenario, 26 max VUs, 1m0s max duration (incl. graceful stop):
           * default: Up to 26 looping VUs for 30s over 3 stages (gracefulRampDown: 30s, gracefulStop: 30s)


running (0m30.8s), 00/26 VUs, 326 complete and 0 interrupted iterations
default ✓ [======================================] 00/26 VUs  30s

     ✓ find paths

     checks.........................: 100.00% ✓ 326       ✗ 0
     data_received..................: 774 kB  25 kB/s
     data_sent......................: 30 kB   958 B/s
     http_req_blocked...............: avg=530.28µs min=2.67µs  med=2.89µs   max=43.7ms   p(90)=4.45µs   p(95)=4.12ms
     http_req_connecting............: avg=71.62µs  min=0s      med=0s       max=1.44ms   p(90)=0s       p(95)=627.45µs
   ✓ http_req_duration..............: avg=370.98ms min=89.02ms med=362.86ms max=1.01s    p(90)=677.45ms p(95)=753.16ms
       { expected_response:true }...: avg=370.98ms min=89.02ms med=362.86ms max=1.01s    p(90)=677.45ms p(95)=753.16ms
     http_req_failed................: 0.00%   ✓ 0         ✗ 326
     http_req_receiving.............: avg=224.77µs min=39.66µs med=70.76µs  max=8.93ms   p(90)=360.81µs p(95)=796µs
     http_req_sending...............: avg=74.25µs  min=43.57µs med=69.24µs  max=224.22µs p(90)=93.11µs  p(95)=117.62µs
     http_req_tls_handshaking.......: avg=358.1µs  min=0s      med=0s       max=15.11ms  p(90)=0s       p(95)=3.36ms
     http_req_waiting...............: avg=370.68ms min=88.84ms med=362.73ms max=1.01s    p(90)=677.27ms p(95)=753.03ms
     http_reqs......................: 326     10.591288/s
     iteration_duration.............: avg=1.37s    min=1.09s   med=1.36s    max=2.01s    p(90)=1.67s    p(95)=1.75s
     iterations.....................: 326     10.591288/s
     vus............................: 3       min=2       max=25
     vus_max........................: 26      min=26      max=26
