          /\      |‾‾| /‾‾/   /‾‾/
     /\  /  \     |  |/  /   /  /
    /  \/    \    |     (   /   ‾‾\
   /          \   |  |\  \ |  (‾)  |
  / __________ \  |__| \__\ \_____/ .io

  execution: local
     script: stress.js
     output: -

  scenarios: (100.00%) 1 scenario, 36 max VUs, 3m20s max duration (incl. graceful stop):
           * default: Up to 36 looping VUs for 2m50s over 9 stages (gracefulRampDown: 30s, gracefulStop: 30s)


running (2m50.2s), 00/36 VUs, 2244 complete and 0 interrupted iterations
default ✓ [======================================] 00/36 VUs  2m50s

     ✓ find paths

     checks.........................: 100.00% ✓ 2244      ✗ 0
     data_received..................: 4.7 MB  27 kB/s
     data_sent......................: 118 kB  693 B/s
     http_req_blocked...............: avg=85.74µs  min=2.57µs  med=2.91µs   max=20.48ms  p(90)=3.07µs   p(95)=3.19µs
     http_req_connecting............: avg=12.19µs  min=0s      med=0s       max=1.19ms   p(90)=0s       p(95)=0s
   ✓ http_req_duration..............: avg=618ms    min=80.82ms med=586.77ms max=1.69s    p(90)=1.26s    p(95)=1.32s
       { expected_response:true }...: avg=618ms    min=80.82ms med=586.77ms max=1.69s    p(90)=1.26s    p(95)=1.32s
     http_req_failed................: 0.00%   ✓ 0         ✗ 2244
     http_req_receiving.............: avg=391.13µs min=27.11µs med=79.89µs  max=18.4ms   p(90)=680.48µs p(95)=1.47ms
     http_req_sending...............: avg=71.71µs  min=36.77µs med=68.42µs  max=543.05µs p(90)=85.46µs  p(95)=96.71µs
     http_req_tls_handshaking.......: avg=66.53µs  min=0s      med=0s       max=16.26ms  p(90)=0s       p(95)=0s
     http_req_waiting...............: avg=617.53ms min=80.69ms med=586.59ms max=1.69s    p(90)=1.26s    p(95)=1.32s
     http_reqs......................: 2244    13.182789/s
     iteration_duration.............: avg=1.61s    min=1.08s   med=1.58s    max=2.69s    p(90)=2.26s    p(95)=2.32s
     iterations.....................: 2244    13.182789/s
     vus............................: 2       min=2       max=36
     vus_max........................: 36      min=36      max=36
