ubuntu@ip-192-168-47-32:~/nextstep/infra-subway-monitoring/k6$ k6 run stress.js

          /\      |‾‾| /‾‾/   /‾‾/
     /\  /  \     |  |/  /   /  /
    /  \/    \    |     (   /   ‾‾\
   /          \   |  |\  \ |  (‾)  |
  / __________ \  |__| \__\ \_____/ .io

  execution: local
     script: stress.js
     output: -
  scenarios: (100.00%) 1 scenario, 400 max VUs, 6m40s max duration (incl. graceful stop):
           * default: Up to 400 looping VUs for 6m10s over 7 stages (gracefulRampDown: 30s, gracefulStop: 30s)

WARN[0347] Request Failed                                error="Post \"https://songsimo.kro.kr/login/token\": EOF"
ERRO[0347] the body is null so we can't transform it to JSON - this likely was because of a request error getting the response
running at reflect.methodValueCall (native)
default at logged in successfully (file:///home/ubuntu/nextstep/infra-subway-monitoring/k6/stress.js:40:44(4))
        at go.k6.io/k6/js/modules/k6.(*K6).Check-fm (native)
        at file:///home/ubuntu/nextstep/infra-subway-monitoring/k6/stress.js:39:20(37)
        at native  executor=ramping-vus scenario=default source=stacktrace
WARN[0347] Request Failed                                error="Post \"https://songsimo.kro.kr/login/token\": EOF"
ERRO[0347] the body is null so we can't transform it to JSON - this likely was because of a request error getting the response
running at reflect.methodValueCall (native)
default at logged in successfully (file:///home/ubuntu/nextstep/infra-subway-monitoring/k6/stress.js:40:44(4))
        at go.k6.io/k6/js/modules/k6.(*K6).Check-fm (native)
        at file:///home/ubuntu/nextstep/infra-subway-monitoring/k6/stress.js:39:20(37)
        at native  executor=ramping-vus scenario=default source=stacktrace
WARN[0347] Request Failed                                error="Post \"https://songsimo.kro.kr/login/token\": EOF"
ERRO[0347] the body is null so we can't transform it to JSON - this likely was because of a request error getting the response
running at reflect.methodValueCall (native)
default at logged in successfully (file:///home/ubuntu/nextstep/infra-subway-monitoring/k6/stress.js:40:44(4))
        at go.k6.io/k6/js/modules/k6.(*K6).Check-fm (native)
        at file:///home/ubuntu/nextstep/infra-subway-monitoring/k6/stress.js:39:20(37)
        at native  executor=ramping-vus scenario=default source=stacktrace
WARN[0347] Request Failed                                error="Post \"https://songsimo.kro.kr/login/token\": EOF"
ERRO[0347] the body is null so we can't transform it to JSON - this likely was because of a request error getting the response
running at reflect.methodValueCall (native)
default at logged in successfully (file:///home/ubuntu/nextstep/infra-subway-monitoring/k6/stress.js:40:44(4))
        at go.k6.io/k6/js/modules/k6.(*K6).Check-fm (native)
        at file:///home/ubuntu/nextstep/infra-subway-monitoring/k6/stress.js:39:20(37)
        at native  executor=ramping-vus scenario=default source=stacktrace
WARN[0347] Request Failed                                error="Post \"https://songsimo.kro.kr/login/token\": EOF"
ERRO[0347] the body is null so we can't transform it to JSON - this likely was because of a request error getting the response
running at reflect.methodValueCall (native)
default at logged in successfully (file:///home/ubuntu/nextstep/infra-subway-monitoring/k6/stress.js:40:44(4))
        at go.k6.io/k6/js/modules/k6.(*K6).Check-fm (native)
        at file:///home/ubuntu/nextstep/infra-subway-monitoring/k6/stress.js:39:20(37)
        at native  executor=ramping-vus scenario=default source=stacktrace
WARN[0347] Request Failed                                error="Post \"https://songsimo.kro.kr/login/token\": EOF"
ERRO[0347] the body is null so we can't transform it to JSON - this likely was because of a request error getting the response
running at reflect.methodValueCall (native)
default at logged in successfully (file:///home/ubuntu/nextstep/infra-subway-monitoring/k6/stress.js:40:44(4))
        at go.k6.io/k6/js/modules/k6.(*K6).Check-fm (native)
        at file:///home/ubuntu/nextstep/infra-subway-monitoring/k6/stress.js:39:20(37)
        at native  executor=ramping-vus scenario=default source=stacktrace
WARN[0347] Request Failed                                error="Post \"https://songsimo.kro.kr/login/token\": EOF"
ERRO[0347] the body is null so we can't transform it to JSON - this likely was because of a request error getting the response
running at reflect.methodValueCall (native)
default at logged in successfully (file:///home/ubuntu/nextstep/infra-subway-monitoring/k6/stress.js:40:44(4))
        at go.k6.io/k6/js/modules/k6.(*K6).Check-fm (native)
        at file:///home/ubuntu/nextstep/infra-subway-monitoring/k6/stress.js:39:20(37)
        at native  executor=ramping-vus scenario=default source=stacktrace
WARN[0347] Request Failed                                error="Post \"https://songsimo.kro.kr/login/token\": EOF"
ERRO[0347] the body is null so we can't transform it to JSON - this likely was because of a request error getting the response
running at reflect.methodValueCall (native)
default at logged in successfully (file:///home/ubuntu/nextstep/infra-subway-monitoring/k6/stress.js:40:44(4))
        at go.k6.io/k6/js/modules/k6.(*K6).Check-fm (native)
        at file:///home/ubuntu/nextstep/infra-subway-monitoring/k6/stress.js:39:20(37)
        at native  executor=ramping-vus scenario=default source=stacktrace
WARN[0347] Request Failed                                error="Post \"https://songsimo.kro.kr/login/token\": EOF"
ERRO[0347] the body is null so we can't transform it to JSON - this likely was because of a request error getting the response
running at reflect.methodValueCall (native)
default at logged in successfully (file:///home/ubuntu/nextstep/infra-subway-monitoring/k6/stress.js:40:44(4))
        at go.k6.io/k6/js/modules/k6.(*K6).Check-fm (native)
        at file:///home/ubuntu/nextstep/infra-subway-monitoring/k6/stress.js:39:20(37)
        at native  executor=ramping-vus scenario=default source=stacktrace
WARN[0347] Request Failed                                error="Post \"https://songsimo.kro.kr/login/token\": EOF"
ERRO[0347] the body is null so we can't transform it to JSON - this likely was because of a request error getting the response
running at reflect.methodValueCall (native)
default at logged in successfully (file:///home/ubuntu/nextstep/infra-subway-monitoring/k6/stress.js:40:44(4))
        at go.k6.io/k6/js/modules/k6.(*K6).Check-fm (native)
        at file:///home/ubuntu/nextstep/infra-subway-monitoring/k6/stress.js:39:20(37)
        at native  executor=ramping-vus scenario=default source=stacktrace
WARN[0347] Request Failed                                error="Post \"https://songsimo.kro.kr/login/token\": EOF"
ERRO[0347] the body is null so we can't transform it to JSON - this likely was because of a request error getting the response
running at reflect.methodValueCall (native)
default at logged in successfully (file:///home/ubuntu/nextstep/infra-subway-monitoring/k6/stress.js:40:44(4))
        at go.k6.io/k6/js/modules/k6.(*K6).Check-fm (native)
        at file:///home/ubuntu/nextstep/infra-subway-monitoring/k6/stress.js:39:20(37)
        at native  executor=ramping-vus scenario=default source=stacktrace
WARN[0347] Request Failed                                error="Post \"https://songsimo.kro.kr/login/token\": EOF"
ERRO[0347] the body is null so we can't transform it to JSON - this likely was because of a request error getting the response
running at reflect.methodValueCall (native)
default at logged in successfully (file:///home/ubuntu/nextstep/infra-subway-monitoring/k6/stress.js:40:44(4))
        at go.k6.io/k6/js/modules/k6.(*K6).Check-fm (native)
        at file:///home/ubuntu/nextstep/infra-subway-monitoring/k6/stress.js:39:20(37)
        at native  executor=ramping-vus scenario=default source=stacktrace
WARN[0347] Request Failed                                error="Post \"https://songsimo.kro.kr/login/token\": EOF"
ERRO[0347] the body is null so we can't transform it to JSON - this likely was because of a request error getting the response
running at reflect.methodValueCall (native)
default at logged in successfully (file:///home/ubuntu/nextstep/infra-subway-monitoring/k6/stress.js:40:44(4))
        at go.k6.io/k6/js/modules/k6.(*K6).Check-fm (native)
        at file:///home/ubuntu/nextstep/infra-subway-monitoring/k6/stress.js:39:20(37)
        at native  executor=ramping-vus scenario=default source=stacktrace
WARN[0348] Request Failed                                error="Post \"https://songsimo.kro.kr/login/token\": EOF"
WARN[0348] Request Failed                                error="Post \"https://songsimo.kro.kr/login/token\": EOF"
ERRO[0348] the body is null so we can't transform it to JSON - this likely was because of a request error getting the response
running at reflect.methodValueCall (native)
default at logged in successfully (file:///home/ubuntu/nextstep/infra-subway-monitoring/k6/stress.js:40:44(4))
        at go.k6.io/k6/js/modules/k6.(*K6).Check-fm (native)
        at file:///home/ubuntu/nextstep/infra-subway-monitoring/k6/stress.js:39:20(37)
        at native  executor=ramping-vus scenario=default source=stacktrace
WARN[0348] Request Failed                                error="Post \"https://songsimo.kro.kr/login/token\": EOF"
ERRO[0348] the body is null so we can't transform it to JSON - this likely was because of a request error getting the response
running at reflect.methodValueCall (native)
default at logged in successfully (file:///home/ubuntu/nextstep/infra-subway-monitoring/k6/stress.js:40:44(4))
        at go.k6.io/k6/js/modules/k6.(*K6).Check-fm (native)
        at file:///home/ubuntu/nextstep/infra-subway-monitoring/k6/stress.js:39:20(37)
        at native  executor=ramping-vus scenario=default source=stacktrace
WARN[0348] Request Failed                                error="Post \"https://songsimo.kro.kr/login/token\": EOF"
ERRO[0348] the body is null so we can't transform it to JSON - this likely was because of a request error getting the response
running at reflect.methodValueCall (native)
default at logged in successfully (file:///home/ubuntu/nextstep/infra-subway-monitoring/k6/stress.js:40:44(4))
        at go.k6.io/k6/js/modules/k6.(*K6).Check-fm (native)
        at file:///home/ubuntu/nextstep/infra-subway-monitoring/k6/stress.js:39:20(37)
        at native  executor=ramping-vus scenario=default source=stacktrace
ERRO[0348] the body is null so we can't transform it to JSON - this likely was because of a request error getting the response
running at reflect.methodValueCall (native)
default at logged in successfully (file:///home/ubuntu/nextstep/infra-subway-monitoring/k6/stress.js:40:44(4))
        at go.k6.io/k6/js/modules/k6.(*K6).Check-fm (native)
        at file:///home/ubuntu/nextstep/infra-subway-monitoring/k6/stress.js:39:20(37)
        at native  executor=ramping-vus scenario=default source=stacktrace
WARN[0348] Request Failed                                error="Post \"https://songsimo.kro.kr/login/token\": EOF"
ERRO[0348] the body is null so we can't transform it to JSON - this likely was because of a request error getting the response
running at reflect.methodValueCall (native)
default at logged in successfully (file:///home/ubuntu/nextstep/infra-subway-monitoring/k6/stress.js:40:44(4))
        at go.k6.io/k6/js/modules/k6.(*K6).Check-fm (native)
        at file:///home/ubuntu/nextstep/infra-subway-monitoring/k6/stress.js:39:20(37)
        at native  executor=ramping-vus scenario=default source=stacktrace
WARN[0348] Request Failed                                error="Post \"https://songsimo.kro.kr/login/token\": EOF"
ERRO[0348] the body is null so we can't transform it to JSON - this likely was because of a request error getting the response
running at reflect.methodValueCall (native)
default at logged in successfully (file:///home/ubuntu/nextstep/infra-subway-monitoring/k6/stress.js:40:44(4))
        at go.k6.io/k6/js/modules/k6.(*K6).Check-fm (native)
        at file:///home/ubuntu/nextstep/infra-subway-monitoring/k6/stress.js:39:20(37)
        at native  executor=ramping-vus scenario=default source=stacktrace
WARN[0348] Request Failed                                error="Post \"https://songsimo.kro.kr/login/token\": EOF"
ERRO[0348] the body is null so we can't transform it to JSON - this likely was because of a request error getting the response
running at reflect.methodValueCall (native)
default at logged in successfully (file:///home/ubuntu/nextstep/infra-subway-monitoring/k6/stress.js:40:44(4))
        at go.k6.io/k6/js/modules/k6.(*K6).Check-fm (native)
        at file:///home/ubuntu/nextstep/infra-subway-monitoring/k6/stress.js:39:20(37)
        at native  executor=ramping-vus scenario=default source=stacktrace
WARN[0348] Request Failed                                error="Post \"https://songsimo.kro.kr/login/token\": EOF"
ERRO[0348] the body is null so we can't transform it to JSON - this likely was because of a request error getting the response
running at reflect.methodValueCall (native)
default at logged in successfully (file:///home/ubuntu/nextstep/infra-subway-monitoring/k6/stress.js:40:44(4))
        at go.k6.io/k6/js/modules/k6.(*K6).Check-fm (native)
        at file:///home/ubuntu/nextstep/infra-subway-monitoring/k6/stress.js:39:20(37)
        at native  executor=ramping-vus scenario=default source=stacktrace
WARN[0348] Request Failed                                error="Post \"https://songsimo.kro.kr/login/token\": EOF"
ERRO[0348] the body is null so we can't transform it to JSON - this likely was because of a request error getting the response
running at reflect.methodValueCall (native)
default at logged in successfully (file:///home/ubuntu/nextstep/infra-subway-monitoring/k6/stress.js:40:44(4))
        at go.k6.io/k6/js/modules/k6.(*K6).Check-fm (native)
        at file:///home/ubuntu/nextstep/infra-subway-monitoring/k6/stress.js:39:20(37)
        at native  executor=ramping-vus scenario=default source=stacktrace
WARN[0348] Request Failed                                error="Post \"https://songsimo.kro.kr/login/token\": EOF"
ERRO[0348] the body is null so we can't transform it to JSON - this likely was because of a request error getting the response
running at reflect.methodValueCall (native)
default at logged in successfully (file:///home/ubuntu/nextstep/infra-subway-monitoring/k6/stress.js:40:44(4))
        at go.k6.io/k6/js/modules/k6.(*K6).Check-fm (native)
        at file:///home/ubuntu/nextstep/infra-subway-monitoring/k6/stress.js:39:20(37)
        at native  executor=ramping-vus scenario=default source=stacktrace
WARN[0354] Request Failed                                error="Post \"https://songsimo.kro.kr/login/token\": EOF"
ERRO[0354] the body is null so we can't transform it to JSON - this likely was because of a request error getting the response
running at reflect.methodValueCall (native)
default at logged in successfully (file:///home/ubuntu/nextstep/infra-subway-monitoring/k6/stress.js:40:44(4))
        at go.k6.io/k6/js/modules/k6.(*K6).Check-fm (native)
        at file:///home/ubuntu/nextstep/infra-subway-monitoring/k6/stress.js:39:20(37)
        at native  executor=ramping-vus scenario=default source=stacktrace
WARN[0354] Request Failed                                error="Post \"https://songsimo.kro.kr/login/token\": EOF"
ERRO[0354] the body is null so we can't transform it to JSON - this likely was because of a request error getting the response
running at reflect.methodValueCall (native)
default at logged in successfully (file:///home/ubuntu/nextstep/infra-subway-monitoring/k6/stress.js:40:44(4))
        at go.k6.io/k6/js/modules/k6.(*K6).Check-fm (native)
        at file:///home/ubuntu/nextstep/infra-subway-monitoring/k6/stress.js:39:20(37)
        at native  executor=ramping-vus scenario=default source=stacktrace
WARN[0354] Request Failed                                error="Post \"https://songsimo.kro.kr/login/token\": EOF"
ERRO[0354] the body is null so we can't transform it to JSON - this likely was because of a request error getting the response
running at reflect.methodValueCall (native)
default at logged in successfully (file:///home/ubuntu/nextstep/infra-subway-monitoring/k6/stress.js:40:44(4))
        at go.k6.io/k6/js/modules/k6.(*K6).Check-fm (native)
        at file:///home/ubuntu/nextstep/infra-subway-monitoring/k6/stress.js:39:20(37)
        at native  executor=ramping-vus scenario=default source=stacktrace
WARN[0354] Request Failed                                error="Post \"https://songsimo.kro.kr/login/token\": EOF"
ERRO[0354] the body is null so we can't transform it to JSON - this likely was because of a request error getting the response
running at reflect.methodValueCall (native)
default at logged in successfully (file:///home/ubuntu/nextstep/infra-subway-monitoring/k6/stress.js:40:44(4))
        at go.k6.io/k6/js/modules/k6.(*K6).Check-fm (native)
        at file:///home/ubuntu/nextstep/infra-subway-monitoring/k6/stress.js:39:20(37)
        at native  executor=ramping-vus scenario=default source=stacktrace
WARN[0354] Request Failed                                error="Post \"https://songsimo.kro.kr/login/token\": EOF"
ERRO[0354] the body is null so we can't transform it to JSON - this likely was because of a request error getting the response
running at reflect.methodValueCall (native)
default at logged in successfully (file:///home/ubuntu/nextstep/infra-subway-monitoring/k6/stress.js:40:44(4))
        at go.k6.io/k6/js/modules/k6.(*K6).Check-fm (native)
        at file:///home/ubuntu/nextstep/infra-subway-monitoring/k6/stress.js:39:20(37)
        at native  executor=ramping-vus scenario=default source=stacktrace
WARN[0354] Request Failed                                error="Post \"https://songsimo.kro.kr/login/token\": EOF"
ERRO[0354] the body is null so we can't transform it to JSON - this likely was because of a request error getting the response
running at reflect.methodValueCall (native)
default at logged in successfully (file:///home/ubuntu/nextstep/infra-subway-monitoring/k6/stress.js:40:44(4))
        at go.k6.io/k6/js/modules/k6.(*K6).Check-fm (native)
        at file:///home/ubuntu/nextstep/infra-subway-monitoring/k6/stress.js:39:20(37)
        at native  executor=ramping-vus scenario=default source=stacktrace
WARN[0354] Request Failed                                error="Post \"https://songsimo.kro.kr/login/token\": EOF"
ERRO[0354] the body is null so we can't transform it to JSON - this likely was because of a request error getting the response
running at reflect.methodValueCall (native)
default at logged in successfully (file:///home/ubuntu/nextstep/infra-subway-monitoring/k6/stress.js:40:44(4))
        at go.k6.io/k6/js/modules/k6.(*K6).Check-fm (native)
        at file:///home/ubuntu/nextstep/infra-subway-monitoring/k6/stress.js:39:20(37)
        at native  executor=ramping-vus scenario=default source=stacktrace
WARN[0354] Request Failed                                error="Post \"https://songsimo.kro.kr/login/token\": EOF"
ERRO[0354] the body is null so we can't transform it to JSON - this likely was because of a request error getting the response
running at reflect.methodValueCall (native)
default at logged in successfully (file:///home/ubuntu/nextstep/infra-subway-monitoring/k6/stress.js:40:44(4))
        at go.k6.io/k6/js/modules/k6.(*K6).Check-fm (native)
        at file:///home/ubuntu/nextstep/infra-subway-monitoring/k6/stress.js:39:20(37)
        at native  executor=ramping-vus scenario=default source=stacktrace
WARN[0354] Request Failed                                error="Post \"https://songsimo.kro.kr/login/token\": EOF"
ERRO[0354] the body is null so we can't transform it to JSON - this likely was because of a request error getting the response
running at reflect.methodValueCall (native)
default at logged in successfully (file:///home/ubuntu/nextstep/infra-subway-monitoring/k6/stress.js:40:44(4))
        at go.k6.io/k6/js/modules/k6.(*K6).Check-fm (native)
        at file:///home/ubuntu/nextstep/infra-subway-monitoring/k6/stress.js:39:20(37)
        at native  executor=ramping-vus scenario=default source=stacktrace
WARN[0354] Request Failed                                error="Post \"https://songsimo.kro.kr/login/token\": EOF"
ERRO[0354] the body is null so we can't transform it to JSON - this likely was because of a request error getting the response
running at reflect.methodValueCall (native)
default at logged in successfully (file:///home/ubuntu/nextstep/infra-subway-monitoring/k6/stress.js:40:44(4))
        at go.k6.io/k6/js/modules/k6.(*K6).Check-fm (native)
        at file:///home/ubuntu/nextstep/infra-subway-monitoring/k6/stress.js:39:20(37)
        at native  executor=ramping-vus scenario=default source=stacktrace
WARN[0354] Request Failed                                error="Post \"https://songsimo.kro.kr/login/token\": EOF"
ERRO[0354] the body is null so we can't transform it to JSON - this likely was because of a request error getting the response
running at reflect.methodValueCall (native)
default at logged in successfully (file:///home/ubuntu/nextstep/infra-subway-monitoring/k6/stress.js:40:44(4))
        at go.k6.io/k6/js/modules/k6.(*K6).Check-fm (native)
        at file:///home/ubuntu/nextstep/infra-subway-monitoring/k6/stress.js:39:20(37)
        at native  executor=ramping-vus scenario=default source=stacktrace

running (6m11.0s), 000/400 VUs, 74673 complete and 0 interrupted iterations
default ✓ [======================================] 000/400 VUs  6m10s

     ✗ logged in successfully
      ↳  99% — ✓ 74639 / ✗ 34
     ✓ retrieved member

     checks.........................: 99.97% ✓ 149278     ✗ 34
     data_received..................: 55 MB  148 kB/s
     data_sent......................: 39 MB  104 kB/s
     http_req_blocked...............: avg=154.56µs min=796ns  med=3.49µs  max=1.15s    p(90)=5.51µs   p(95)=12.23µs
     http_req_connecting............: avg=36.36µs  min=0s     med=0s      max=307.79ms p(90)=0s       p(95)=0s
   ✓ http_req_duration..............: avg=14.21ms  min=2.56ms med=7.53ms  max=1.35s    p(90)=24.94ms  p(95)=44.92ms
       { expected_response:true }...: avg=14.21ms  min=3.18ms med=7.53ms  max=1.35s    p(90)=24.93ms  p(95)=44.9ms
     http_req_failed................: 0.02%  ✓ 34         ✗ 149278
     http_req_receiving.............: avg=483.86µs min=0s     med=47.01µs max=839.01ms p(90)=201.19µs p(95)=519.36µs
     http_req_sending...............: avg=354.33µs min=4.92µs med=18.37µs max=769.74ms p(90)=130.28µs p(95)=494.61µs
     http_req_tls_handshaking.......: avg=100.24µs min=0s     med=0s      max=848.04ms p(90)=0s       p(95)=0s
     http_req_waiting...............: avg=13.37ms  min=2.54ms med=7.31ms  max=1s       p(90)=24.06ms  p(95)=42.7ms
     http_reqs......................: 149312 402.449763/s
     iteration_duration.............: avg=1.03s    min=2.82ms med=1.01s   max=2.51s    p(90)=1.05s    p(95)=1.1s
     iterations.....................: 74673  201.270703/s
     vus............................: 0      min=0        max=400
     vus_max........................: 400    min=400      max=400