
          /\      |‾‾| /‾‾/   /‾‾/
     /\  /  \     |  |/  /   /  /
    /  \/    \    |     (   /   ‾‾\
   /          \   |  |\  \ |  (‾)  |
  / __________ \  |__| \__\ \_____/ .io

  execution: local
     script: -
     output: -

  scenarios: (100.00%) 1 scenario, 46 max VUs, 1m40s max duration (incl. graceful stop):
           * default: Up to 46 looping VUs for 1m10s over 7 stages (gracefulRampDown: 30s, gracefulStop: 30s)


running (0m01.0s), 03/46 VUs, 0 complete and 0 interrupted iterations
default   [   1% ] 03/46 VUs  0m01.0s/1m10.0s

running (0m02.0s), 05/46 VUs, 3 complete and 0 interrupted iterations
default   [   3% ] 05/46 VUs  0m02.0s/1m10.0s

running (0m03.0s), 07/46 VUs, 7 complete and 0 interrupted iterations
default   [   4% ] 07/46 VUs  0m03.0s/1m10.0s

running (0m04.0s), 09/46 VUs, 14 complete and 0 interrupted iterations
default   [   6% ] 09/46 VUs  0m04.0s/1m10.0s

running (0m05.0s), 11/46 VUs, 23 complete and 0 interrupted iterations
default   [   7% ] 11/46 VUs  0m05.0s/1m10.0s

running (0m06.0s), 14/46 VUs, 33 complete and 0 interrupted iterations
default   [   9% ] 14/46 VUs  0m06.0s/1m10.0s

running (0m07.0s), 16/46 VUs, 47 complete and 0 interrupted iterations
default   [  10% ] 16/46 VUs  0m07.0s/1m10.0s

running (0m08.0s), 18/46 VUs, 62 complete and 0 interrupted iterations
default   [  11% ] 18/46 VUs  0m08.0s/1m10.0s

running (0m09.0s), 20/46 VUs, 79 complete and 0 interrupted iterations
default   [  13% ] 20/46 VUs  0m09.0s/1m10.0s

running (0m10.0s), 22/46 VUs, 99 complete and 0 interrupted iterations
default   [  14% ] 22/46 VUs  0m10.0s/1m10.0s

running (0m11.0s), 23/46 VUs, 120 complete and 0 interrupted iterations
default   [  16% ] 23/46 VUs  0m11.0s/1m10.0s

running (0m12.0s), 23/46 VUs, 143 complete and 0 interrupted iterations
default   [  17% ] 23/46 VUs  0m12.0s/1m10.0s

running (0m13.0s), 23/46 VUs, 162 complete and 0 interrupted iterations
default   [  19% ] 23/46 VUs  0m13.0s/1m10.0s

running (0m14.0s), 23/46 VUs, 177 complete and 0 interrupted iterations
default   [  20% ] 23/46 VUs  0m14.0s/1m10.0s

running (0m15.0s), 23/46 VUs, 199 complete and 0 interrupted iterations
default   [  21% ] 23/46 VUs  0m15.0s/1m10.0s

running (0m16.0s), 23/46 VUs, 221 complete and 0 interrupted iterations
default   [  23% ] 23/46 VUs  0m16.0s/1m10.0s

running (0m17.0s), 23/46 VUs, 244 complete and 0 interrupted iterations
default   [  24% ] 23/46 VUs  0m17.0s/1m10.0s

running (0m18.0s), 23/46 VUs, 267 complete and 0 interrupted iterations
default   [  26% ] 23/46 VUs  0m18.0s/1m10.0s

running (0m19.0s), 23/46 VUs, 290 complete and 0 interrupted iterations
default   [  27% ] 23/46 VUs  0m19.0s/1m10.0s

running (0m20.0s), 23/46 VUs, 313 complete and 0 interrupted iterations
default   [  29% ] 23/46 VUs  0m20.0s/1m10.0s

running (0m21.0s), 25/46 VUs, 336 complete and 0 interrupted iterations
default   [  30% ] 25/46 VUs  0m21.0s/1m10.0s

running (0m22.0s), 27/46 VUs, 361 complete and 0 interrupted iterations
default   [  31% ] 27/46 VUs  0m22.0s/1m10.0s

running (0m23.0s), 29/46 VUs, 387 complete and 0 interrupted iterations
default   [  33% ] 29/46 VUs  0m23.0s/1m10.0s

running (0m24.0s), 32/46 VUs, 414 complete and 0 interrupted iterations
default   [  34% ] 32/46 VUs  0m24.0s/1m10.0s

running (0m25.0s), 34/46 VUs, 438 complete and 0 interrupted iterations
default   [  36% ] 34/46 VUs  0m25.0s/1m10.0s

running (0m26.0s), 36/46 VUs, 468 complete and 0 interrupted iterations
default   [  37% ] 36/46 VUs  0m26.0s/1m10.0s

running (0m27.0s), 39/46 VUs, 502 complete and 0 interrupted iterations
default   [  39% ] 39/46 VUs  0m27.0s/1m10.0s

running (0m28.0s), 41/46 VUs, 540 complete and 0 interrupted iterations
default   [  40% ] 41/46 VUs  0m28.0s/1m10.0s

running (0m29.0s), 43/46 VUs, 581 complete and 0 interrupted iterations
default   [  41% ] 43/46 VUs  0m29.0s/1m10.0s

running (0m30.0s), 45/46 VUs, 620 complete and 0 interrupted iterations
default   [  43% ] 45/46 VUs  0m30.0s/1m10.0s

running (0m31.0s), 46/46 VUs, 664 complete and 0 interrupted iterations
default   [  44% ] 46/46 VUs  0m31.0s/1m10.0s

running (0m32.0s), 46/46 VUs, 704 complete and 0 interrupted iterations
default   [  46% ] 46/46 VUs  0m32.0s/1m10.0s

running (0m33.0s), 46/46 VUs, 750 complete and 0 interrupted iterations
default   [  47% ] 46/46 VUs  0m33.0s/1m10.0s

running (0m34.0s), 46/46 VUs, 795 complete and 0 interrupted iterations
default   [  49% ] 46/46 VUs  0m34.0s/1m10.0s

running (0m35.0s), 46/46 VUs, 840 complete and 0 interrupted iterations
default   [  50% ] 46/46 VUs  0m35.0s/1m10.0s

running (0m36.0s), 46/46 VUs, 885 complete and 0 interrupted iterations
default   [  51% ] 46/46 VUs  0m36.0s/1m10.0s

running (0m37.0s), 46/46 VUs, 930 complete and 0 interrupted iterations
default   [  53% ] 46/46 VUs  0m37.0s/1m10.0s

running (0m38.0s), 46/46 VUs, 967 complete and 0 interrupted iterations
default   [  54% ] 46/46 VUs  0m38.0s/1m10.0s

running (0m39.0s), 46/46 VUs, 1011 complete and 0 interrupted iterations
default   [  56% ] 46/46 VUs  0m39.0s/1m10.0s

running (0m40.0s), 46/46 VUs, 1056 complete and 0 interrupted iterations
default   [  57% ] 46/46 VUs  0m40.0s/1m10.0s

running (0m41.0s), 45/46 VUs, 1102 complete and 0 interrupted iterations
default   [  59% ] 45/46 VUs  0m41.0s/1m10.0s

running (0m42.0s), 43/46 VUs, 1144 complete and 0 interrupted iterations
default   [  60% ] 43/46 VUs  0m42.0s/1m10.0s

running (0m43.0s), 40/46 VUs, 1185 complete and 0 interrupted iterations
default   [  61% ] 40/46 VUs  0m43.0s/1m10.0s

running (0m44.0s), 38/46 VUs, 1224 complete and 0 interrupted iterations
default   [  63% ] 38/46 VUs  0m44.0s/1m10.0s

running (0m45.0s), 36/46 VUs, 1259 complete and 0 interrupted iterations
default   [  64% ] 36/46 VUs  0m45.0s/1m10.0s

running (0m46.0s), 33/46 VUs, 1293 complete and 0 interrupted iterations
default   [  66% ] 33/46 VUs  0m46.0s/1m10.0s

running (0m47.0s), 32/46 VUs, 1322 complete and 0 interrupted iterations
default   [  67% ] 32/46 VUs  0m47.0s/1m10.0s

running (0m48.0s), 29/46 VUs, 1354 complete and 0 interrupted iterations
default   [  69% ] 29/46 VUs  0m48.0s/1m10.0s

running (0m49.0s), 27/46 VUs, 1381 complete and 0 interrupted iterations
default   [  70% ] 27/46 VUs  0m49.0s/1m10.0s

running (0m50.0s), 24/46 VUs, 1406 complete and 0 interrupted iterations
default   [  71% ] 24/46 VUs  0m50.0s/1m10.0s

running (0m51.0s), 24/46 VUs, 1429 complete and 0 interrupted iterations
default   [  73% ] 24/46 VUs  0m51.0s/1m10.0s

running (0m52.0s), 23/46 VUs, 1453 complete and 0 interrupted iterations
default   [  74% ] 23/46 VUs  0m52.0s/1m10.0s

running (0m53.0s), 23/46 VUs, 1475 complete and 0 interrupted iterations
default   [  76% ] 23/46 VUs  0m53.0s/1m10.0s

running (0m54.0s), 23/46 VUs, 1497 complete and 0 interrupted iterations
default   [  77% ] 23/46 VUs  0m54.0s/1m10.0s

running (0m55.0s), 23/46 VUs, 1519 complete and 0 interrupted iterations
default   [  79% ] 23/46 VUs  0m55.0s/1m10.0s

running (0m56.0s), 23/46 VUs, 1541 complete and 0 interrupted iterations
default   [  80% ] 23/46 VUs  0m56.0s/1m10.0s

running (0m57.0s), 23/46 VUs, 1560 complete and 0 interrupted iterations
default   [  81% ] 23/46 VUs  0m57.0s/1m10.0s

running (0m58.0s), 23/46 VUs, 1583 complete and 0 interrupted iterations
default   [  83% ] 23/46 VUs  0m58.0s/1m10.0s

running (0m59.0s), 23/46 VUs, 1605 complete and 0 interrupted iterations
default   [  84% ] 23/46 VUs  0m59.0s/1m10.0s

running (1m00.0s), 23/46 VUs, 1625 complete and 0 interrupted iterations
default   [  86% ] 23/46 VUs  1m00.0s/1m10.0s

running (1m01.0s), 23/46 VUs, 1646 complete and 0 interrupted iterations
default   [  87% ] 23/46 VUs  1m01.0s/1m10.0s

running (1m02.0s), 20/46 VUs, 1667 complete and 0 interrupted iterations
default   [  89% ] 20/46 VUs  1m02.0s/1m10.0s

running (1m03.0s), 19/46 VUs, 1687 complete and 0 interrupted iterations
default   [  90% ] 19/46 VUs  1m03.0s/1m10.0s

running (1m04.0s), 15/46 VUs, 1705 complete and 0 interrupted iterations
default   [  91% ] 15/46 VUs  1m04.0s/1m10.0s

running (1m05.0s), 14/46 VUs, 1720 complete and 0 interrupted iterations
default   [  93% ] 14/46 VUs  1m05.0s/1m10.0s

running (1m06.0s), 10/46 VUs, 1734 complete and 0 interrupted iterations
default   [  94% ] 10/46 VUs  1m06.0s/1m10.0s

running (1m07.0s), 09/46 VUs, 1744 complete and 0 interrupted iterations
default   [  96% ] 09/46 VUs  1m07.0s/1m10.0s

running (1m08.0s), 07/46 VUs, 1753 complete and 0 interrupted iterations
default   [  97% ] 07/46 VUs  1m08.0s/1m10.0s

running (1m09.0s), 04/46 VUs, 1760 complete and 0 interrupted iterations
default   [  99% ] 04/46 VUs  1m09.0s/1m10.0s

running (1m10.0s), 02/46 VUs, 1764 complete and 0 interrupted iterations
default   [ 100% ] 02/46 VUs  1m10.0s/1m10.0s

running (1m10.9s), 00/46 VUs, 1766 complete and 0 interrupted iterations
default ✓ [ 100% ] 00/46 VUs  1m10s

     ✓ logged in
     ✓ got profile
     ✓ updated profile
     ✓ changed age

     checks.........................: 100.00% ✓ 8830      ✗ 0
     data_received..................: 1.4 MB  20 kB/s
     data_sent......................: 2.2 MB  31 kB/s
     http_req_blocked...............: avg=29.55µs  min=985ns   med=2.24µs   max=20.59ms  p(90)=5.09µs   p(95)=6.89µs
     http_req_connecting............: avg=23.49µs  min=0s      med=0s       max=4.75ms   p(90)=0s       p(95)=0s
   ✓ http_req_duration..............: avg=14.37ms  min=65.54µs med=11.76ms  max=222.94ms p(90)=21.17ms  p(95)=26.96ms
       { expected_response:true }...: avg=14.37ms  min=65.54µs med=11.76ms  max=222.94ms p(90)=21.17ms  p(95)=26.96ms
     http_req_failed................: 0.00%   ✓ 0         ✗ 7064
     http_req_receiving.............: avg=777.52µs min=17.69µs med=508.36µs max=86.18ms  p(90)=977.42µs p(95)=1.55ms
     http_req_sending...............: avg=19.72µs  min=5.38µs  med=12.64µs  max=6.64ms   p(90)=36.94µs  p(95)=47.55µs
     http_req_tls_handshaking.......: avg=0s       min=0s      med=0s       max=0s       p(90)=0s       p(95)=0s
     http_req_waiting...............: avg=13.57ms  min=0s      med=11.19ms  max=221.07ms p(90)=19.86ms  p(95)=25.35ms
     http_reqs......................: 7064    99.566683/s
     iteration_duration.............: avg=1.05s    min=1.03s   med=1.05s    max=1.37s    p(90)=1.08s    p(95)=1.1s
     iterations.....................: 1766    24.891671/s
     vus............................: 2       min=2       max=46
     vus_max........................: 46      min=46      max=46
