
          /\      |‾‾| /‾‾/   /‾‾/
     /\  /  \     |  |/  /   /  /
    /  \/    \    |     (   /   ‾‾\
   /          \   |  |\  \ |  (‾)  |
  / __________ \  |__| \__\ \_____/ .io

  execution: local
     script: -
     output: -

  scenarios: (100.00%) 1 scenario, 1 max VUs, 40s max duration (incl. graceful stop):
           * default: 1 looping VUs for 10s (gracefulStop: 30s)


running (01.0s), 1/1 VUs, 0 complete and 0 interrupted iterations
default   [  10% ] 1 VUs  01.0s/10s

running (02.0s), 1/1 VUs, 1 complete and 0 interrupted iterations
default   [  20% ] 1 VUs  02.0s/10s

running (03.0s), 1/1 VUs, 2 complete and 0 interrupted iterations
default   [  30% ] 1 VUs  03.0s/10s

running (04.0s), 1/1 VUs, 3 complete and 0 interrupted iterations
default   [  40% ] 1 VUs  04.0s/10s

running (05.0s), 1/1 VUs, 4 complete and 0 interrupted iterations
default   [  50% ] 1 VUs  05.0s/10s

running (06.0s), 1/1 VUs, 5 complete and 0 interrupted iterations
default   [  60% ] 1 VUs  06.0s/10s

running (07.0s), 1/1 VUs, 6 complete and 0 interrupted iterations
default   [  70% ] 1 VUs  07.0s/10s

running (08.0s), 1/1 VUs, 7 complete and 0 interrupted iterations
default   [  80% ] 1 VUs  08.0s/10s

running (09.0s), 1/1 VUs, 8 complete and 0 interrupted iterations
default   [  90% ] 1 VUs  09.0s/10s

running (10.0s), 1/1 VUs, 9 complete and 0 interrupted iterations
default   [ 100% ] 1 VUs  10.0s/10s

running (10.6s), 0/1 VUs, 10 complete and 0 interrupted iterations
default ✓ [ 100% ] 1 VUs  10s

     ✓ logged in
     ✓ got profile
     ✓ updated profile
     ✓ changed age

     checks.........................: 100.00% ✓ 50       ✗ 0
     data_received..................: 8.0 kB  751 B/s
     data_sent......................: 13 kB   1.2 kB/s
     http_req_blocked...............: avg=365.81µs min=1.71µs  med=2.68µs   max=14.49ms  p(90)=5.22µs   p(95)=10.53µs
     http_req_connecting............: avg=107.17µs min=0s      med=0s       max=4.28ms   p(90)=0s       p(95)=0s
   ✓ http_req_duration..............: avg=15.29ms  min=12.64ms med=14.69ms  max=23.65ms  p(90)=17.81ms  p(95)=19.73ms
       { expected_response:true }...: avg=15.29ms  min=12.64ms med=14.69ms  max=23.65ms  p(90)=17.81ms  p(95)=19.73ms
     http_req_failed................: 0.00%   ✓ 0        ✗ 40
     http_req_receiving.............: avg=499.19µs min=49.53µs med=487.06µs max=2.08ms   p(90)=832.94µs p(95)=856.48µs
     http_req_sending...............: avg=25.06µs  min=9.96µs  med=16.85µs  max=130.35µs p(90)=48.86µs  p(95)=50.77µs
     http_req_tls_handshaking.......: avg=0s       min=0s      med=0s       max=0s       p(90)=0s       p(95)=0s
     http_req_waiting...............: avg=14.77ms  min=12.16ms med=14.23ms  max=23.53ms  p(90)=16.82ms  p(95)=19.25ms
     http_reqs......................: 40      3.757137/s
     iteration_duration.............: avg=1.06s    min=1.05s   med=1.06s    max=1.07s    p(90)=1.07s    p(95)=1.07s
     iterations.....................: 10      0.939284/s
     vus............................: 1       min=1      max=1
     vus_max........................: 1       min=1      max=1
