
          /\      |‾‾| /‾‾/   /‾‾/
     /\  /  \     |  |/  /   /  /
    /  \/    \    |     (   /   ‾‾\
   /          \   |  |\  \ |  (‾)  |
  / __________ \  |__| \__\ \_____/ .io

  execution: local
     script: -
     output: -

  scenarios: (100.00%) 1 scenario, 2500 max VUs, 3m0s max duration (incl. graceful stop):
           * default: Up to 2500 looping VUs for 2m30s over 15 stages (gracefulRampDown: 30s, gracefulStop: 30s)


running (0m00.6s), 0002/2500 VUs, 0 complete and 0 interrupted iterations
default   [   0% ] 0002/2500 VUs  0m00.6s/2m30.0s

running (0m01.6s), 0004/2500 VUs, 2 complete and 0 interrupted iterations
default   [   1% ] 0004/2500 VUs  0m01.6s/2m30.0s

running (0m02.6s), 0006/2500 VUs, 6 complete and 0 interrupted iterations
default   [   2% ] 0006/2500 VUs  0m02.6s/2m30.0s

running (0m03.6s), 0008/2500 VUs, 11 complete and 0 interrupted iterations
default   [   2% ] 0008/2500 VUs  0m03.6s/2m30.0s

running (0m04.6s), 0011/2500 VUs, 18 complete and 0 interrupted iterations
default   [   3% ] 0011/2500 VUs  0m04.6s/2m30.0s

running (0m05.6s), 0013/2500 VUs, 28 complete and 0 interrupted iterations
default   [   4% ] 0013/2500 VUs  0m05.6s/2m30.0s

running (0m06.5s), 0015/2500 VUs, 41 complete and 0 interrupted iterations
default   [   4% ] 0015/2500 VUs  0m06.6s/2m30.0s

running (0m07.5s), 0017/2500 VUs, 55 complete and 0 interrupted iterations
default   [   5% ] 0017/2500 VUs  0m07.6s/2m30.0s

running (0m08.5s), 0019/2500 VUs, 71 complete and 0 interrupted iterations
default   [   6% ] 0019/2500 VUs  0m08.6s/2m30.0s

running (0m09.5s), 0022/2500 VUs, 90 complete and 0 interrupted iterations
default   [   6% ] 0022/2500 VUs  0m09.6s/2m30.0s

running (0m10.5s), 0023/2500 VUs, 109 complete and 0 interrupted iterations
default   [   7% ] 0023/2500 VUs  0m10.6s/2m30.0s

running (0m11.5s), 0023/2500 VUs, 132 complete and 0 interrupted iterations
default   [   8% ] 0023/2500 VUs  0m11.6s/2m30.0s

running (0m12.5s), 0023/2500 VUs, 155 complete and 0 interrupted iterations
default   [   8% ] 0023/2500 VUs  0m12.6s/2m30.0s

running (0m13.5s), 0023/2500 VUs, 176 complete and 0 interrupted iterations
default   [   9% ] 0023/2500 VUs  0m13.6s/2m30.0s

running (0m14.5s), 0023/2500 VUs, 199 complete and 0 interrupted iterations
default   [  10% ] 0023/2500 VUs  0m14.6s/2m30.0s

running (0m15.5s), 0023/2500 VUs, 221 complete and 0 interrupted iterations
default   [  10% ] 0023/2500 VUs  0m15.6s/2m30.0s

running (0m16.5s), 0023/2500 VUs, 244 complete and 0 interrupted iterations
default   [  11% ] 0023/2500 VUs  0m16.6s/2m30.0s

running (0m17.5s), 0023/2500 VUs, 265 complete and 0 interrupted iterations
default   [  12% ] 0023/2500 VUs  0m17.6s/2m30.0s

running (0m18.5s), 0023/2500 VUs, 287 complete and 0 interrupted iterations
default   [  12% ] 0023/2500 VUs  0m18.6s/2m30.0s

running (0m19.5s), 0023/2500 VUs, 309 complete and 0 interrupted iterations
default   [  13% ] 0023/2500 VUs  0m19.6s/2m30.0s

running (0m20.5s), 0024/2500 VUs, 331 complete and 0 interrupted iterations
default   [  14% ] 0024/2500 VUs  0m20.6s/2m30.0s

running (0m21.5s), 0026/2500 VUs, 355 complete and 0 interrupted iterations
default   [  14% ] 0026/2500 VUs  0m21.6s/2m30.0s

running (0m22.5s), 0028/2500 VUs, 379 complete and 0 interrupted iterations
default   [  15% ] 0028/2500 VUs  0m22.6s/2m30.0s

running (0m23.5s), 0031/2500 VUs, 404 complete and 0 interrupted iterations
default   [  16% ] 0031/2500 VUs  0m23.6s/2m30.0s

running (0m24.5s), 0033/2500 VUs, 435 complete and 0 interrupted iterations
default   [  16% ] 0033/2500 VUs  0m24.6s/2m30.0s

running (0m25.5s), 0035/2500 VUs, 467 complete and 0 interrupted iterations
default   [  17% ] 0035/2500 VUs  0m25.6s/2m30.0s

running (0m26.5s), 0038/2500 VUs, 502 complete and 0 interrupted iterations
default   [  18% ] 0038/2500 VUs  0m26.6s/2m30.0s

running (0m27.5s), 0040/2500 VUs, 534 complete and 0 interrupted iterations
default   [  18% ] 0040/2500 VUs  0m27.6s/2m30.0s

running (0m28.5s), 0042/2500 VUs, 573 complete and 0 interrupted iterations
default   [  19% ] 0042/2500 VUs  0m28.6s/2m30.0s

running (0m29.5s), 0044/2500 VUs, 614 complete and 0 interrupted iterations
default   [  20% ] 0044/2500 VUs  0m29.6s/2m30.0s

running (0m30.5s), 0046/2500 VUs, 658 complete and 0 interrupted iterations
default   [  20% ] 0046/2500 VUs  0m30.6s/2m30.0s

running (0m31.5s), 0046/2500 VUs, 700 complete and 0 interrupted iterations
default   [  21% ] 0046/2500 VUs  0m31.6s/2m30.0s

running (0m32.5s), 0046/2500 VUs, 743 complete and 0 interrupted iterations
default   [  22% ] 0046/2500 VUs  0m32.6s/2m30.0s

running (0m33.5s), 0046/2500 VUs, 789 complete and 0 interrupted iterations
default   [  22% ] 0046/2500 VUs  0m33.6s/2m30.0s

running (0m34.5s), 0046/2500 VUs, 825 complete and 0 interrupted iterations
default   [  23% ] 0046/2500 VUs  0m34.6s/2m30.0s

running (0m35.5s), 0046/2500 VUs, 871 complete and 0 interrupted iterations
default   [  24% ] 0046/2500 VUs  0m35.6s/2m30.0s

running (0m36.5s), 0046/2500 VUs, 916 complete and 0 interrupted iterations
default   [  24% ] 0046/2500 VUs  0m36.6s/2m30.0s

running (0m37.5s), 0046/2500 VUs, 962 complete and 0 interrupted iterations
default   [  25% ] 0046/2500 VUs  0m37.6s/2m30.0s

running (0m38.5s), 0046/2500 VUs, 1005 complete and 0 interrupted iterations
default   [  26% ] 0046/2500 VUs  0m38.6s/2m30.0s

running (0m39.5s), 0046/2500 VUs, 1050 complete and 0 interrupted iterations
default   [  26% ] 0046/2500 VUs  0m39.6s/2m30.0s

running (0m40.5s), 0071/2500 VUs, 1096 complete and 0 interrupted iterations
default   [  27% ] 0071/2500 VUs  0m40.6s/2m30.0s

running (0m41.5s), 0116/2500 VUs, 1160 complete and 0 interrupted iterations
default   [  28% ] 0116/2500 VUs  0m41.6s/2m30.0s

running (0m42.5s), 0162/2500 VUs, 1252 complete and 0 interrupted iterations
default   [  28% ] 0162/2500 VUs  0m42.6s/2m30.0s

running (0m43.5s), 0207/2500 VUs, 1380 complete and 0 interrupted iterations
default   [  29% ] 0207/2500 VUs  0m43.6s/2m30.0s

running (0m44.5s), 0252/2500 VUs, 1480 complete and 0 interrupted iterations
default   [  30% ] 0252/2500 VUs  0m44.6s/2m30.0s

running (0m45.5s), 0298/2500 VUs, 1603 complete and 0 interrupted iterations
default   [  30% ] 0298/2500 VUs  0m45.6s/2m30.0s

running (0m46.5s), 0343/2500 VUs, 1725 complete and 0 interrupted iterations
default   [  31% ] 0343/2500 VUs  0m46.6s/2m30.0s

running (0m47.5s), 0389/2500 VUs, 1834 complete and 0 interrupted iterations
default   [  32% ] 0389/2500 VUs  0m47.6s/2m30.0s

running (0m48.5s), 0434/2500 VUs, 1959 complete and 0 interrupted iterations
default   [  32% ] 0434/2500 VUs  0m48.6s/2m30.0s

running (0m49.5s), 0479/2500 VUs, 2081 complete and 0 interrupted iterations
default   [  33% ] 0479/2500 VUs  0m49.6s/2m30.0s

running (0m50.5s), 0500/2500 VUs, 2187 complete and 0 interrupted iterations
default   [  34% ] 0500/2500 VUs  0m50.6s/2m30.0s

running (0m51.5s), 0500/2500 VUs, 2303 complete and 0 interrupted iterations
default   [  34% ] 0500/2500 VUs  0m51.6s/2m30.0s

running (0m52.5s), 0500/2500 VUs, 2444 complete and 0 interrupted iterations
default   [  35% ] 0500/2500 VUs  0m52.6s/2m30.0s

running (0m53.5s), 0500/2500 VUs, 2586 complete and 0 interrupted iterations
default   [  36% ] 0500/2500 VUs  0m53.6s/2m30.0s

running (0m54.5s), 0500/2500 VUs, 2709 complete and 0 interrupted iterations
default   [  36% ] 0500/2500 VUs  0m54.6s/2m30.0s

running (0m55.5s), 0500/2500 VUs, 2839 complete and 0 interrupted iterations
default   [  37% ] 0500/2500 VUs  0m55.6s/2m30.0s

running (0m56.5s), 0500/2500 VUs, 2973 complete and 0 interrupted iterations
default   [  38% ] 0500/2500 VUs  0m56.6s/2m30.0s

running (0m57.5s), 0500/2500 VUs, 3128 complete and 0 interrupted iterations
default   [  38% ] 0500/2500 VUs  0m57.6s/2m30.0s

running (0m58.5s), 0500/2500 VUs, 3261 complete and 0 interrupted iterations
default   [  39% ] 0500/2500 VUs  0m58.6s/2m30.0s

running (0m59.5s), 0500/2500 VUs, 3391 complete and 0 interrupted iterations
default   [  40% ] 0500/2500 VUs  0m59.6s/2m30.0s

running (1m00.5s), 0527/2500 VUs, 3533 complete and 0 interrupted iterations
default   [  40% ] 0527/2500 VUs  1m00.6s/2m30.0s

running (1m01.5s), 0577/2500 VUs, 3676 complete and 0 interrupted iterations
default   [  41% ] 0577/2500 VUs  1m01.6s/2m30.0s

running (1m02.5s), 0627/2500 VUs, 3801 complete and 0 interrupted iterations
default   [  42% ] 0627/2500 VUs  1m02.6s/2m30.0s

running (1m03.5s), 0677/2500 VUs, 3917 complete and 0 interrupted iterations
default   [  42% ] 0677/2500 VUs  1m03.6s/2m30.0s

running (1m04.5s), 0727/2500 VUs, 4023 complete and 0 interrupted iterations
default   [  43% ] 0727/2500 VUs  1m04.6s/2m30.0s

running (1m05.5s), 0777/2500 VUs, 4130 complete and 0 interrupted iterations
default   [  44% ] 0777/2500 VUs  1m05.6s/2m30.0s

running (1m06.5s), 0827/2500 VUs, 4258 complete and 0 interrupted iterations
default   [  44% ] 0827/2500 VUs  1m06.6s/2m30.0s

running (1m07.5s), 0877/2500 VUs, 4377 complete and 0 interrupted iterations
default   [  45% ] 0877/2500 VUs  1m07.6s/2m30.0s

running (1m08.5s), 0927/2500 VUs, 4477 complete and 0 interrupted iterations
default   [  46% ] 0927/2500 VUs  1m08.6s/2m30.0s

running (1m09.5s), 0977/2500 VUs, 4588 complete and 0 interrupted iterations
default   [  46% ] 0977/2500 VUs  1m09.6s/2m30.0s

running (1m10.5s), 1000/2500 VUs, 4710 complete and 0 interrupted iterations
default   [  47% ] 1000/2500 VUs  1m10.6s/2m30.0s

running (1m11.5s), 1000/2500 VUs, 4824 complete and 0 interrupted iterations
default   [  48% ] 1000/2500 VUs  1m11.6s/2m30.0s

running (1m12.5s), 1000/2500 VUs, 4950 complete and 0 interrupted iterations
default   [  48% ] 1000/2500 VUs  1m12.6s/2m30.0s

running (1m13.5s), 1000/2500 VUs, 5086 complete and 0 interrupted iterations
default   [  49% ] 1000/2500 VUs  1m13.6s/2m30.0s

running (1m14.5s), 1000/2500 VUs, 5230 complete and 0 interrupted iterations
default   [  50% ] 1000/2500 VUs  1m14.6s/2m30.0s

running (1m15.5s), 1000/2500 VUs, 5388 complete and 0 interrupted iterations
default   [  50% ] 1000/2500 VUs  1m15.6s/2m30.0s

running (1m16.5s), 1000/2500 VUs, 5524 complete and 0 interrupted iterations
default   [  51% ] 1000/2500 VUs  1m16.6s/2m30.0s

running (1m17.5s), 1000/2500 VUs, 5666 complete and 0 interrupted iterations
default   [  52% ] 1000/2500 VUs  1m17.6s/2m30.0s

running (1m18.5s), 1000/2500 VUs, 5791 complete and 0 interrupted iterations
default   [  52% ] 1000/2500 VUs  1m18.6s/2m30.0s

running (1m19.5s), 1000/2500 VUs, 5941 complete and 0 interrupted iterations
default   [  53% ] 1000/2500 VUs  1m19.6s/2m30.0s

running (1m20.5s), 1027/2500 VUs, 6073 complete and 0 interrupted iterations
default   [  54% ] 1027/2500 VUs  1m20.6s/2m30.0s

running (1m21.5s), 1077/2500 VUs, 6208 complete and 0 interrupted iterations
default   [  54% ] 1077/2500 VUs  1m21.6s/2m30.0s

running (1m22.5s), 1127/2500 VUs, 6346 complete and 0 interrupted iterations
default   [  55% ] 1127/2500 VUs  1m22.6s/2m30.0s

running (1m23.5s), 1177/2500 VUs, 6466 complete and 0 interrupted iterations
default   [  56% ] 1177/2500 VUs  1m23.6s/2m30.0s

running (1m24.5s), 1227/2500 VUs, 6567 complete and 0 interrupted iterations
default   [  56% ] 1227/2500 VUs  1m24.6s/2m30.0s

running (1m25.5s), 1277/2500 VUs, 6665 complete and 0 interrupted iterations
default   [  57% ] 1277/2500 VUs  1m25.6s/2m30.0s

running (1m26.5s), 1327/2500 VUs, 6771 complete and 0 interrupted iterations
default   [  58% ] 1327/2500 VUs  1m26.6s/2m30.0s

running (1m27.5s), 1377/2500 VUs, 6893 complete and 0 interrupted iterations
default   [  58% ] 1377/2500 VUs  1m27.6s/2m30.0s

running (1m28.5s), 1427/2500 VUs, 7025 complete and 0 interrupted iterations
default   [  59% ] 1427/2500 VUs  1m28.6s/2m30.0s

running (1m29.5s), 1477/2500 VUs, 7134 complete and 0 interrupted iterations
default   [  60% ] 1477/2500 VUs  1m29.6s/2m30.0s

running (1m30.5s), 1500/2500 VUs, 7253 complete and 0 interrupted iterations
default   [  60% ] 1500/2500 VUs  1m30.6s/2m30.0s

running (1m31.5s), 1500/2500 VUs, 7378 complete and 0 interrupted iterations
default   [  61% ] 1500/2500 VUs  1m31.6s/2m30.0s

running (1m32.5s), 1500/2500 VUs, 7508 complete and 0 interrupted iterations
default   [  62% ] 1500/2500 VUs  1m32.6s/2m30.0s

running (1m33.5s), 1500/2500 VUs, 7636 complete and 0 interrupted iterations
default   [  62% ] 1500/2500 VUs  1m33.6s/2m30.0s

running (1m34.5s), 1500/2500 VUs, 7753 complete and 0 interrupted iterations
default   [  63% ] 1500/2500 VUs  1m34.6s/2m30.0s

running (1m35.5s), 1500/2500 VUs, 7834 complete and 0 interrupted iterations
default   [  64% ] 1500/2500 VUs  1m35.6s/2m30.0s

running (1m36.5s), 1500/2500 VUs, 7960 complete and 0 interrupted iterations
default   [  64% ] 1500/2500 VUs  1m36.6s/2m30.0s

running (1m37.5s), 1500/2500 VUs, 8100 complete and 0 interrupted iterations
default   [  65% ] 1500/2500 VUs  1m37.6s/2m30.0s

running (1m38.5s), 1500/2500 VUs, 8212 complete and 0 interrupted iterations
default   [  66% ] 1500/2500 VUs  1m38.6s/2m30.0s

running (1m39.5s), 1500/2500 VUs, 8341 complete and 0 interrupted iterations
default   [  66% ] 1500/2500 VUs  1m39.6s/2m30.0s

running (1m40.5s), 1527/2500 VUs, 8491 complete and 0 interrupted iterations
default   [  67% ] 1527/2500 VUs  1m40.6s/2m30.0s

running (1m41.5s), 1577/2500 VUs, 8623 complete and 0 interrupted iterations
default   [  68% ] 1577/2500 VUs  1m41.6s/2m30.0s

running (1m42.5s), 1627/2500 VUs, 8757 complete and 0 interrupted iterations
default   [  68% ] 1627/2500 VUs  1m42.6s/2m30.0s

running (1m43.5s), 1677/2500 VUs, 8882 complete and 0 interrupted iterations
default   [  69% ] 1677/2500 VUs  1m43.6s/2m30.0s

running (1m44.5s), 1727/2500 VUs, 9018 complete and 0 interrupted iterations
default   [  70% ] 1727/2500 VUs  1m44.6s/2m30.0s

running (1m45.5s), 1777/2500 VUs, 9143 complete and 0 interrupted iterations
default   [  70% ] 1777/2500 VUs  1m45.6s/2m30.0s

running (1m46.5s), 1827/2500 VUs, 9237 complete and 0 interrupted iterations
default   [  71% ] 1827/2500 VUs  1m46.6s/2m30.0s

running (1m47.5s), 1877/2500 VUs, 9354 complete and 0 interrupted iterations
default   [  72% ] 1877/2500 VUs  1m47.6s/2m30.0s

running (1m48.5s), 1927/2500 VUs, 9478 complete and 0 interrupted iterations
default   [  72% ] 1927/2500 VUs  1m48.6s/2m30.0s

running (1m49.5s), 1977/2500 VUs, 9586 complete and 0 interrupted iterations
default   [  73% ] 1977/2500 VUs  1m49.6s/2m30.0s

running (1m50.5s), 2000/2500 VUs, 9676 complete and 0 interrupted iterations
default   [  74% ] 2000/2500 VUs  1m50.6s/2m30.0s

running (1m51.5s), 2000/2500 VUs, 9765 complete and 0 interrupted iterations
default   [  74% ] 2000/2500 VUs  1m51.6s/2m30.0s

running (1m52.5s), 2000/2500 VUs, 9901 complete and 0 interrupted iterations
default   [  75% ] 2000/2500 VUs  1m52.6s/2m30.0s

running (1m53.5s), 2000/2500 VUs, 10016 complete and 0 interrupted iterations
default   [  76% ] 2000/2500 VUs  1m53.6s/2m30.0s

running (1m54.5s), 2000/2500 VUs, 10126 complete and 0 interrupted iterations
default   [  76% ] 2000/2500 VUs  1m54.6s/2m30.0s

running (1m55.5s), 2000/2500 VUs, 10237 complete and 0 interrupted iterations
default   [  77% ] 2000/2500 VUs  1m55.6s/2m30.0s

running (1m56.5s), 2000/2500 VUs, 10358 complete and 0 interrupted iterations
default   [  78% ] 2000/2500 VUs  1m56.6s/2m30.0s

running (1m57.5s), 2000/2500 VUs, 10484 complete and 0 interrupted iterations
default   [  78% ] 2000/2500 VUs  1m57.6s/2m30.0s

running (1m58.5s), 2000/2500 VUs, 10618 complete and 0 interrupted iterations
default   [  79% ] 2000/2500 VUs  1m58.6s/2m30.0s

running (1m59.5s), 2000/2500 VUs, 10734 complete and 0 interrupted iterations
default   [  80% ] 2000/2500 VUs  1m59.6s/2m30.0s

running (2m00.5s), 2027/2500 VUs, 10858 complete and 0 interrupted iterations
default   [  80% ] 2027/2500 VUs  2m00.6s/2m30.0s

running (2m01.5s), 2077/2500 VUs, 10997 complete and 0 interrupted iterations
default   [  81% ] 2077/2500 VUs  2m01.6s/2m30.0s

running (2m02.5s), 2127/2500 VUs, 11114 complete and 0 interrupted iterations
default   [  82% ] 2127/2500 VUs  2m02.6s/2m30.0s

running (2m03.5s), 2177/2500 VUs, 11231 complete and 0 interrupted iterations
default   [  82% ] 2177/2500 VUs  2m03.6s/2m30.0s

running (2m04.5s), 2227/2500 VUs, 11364 complete and 0 interrupted iterations
default   [  83% ] 2227/2500 VUs  2m04.6s/2m30.0s

running (2m05.5s), 2277/2500 VUs, 11484 complete and 0 interrupted iterations
default   [  84% ] 2277/2500 VUs  2m05.6s/2m30.0s

running (2m06.5s), 2327/2500 VUs, 11600 complete and 0 interrupted iterations
default   [  84% ] 2327/2500 VUs  2m06.6s/2m30.0s

running (2m07.5s), 2377/2500 VUs, 11700 complete and 0 interrupted iterations
default   [  85% ] 2377/2500 VUs  2m07.6s/2m30.0s

running (2m08.5s), 2427/2500 VUs, 11797 complete and 0 interrupted iterations
default   [  86% ] 2427/2500 VUs  2m08.6s/2m30.0s

running (2m09.5s), 2477/2500 VUs, 11881 complete and 0 interrupted iterations
default   [  86% ] 2477/2500 VUs  2m09.6s/2m30.0s

running (2m10.5s), 2500/2500 VUs, 11991 complete and 0 interrupted iterations
default   [  87% ] 2500/2500 VUs  2m10.6s/2m30.0s

running (2m11.5s), 2500/2500 VUs, 12068 complete and 0 interrupted iterations
default   [  88% ] 2500/2500 VUs  2m11.6s/2m30.0s

running (2m12.5s), 2500/2500 VUs, 12156 complete and 0 interrupted iterations
default   [  88% ] 2500/2500 VUs  2m12.6s/2m30.0s

running (2m13.5s), 2500/2500 VUs, 12265 complete and 0 interrupted iterations
default   [  89% ] 2500/2500 VUs  2m13.6s/2m30.0s

running (2m14.5s), 2500/2500 VUs, 12392 complete and 0 interrupted iterations
default   [  90% ] 2500/2500 VUs  2m14.6s/2m30.0s

running (2m15.5s), 2500/2500 VUs, 12536 complete and 0 interrupted iterations
default   [  90% ] 2500/2500 VUs  2m15.6s/2m30.0s

running (2m16.5s), 2500/2500 VUs, 12678 complete and 0 interrupted iterations
default   [  91% ] 2500/2500 VUs  2m16.6s/2m30.0s

running (2m17.5s), 2500/2500 VUs, 12806 complete and 0 interrupted iterations
default   [  92% ] 2500/2500 VUs  2m17.6s/2m30.0s

running (2m18.5s), 2500/2500 VUs, 12932 complete and 0 interrupted iterations
default   [  92% ] 2500/2500 VUs  2m18.6s/2m30.0s

running (2m19.5s), 2500/2500 VUs, 13054 complete and 0 interrupted iterations
default   [  93% ] 2500/2500 VUs  2m19.6s/2m30.0s

running (2m20.5s), 2486/2500 VUs, 13210 complete and 0 interrupted iterations
default   [  94% ] 2486/2500 VUs  2m20.6s/2m30.0s

running (2m21.5s), 2477/2500 VUs, 13306 complete and 0 interrupted iterations
default   [  94% ] 2477/2500 VUs  2m21.6s/2m30.0s

running (2m22.5s), 2463/2500 VUs, 13425 complete and 0 interrupted iterations
default   [  95% ] 2463/2500 VUs  2m22.6s/2m30.0s

running (2m23.5s), 2429/2500 VUs, 13548 complete and 0 interrupted iterations
default   [  96% ] 2429/2500 VUs  2m23.6s/2m30.0s

running (2m24.5s), 2356/2500 VUs, 13704 complete and 0 interrupted iterations
default   [  96% ] 2356/2500 VUs  2m24.6s/2m30.0s

running (2m25.5s), 2265/2500 VUs, 13866 complete and 0 interrupted iterations
default   [  97% ] 2265/2500 VUs  2m25.6s/2m30.0s

running (2m26.5s), 2152/2500 VUs, 14037 complete and 0 interrupted iterations
default   [  98% ] 2152/2500 VUs  2m26.6s/2m30.0s

running (2m27.5s), 2030/2500 VUs, 14211 complete and 0 interrupted iterations
default   [  98% ] 2030/2500 VUs  2m27.6s/2m30.0s

running (2m28.5s), 1862/2500 VUs, 14414 complete and 0 interrupted iterations
default   [  99% ] 1862/2500 VUs  2m28.6s/2m30.0s

running (2m29.5s), 1658/2500 VUs, 14651 complete and 0 interrupted iterations
default   [ 100% ] 1658/2500 VUs  2m29.6s/2m30.0s
time="2021-12-18T09:32:56Z" level=warning msg="Request Failed" error="Post \"http://y2o2u2n-alb-1093980542.ap-northeast-2.elb.amazonaws.com/login/token\": dial: i/o timeout"
time="2021-12-18T09:32:56Z" level=error msg="the body is null so we can't transform it to JSON - this likely was because of a request error getting the response\n\tat reflect.methodValueCall (native)\n\tat logged in (file:///-:40:56(4))\n\tat go.k6.io/k6/js/common.Bind.func1 (native)\n\tat file:///-:40:29(31)\n" executor=ramping-vus scenario=default source=stacktrace

running (2m30.5s), 1389/2500 VUs, 14921 complete and 0 interrupted iterations
default ↓ [ 100% ] 1549/2500 VUs  2m30s
time="2021-12-18T09:32:57Z" level=warning msg="Request Failed" error="Post \"http://y2o2u2n-alb-1093980542.ap-northeast-2.elb.amazonaws.com/login/token\": dial: i/o timeout"
time="2021-12-18T09:32:57Z" level=error msg="the body is null so we can't transform it to JSON - this likely was because of a request error getting the response\n\tat reflect.methodValueCall (native)\n\tat logged in (file:///-:40:56(4))\n\tat go.k6.io/k6/js/common.Bind.func1 (native)\n\tat file:///-:40:29(31)\n" executor=ramping-vus scenario=default source=stacktrace
time="2021-12-18T09:32:57Z" level=warning msg="Request Failed" error="Post \"http://y2o2u2n-alb-1093980542.ap-northeast-2.elb.amazonaws.com/login/token\": dial: i/o timeout"
time="2021-12-18T09:32:57Z" level=error msg="the body is null so we can't transform it to JSON - this likely was because of a request error getting the response\n\tat reflect.methodValueCall (native)\n\tat logged in (file:///-:40:56(4))\n\tat go.k6.io/k6/js/common.Bind.func1 (native)\n\tat file:///-:40:29(31)\n" executor=ramping-vus scenario=default source=stacktrace
time="2021-12-18T09:32:57Z" level=warning msg="Request Failed" error="Post \"http://y2o2u2n-alb-1093980542.ap-northeast-2.elb.amazonaws.com/login/token\": dial: i/o timeout"
time="2021-12-18T09:32:57Z" level=error msg="the body is null so we can't transform it to JSON - this likely was because of a request error getting the response\n\tat reflect.methodValueCall (native)\n\tat logged in (file:///-:40:56(4))\n\tat go.k6.io/k6/js/common.Bind.func1 (native)\n\tat file:///-:40:29(31)\n" executor=ramping-vus scenario=default source=stacktrace
time="2021-12-18T09:32:57Z" level=warning msg="Request Failed" error="Post \"http://y2o2u2n-alb-1093980542.ap-northeast-2.elb.amazonaws.com/login/token\": dial: i/o timeout"
time="2021-12-18T09:32:57Z" level=error msg="the body is null so we can't transform it to JSON - this likely was because of a request error getting the response\n\tat reflect.methodValueCall (native)\n\tat logged in (file:///-:40:56(4))\n\tat go.k6.io/k6/js/common.Bind.func1 (native)\n\tat file:///-:40:29(31)\n" executor=ramping-vus scenario=default source=stacktrace
time="2021-12-18T09:32:57Z" level=warning msg="Request Failed" error="Post \"http://y2o2u2n-alb-1093980542.ap-northeast-2.elb.amazonaws.com/login/token\": dial: i/o timeout"
time="2021-12-18T09:32:57Z" level=error msg="the body is null so we can't transform it to JSON - this likely was because of a request error getting the response\n\tat reflect.methodValueCall (native)\n\tat logged in (file:///-:40:56(4))\n\tat go.k6.io/k6/js/common.Bind.func1 (native)\n\tat file:///-:40:29(31)\n" executor=ramping-vus scenario=default source=stacktrace
time="2021-12-18T09:32:57Z" level=warning msg="Request Failed" error="Post \"http://y2o2u2n-alb-1093980542.ap-northeast-2.elb.amazonaws.com/login/token\": dial: i/o timeout"
time="2021-12-18T09:32:57Z" level=error msg="the body is null so we can't transform it to JSON - this likely was because of a request error getting the response\n\tat reflect.methodValueCall (native)\n\tat logged in (file:///-:40:56(4))\n\tat go.k6.io/k6/js/common.Bind.func1 (native)\n\tat file:///-:40:29(31)\n" executor=ramping-vus scenario=default source=stacktrace
time="2021-12-18T09:32:57Z" level=warning msg="Request Failed" error="Post \"http://y2o2u2n-alb-1093980542.ap-northeast-2.elb.amazonaws.com/login/token\": dial: i/o timeout"
time="2021-12-18T09:32:57Z" level=error msg="the body is null so we can't transform it to JSON - this likely was because of a request error getting the response\n\tat reflect.methodValueCall (native)\n\tat logged in (file:///-:40:56(4))\n\tat go.k6.io/k6/js/common.Bind.func1 (native)\n\tat file:///-:40:29(31)\n" executor=ramping-vus scenario=default source=stacktrace

running (2m31.5s), 1323/2500 VUs, 14987 complete and 0 interrupted iterations
default ↓ [ 100% ] 1549/2500 VUs  2m30s
time="2021-12-18T09:32:58Z" level=warning msg="Request Failed" error="Post \"http://y2o2u2n-alb-1093980542.ap-northeast-2.elb.amazonaws.com/login/token\": dial: i/o timeout"
time="2021-12-18T09:32:58Z" level=error msg="the body is null so we can't transform it to JSON - this likely was because of a request error getting the response\n\tat reflect.methodValueCall (native)\n\tat logged in (file:///-:40:56(4))\n\tat go.k6.io/k6/js/common.Bind.func1 (native)\n\tat file:///-:40:29(31)\n" executor=ramping-vus scenario=default source=stacktrace
time="2021-12-18T09:32:58Z" level=warning msg="Request Failed" error="Post \"http://y2o2u2n-alb-1093980542.ap-northeast-2.elb.amazonaws.com/login/token\": dial: i/o timeout"
time="2021-12-18T09:32:58Z" level=error msg="the body is null so we can't transform it to JSON - this likely was because of a request error getting the response\n\tat reflect.methodValueCall (native)\n\tat logged in (file:///-:40:56(4))\n\tat go.k6.io/k6/js/common.Bind.func1 (native)\n\tat file:///-:40:29(31)\n" executor=ramping-vus scenario=default source=stacktrace
time="2021-12-18T09:32:58Z" level=warning msg="Request Failed" error="Post \"http://y2o2u2n-alb-1093980542.ap-northeast-2.elb.amazonaws.com/login/token\": dial: i/o timeout"
time="2021-12-18T09:32:58Z" level=error msg="the body is null so we can't transform it to JSON - this likely was because of a request error getting the response\n\tat reflect.methodValueCall (native)\n\tat logged in (file:///-:40:56(4))\n\tat go.k6.io/k6/js/common.Bind.func1 (native)\n\tat file:///-:40:29(31)\n" executor=ramping-vus scenario=default source=stacktrace
time="2021-12-18T09:32:58Z" level=warning msg="Request Failed" error="Post \"http://y2o2u2n-alb-1093980542.ap-northeast-2.elb.amazonaws.com/login/token\": dial: i/o timeout"
time="2021-12-18T09:32:58Z" level=error msg="the body is null so we can't transform it to JSON - this likely was because of a request error getting the response\n\tat reflect.methodValueCall (native)\n\tat logged in (file:///-:40:56(4))\n\tat go.k6.io/k6/js/common.Bind.func1 (native)\n\tat file:///-:40:29(31)\n" executor=ramping-vus scenario=default source=stacktrace
time="2021-12-18T09:32:58Z" level=warning msg="Request Failed" error="Post \"http://y2o2u2n-alb-1093980542.ap-northeast-2.elb.amazonaws.com/login/token\": dial: i/o timeout"
time="2021-12-18T09:32:58Z" level=error msg="the body is null so we can't transform it to JSON - this likely was because of a request error getting the response\n\tat reflect.methodValueCall (native)\n\tat logged in (file:///-:40:56(4))\n\tat go.k6.io/k6/js/common.Bind.func1 (native)\n\tat file:///-:40:29(31)\n" executor=ramping-vus scenario=default source=stacktrace
time="2021-12-18T09:32:58Z" level=warning msg="Request Failed" error="Post \"http://y2o2u2n-alb-1093980542.ap-northeast-2.elb.amazonaws.com/login/token\": dial: i/o timeout"
time="2021-12-18T09:32:58Z" level=error msg="the body is null so we can't transform it to JSON - this likely was because of a request error getting the response\n\tat reflect.methodValueCall (native)\n\tat logged in (file:///-:40:56(4))\n\tat go.k6.io/k6/js/common.Bind.func1 (native)\n\tat file:///-:40:29(31)\n" executor=ramping-vus scenario=default source=stacktrace
time="2021-12-18T09:32:58Z" level=warning msg="Request Failed" error="Post \"http://y2o2u2n-alb-1093980542.ap-northeast-2.elb.amazonaws.com/login/token\": dial: i/o timeout"
time="2021-12-18T09:32:58Z" level=error msg="the body is null so we can't transform it to JSON - this likely was because of a request error getting the response\n\tat reflect.methodValueCall (native)\n\tat logged in (file:///-:40:56(4))\n\tat go.k6.io/k6/js/common.Bind.func1 (native)\n\tat file:///-:40:29(31)\n" executor=ramping-vus scenario=default source=stacktrace
time="2021-12-18T09:32:58Z" level=warning msg="Request Failed" error="Post \"http://y2o2u2n-alb-1093980542.ap-northeast-2.elb.amazonaws.com/login/token\": dial: i/o timeout"
time="2021-12-18T09:32:58Z" level=error msg="the body is null so we can't transform it to JSON - this likely was because of a request error getting the response\n\tat reflect.methodValueCall (native)\n\tat logged in (file:///-:40:56(4))\n\tat go.k6.io/k6/js/common.Bind.func1 (native)\n\tat file:///-:40:29(31)\n" executor=ramping-vus scenario=default source=stacktrace
time="2021-12-18T09:32:58Z" level=warning msg="Request Failed" error="Post \"http://y2o2u2n-alb-1093980542.ap-northeast-2.elb.amazonaws.com/login/token\": dial: i/o timeout"
time="2021-12-18T09:32:58Z" level=error msg="the body is null so we can't transform it to JSON - this likely was because of a request error getting the response\n\tat reflect.methodValueCall (native)\n\tat logged in (file:///-:40:56(4))\n\tat go.k6.io/k6/js/common.Bind.func1 (native)\n\tat file:///-:40:29(31)\n" executor=ramping-vus scenario=default source=stacktrace
time="2021-12-18T09:32:58Z" level=warning msg="Request Failed" error="Post \"http://y2o2u2n-alb-1093980542.ap-northeast-2.elb.amazonaws.com/login/token\": dial: i/o timeout"
time="2021-12-18T09:32:58Z" level=error msg="the body is null so we can't transform it to JSON - this likely was because of a request error getting the response\n\tat reflect.methodValueCall (native)\n\tat logged in (file:///-:40:56(4))\n\tat go.k6.io/k6/js/common.Bind.func1 (native)\n\tat file:///-:40:29(31)\n" executor=ramping-vus scenario=default source=stacktrace

running (2m32.5s), 1313/2500 VUs, 14997 complete and 0 interrupted iterations
default ↓ [ 100% ] 1549/2500 VUs  2m30s
time="2021-12-18T09:32:59Z" level=warning msg="Request Failed" error="Post \"http://y2o2u2n-alb-1093980542.ap-northeast-2.elb.amazonaws.com/login/token\": dial: i/o timeout"
time="2021-12-18T09:32:59Z" level=error msg="the body is null so we can't transform it to JSON - this likely was because of a request error getting the response\n\tat reflect.methodValueCall (native)\n\tat logged in (file:///-:40:56(4))\n\tat go.k6.io/k6/js/common.Bind.func1 (native)\n\tat file:///-:40:29(31)\n" executor=ramping-vus scenario=default source=stacktrace
time="2021-12-18T09:32:59Z" level=warning msg="Request Failed" error="Post \"http://y2o2u2n-alb-1093980542.ap-northeast-2.elb.amazonaws.com/login/token\": dial: i/o timeout"
time="2021-12-18T09:32:59Z" level=error msg="the body is null so we can't transform it to JSON - this likely was because of a request error getting the response\n\tat reflect.methodValueCall (native)\n\tat logged in (file:///-:40:56(4))\n\tat go.k6.io/k6/js/common.Bind.func1 (native)\n\tat file:///-:40:29(31)\n" executor=ramping-vus scenario=default source=stacktrace
time="2021-12-18T09:32:59Z" level=warning msg="Request Failed" error="Post \"http://y2o2u2n-alb-1093980542.ap-northeast-2.elb.amazonaws.com/login/token\": dial: i/o timeout"
time="2021-12-18T09:32:59Z" level=error msg="the body is null so we can't transform it to JSON - this likely was because of a request error getting the response\n\tat reflect.methodValueCall (native)\n\tat logged in (file:///-:40:56(4))\n\tat go.k6.io/k6/js/common.Bind.func1 (native)\n\tat file:///-:40:29(31)\n" executor=ramping-vus scenario=default source=stacktrace

running (2m33.5s), 1310/2500 VUs, 15000 complete and 0 interrupted iterations
default ↓ [ 100% ] 1549/2500 VUs  2m30s
time="2021-12-18T09:33:00Z" level=warning msg="Request Failed" error="Post \"http://y2o2u2n-alb-1093980542.ap-northeast-2.elb.amazonaws.com/login/token\": dial: i/o timeout"
time="2021-12-18T09:33:00Z" level=error msg="the body is null so we can't transform it to JSON - this likely was because of a request error getting the response\n\tat reflect.methodValueCall (native)\n\tat logged in (file:///-:40:56(4))\n\tat go.k6.io/k6/js/common.Bind.func1 (native)\n\tat file:///-:40:29(31)\n" executor=ramping-vus scenario=default source=stacktrace
time="2021-12-18T09:33:00Z" level=warning msg="Request Failed" error="Post \"http://y2o2u2n-alb-1093980542.ap-northeast-2.elb.amazonaws.com/login/token\": dial: i/o timeout"
time="2021-12-18T09:33:00Z" level=error msg="the body is null so we can't transform it to JSON - this likely was because of a request error getting the response\n\tat reflect.methodValueCall (native)\n\tat logged in (file:///-:40:56(4))\n\tat go.k6.io/k6/js/common.Bind.func1 (native)\n\tat file:///-:40:29(31)\n" executor=ramping-vus scenario=default source=stacktrace
time="2021-12-18T09:33:00Z" level=warning msg="Request Failed" error="Post \"http://y2o2u2n-alb-1093980542.ap-northeast-2.elb.amazonaws.com/login/token\": dial: i/o timeout"
time="2021-12-18T09:33:00Z" level=error msg="the body is null so we can't transform it to JSON - this likely was because of a request error getting the response\n\tat reflect.methodValueCall (native)\n\tat logged in (file:///-:40:56(4))\n\tat go.k6.io/k6/js/common.Bind.func1 (native)\n\tat file:///-:40:29(31)\n" executor=ramping-vus scenario=default source=stacktrace
time="2021-12-18T09:33:00Z" level=warning msg="Request Failed" error="Post \"http://y2o2u2n-alb-1093980542.ap-northeast-2.elb.amazonaws.com/login/token\": dial: i/o timeout"
time="2021-12-18T09:33:00Z" level=error msg="the body is null so we can't transform it to JSON - this likely was because of a request error getting the response\n\tat reflect.methodValueCall (native)\n\tat logged in (file:///-:40:56(4))\n\tat go.k6.io/k6/js/common.Bind.func1 (native)\n\tat file:///-:40:29(31)\n" executor=ramping-vus scenario=default source=stacktrace
time="2021-12-18T09:33:00Z" level=warning msg="Request Failed" error="Post \"http://y2o2u2n-alb-1093980542.ap-northeast-2.elb.amazonaws.com/login/token\": dial: i/o timeout"
time="2021-12-18T09:33:00Z" level=error msg="the body is null so we can't transform it to JSON - this likely was because of a request error getting the response\n\tat reflect.methodValueCall (native)\n\tat logged in (file:///-:40:56(4))\n\tat go.k6.io/k6/js/common.Bind.func1 (native)\n\tat file:///-:40:29(31)\n" executor=ramping-vus scenario=default source=stacktrace
time="2021-12-18T09:33:00Z" level=warning msg="Request Failed" error="Post \"http://y2o2u2n-alb-1093980542.ap-northeast-2.elb.amazonaws.com/login/token\": dial: i/o timeout"
time="2021-12-18T09:33:00Z" level=error msg="the body is null so we can't transform it to JSON - this likely was because of a request error getting the response\n\tat reflect.methodValueCall (native)\n\tat logged in (file:///-:40:56(4))\n\tat go.k6.io/k6/js/common.Bind.func1 (native)\n\tat file:///-:40:29(31)\n" executor=ramping-vus scenario=default source=stacktrace
time="2021-12-18T09:33:00Z" level=warning msg="Request Failed" error="Post \"http://y2o2u2n-alb-1093980542.ap-northeast-2.elb.amazonaws.com/login/token\": dial: i/o timeout"
time="2021-12-18T09:33:00Z" level=error msg="the body is null so we can't transform it to JSON - this likely was because of a request error getting the response\n\tat reflect.methodValueCall (native)\n\tat logged in (file:///-:40:56(4))\n\tat go.k6.io/k6/js/common.Bind.func1 (native)\n\tat file:///-:40:29(31)\n" executor=ramping-vus scenario=default source=stacktrace
time="2021-12-18T09:33:00Z" level=warning msg="Request Failed" error="Post \"http://y2o2u2n-alb-1093980542.ap-northeast-2.elb.amazonaws.com/login/token\": dial: i/o timeout"
time="2021-12-18T09:33:00Z" level=error msg="the body is null so we can't transform it to JSON - this likely was because of a request error getting the response\n\tat reflect.methodValueCall (native)\n\tat logged in (file:///-:40:56(4))\n\tat go.k6.io/k6/js/common.Bind.func1 (native)\n\tat file:///-:40:29(31)\n" executor=ramping-vus scenario=default source=stacktrace

running (2m34.5s), 1302/2500 VUs, 15008 complete and 0 interrupted iterations
default ↓ [ 100% ] 1549/2500 VUs  2m30s
time="2021-12-18T09:33:01Z" level=warning msg="Request Failed" error="Post \"http://y2o2u2n-alb-1093980542.ap-northeast-2.elb.amazonaws.com/login/token\": dial: i/o timeout"
time="2021-12-18T09:33:01Z" level=error msg="the body is null so we can't transform it to JSON - this likely was because of a request error getting the response\n\tat reflect.methodValueCall (native)\n\tat logged in (file:///-:40:56(4))\n\tat go.k6.io/k6/js/common.Bind.func1 (native)\n\tat file:///-:40:29(31)\n" executor=ramping-vus scenario=default source=stacktrace
time="2021-12-18T09:33:01Z" level=warning msg="Request Failed" error="Post \"http://y2o2u2n-alb-1093980542.ap-northeast-2.elb.amazonaws.com/login/token\": dial: i/o timeout"
time="2021-12-18T09:33:01Z" level=error msg="the body is null so we can't transform it to JSON - this likely was because of a request error getting the response\n\tat reflect.methodValueCall (native)\n\tat logged in (file:///-:40:56(4))\n\tat go.k6.io/k6/js/common.Bind.func1 (native)\n\tat file:///-:40:29(31)\n" executor=ramping-vus scenario=default source=stacktrace
time="2021-12-18T09:33:01Z" level=warning msg="Request Failed" error="Post \"http://y2o2u2n-alb-1093980542.ap-northeast-2.elb.amazonaws.com/login/token\": dial: i/o timeout"
time="2021-12-18T09:33:01Z" level=error msg="the body is null so we can't transform it to JSON - this likely was because of a request error getting the response\n\tat reflect.methodValueCall (native)\n\tat logged in (file:///-:40:56(4))\n\tat go.k6.io/k6/js/common.Bind.func1 (native)\n\tat file:///-:40:29(31)\n" executor=ramping-vus scenario=default source=stacktrace
time="2021-12-18T09:33:01Z" level=warning msg="Request Failed" error="Post \"http://y2o2u2n-alb-1093980542.ap-northeast-2.elb.amazonaws.com/login/token\": dial: i/o timeout"
time="2021-12-18T09:33:01Z" level=error msg="the body is null so we can't transform it to JSON - this likely was because of a request error getting the response\n\tat reflect.methodValueCall (native)\n\tat logged in (file:///-:40:56(4))\n\tat go.k6.io/k6/js/common.Bind.func1 (native)\n\tat file:///-:40:29(31)\n" executor=ramping-vus scenario=default source=stacktrace
time="2021-12-18T09:33:01Z" level=warning msg="Request Failed" error="Post \"http://y2o2u2n-alb-1093980542.ap-northeast-2.elb.amazonaws.com/login/token\": dial: i/o timeout"
time="2021-12-18T09:33:01Z" level=error msg="the body is null so we can't transform it to JSON - this likely was because of a request error getting the response\n\tat reflect.methodValueCall (native)\n\tat logged in (file:///-:40:56(4))\n\tat go.k6.io/k6/js/common.Bind.func1 (native)\n\tat file:///-:40:29(31)\n" executor=ramping-vus scenario=default source=stacktrace
time="2021-12-18T09:33:01Z" level=warning msg="Request Failed" error="Post \"http://y2o2u2n-alb-1093980542.ap-northeast-2.elb.amazonaws.com/login/token\": dial: i/o timeout"
time="2021-12-18T09:33:01Z" level=error msg="the body is null so we can't transform it to JSON - this likely was because of a request error getting the response\n\tat reflect.methodValueCall (native)\n\tat logged in (file:///-:40:56(4))\n\tat go.k6.io/k6/js/common.Bind.func1 (native)\n\tat file:///-:40:29(31)\n" executor=ramping-vus scenario=default source=stacktrace
time="2021-12-18T09:33:02Z" level=warning msg="Request Failed" error="Post \"http://y2o2u2n-alb-1093980542.ap-northeast-2.elb.amazonaws.com/login/token\": dial: i/o timeout"
time="2021-12-18T09:33:02Z" level=error msg="the body is null so we can't transform it to JSON - this likely was because of a request error getting the response\n\tat reflect.methodValueCall (native)\n\tat logged in (file:///-:40:56(4))\n\tat go.k6.io/k6/js/common.Bind.func1 (native)\n\tat file:///-:40:29(31)\n" executor=ramping-vus scenario=default source=stacktrace
time="2021-12-18T09:33:02Z" level=warning msg="Request Failed" error="Post \"http://y2o2u2n-alb-1093980542.ap-northeast-2.elb.amazonaws.com/login/token\": dial: i/o timeout"
time="2021-12-18T09:33:02Z" level=error msg="the body is null so we can't transform it to JSON - this likely was because of a request error getting the response\n\tat reflect.methodValueCall (native)\n\tat logged in (file:///-:40:56(4))\n\tat go.k6.io/k6/js/common.Bind.func1 (native)\n\tat file:///-:40:29(31)\n" executor=ramping-vus scenario=default source=stacktrace

running (2m35.5s), 1294/2500 VUs, 15016 complete and 0 interrupted iterations
default ↓ [ 100% ] 1549/2500 VUs  2m30s
time="2021-12-18T09:33:02Z" level=warning msg="Request Failed" error="Post \"http://y2o2u2n-alb-1093980542.ap-northeast-2.elb.amazonaws.com/login/token\": dial: i/o timeout"
time="2021-12-18T09:33:02Z" level=error msg="the body is null so we can't transform it to JSON - this likely was because of a request error getting the response\n\tat reflect.methodValueCall (native)\n\tat logged in (file:///-:40:56(4))\n\tat go.k6.io/k6/js/common.Bind.func1 (native)\n\tat file:///-:40:29(31)\n" executor=ramping-vus scenario=default source=stacktrace
time="2021-12-18T09:33:02Z" level=warning msg="Request Failed" error="Post \"http://y2o2u2n-alb-1093980542.ap-northeast-2.elb.amazonaws.com/login/token\": dial: i/o timeout"
time="2021-12-18T09:33:02Z" level=error msg="the body is null so we can't transform it to JSON - this likely was because of a request error getting the response\n\tat reflect.methodValueCall (native)\n\tat logged in (file:///-:40:56(4))\n\tat go.k6.io/k6/js/common.Bind.func1 (native)\n\tat file:///-:40:29(31)\n" executor=ramping-vus scenario=default source=stacktrace
time="2021-12-18T09:33:02Z" level=warning msg="Request Failed" error="Post \"http://y2o2u2n-alb-1093980542.ap-northeast-2.elb.amazonaws.com/login/token\": dial: i/o timeout"
time="2021-12-18T09:33:02Z" level=error msg="the body is null so we can't transform it to JSON - this likely was because of a request error getting the response\n\tat reflect.methodValueCall (native)\n\tat logged in (file:///-:40:56(4))\n\tat go.k6.io/k6/js/common.Bind.func1 (native)\n\tat file:///-:40:29(31)\n" executor=ramping-vus scenario=default source=stacktrace
time="2021-12-18T09:33:02Z" level=warning msg="Request Failed" error="Post \"http://y2o2u2n-alb-1093980542.ap-northeast-2.elb.amazonaws.com/login/token\": dial: i/o timeout"
time="2021-12-18T09:33:02Z" level=error msg="the body is null so we can't transform it to JSON - this likely was because of a request error getting the response\n\tat reflect.methodValueCall (native)\n\tat logged in (file:///-:40:56(4))\n\tat go.k6.io/k6/js/common.Bind.func1 (native)\n\tat file:///-:40:29(31)\n" executor=ramping-vus scenario=default source=stacktrace
time="2021-12-18T09:33:02Z" level=warning msg="Request Failed" error="Post \"http://y2o2u2n-alb-1093980542.ap-northeast-2.elb.amazonaws.com/login/token\": dial: i/o timeout"
time="2021-12-18T09:33:02Z" level=error msg="the body is null so we can't transform it to JSON - this likely was because of a request error getting the response\n\tat reflect.methodValueCall (native)\n\tat logged in (file:///-:40:56(4))\n\tat go.k6.io/k6/js/common.Bind.func1 (native)\n\tat file:///-:40:29(31)\n" executor=ramping-vus scenario=default source=stacktrace
time="2021-12-18T09:33:02Z" level=warning msg="Request Failed" error="Post \"http://y2o2u2n-alb-1093980542.ap-northeast-2.elb.amazonaws.com/login/token\": dial: i/o timeout"
time="2021-12-18T09:33:02Z" level=error msg="the body is null so we can't transform it to JSON - this likely was because of a request error getting the response\n\tat reflect.methodValueCall (native)\n\tat logged in (file:///-:40:56(4))\n\tat go.k6.io/k6/js/common.Bind.func1 (native)\n\tat file:///-:40:29(31)\n" executor=ramping-vus scenario=default source=stacktrace
time="2021-12-18T09:33:02Z" level=warning msg="Request Failed" error="Post \"http://y2o2u2n-alb-1093980542.ap-northeast-2.elb.amazonaws.com/login/token\": dial: i/o timeout"
time="2021-12-18T09:33:02Z" level=error msg="the body is null so we can't transform it to JSON - this likely was because of a request error getting the response\n\tat reflect.methodValueCall (native)\n\tat logged in (file:///-:40:56(4))\n\tat go.k6.io/k6/js/common.Bind.func1 (native)\n\tat file:///-:40:29(31)\n" executor=ramping-vus scenario=default source=stacktrace
time="2021-12-18T09:33:02Z" level=warning msg="Request Failed" error="Post \"http://y2o2u2n-alb-1093980542.ap-northeast-2.elb.amazonaws.com/login/token\": dial: i/o timeout"
time="2021-12-18T09:33:02Z" level=error msg="the body is null so we can't transform it to JSON - this likely was because of a request error getting the response\n\tat reflect.methodValueCall (native)\n\tat logged in (file:///-:40:56(4))\n\tat go.k6.io/k6/js/common.Bind.func1 (native)\n\tat file:///-:40:29(31)\n" executor=ramping-vus scenario=default source=stacktrace
time="2021-12-18T09:33:02Z" level=warning msg="Request Failed" error="Post \"http://y2o2u2n-alb-1093980542.ap-northeast-2.elb.amazonaws.com/login/token\": dial: i/o timeout"
time="2021-12-18T09:33:02Z" level=error msg="the body is null so we can't transform it to JSON - this likely was because of a request error getting the response\n\tat reflect.methodValueCall (native)\n\tat logged in (file:///-:40:56(4))\n\tat go.k6.io/k6/js/common.Bind.func1 (native)\n\tat file:///-:40:29(31)\n" executor=ramping-vus scenario=default source=stacktrace
time="2021-12-18T09:33:02Z" level=warning msg="Request Failed" error="Post \"http://y2o2u2n-alb-1093980542.ap-northeast-2.elb.amazonaws.com/login/token\": dial: i/o timeout"
time="2021-12-18T09:33:02Z" level=error msg="the body is null so we can't transform it to JSON - this likely was because of a request error getting the response\n\tat reflect.methodValueCall (native)\n\tat logged in (file:///-:40:56(4))\n\tat go.k6.io/k6/js/common.Bind.func1 (native)\n\tat file:///-:40:29(31)\n" executor=ramping-vus scenario=default source=stacktrace
time="2021-12-18T09:33:02Z" level=warning msg="Request Failed" error="Post \"http://y2o2u2n-alb-1093980542.ap-northeast-2.elb.amazonaws.com/login/token\": dial: i/o timeout"
time="2021-12-18T09:33:02Z" level=error msg="the body is null so we can't transform it to JSON - this likely was because of a request error getting the response\n\tat reflect.methodValueCall (native)\n\tat logged in (file:///-:40:56(4))\n\tat go.k6.io/k6/js/common.Bind.func1 (native)\n\tat file:///-:40:29(31)\n" executor=ramping-vus scenario=default source=stacktrace

running (2m36.4s), 1283/2500 VUs, 15027 complete and 0 interrupted iterations
default ↓ [ 100% ] 1549/2500 VUs  2m30s
time="2021-12-18T09:33:03Z" level=warning msg="Request Failed" error="Post \"http://y2o2u2n-alb-1093980542.ap-northeast-2.elb.amazonaws.com/login/token\": dial: i/o timeout"
time="2021-12-18T09:33:03Z" level=error msg="the body is null so we can't transform it to JSON - this likely was because of a request error getting the response\n\tat reflect.methodValueCall (native)\n\tat logged in (file:///-:40:56(4))\n\tat go.k6.io/k6/js/common.Bind.func1 (native)\n\tat file:///-:40:29(31)\n" executor=ramping-vus scenario=default source=stacktrace
time="2021-12-18T09:33:04Z" level=warning msg="Request Failed" error="Post \"http://y2o2u2n-alb-1093980542.ap-northeast-2.elb.amazonaws.com/login/token\": dial: i/o timeout"
time="2021-12-18T09:33:04Z" level=error msg="the body is null so we can't transform it to JSON - this likely was because of a request error getting the response\n\tat reflect.methodValueCall (native)\n\tat logged in (file:///-:40:56(4))\n\tat go.k6.io/k6/js/common.Bind.func1 (native)\n\tat file:///-:40:29(31)\n" executor=ramping-vus scenario=default source=stacktrace

running (2m37.4s), 1281/2500 VUs, 15029 complete and 0 interrupted iterations
default ↓ [ 100% ] 1549/2500 VUs  2m30s
time="2021-12-18T09:33:04Z" level=warning msg="Request Failed" error="Post \"http://y2o2u2n-alb-1093980542.ap-northeast-2.elb.amazonaws.com/login/token\": dial: i/o timeout"
time="2021-12-18T09:33:04Z" level=error msg="the body is null so we can't transform it to JSON - this likely was because of a request error getting the response\n\tat reflect.methodValueCall (native)\n\tat logged in (file:///-:40:56(4))\n\tat go.k6.io/k6/js/common.Bind.func1 (native)\n\tat file:///-:40:29(31)\n" executor=ramping-vus scenario=default source=stacktrace
time="2021-12-18T09:33:04Z" level=warning msg="Request Failed" error="Post \"http://y2o2u2n-alb-1093980542.ap-northeast-2.elb.amazonaws.com/login/token\": dial: i/o timeout"
time="2021-12-18T09:33:04Z" level=error msg="the body is null so we can't transform it to JSON - this likely was because of a request error getting the response\n\tat reflect.methodValueCall (native)\n\tat logged in (file:///-:40:56(4))\n\tat go.k6.io/k6/js/common.Bind.func1 (native)\n\tat file:///-:40:29(31)\n" executor=ramping-vus scenario=default source=stacktrace
time="2021-12-18T09:33:04Z" level=warning msg="Request Failed" error="Post \"http://y2o2u2n-alb-1093980542.ap-northeast-2.elb.amazonaws.com/login/token\": dial: i/o timeout"
time="2021-12-18T09:33:04Z" level=error msg="the body is null so we can't transform it to JSON - this likely was because of a request error getting the response\n\tat reflect.methodValueCall (native)\n\tat logged in (file:///-:40:56(4))\n\tat go.k6.io/k6/js/common.Bind.func1 (native)\n\tat file:///-:40:29(31)\n" executor=ramping-vus scenario=default source=stacktrace
time="2021-12-18T09:33:04Z" level=warning msg="Request Failed" error="Post \"http://y2o2u2n-alb-1093980542.ap-northeast-2.elb.amazonaws.com/login/token\": dial: i/o timeout"
time="2021-12-18T09:33:04Z" level=error msg="the body is null so we can't transform it to JSON - this likely was because of a request error getting the response\n\tat reflect.methodValueCall (native)\n\tat logged in (file:///-:40:56(4))\n\tat go.k6.io/k6/js/common.Bind.func1 (native)\n\tat file:///-:40:29(31)\n" executor=ramping-vus scenario=default source=stacktrace
time="2021-12-18T09:33:04Z" level=warning msg="Request Failed" error="Post \"http://y2o2u2n-alb-1093980542.ap-northeast-2.elb.amazonaws.com/login/token\": dial: i/o timeout"
time="2021-12-18T09:33:04Z" level=error msg="the body is null so we can't transform it to JSON - this likely was because of a request error getting the response\n\tat reflect.methodValueCall (native)\n\tat logged in (file:///-:40:56(4))\n\tat go.k6.io/k6/js/common.Bind.func1 (native)\n\tat file:///-:40:29(31)\n" executor=ramping-vus scenario=default source=stacktrace
time="2021-12-18T09:33:04Z" level=warning msg="Request Failed" error="Post \"http://y2o2u2n-alb-1093980542.ap-northeast-2.elb.amazonaws.com/login/token\": dial: i/o timeout"
time="2021-12-18T09:33:04Z" level=error msg="the body is null so we can't transform it to JSON - this likely was because of a request error getting the response\n\tat reflect.methodValueCall (native)\n\tat logged in (file:///-:40:56(4))\n\tat go.k6.io/k6/js/common.Bind.func1 (native)\n\tat file:///-:40:29(31)\n" executor=ramping-vus scenario=default source=stacktrace

running (2m38.4s), 1275/2500 VUs, 15035 complete and 0 interrupted iterations
default ↓ [ 100% ] 1549/2500 VUs  2m30s
time="2021-12-18T09:33:05Z" level=warning msg="Request Failed" error="Post \"http://y2o2u2n-alb-1093980542.ap-northeast-2.elb.amazonaws.com/login/token\": dial: i/o timeout"
time="2021-12-18T09:33:05Z" level=error msg="the body is null so we can't transform it to JSON - this likely was because of a request error getting the response\n\tat reflect.methodValueCall (native)\n\tat logged in (file:///-:40:56(4))\n\tat go.k6.io/k6/js/common.Bind.func1 (native)\n\tat file:///-:40:29(31)\n" executor=ramping-vus scenario=default source=stacktrace
time="2021-12-18T09:33:05Z" level=warning msg="Request Failed" error="Post \"http://y2o2u2n-alb-1093980542.ap-northeast-2.elb.amazonaws.com/login/token\": dial: i/o timeout"
time="2021-12-18T09:33:05Z" level=error msg="the body is null so we can't transform it to JSON - this likely was because of a request error getting the response\n\tat reflect.methodValueCall (native)\n\tat logged in (file:///-:40:56(4))\n\tat go.k6.io/k6/js/common.Bind.func1 (native)\n\tat file:///-:40:29(31)\n" executor=ramping-vus scenario=default source=stacktrace
time="2021-12-18T09:33:05Z" level=warning msg="Request Failed" error="Post \"http://y2o2u2n-alb-1093980542.ap-northeast-2.elb.amazonaws.com/login/token\": dial: i/o timeout"
time="2021-12-18T09:33:05Z" level=error msg="the body is null so we can't transform it to JSON - this likely was because of a request error getting the response\n\tat reflect.methodValueCall (native)\n\tat logged in (file:///-:40:56(4))\n\tat go.k6.io/k6/js/common.Bind.func1 (native)\n\tat file:///-:40:29(31)\n" executor=ramping-vus scenario=default source=stacktrace

running (2m39.4s), 1272/2500 VUs, 15038 complete and 0 interrupted iterations
default ↓ [ 100% ] 1549/2500 VUs  2m30s
time="2021-12-18T09:33:06Z" level=warning msg="Request Failed" error="Post \"http://y2o2u2n-alb-1093980542.ap-northeast-2.elb.amazonaws.com/login/token\": dial: i/o timeout"
time="2021-12-18T09:33:06Z" level=error msg="the body is null so we can't transform it to JSON - this likely was because of a request error getting the response\n\tat reflect.methodValueCall (native)\n\tat logged in (file:///-:40:56(4))\n\tat go.k6.io/k6/js/common.Bind.func1 (native)\n\tat file:///-:40:29(31)\n" executor=ramping-vus scenario=default source=stacktrace

running (2m40.4s), 1271/2500 VUs, 15039 complete and 0 interrupted iterations
default ↓ [ 100% ] 1549/2500 VUs  2m30s

running (2m41.4s), 1271/2500 VUs, 15039 complete and 0 interrupted iterations
default ↓ [ 100% ] 1549/2500 VUs  2m30s

running (2m42.4s), 1271/2500 VUs, 15039 complete and 0 interrupted iterations
default ↓ [ 100% ] 1549/2500 VUs  2m30s

running (2m43.4s), 1271/2500 VUs, 15039 complete and 0 interrupted iterations
default ↓ [ 100% ] 1549/2500 VUs  2m30s

running (2m44.4s), 1271/2500 VUs, 15039 complete and 0 interrupted iterations
default ↓ [ 100% ] 1549/2500 VUs  2m30s

running (2m45.4s), 1271/2500 VUs, 15039 complete and 0 interrupted iterations
default ↓ [ 100% ] 1549/2500 VUs  2m30s

running (2m46.4s), 1271/2500 VUs, 15039 complete and 0 interrupted iterations
default ↓ [ 100% ] 1549/2500 VUs  2m30s

running (2m47.4s), 1271/2500 VUs, 15039 complete and 0 interrupted iterations
default ↓ [ 100% ] 1549/2500 VUs  2m30s

running (2m48.4s), 1271/2500 VUs, 15039 complete and 0 interrupted iterations
default ↓ [ 100% ] 1549/2500 VUs  2m30s

running (2m49.4s), 1271/2500 VUs, 15039 complete and 0 interrupted iterations
default ↓ [ 100% ] 1549/2500 VUs  2m30s

running (2m50.4s), 1249/2500 VUs, 15039 complete and 22 interrupted iterations
default ↓ [ 100% ] 1549/2500 VUs  2m30s

running (2m51.4s), 1165/2500 VUs, 15039 complete and 106 interrupted iterations
default ↓ [ 100% ] 1549/2500 VUs  2m30s

running (2m52.4s), 1024/2500 VUs, 15039 complete and 247 interrupted iterations
default ↓ [ 100% ] 1549/2500 VUs  2m30s
time="2021-12-18T09:33:20Z" level=warning msg="Request Failed" error="Post \"http://y2o2u2n-alb-1093980542.ap-northeast-2.elb.amazonaws.com/login/token\": request timeout"
time="2021-12-18T09:33:20Z" level=error msg="the body is null so we can't transform it to JSON - this likely was because of a request error getting the response\n\tat reflect.methodValueCall (native)\n\tat logged in (file:///-:40:56(4))\n\tat go.k6.io/k6/js/common.Bind.func1 (native)\n\tat file:///-:40:29(31)\n" executor=ramping-vus scenario=default source=stacktrace

running (2m53.4s), 0886/2500 VUs, 15040 complete and 384 interrupted iterations
default ↓ [ 100% ] 1549/2500 VUs  2m30s
time="2021-12-18T09:33:20Z" level=warning msg="Request Failed" error="Put \"http://y2o2u2n-alb-1093980542.ap-northeast-2.elb.amazonaws.com/members/me\": request timeout"
time="2021-12-18T09:33:20Z" level=warning msg="Request Failed" error="Put \"http://y2o2u2n-alb-1093980542.ap-northeast-2.elb.amazonaws.com/members/me\": request timeout"
time="2021-12-18T09:33:20Z" level=warning msg="Request Failed" error="Post \"http://y2o2u2n-alb-1093980542.ap-northeast-2.elb.amazonaws.com/login/token\": request timeout"
time="2021-12-18T09:33:20Z" level=error msg="the body is null so we can't transform it to JSON - this likely was because of a request error getting the response\n\tat reflect.methodValueCall (native)\n\tat logged in (file:///-:40:56(4))\n\tat go.k6.io/k6/js/common.Bind.func1 (native)\n\tat file:///-:40:29(31)\n" executor=ramping-vus scenario=default source=stacktrace

running (2m54.4s), 0755/2500 VUs, 15041 complete and 514 interrupted iterations
default ↓ [ 100% ] 1549/2500 VUs  2m30s
time="2021-12-18T09:33:21Z" level=warning msg="Request Failed" error="Post \"http://y2o2u2n-alb-1093980542.ap-northeast-2.elb.amazonaws.com/login/token\": request timeout"
time="2021-12-18T09:33:21Z" level=error msg="the body is null so we can't transform it to JSON - this likely was because of a request error getting the response\n\tat reflect.methodValueCall (native)\n\tat logged in (file:///-:40:56(4))\n\tat go.k6.io/k6/js/common.Bind.func1 (native)\n\tat file:///-:40:29(31)\n" executor=ramping-vus scenario=default source=stacktrace
time="2021-12-18T09:33:21Z" level=warning msg="Request Failed" error="Post \"http://y2o2u2n-alb-1093980542.ap-northeast-2.elb.amazonaws.com/login/token\": request timeout"
time="2021-12-18T09:33:21Z" level=error msg="the body is null so we can't transform it to JSON - this likely was because of a request error getting the response\n\tat reflect.methodValueCall (native)\n\tat logged in (file:///-:40:56(4))\n\tat go.k6.io/k6/js/common.Bind.func1 (native)\n\tat file:///-:40:29(31)\n" executor=ramping-vus scenario=default source=stacktrace
time="2021-12-18T09:33:21Z" level=warning msg="Request Failed" error="Get \"http://y2o2u2n-alb-1093980542.ap-northeast-2.elb.amazonaws.com/members/me\": request timeout"
time="2021-12-18T09:33:21Z" level=error msg="the body is null so we can't transform it to JSON - this likely was because of a request error getting the response\n\tat reflect.methodValueCall (native)\n\tat file:///-:44:19(61)\n" executor=ramping-vus scenario=default source=stacktrace
time="2021-12-18T09:33:21Z" level=warning msg="Request Failed" error="Get \"http://y2o2u2n-alb-1093980542.ap-northeast-2.elb.amazonaws.com/members/me\": request timeout"
time="2021-12-18T09:33:21Z" level=error msg="the body is null so we can't transform it to JSON - this likely was because of a request error getting the response\n\tat reflect.methodValueCall (native)\n\tat file:///-:44:19(61)\n" executor=ramping-vus scenario=default source=stacktrace
time="2021-12-18T09:33:21Z" level=warning msg="Request Failed" error="Post \"http://y2o2u2n-alb-1093980542.ap-northeast-2.elb.amazonaws.com/login/token\": request timeout"
time="2021-12-18T09:33:21Z" level=error msg="the body is null so we can't transform it to JSON - this likely was because of a request error getting the response\n\tat reflect.methodValueCall (native)\n\tat logged in (file:///-:40:56(4))\n\tat go.k6.io/k6/js/common.Bind.func1 (native)\n\tat file:///-:40:29(31)\n" executor=ramping-vus scenario=default source=stacktrace
time="2021-12-18T09:33:22Z" level=warning msg="Request Failed" error="Post \"http://y2o2u2n-alb-1093980542.ap-northeast-2.elb.amazonaws.com/login/token\": request timeout"
time="2021-12-18T09:33:22Z" level=error msg="the body is null so we can't transform it to JSON - this likely was because of a request error getting the response\n\tat reflect.methodValueCall (native)\n\tat logged in (file:///-:40:56(4))\n\tat go.k6.io/k6/js/common.Bind.func1 (native)\n\tat file:///-:40:29(31)\n" executor=ramping-vus scenario=default source=stacktrace
time="2021-12-18T09:33:22Z" level=warning msg="Request Failed" error="Put \"http://y2o2u2n-alb-1093980542.ap-northeast-2.elb.amazonaws.com/members/me\": request timeout"

running (2m55.4s), 0610/2500 VUs, 15048 complete and 652 interrupted iterations
default ↓ [ 100% ] 1549/2500 VUs  2m30s
time="2021-12-18T09:33:22Z" level=warning msg="Request Failed" error="request timeout"
time="2021-12-18T09:33:22Z" level=warning msg="Request Failed" error="request timeout"
time="2021-12-18T09:33:22Z" level=warning msg="Request Failed" error="Put \"http://y2o2u2n-alb-1093980542.ap-northeast-2.elb.amazonaws.com/members/me\": request timeout"
time="2021-12-18T09:33:22Z" level=warning msg="Request Failed" error="Get \"http://y2o2u2n-alb-1093980542.ap-northeast-2.elb.amazonaws.com/members/me\": request timeout"
time="2021-12-18T09:33:22Z" level=error msg="the body is null so we can't transform it to JSON - this likely was because of a request error getting the response\n\tat reflect.methodValueCall (native)\n\tat file:///-:44:19(61)\n" executor=ramping-vus scenario=default source=stacktrace
time="2021-12-18T09:33:22Z" level=warning msg="Request Failed" error="Put \"http://y2o2u2n-alb-1093980542.ap-northeast-2.elb.amazonaws.com/members/me\": request timeout"
time="2021-12-18T09:33:22Z" level=warning msg="Request Failed" error="Put \"http://y2o2u2n-alb-1093980542.ap-northeast-2.elb.amazonaws.com/members/me\": request timeout"
time="2021-12-18T09:33:22Z" level=warning msg="Request Failed" error="Get \"http://y2o2u2n-alb-1093980542.ap-northeast-2.elb.amazonaws.com/members/me\": request timeout"
time="2021-12-18T09:33:22Z" level=error msg="the body is null so we can't transform it to JSON - this likely was because of a request error getting the response\n\tat reflect.methodValueCall (native)\n\tat file:///-:44:19(61)\n" executor=ramping-vus scenario=default source=stacktrace
time="2021-12-18T09:33:22Z" level=warning msg="Request Failed" error="Get \"http://y2o2u2n-alb-1093980542.ap-northeast-2.elb.amazonaws.com/members/me\": request timeout"
time="2021-12-18T09:33:22Z" level=error msg="the body is null so we can't transform it to JSON - this likely was because of a request error getting the response\n\tat reflect.methodValueCall (native)\n\tat file:///-:53:19(139)\n" executor=ramping-vus scenario=default source=stacktrace
time="2021-12-18T09:33:22Z" level=warning msg="Request Failed" error="Get \"http://y2o2u2n-alb-1093980542.ap-northeast-2.elb.amazonaws.com/members/me\": request timeout"
time="2021-12-18T09:33:22Z" level=error msg="the body is null so we can't transform it to JSON - this likely was because of a request error getting the response\n\tat reflect.methodValueCall (native)\n\tat file:///-:44:19(61)\n" executor=ramping-vus scenario=default source=stacktrace
time="2021-12-18T09:33:22Z" level=warning msg="Request Failed" error="Get \"http://y2o2u2n-alb-1093980542.ap-northeast-2.elb.amazonaws.com/members/me\": request timeout"
time="2021-12-18T09:33:22Z" level=error msg="the body is null so we can't transform it to JSON - this likely was because of a request error getting the response\n\tat reflect.methodValueCall (native)\n\tat file:///-:53:19(139)\n" executor=ramping-vus scenario=default source=stacktrace
time="2021-12-18T09:33:22Z" level=warning msg="Request Failed" error="request timeout"
time="2021-12-18T09:33:22Z" level=warning msg="Request Failed" error="Get \"http://y2o2u2n-alb-1093980542.ap-northeast-2.elb.amazonaws.com/members/me\": request timeout"
time="2021-12-18T09:33:22Z" level=error msg="the body is null so we can't transform it to JSON - this likely was because of a request error getting the response\n\tat reflect.methodValueCall (native)\n\tat file:///-:53:19(139)\n" executor=ramping-vus scenario=default source=stacktrace
time="2021-12-18T09:33:22Z" level=warning msg="Request Failed" error="Get \"http://y2o2u2n-alb-1093980542.ap-northeast-2.elb.amazonaws.com/members/me\": request timeout"
time="2021-12-18T09:33:22Z" level=error msg="the body is null so we can't transform it to JSON - this likely was because of a request error getting the response\n\tat reflect.methodValueCall (native)\n\tat file:///-:44:19(61)\n" executor=ramping-vus scenario=default source=stacktrace
time="2021-12-18T09:33:22Z" level=warning msg="Request Failed" error="Post \"http://y2o2u2n-alb-1093980542.ap-northeast-2.elb.amazonaws.com/login/token\": request timeout"
time="2021-12-18T09:33:22Z" level=error msg="the body is null so we can't transform it to JSON - this likely was because of a request error getting the response\n\tat reflect.methodValueCall (native)\n\tat logged in (file:///-:40:56(4))\n\tat go.k6.io/k6/js/common.Bind.func1 (native)\n\tat file:///-:40:29(31)\n" executor=ramping-vus scenario=default source=stacktrace

running (2m56.4s), 0453/2500 VUs, 15056 complete and 801 interrupted iterations
default ↓ [ 100% ] 1549/2500 VUs  2m30s
time="2021-12-18T09:33:23Z" level=warning msg="Request Failed" error="Put \"http://y2o2u2n-alb-1093980542.ap-northeast-2.elb.amazonaws.com/members/me\": request timeout"
time="2021-12-18T09:33:23Z" level=warning msg="Request Failed" error="Post \"http://y2o2u2n-alb-1093980542.ap-northeast-2.elb.amazonaws.com/login/token\": request timeout"
time="2021-12-18T09:33:23Z" level=error msg="the body is null so we can't transform it to JSON - this likely was because of a request error getting the response\n\tat reflect.methodValueCall (native)\n\tat logged in (file:///-:40:56(4))\n\tat go.k6.io/k6/js/common.Bind.func1 (native)\n\tat file:///-:40:29(31)\n" executor=ramping-vus scenario=default source=stacktrace
time="2021-12-18T09:33:23Z" level=warning msg="Request Failed" error="Put \"http://y2o2u2n-alb-1093980542.ap-northeast-2.elb.amazonaws.com/members/me\": request timeout"
time="2021-12-18T09:33:23Z" level=warning msg="Request Failed" error="Put \"http://y2o2u2n-alb-1093980542.ap-northeast-2.elb.amazonaws.com/members/me\": request timeout"
time="2021-12-18T09:33:23Z" level=warning msg="Request Failed" error="Get \"http://y2o2u2n-alb-1093980542.ap-northeast-2.elb.amazonaws.com/members/me\": request timeout"
time="2021-12-18T09:33:23Z" level=error msg="the body is null so we can't transform it to JSON - this likely was because of a request error getting the response\n\tat reflect.methodValueCall (native)\n\tat file:///-:44:19(61)\n" executor=ramping-vus scenario=default source=stacktrace
time="2021-12-18T09:33:23Z" level=warning msg="Request Failed" error="Post \"http://y2o2u2n-alb-1093980542.ap-northeast-2.elb.amazonaws.com/login/token\": EOF"
time="2021-12-18T09:33:23Z" level=error msg="the body is null so we can't transform it to JSON - this likely was because of a request error getting the response\n\tat reflect.methodValueCall (native)\n\tat logged in (file:///-:40:56(4))\n\tat go.k6.io/k6/js/common.Bind.func1 (native)\n\tat file:///-:40:29(31)\n" executor=ramping-vus scenario=default source=stacktrace
time="2021-12-18T09:33:23Z" level=warning msg="Request Failed" error="Get \"http://y2o2u2n-alb-1093980542.ap-northeast-2.elb.amazonaws.com/members/me\": request timeout"
time="2021-12-18T09:33:23Z" level=error msg="the body is null so we can't transform it to JSON - this likely was because of a request error getting the response\n\tat reflect.methodValueCall (native)\n\tat file:///-:44:19(61)\n" executor=ramping-vus scenario=default source=stacktrace
time="2021-12-18T09:33:23Z" level=warning msg="Request Failed" error="Post \"http://y2o2u2n-alb-1093980542.ap-northeast-2.elb.amazonaws.com/login/token\": request timeout"
time="2021-12-18T09:33:23Z" level=error msg="the body is null so we can't transform it to JSON - this likely was because of a request error getting the response\n\tat reflect.methodValueCall (native)\n\tat logged in (file:///-:40:56(4))\n\tat go.k6.io/k6/js/common.Bind.func1 (native)\n\tat file:///-:40:29(31)\n" executor=ramping-vus scenario=default source=stacktrace
time="2021-12-18T09:33:23Z" level=warning msg="Request Failed" error="request timeout"
time="2021-12-18T09:33:23Z" level=warning msg="Request Failed" error="Get \"http://y2o2u2n-alb-1093980542.ap-northeast-2.elb.amazonaws.com/members/me\": request timeout"
time="2021-12-18T09:33:23Z" level=error msg="the body is null so we can't transform it to JSON - this likely was because of a request error getting the response\n\tat reflect.methodValueCall (native)\n\tat file:///-:53:19(139)\n" executor=ramping-vus scenario=default source=stacktrace
time="2021-12-18T09:33:23Z" level=warning msg="Request Failed" error="Post \"http://y2o2u2n-alb-1093980542.ap-northeast-2.elb.amazonaws.com/login/token\": request timeout"
time="2021-12-18T09:33:23Z" level=error msg="the body is null so we can't transform it to JSON - this likely was because of a request error getting the response\n\tat reflect.methodValueCall (native)\n\tat logged in (file:///-:40:56(4))\n\tat go.k6.io/k6/js/common.Bind.func1 (native)\n\tat file:///-:40:29(31)\n" executor=ramping-vus scenario=default source=stacktrace
time="2021-12-18T09:33:23Z" level=warning msg="Request Failed" error="Get \"http://y2o2u2n-alb-1093980542.ap-northeast-2.elb.amazonaws.com/members/me\": request timeout"
time="2021-12-18T09:33:23Z" level=error msg="the body is null so we can't transform it to JSON - this likely was because of a request error getting the response\n\tat reflect.methodValueCall (native)\n\tat file:///-:53:19(139)\n" executor=ramping-vus scenario=default source=stacktrace
time="2021-12-18T09:33:23Z" level=warning msg="Request Failed" error="Post \"http://y2o2u2n-alb-1093980542.ap-northeast-2.elb.amazonaws.com/login/token\": request timeout"
time="2021-12-18T09:33:23Z" level=error msg="the body is null so we can't transform it to JSON - this likely was because of a request error getting the response\n\tat reflect.methodValueCall (native)\n\tat logged in (file:///-:40:56(4))\n\tat go.k6.io/k6/js/common.Bind.func1 (native)\n\tat file:///-:40:29(31)\n" executor=ramping-vus scenario=default source=stacktrace

running (2m57.4s), 0296/2500 VUs, 15071 complete and 943 interrupted iterations
default ↓ [ 100% ] 1549/2500 VUs  2m30s
time="2021-12-18T09:33:24Z" level=warning msg="Request Failed" error="Put \"http://y2o2u2n-alb-1093980542.ap-northeast-2.elb.amazonaws.com/members/me\": request timeout"
time="2021-12-18T09:33:24Z" level=warning msg="Request Failed" error="Get \"http://y2o2u2n-alb-1093980542.ap-northeast-2.elb.amazonaws.com/members/me\": request timeout"
time="2021-12-18T09:33:24Z" level=error msg="the body is null so we can't transform it to JSON - this likely was because of a request error getting the response\n\tat reflect.methodValueCall (native)\n\tat file:///-:53:19(139)\n" executor=ramping-vus scenario=default source=stacktrace
time="2021-12-18T09:33:24Z" level=warning msg="Request Failed" error="request timeout"
time="2021-12-18T09:33:24Z" level=warning msg="Request Failed" error="Get \"http://y2o2u2n-alb-1093980542.ap-northeast-2.elb.amazonaws.com/members/me\": request timeout"
time="2021-12-18T09:33:24Z" level=error msg="the body is null so we can't transform it to JSON - this likely was because of a request error getting the response\n\tat reflect.methodValueCall (native)\n\tat file:///-:44:19(61)\n" executor=ramping-vus scenario=default source=stacktrace
time="2021-12-18T09:33:24Z" level=warning msg="Request Failed" error="request timeout"
time="2021-12-18T09:33:24Z" level=warning msg="Request Failed" error="Post \"http://y2o2u2n-alb-1093980542.ap-northeast-2.elb.amazonaws.com/login/token\": request timeout"
time="2021-12-18T09:33:24Z" level=error msg="the body is null so we can't transform it to JSON - this likely was because of a request error getting the response\n\tat reflect.methodValueCall (native)\n\tat logged in (file:///-:40:56(4))\n\tat go.k6.io/k6/js/common.Bind.func1 (native)\n\tat file:///-:40:29(31)\n" executor=ramping-vus scenario=default source=stacktrace
time="2021-12-18T09:33:24Z" level=warning msg="Request Failed" error="Get \"http://y2o2u2n-alb-1093980542.ap-northeast-2.elb.amazonaws.com/members/me\": request timeout"
time="2021-12-18T09:33:24Z" level=error msg="the body is null so we can't transform it to JSON - this likely was because of a request error getting the response\n\tat reflect.methodValueCall (native)\n\tat file:///-:44:19(61)\n" executor=ramping-vus scenario=default source=stacktrace
time="2021-12-18T09:33:24Z" level=warning msg="Request Failed" error="Post \"http://y2o2u2n-alb-1093980542.ap-northeast-2.elb.amazonaws.com/login/token\": EOF"
time="2021-12-18T09:33:24Z" level=error msg="the body is null so we can't transform it to JSON - this likely was because of a request error getting the response\n\tat reflect.methodValueCall (native)\n\tat logged in (file:///-:40:56(4))\n\tat go.k6.io/k6/js/common.Bind.func1 (native)\n\tat file:///-:40:29(31)\n" executor=ramping-vus scenario=default source=stacktrace
time="2021-12-18T09:33:24Z" level=warning msg="Request Failed" error="request timeout"
time="2021-12-18T09:33:25Z" level=warning msg="Request Failed" error="Get \"http://y2o2u2n-alb-1093980542.ap-northeast-2.elb.amazonaws.com/members/me\": request timeout"
time="2021-12-18T09:33:25Z" level=error msg="the body is null so we can't transform it to JSON - this likely was because of a request error getting the response\n\tat reflect.methodValueCall (native)\n\tat file:///-:44:19(61)\n" executor=ramping-vus scenario=default source=stacktrace
time="2021-12-18T09:33:25Z" level=warning msg="Request Failed" error="Get \"http://y2o2u2n-alb-1093980542.ap-northeast-2.elb.amazonaws.com/members/me\": request timeout"
time="2021-12-18T09:33:25Z" level=error msg="the body is null so we can't transform it to JSON - this likely was because of a request error getting the response\n\tat reflect.methodValueCall (native)\n\tat file:///-:53:19(139)\n" executor=ramping-vus scenario=default source=stacktrace
time="2021-12-18T09:33:25Z" level=warning msg="Request Failed" error="Put \"http://y2o2u2n-alb-1093980542.ap-northeast-2.elb.amazonaws.com/members/me\": request timeout"

running (2m58.4s), 0173/2500 VUs, 15080 complete and 1057 interrupted iterations
default ↓ [ 100% ] 1549/2500 VUs  2m30s
time="2021-12-18T09:33:25Z" level=warning msg="Request Failed" error="Put \"http://y2o2u2n-alb-1093980542.ap-northeast-2.elb.amazonaws.com/members/me\": request timeout"
time="2021-12-18T09:33:25Z" level=warning msg="Request Failed" error="Post \"http://y2o2u2n-alb-1093980542.ap-northeast-2.elb.amazonaws.com/login/token\": request timeout"
time="2021-12-18T09:33:25Z" level=error msg="the body is null so we can't transform it to JSON - this likely was because of a request error getting the response\n\tat reflect.methodValueCall (native)\n\tat logged in (file:///-:40:56(4))\n\tat go.k6.io/k6/js/common.Bind.func1 (native)\n\tat file:///-:40:29(31)\n" executor=ramping-vus scenario=default source=stacktrace
time="2021-12-18T09:33:25Z" level=warning msg="Request Failed" error="Get \"http://y2o2u2n-alb-1093980542.ap-northeast-2.elb.amazonaws.com/members/me\": request timeout"
time="2021-12-18T09:33:25Z" level=error msg="the body is null so we can't transform it to JSON - this likely was because of a request error getting the response\n\tat reflect.methodValueCall (native)\n\tat file:///-:53:19(139)\n" executor=ramping-vus scenario=default source=stacktrace

running (2m59.4s), 0063/2500 VUs, 15082 complete and 1165 interrupted iterations
default ↓ [ 100% ] 1549/2500 VUs  2m30s
time="2021-12-18T09:33:26Z" level=warning msg="Request Failed" error="Get \"http://y2o2u2n-alb-1093980542.ap-northeast-2.elb.amazonaws.com/members/me\": request timeout"
time="2021-12-18T09:33:26Z" level=error msg="the body is null so we can't transform it to JSON - this likely was because of a request error getting the response\n\tat reflect.methodValueCall (native)\n\tat file:///-:53:19(139)\n" executor=ramping-vus scenario=default source=stacktrace
time="2021-12-18T09:33:26Z" level=warning msg="Request Failed" error="Get \"http://y2o2u2n-alb-1093980542.ap-northeast-2.elb.amazonaws.com/members/me\": request timeout"
time="2021-12-18T09:33:26Z" level=error msg="the body is null so we can't transform it to JSON - this likely was because of a request error getting the response\n\tat reflect.methodValueCall (native)\n\tat file:///-:44:19(61)\n" executor=ramping-vus scenario=default source=stacktrace

running (2m59.9s), 0000/2500 VUs, 15084 complete and 1226 interrupted iterations
default ✓ [ 100% ] 0000/2500 VUs  2m30s

     ✗ logged in
      ↳  99% — ✓ 15857 / ✗ 75
     ✓ got profile
     ✗ updated profile
      ↳  99% — ✓ 15245 / ✗ 12
     ✓ changed age

     checks.........................: 99.88% ✓ 76670      ✗ 87
     data_received..................: 12 MB  69 kB/s
     data_sent......................: 20 MB  110 kB/s
     http_req_blocked...............: avg=6.87ms  min=0s          med=1.71µs   max=1.23s  p(90)=3.81µs  p(95)=9.08µs
     http_req_connecting............: avg=6.86ms  min=0s          med=0s       max=1.23s  p(90)=0s      p(95)=0s
   ✗ http_req_duration..............: avg=1.85s   min=0s          med=1.45s    max=59.95s p(90)=4.6s    p(95)=4.95s
       { expected_response:true }...: avg=1.8s    min=400.03µs    med=1.45s    max=6.56s  p(90)=4.59s   p(95)=4.95s
     http_req_failed................: 0.18%  ✓ 115        ✗ 61672
     http_req_receiving.............: avg=12.8ms  min=-19201144ns med=506.28µs max=55.62s p(90)=3.73ms  p(95)=9.06ms
     http_req_sending...............: avg=13.86µs min=0s          med=9.6µs    max=1.9ms  p(90)=24.18µs p(95)=38.94µs
     http_req_tls_handshaking.......: avg=0s      min=0s          med=0s       max=0s     p(90)=0s      p(95)=0s
     http_req_waiting...............: avg=1.83s   min=0s          med=1.45s    max=59.95s p(90)=4.59s   p(95)=4.94s
     http_reqs......................: 61787  343.497628/s
     iteration_duration.............: avg=8.29s   min=1.03s       med=7.81s    max=1m15s  p(90)=15.26s  p(95)=17.21s
     iterations.....................: 15084  83.857741/s
     vus............................: 0      min=0        max=2500
     vus_max........................: 2500   min=2500     max=2500

time="2021-12-18T09:33:29Z" level=error msg="some thresholds have failed"
