
          /\      |‾‾| /‾‾/   /‾‾/   
     /\  /  \     |  |/  /   /  /    
    /  \/    \    |     (   /   ‾‾\  
   /          \   |  |\  \ |  (‾)  | 
  / __________ \  |__| \__\ \_____/ .io

  execution: local
     script: load.js
     output: -

  scenarios: (100.00%) 1 scenario, 100 max VUs, 45s max duration (incl. graceful stop):
           * default: Up to 100 looping VUs for 15s over 3 stages (gracefulRampDown: 30s, gracefulStop: 30s)


running (00.9s), 010/100 VUs, 0 complete and 0 interrupted iterations
default   [   6% ] 010/100 VUs  00.9s/15.0s

running (01.9s), 020/100 VUs, 10 complete and 0 interrupted iterations
default   [  13% ] 020/100 VUs  01.9s/15.0s

running (02.9s), 029/100 VUs, 29 complete and 0 interrupted iterations
default   [  20% ] 029/100 VUs  02.9s/15.0s

running (03.9s), 039/100 VUs, 58 complete and 0 interrupted iterations
default   [  26% ] 039/100 VUs  03.9s/15.0s

running (04.9s), 049/100 VUs, 96 complete and 0 interrupted iterations
default   [  33% ] 049/100 VUs  04.9s/15.0s

running (05.9s), 059/100 VUs, 145 complete and 0 interrupted iterations
default   [  40% ] 059/100 VUs  05.9s/15.0s

running (06.9s), 069/100 VUs, 204 complete and 0 interrupted iterations
default   [  46% ] 069/100 VUs  06.9s/15.0s

running (07.9s), 079/100 VUs, 273 complete and 0 interrupted iterations
default   [  53% ] 079/100 VUs  07.9s/15.0s

running (08.9s), 089/100 VUs, 352 complete and 0 interrupted iterations
default   [  60% ] 089/100 VUs  08.9s/15.0s

running (09.9s), 099/100 VUs, 441 complete and 0 interrupted iterations
default   [  66% ] 099/100 VUs  09.9s/15.0s

running (10.9s), 091/100 VUs, 540 complete and 0 interrupted iterations
default   [  73% ] 091/100 VUs  10.9s/15.0s

running (11.9s), 071/100 VUs, 631 complete and 0 interrupted iterations
default   [  80% ] 071/100 VUs  11.9s/15.0s

running (12.9s), 051/100 VUs, 702 complete and 0 interrupted iterations
default   [  86% ] 051/100 VUs  12.9s/15.0s

running (13.9s), 031/100 VUs, 753 complete and 0 interrupted iterations
default   [  93% ] 031/100 VUs  13.9s/15.0s

running (14.9s), 012/100 VUs, 784 complete and 0 interrupted iterations
default   [ 100% ] 012/100 VUs  14.9s/15.0s

running (15.7s), 000/100 VUs, 796 complete and 0 interrupted iterations
default ✓ [ 100% ] 000/100 VUs  15s

     ✗ find path
      ↳  0% — ✓ 0 / ✗ 796

     checks.....................: 0.00%   ✓ 0         ✗ 796  
     data_received..............: 932 kB  59 kB/s
     data_sent..................: 96 kB   6.1 kB/s
     http_req_blocked...........: avg=721.53µs min=2.57µs  med=2.89µs  max=22.64ms p(90)=4.11ms   p(95)=6.08ms 
     http_req_connecting........: avg=121.04µs min=0s      med=0s      max=2.37ms  p(90)=528.67µs p(95)=1.16ms 
   ✓ http_req_duration..........: avg=4.6ms    min=3.13ms  med=4.23ms  max=17.38ms p(90)=5.6ms    p(95)=6.74ms 
     http_req_failed............: 100.00% ✓ 796       ✗ 0    
     http_req_receiving.........: avg=97.7µs   min=27.34µs med=59.77µs max=1.86ms  p(90)=129.29µs p(95)=202.5µs
     http_req_sending...........: avg=88.02µs  min=44.57µs med=70.43µs max=1.01ms  p(90)=143.67µs p(95)=167.8µs
     http_req_tls_handshaking...: avg=566.94µs min=0s      med=0s      max=18.11ms p(90)=3.36ms   p(95)=4.69ms 
     http_req_waiting...........: avg=4.41ms   min=2.99ms  med=4.09ms  max=17.27ms p(90)=5.38ms   p(95)=6.47ms 
     http_reqs..................: 796     50.694436/s
     iteration_duration.........: avg=1s       min=1s      med=1s      max=1.03s   p(90)=1.01s    p(95)=1.01s  
     iterations.................: 796     50.694436/s
     vus........................: 12      min=10      max=100
     vus_max....................: 100     min=100     max=100

