
          /\      |‾‾| /‾‾/   /‾‾/
     /\  /  \     |  |/  /   /  /
    /  \/    \    |     (   /   ‾‾\
   /          \   |  |\  \ |  (‾)  |
  / __________ \  |__| \__\ \_____/ .io

  execution: local
     script: put_members_load.js
     output: InfluxDBv1 (http://3.39.80.206:8086)

  scenarios: (100.00%) 1 scenario, 70 max VUs, 12m40s max duration (incl. graceful stop):
           * default: Up to 70 looping VUs for 12m10s over 5 stages (gracefulRampDown: 30s, gracefulStop: 30s)


running (12m10.6s), 00/70 VUs, 32887 complete and 0 interrupted iterations
default ✓ [======================================] 00/70 VUs  12m10s

     ✓ logged in successfully
     ✓ response code 200

     checks.........................: 100.00% ✓ 65774     ✗ 0
     data_received..................: 20 MB   28 kB/s
     data_sent......................: 21 MB   29 kB/s
     http_req_blocked...............: avg=55.94µs min=1µs    med=3µs     max=169.65ms p(90)=7µs     p(95)=8µs
     http_req_connecting............: avg=12.91µs min=0s     med=0s      max=17.67ms  p(90)=0s      p(95)=0s
   ✓ http_req_duration..............: avg=14.9ms  min=5.94ms med=11.86ms max=255.98ms p(90)=21.13ms p(95)=26.53ms
       { expected_response:true }...: avg=14.9ms  min=5.94ms med=11.86ms max=255.98ms p(90)=21.13ms p(95)=26.53ms
     http_req_failed................: 0.00%   ✓ 0         ✗ 65774
     http_req_receiving.............: avg=43.1µs  min=8µs    med=36µs    max=7.93ms   p(90)=66µs    p(95)=84µs
     http_req_sending...............: avg=22.61µs min=6µs    med=19µs    max=6.96ms   p(90)=35µs    p(95)=42µs
     http_req_tls_handshaking.......: avg=36.61µs min=0s     med=0s      max=34ms     p(90)=0s      p(95)=0s
     http_req_waiting...............: avg=14.83ms min=5.87ms med=11.8ms  max=255.91ms p(90)=21.06ms p(95)=26.45ms
     http_reqs......................: 65774   90.023157/s
     iteration_duration.............: avg=1.03s   min=1.01s  med=1.02s   max=1.32s    p(90)=1.04s   p(95)=1.05s
     iterations.....................: 32887   45.011579/s
     vus............................: 6       min=1       max=70
     vus_max........................: 70      min=70      max=70
