
          /\      |‾‾| /‾‾/   /‾‾/   
     /\  /  \     |  |/  /   /  /    
    /  \/    \    |     (   /   ‾‾\  
   /          \   |  |\  \ |  (‾)  | 
  / __________ \  |__| \__\ \_____/ .io

  execution: local
     script: load-main.js
     output: -

  scenarios: (100.00%) 1 scenario, 400 max VUs, 1m0s max duration (incl. graceful stop):
           * default: Up to 400 looping VUs for 30s over 3 stages (gracefulRampDown: 30s, gracefulStop: 30s)


running (0m01.0s), 077/400 VUs, 0 complete and 0 interrupted iterations
default   [   3% ] 077/400 VUs  01.0s/30.0s

running (0m02.0s), 157/400 VUs, 0 complete and 0 interrupted iterations
default   [   7% ] 157/400 VUs  02.0s/30.0s

running (0m03.0s), 237/400 VUs, 153 complete and 0 interrupted iterations
default   [  10% ] 237/400 VUs  03.0s/30.0s

running (0m04.0s), 317/400 VUs, 374 complete and 0 interrupted iterations
default   [  13% ] 317/400 VUs  04.0s/30.0s

running (0m05.0s), 397/400 VUs, 689 complete and 0 interrupted iterations
default   [  17% ] 397/400 VUs  05.0s/30.0s

running (0m06.0s), 400/400 VUs, 1084 complete and 0 interrupted iterations
default   [  20% ] 400/400 VUs  06.0s/30.0s

running (0m07.0s), 400/400 VUs, 1484 complete and 0 interrupted iterations
default   [  23% ] 400/400 VUs  07.0s/30.0s

running (0m08.0s), 400/400 VUs, 1882 complete and 0 interrupted iterations
default   [  27% ] 400/400 VUs  08.0s/30.0s

running (0m09.0s), 400/400 VUs, 2280 complete and 0 interrupted iterations
default   [  30% ] 400/400 VUs  09.0s/30.0s

running (0m10.0s), 400/400 VUs, 2674 complete and 0 interrupted iterations
default   [  33% ] 400/400 VUs  10.0s/30.0s

running (0m11.0s), 400/400 VUs, 3073 complete and 0 interrupted iterations
default   [  37% ] 400/400 VUs  11.0s/30.0s

running (0m12.0s), 400/400 VUs, 3473 complete and 0 interrupted iterations
default   [  40% ] 400/400 VUs  12.0s/30.0s

running (0m13.0s), 400/400 VUs, 3873 complete and 0 interrupted iterations
default   [  43% ] 400/400 VUs  13.0s/30.0s

running (0m14.0s), 400/400 VUs, 4272 complete and 0 interrupted iterations
default   [  47% ] 400/400 VUs  14.0s/30.0s

running (0m15.0s), 400/400 VUs, 4664 complete and 0 interrupted iterations
default   [  50% ] 400/400 VUs  15.0s/30.0s

running (0m16.0s), 400/400 VUs, 5060 complete and 0 interrupted iterations
default   [  53% ] 400/400 VUs  16.0s/30.0s

running (0m17.0s), 400/400 VUs, 5459 complete and 0 interrupted iterations
default   [  57% ] 400/400 VUs  17.0s/30.0s

running (0m18.0s), 400/400 VUs, 5859 complete and 0 interrupted iterations
default   [  60% ] 400/400 VUs  18.0s/30.0s

running (0m19.0s), 400/400 VUs, 6253 complete and 0 interrupted iterations
default   [  63% ] 400/400 VUs  19.0s/30.0s

running (0m20.0s), 400/400 VUs, 6647 complete and 0 interrupted iterations
default   [  67% ] 400/400 VUs  20.0s/30.0s

running (0m21.0s), 400/400 VUs, 7034 complete and 0 interrupted iterations
default   [  70% ] 400/400 VUs  21.0s/30.0s

running (0m22.0s), 400/400 VUs, 7425 complete and 0 interrupted iterations
default   [  73% ] 400/400 VUs  22.0s/30.0s

running (0m23.0s), 400/400 VUs, 7796 complete and 0 interrupted iterations
default   [  77% ] 400/400 VUs  23.0s/30.0s

running (0m24.0s), 400/400 VUs, 8196 complete and 0 interrupted iterations
default   [  80% ] 400/400 VUs  24.0s/30.0s

running (0m25.0s), 400/400 VUs, 8596 complete and 0 interrupted iterations
default   [  83% ] 400/400 VUs  25.0s/30.0s

running (0m26.0s), 365/400 VUs, 8996 complete and 0 interrupted iterations
default   [  87% ] 365/400 VUs  26.0s/30.0s

running (0m27.0s), 285/400 VUs, 9361 complete and 0 interrupted iterations
default   [  90% ] 285/400 VUs  27.0s/30.0s

running (0m28.0s), 209/400 VUs, 9646 complete and 0 interrupted iterations
default   [  93% ] 209/400 VUs  28.0s/30.0s

running (0m29.0s), 122/400 VUs, 9855 complete and 0 interrupted iterations
default   [  97% ] 122/400 VUs  29.0s/30.0s

running (0m30.0s), 031/400 VUs, 9977 complete and 0 interrupted iterations
default   [ 100% ] 031/400 VUs  30.0s/30.0s

running (0m30.7s), 000/400 VUs, 10008 complete and 0 interrupted iterations
default ✓ [ 100% ] 000/400 VUs  30s

     ✓ main page

     checks.........................: 100.00% ✓ 10008      ✗ 0    
     data_received..................: 12 MB   379 kB/s
     data_sent......................: 1.2 MB  40 kB/s
     http_req_blocked...............: avg=7.02ms  min=1µs    med=4µs    max=1.2s     p(90)=7µs     p(95)=22µs   
     http_req_connecting............: avg=1.74ms  min=0s     med=0s     max=142.67ms p(90)=0s      p(95)=0s     
   ✓ http_req_duration..............: avg=12.02ms min=4.72ms med=7.79ms max=139.26ms p(90)=24.08ms p(95)=42.47ms
       { expected_response:true }...: avg=12.02ms min=4.72ms med=7.79ms max=139.26ms p(90)=24.08ms p(95)=42.47ms
     http_req_failed................: 0.00%   ✓ 0          ✗ 10008
     http_req_receiving.............: avg=42.74µs min=11µs   med=34µs   max=383µs    p(90)=78µs    p(95)=87.64µs
     http_req_sending...............: avg=22.02µs min=4µs    med=15µs   max=493µs    p(90)=35µs    p(95)=61µs   
     http_req_tls_handshaking.......: avg=0s      min=0s     med=0s     max=0s       p(90)=0s      p(95)=0s     
     http_req_waiting...............: avg=11.95ms min=4.7ms  med=7.73ms max=139.03ms p(90)=23.98ms p(95)=42.4ms 
     http_reqs......................: 10008   326.329945/s
     iteration_duration.............: avg=1.01s   min=1s     med=1s     max=2.26s    p(90)=1.02s   p(95)=1.04s  
     iterations.....................: 10008   326.329945/s
     vus............................: 31      min=31       max=400
     vus_max........................: 400     min=400      max=400

