
          /\      |‾‾| /‾‾/   /‾‾/
     /\  /  \     |  |/  /   /  /
    /  \/    \    |     (   /   ‾‾\
   /          \   |  |\  \ |  (‾)  |
  / __________ \  |__| \__\ \_____/ .io

  execution: local
     script: load-main.js
     output: -

  scenarios: (100.00%) 1 scenario, 100 max VUs, 1m15s max duration (incl. graceful stop):
           * default: Up to 100 looping VUs for 45s over 4 stages (gracefulRampDown: 30s, gracefulStop: 30s)


running (0m45.5s), 000/100 VUs, 3418 complete and 0 interrupted iterations
default ✓ [======================================] 000/100 VUs  45s

     ✓ is ok

     checks.........................: 100.00% ✓ 3418      ✗ 0
     data_received..................: 4.0 MB  87 kB/s
     data_sent......................: 420 kB  9.2 kB/s
     http_req_blocked...............: avg=33µs    min=3.5µs    med=5.36µs  max=3.9ms    p(90)=7.26µs  p(95)=13.54µs
     http_req_connecting............: avg=23.53µs min=0s       med=0s      max=1.97ms   p(90)=0s      p(95)=0s
   ✓ http_req_duration..............: avg=1.85ms  min=954.92µs med=1.51ms  max=8.1ms    p(90)=2.69ms  p(95)=2.8ms
       { expected_response:true }...: avg=1.85ms  min=954.92µs med=1.51ms  max=8.1ms    p(90)=2.69ms  p(95)=2.8ms
     http_req_failed................: 0.00%   ✓ 0         ✗ 3418
     http_req_receiving.............: avg=52µs    min=19.85µs  med=49.72µs max=378.68µs p(90)=66.67µs p(95)=73.52µs
     http_req_sending...............: avg=19.07µs min=9.8µs    med=14.26µs max=1.54ms   p(90)=25.7µs  p(95)=42.15µs
     http_req_tls_handshaking.......: avg=0s      min=0s       med=0s      max=0s       p(90)=0s      p(95)=0s
     http_req_waiting...............: avg=1.78ms  min=897.57µs med=1.43ms  max=7.97ms   p(90)=2.62ms  p(95)=2.72ms
     http_reqs......................: 3418    75.114989/s
     iteration_duration.............: avg=1s      min=1s       med=1s      max=1.01s    p(90)=1s      p(95)=1s
     iterations.....................: 3418    75.114989/s
     vus............................: 6       min=6       max=100
     vus_max........................: 100     min=100     max=100
