
          /\      |‾‾| /‾‾/   /‾‾/
     /\  /  \     |  |/  /   /  /
    /  \/    \    |     (   /   ‾‾\
   /          \   |  |\  \ |  (‾)  |
  / __________ \  |__| \__\ \_____/ .io

  execution: local
     script: main_page_load.js
     output: InfluxDBv1 (http://3.39.80.206:8086)

  scenarios: (100.00%) 1 scenario, 70 max VUs, 12m40s max duration (incl. graceful stop):
           * default: Up to 70 looping VUs for 12m10s over 5 stages (gracefulRampDown: 30s, gracefulStop: 30s)


running (12m10.2s), 00/70 VUs, 33525 complete and 0 interrupted iterations
default ✓ [======================================] 00/70 VUs  12m10s

     ✓ response code 200

     checks.........................: 100.00% ✓ 33525     ✗ 0
     data_received..................: 43 MB   58 kB/s
     data_sent......................: 4.0 MB  5.5 kB/s
     http_req_blocked...............: avg=77.44µs min=1µs    med=5µs    max=60.56ms  p(90)=9µs     p(95)=11µs
     http_req_connecting............: avg=18.71µs min=0s     med=0s     max=15.69ms  p(90)=0s      p(95)=0s
   ✓ http_req_duration..............: avg=9.83ms  min=5.23ms med=9.21ms max=257.01ms p(90)=11.65ms p(95)=13.07ms
       { expected_response:true }...: avg=9.83ms  min=5.23ms med=9.21ms max=257.01ms p(90)=11.65ms p(95)=13.07ms
     http_req_failed................: 0.00%   ✓ 0         ✗ 33525
     http_req_receiving.............: avg=59.22µs min=14µs   med=50µs   max=3.89ms   p(90)=95µs    p(95)=106µs
     http_req_sending...............: avg=24.9µs  min=5µs    med=22µs   max=1.16ms   p(90)=37µs    p(95)=41µs
     http_req_tls_handshaking.......: avg=51.81µs min=0s     med=0s     max=32.52ms  p(90)=0s      p(95)=0s
     http_req_waiting...............: avg=9.75ms  min=5.17ms med=9.12ms max=256.92ms p(90)=11.58ms p(95)=12.99ms
     http_reqs......................: 33525   45.909508/s
     iteration_duration.............: avg=1.01s   min=1s     med=1.01s  max=1.25s    p(90)=1.01s   p(95)=1.01s
     iterations.....................: 33525   45.909508/s
     vus............................: 2       min=1       max=70
     vus_max........................: 70      min=70      max=70
