
          /\      |‾‾| /‾‾/   /‾‾/   
     /\  /  \     |  |/  /   /  /    
    /  \/    \    |     (   /   ‾‾\  
   /          \   |  |\  \ |  (‾)  | 
  / __________ \  |__| \__\ \_____/ .io

  execution: local
     script: smoke-main.js
     output: -

  scenarios: (100.00%) 1 scenario, 1 max VUs, 40s max duration (incl. graceful stop):
           * default: 1 looping VUs for 10s (gracefulStop: 30s)


running (01.0s), 1/1 VUs, 0 complete and 0 interrupted iterations
default   [  10% ] 1 VUs  01.0s/10s

running (02.0s), 1/1 VUs, 1 complete and 0 interrupted iterations
default   [  20% ] 1 VUs  02.0s/10s

running (03.0s), 1/1 VUs, 2 complete and 0 interrupted iterations
default   [  30% ] 1 VUs  03.0s/10s

running (04.0s), 1/1 VUs, 3 complete and 0 interrupted iterations
default   [  40% ] 1 VUs  04.0s/10s

running (05.0s), 1/1 VUs, 4 complete and 0 interrupted iterations
default   [  50% ] 1 VUs  05.0s/10s

running (06.0s), 1/1 VUs, 5 complete and 0 interrupted iterations
default   [  60% ] 1 VUs  06.0s/10s

running (07.0s), 1/1 VUs, 6 complete and 0 interrupted iterations
default   [  70% ] 1 VUs  07.0s/10s

running (08.0s), 1/1 VUs, 7 complete and 0 interrupted iterations
default   [  80% ] 1 VUs  08.0s/10s

running (09.0s), 1/1 VUs, 8 complete and 0 interrupted iterations
default   [  90% ] 1 VUs  09.0s/10s

running (10.0s), 1/1 VUs, 9 complete and 0 interrupted iterations
default   [ 100% ] 1 VUs  10.0s/10s

running (10.2s), 0/1 VUs, 10 complete and 0 interrupted iterations
default ✓ [ 100% ] 1 VUs  10s

     ✓ main page

     checks.........................: 100.00% ✓ 10       ✗ 0  
     data_received..................: 12 kB   1.1 kB/s
     data_sent......................: 1.2 kB  119 B/s
     http_req_blocked...............: avg=1.97ms  min=3µs    med=4.5µs   max=19.69ms p(90)=1.97ms   p(95)=10.83ms 
     http_req_connecting............: avg=482.4µs min=0s     med=0s      max=4.82ms  p(90)=482.39µs p(95)=2.65ms  
   ✓ http_req_duration..............: avg=13.34ms min=8.01ms med=14.52ms max=15.82ms p(90)=15.03ms  p(95)=15.42ms 
       { expected_response:true }...: avg=13.34ms min=8.01ms med=14.52ms max=15.82ms p(90)=15.03ms  p(95)=15.42ms 
     http_req_failed................: 0.00%   ✓ 0        ✗ 10 
     http_req_receiving.............: avg=68.09µs min=43µs   med=58.5µs  max=140µs   p(90)=94.99µs  p(95)=117.49µs
     http_req_sending...............: avg=34.2µs  min=17µs   med=23.5µs  max=116µs   p(90)=50.29µs  p(95)=83.14µs 
     http_req_tls_handshaking.......: avg=0s      min=0s     med=0s      max=0s      p(90)=0s       p(95)=0s      
     http_req_waiting...............: avg=13.24ms min=7.94ms med=14.42ms max=15.56ms p(90)=14.95ms  p(95)=15.26ms 
     http_reqs......................: 10      0.983982/s
     iteration_duration.............: avg=1.01s   min=1s     med=1.01s   max=1.03s   p(90)=1.01s    p(95)=1.02s   
     iterations.....................: 10      0.983982/s
     vus............................: 1       min=1      max=1
     vus_max........................: 1       min=1      max=1

