
          /\      |‾‾| /‾‾/   /‾‾/   
     /\  /  \     |  |/  /   /  /    
    /  \/    \    |     (   /   ‾‾\  
   /          \   |  |\  \ |  (‾)  | 
  / __________ \  |__| \__\ \_____/ .io

  execution: local
     script: stress-main.js
     output: -

  scenarios: (100.00%) 1 scenario, 1200 max VUs, 2m10s max duration (incl. graceful stop):
           * default: Up to 1200 looping VUs for 1m40s over 9 stages (gracefulRampDown: 30s, gracefulStop: 30s)


running (0m00.9s), 0005/1200 VUs, 0 complete and 0 interrupted iterations
default   [   1% ] 0005/1200 VUs  0m00.9s/1m40.0s

running (0m01.9s), 0010/1200 VUs, 5 complete and 0 interrupted iterations
default   [   2% ] 0010/1200 VUs  0m01.9s/1m40.0s

running (0m02.9s), 0015/1200 VUs, 15 complete and 0 interrupted iterations
default   [   3% ] 0015/1200 VUs  0m02.9s/1m40.0s

running (0m03.9s), 0020/1200 VUs, 30 complete and 0 interrupted iterations
default   [   4% ] 0020/1200 VUs  0m03.9s/1m40.0s

running (0m04.9s), 0024/1200 VUs, 49 complete and 0 interrupted iterations
default   [   5% ] 0024/1200 VUs  0m04.9s/1m40.0s

running (0m05.9s), 0029/1200 VUs, 72 complete and 0 interrupted iterations
default   [   6% ] 0029/1200 VUs  0m05.9s/1m40.0s

running (0m06.9s), 0034/1200 VUs, 100 complete and 0 interrupted iterations
default   [   7% ] 0034/1200 VUs  0m06.9s/1m40.0s

running (0m07.9s), 0039/1200 VUs, 133 complete and 0 interrupted iterations
default   [   8% ] 0039/1200 VUs  0m07.9s/1m40.0s

running (0m08.9s), 0044/1200 VUs, 172 complete and 0 interrupted iterations
default   [   9% ] 0044/1200 VUs  0m08.9s/1m40.0s

running (0m09.9s), 0049/1200 VUs, 216 complete and 0 interrupted iterations
default   [  10% ] 0049/1200 VUs  0m09.9s/1m40.0s

running (0m10.9s), 0050/1200 VUs, 265 complete and 0 interrupted iterations
default   [  11% ] 0050/1200 VUs  0m10.9s/1m40.0s

running (0m11.9s), 0050/1200 VUs, 315 complete and 0 interrupted iterations
default   [  12% ] 0050/1200 VUs  0m11.9s/1m40.0s

running (0m12.9s), 0050/1200 VUs, 350 complete and 0 interrupted iterations
default   [  13% ] 0050/1200 VUs  0m12.9s/1m40.0s

running (0m13.9s), 0050/1200 VUs, 400 complete and 0 interrupted iterations
default   [  14% ] 0050/1200 VUs  0m13.9s/1m40.0s

running (0m14.9s), 0050/1200 VUs, 450 complete and 0 interrupted iterations
default   [  15% ] 0050/1200 VUs  0m14.9s/1m40.0s

running (0m15.9s), 0061/1200 VUs, 500 complete and 0 interrupted iterations
default   [  16% ] 0061/1200 VUs  0m15.9s/1m40.0s

running (0m16.9s), 0073/1200 VUs, 560 complete and 0 interrupted iterations
default   [  17% ] 0073/1200 VUs  0m16.9s/1m40.0s

running (0m17.9s), 0086/1200 VUs, 633 complete and 0 interrupted iterations
default   [  18% ] 0086/1200 VUs  0m17.9s/1m40.0s

running (0m18.9s), 0098/1200 VUs, 718 complete and 0 interrupted iterations
default   [  19% ] 0098/1200 VUs  0m18.9s/1m40.0s

running (0m19.9s), 0111/1200 VUs, 816 complete and 0 interrupted iterations
default   [  20% ] 0111/1200 VUs  0m19.9s/1m40.0s

running (0m20.9s), 0123/1200 VUs, 925 complete and 0 interrupted iterations
default   [  21% ] 0123/1200 VUs  0m20.9s/1m40.0s

running (0m21.9s), 0136/1200 VUs, 1048 complete and 0 interrupted iterations
default   [  22% ] 0136/1200 VUs  0m21.9s/1m40.0s

running (0m22.9s), 0148/1200 VUs, 1183 complete and 0 interrupted iterations
default   [  23% ] 0148/1200 VUs  0m22.9s/1m40.0s

running (0m23.9s), 0161/1200 VUs, 1330 complete and 0 interrupted iterations
default   [  24% ] 0161/1200 VUs  0m23.9s/1m40.0s

running (0m24.9s), 0173/1200 VUs, 1490 complete and 0 interrupted iterations
default   [  25% ] 0173/1200 VUs  0m24.9s/1m40.0s

running (0m25.9s), 0186/1200 VUs, 1663 complete and 0 interrupted iterations
default   [  26% ] 0186/1200 VUs  0m25.9s/1m40.0s

running (0m26.9s), 0198/1200 VUs, 1846 complete and 0 interrupted iterations
default   [  27% ] 0198/1200 VUs  0m26.9s/1m40.0s

running (0m27.9s), 0211/1200 VUs, 2043 complete and 0 interrupted iterations
default   [  28% ] 0211/1200 VUs  0m27.9s/1m40.0s

running (0m28.9s), 0223/1200 VUs, 2252 complete and 0 interrupted iterations
default   [  29% ] 0223/1200 VUs  0m28.9s/1m40.0s

running (0m29.9s), 0236/1200 VUs, 2474 complete and 0 interrupted iterations
default   [  30% ] 0236/1200 VUs  0m29.9s/1m40.0s

running (0m30.9s), 0248/1200 VUs, 2701 complete and 0 interrupted iterations
default   [  31% ] 0248/1200 VUs  0m30.9s/1m40.0s

running (0m31.9s), 0261/1200 VUs, 2946 complete and 0 interrupted iterations
default   [  32% ] 0261/1200 VUs  0m31.9s/1m40.0s

running (0m32.9s), 0273/1200 VUs, 3204 complete and 0 interrupted iterations
default   [  33% ] 0273/1200 VUs  0m32.9s/1m40.0s

running (0m33.9s), 0286/1200 VUs, 3390 complete and 0 interrupted iterations
default   [  34% ] 0286/1200 VUs  0m33.9s/1m40.0s

running (0m34.9s), 0298/1200 VUs, 3622 complete and 0 interrupted iterations
default   [  35% ] 0298/1200 VUs  0m34.9s/1m40.0s

running (0m35.9s), 0300/1200 VUs, 3920 complete and 0 interrupted iterations
default   [  36% ] 0300/1200 VUs  0m35.9s/1m40.0s

running (0m36.9s), 0300/1200 VUs, 4220 complete and 0 interrupted iterations
default   [  37% ] 0300/1200 VUs  0m36.9s/1m40.0s

running (0m37.9s), 0300/1200 VUs, 4520 complete and 0 interrupted iterations
default   [  38% ] 0300/1200 VUs  0m37.9s/1m40.0s

running (0m38.9s), 0300/1200 VUs, 4820 complete and 0 interrupted iterations
default   [  39% ] 0300/1200 VUs  0m38.9s/1m40.0s

running (0m39.9s), 0300/1200 VUs, 5119 complete and 0 interrupted iterations
default   [  40% ] 0300/1200 VUs  0m39.9s/1m40.0s

running (0m40.9s), 0317/1200 VUs, 5419 complete and 0 interrupted iterations
default   [  41% ] 0317/1200 VUs  0m40.9s/1m40.0s

running (0m41.9s), 0337/1200 VUs, 5736 complete and 0 interrupted iterations
default   [  42% ] 0337/1200 VUs  0m41.9s/1m40.0s

running (0m42.9s), 0357/1200 VUs, 6072 complete and 0 interrupted iterations
default   [  43% ] 0357/1200 VUs  0m42.9s/1m40.0s

running (0m43.9s), 0377/1200 VUs, 6429 complete and 0 interrupted iterations
default   [  44% ] 0377/1200 VUs  0m43.9s/1m40.0s

running (0m44.9s), 0397/1200 VUs, 6806 complete and 0 interrupted iterations
default   [  45% ] 0397/1200 VUs  0m44.9s/1m40.0s

running (0m45.9s), 0417/1200 VUs, 7200 complete and 0 interrupted iterations
default   [  46% ] 0417/1200 VUs  0m45.9s/1m40.0s

running (0m46.9s), 0437/1200 VUs, 7617 complete and 0 interrupted iterations
default   [  47% ] 0437/1200 VUs  0m46.9s/1m40.0s

running (0m47.9s), 0457/1200 VUs, 8054 complete and 0 interrupted iterations
default   [  48% ] 0457/1200 VUs  0m47.9s/1m40.0s

running (0m48.9s), 0477/1200 VUs, 8509 complete and 0 interrupted iterations
default   [  49% ] 0477/1200 VUs  0m48.9s/1m40.0s

running (0m49.9s), 0497/1200 VUs, 8984 complete and 0 interrupted iterations
default   [  50% ] 0497/1200 VUs  0m49.9s/1m40.0s

running (0m50.9s), 0517/1200 VUs, 9478 complete and 0 interrupted iterations
default   [  51% ] 0517/1200 VUs  0m50.9s/1m40.0s

running (0m51.9s), 0537/1200 VUs, 9954 complete and 0 interrupted iterations
default   [  52% ] 0537/1200 VUs  0m51.9s/1m40.0s

running (0m52.9s), 0557/1200 VUs, 10490 complete and 0 interrupted iterations
default   [  53% ] 0557/1200 VUs  0m52.9s/1m40.0s

running (0m53.9s), 0577/1200 VUs, 11014 complete and 0 interrupted iterations
default   [  54% ] 0577/1200 VUs  0m53.9s/1m40.0s

running (0m54.9s), 0597/1200 VUs, 11365 complete and 0 interrupted iterations
default   [  55% ] 0597/1200 VUs  0m54.9s/1m40.0s

running (0m55.9s), 0600/1200 VUs, 11855 complete and 0 interrupted iterations
default   [  56% ] 0600/1200 VUs  0m55.9s/1m40.0s

running (0m56.9s), 0600/1200 VUs, 12455 complete and 0 interrupted iterations
default   [  57% ] 0600/1200 VUs  0m56.9s/1m40.0s

running (0m57.9s), 0600/1200 VUs, 13055 complete and 0 interrupted iterations
default   [  58% ] 0600/1200 VUs  0m57.9s/1m40.0s

running (0m58.9s), 0600/1200 VUs, 13655 complete and 0 interrupted iterations
default   [  59% ] 0600/1200 VUs  0m58.9s/1m40.0s

running (0m59.9s), 0600/1200 VUs, 14255 complete and 0 interrupted iterations
default   [  60% ] 0600/1200 VUs  0m59.9s/1m40.0s

running (1m00.9s), 0621/1200 VUs, 14855 complete and 0 interrupted iterations
default   [  61% ] 0621/1200 VUs  1m00.9s/1m40.0s

running (1m01.9s), 0645/1200 VUs, 15476 complete and 0 interrupted iterations
default   [  62% ] 0645/1200 VUs  1m01.9s/1m40.0s

running (1m02.9s), 0669/1200 VUs, 16120 complete and 0 interrupted iterations
default   [  63% ] 0669/1200 VUs  1m02.9s/1m40.0s

running (1m03.9s), 0693/1200 VUs, 16788 complete and 0 interrupted iterations
default   [  64% ] 0693/1200 VUs  1m03.9s/1m40.0s

running (1m04.9s), 0717/1200 VUs, 17480 complete and 0 interrupted iterations
default   [  65% ] 0717/1200 VUs  1m04.9s/1m40.0s

running (1m05.9s), 0741/1200 VUs, 18196 complete and 0 interrupted iterations
default   [  66% ] 0741/1200 VUs  1m05.9s/1m40.0s

running (1m06.9s), 0765/1200 VUs, 18934 complete and 0 interrupted iterations
default   [  67% ] 0765/1200 VUs  1m06.9s/1m40.0s

running (1m07.9s), 0789/1200 VUs, 19698 complete and 0 interrupted iterations
default   [  68% ] 0789/1200 VUs  1m07.9s/1m40.0s

running (1m08.9s), 0813/1200 VUs, 20485 complete and 0 interrupted iterations
default   [  69% ] 0813/1200 VUs  1m08.9s/1m40.0s

running (1m09.9s), 0837/1200 VUs, 21297 complete and 0 interrupted iterations
default   [  70% ] 0837/1200 VUs  1m09.9s/1m40.0s

running (1m10.9s), 0861/1200 VUs, 22130 complete and 0 interrupted iterations
default   [  71% ] 0861/1200 VUs  1m10.9s/1m40.0s

running (1m11.9s), 0885/1200 VUs, 22989 complete and 0 interrupted iterations
default   [  72% ] 0885/1200 VUs  1m11.9s/1m40.0s

running (1m12.9s), 0909/1200 VUs, 23872 complete and 0 interrupted iterations
default   [  73% ] 0909/1200 VUs  1m12.9s/1m40.0s

running (1m13.9s), 0933/1200 VUs, 24775 complete and 0 interrupted iterations
default   [  74% ] 0933/1200 VUs  1m13.9s/1m40.0s

running (1m14.9s), 0957/1200 VUs, 25705 complete and 0 interrupted iterations
default   [  75% ] 0957/1200 VUs  1m14.9s/1m40.0s

running (1m15.9s), 0981/1200 VUs, 26660 complete and 0 interrupted iterations
default   [  76% ] 0981/1200 VUs  1m15.9s/1m40.0s

running (1m16.9s), 1005/1200 VUs, 27638 complete and 0 interrupted iterations
default   [  77% ] 1005/1200 VUs  1m16.9s/1m40.0s

running (1m17.9s), 1029/1200 VUs, 28641 complete and 0 interrupted iterations
default   [  78% ] 1029/1200 VUs  1m17.9s/1m40.0s

running (1m18.9s), 1053/1200 VUs, 29664 complete and 0 interrupted iterations
default   [  79% ] 1053/1200 VUs  1m18.9s/1m40.0s

running (1m19.9s), 1077/1200 VUs, 30714 complete and 0 interrupted iterations
default   [  80% ] 1077/1200 VUs  1m19.9s/1m40.0s

running (1m20.9s), 1101/1200 VUs, 31786 complete and 0 interrupted iterations
default   [  81% ] 1101/1200 VUs  1m20.9s/1m40.0s

running (1m21.9s), 1125/1200 VUs, 32879 complete and 0 interrupted iterations
default   [  82% ] 1125/1200 VUs  1m21.9s/1m40.0s

running (1m22.9s), 1149/1200 VUs, 34000 complete and 0 interrupted iterations
default   [  83% ] 1149/1200 VUs  1m22.9s/1m40.0s

running (1m23.9s), 1173/1200 VUs, 35145 complete and 0 interrupted iterations
default   [  84% ] 1173/1200 VUs  1m23.9s/1m40.0s

running (1m24.9s), 1197/1200 VUs, 36315 complete and 0 interrupted iterations
default   [  85% ] 1197/1200 VUs  1m24.9s/1m40.0s

running (1m25.9s), 1200/1200 VUs, 37506 complete and 0 interrupted iterations
default   [  86% ] 1200/1200 VUs  1m25.9s/1m40.0s

running (1m26.9s), 1200/1200 VUs, 38699 complete and 0 interrupted iterations
default   [  87% ] 1200/1200 VUs  1m26.9s/1m40.0s

running (1m27.9s), 1200/1200 VUs, 39894 complete and 0 interrupted iterations
default   [  88% ] 1200/1200 VUs  1m27.9s/1m40.0s

running (1m28.9s), 1200/1200 VUs, 41090 complete and 0 interrupted iterations
default   [  89% ] 1200/1200 VUs  1m28.9s/1m40.0s

running (1m29.9s), 1200/1200 VUs, 42286 complete and 0 interrupted iterations
default   [  90% ] 1200/1200 VUs  1m29.9s/1m40.0s

running (1m30.9s), 1200/1200 VUs, 43481 complete and 0 interrupted iterations
default   [  91% ] 1200/1200 VUs  1m30.9s/1m40.0s

running (1m31.9s), 1200/1200 VUs, 44679 complete and 0 interrupted iterations
default   [  92% ] 1200/1200 VUs  1m31.9s/1m40.0s

running (1m32.9s), 1200/1200 VUs, 45870 complete and 0 interrupted iterations
default   [  93% ] 1200/1200 VUs  1m32.9s/1m40.0s

running (1m33.9s), 1200/1200 VUs, 47067 complete and 0 interrupted iterations
default   [  94% ] 1200/1200 VUs  1m33.9s/1m40.0s

running (1m34.9s), 1200/1200 VUs, 48257 complete and 0 interrupted iterations
default   [  95% ] 1200/1200 VUs  1m34.9s/1m40.0s

running (1m35.9s), 1106/1200 VUs, 49450 complete and 0 interrupted iterations
default   [  96% ] 1106/1200 VUs  1m35.9s/1m40.0s

running (1m36.9s), 0871/1200 VUs, 50549 complete and 0 interrupted iterations
default   [  97% ] 0871/1200 VUs  1m36.9s/1m40.0s

running (1m37.9s), 0627/1200 VUs, 51419 complete and 0 interrupted iterations
default   [  98% ] 0627/1200 VUs  1m37.9s/1m40.0s

running (1m38.9s), 0380/1200 VUs, 52046 complete and 0 interrupted iterations
default   [  99% ] 0380/1200 VUs  1m38.9s/1m40.0s

running (1m39.9s), 0149/1200 VUs, 52426 complete and 0 interrupted iterations
default   [ 100% ] 0149/1200 VUs  1m39.9s/1m40.0s

running (1m40.5s), 0000/1200 VUs, 52575 complete and 0 interrupted iterations
default ✓ [ 100% ] 0000/1200 VUs  1m40s

     ✓ main page

     checks.........................: 100.00% ✓ 52575      ✗ 0     
     data_received..................: 61 MB   607 kB/s
     data_sent......................: 6.4 MB  63 kB/s
     http_req_blocked...............: avg=171.8µs  min=1µs    med=3µs    max=218.35ms p(90)=6µs     p(95)=7µs    
     http_req_connecting............: avg=166.47µs min=0s     med=0s     max=218.24ms p(90)=0s      p(95)=0s     
   ✓ http_req_duration..............: avg=13.97ms  min=3.97ms med=7.6ms  max=277.86ms p(90)=38.12ms p(95)=50.42ms
       { expected_response:true }...: avg=13.97ms  min=3.97ms med=7.6ms  max=277.86ms p(90)=38.12ms p(95)=50.42ms
     http_req_failed................: 0.00%   ✓ 0          ✗ 52575 
     http_req_receiving.............: avg=31.92µs  min=9µs    med=26µs   max=787µs    p(90)=57µs    p(95)=74µs   
     http_req_sending...............: avg=15.01µs  min=4µs    med=10µs   max=4.27ms   p(90)=26µs    p(95)=35µs   
     http_req_tls_handshaking.......: avg=0s       min=0s     med=0s     max=0s       p(90)=0s      p(95)=0s     
     http_req_waiting...............: avg=13.93ms  min=3.95ms med=7.56ms max=277.82ms p(90)=38.08ms p(95)=50.37ms
     http_reqs......................: 52575   523.146374/s
     iteration_duration.............: avg=1.01s    min=1s     med=1s     max=1.3s     p(90)=1.03s   p(95)=1.05s  
     iterations.....................: 52575   523.146374/s
     vus............................: 149     min=5        max=1200
     vus_max........................: 1200    min=1200     max=1200

