
          /\      |‾‾| /‾‾/   /‾‾/
     /\  /  \     |  |/  /   /  /
    /  \/    \    |     (   /   ‾‾\
   /          \   |  |\  \ |  (‾)  |
  / __________ \  |__| \__\ \_____/ .io

  execution: local
     script: k6/multi/smoke.js
     output: -

  scenarios: (100.00%) 1 scenario, 1 max VUs, 40s max duration (incl. graceful stop):
           * default: 1 looping VUs for 10s (gracefulStop: 30s)


running (10.6s), 0/1 VUs, 9 complete and 0 interrupted iterations
default ✓ [======================================] 1 VUs  10s

     ✓ found path

     checks.........................: 100.00% ✓ 9        ✗ 0
     data_received..................: 26 kB   2.4 kB/s
     data_sent......................: 1.6 kB  155 B/s
     http_req_blocked...............: avg=33.53ms  min=7µs      med=8µs      max=301.7ms  p(90)=60.35ms  p(95)=181.02ms
     http_req_connecting............: avg=578µs    min=0s       med=0s       max=5.2ms    p(90)=1.04ms   p(95)=3.12ms
   ✗ http_req_duration..............: avg=140.97ms min=129.16ms med=135.33ms max=179.6ms  p(90)=151.98ms p(95)=165.79ms
       { expected_response:true }...: avg=140.97ms min=129.16ms med=135.33ms max=179.6ms  p(90)=151.98ms p(95)=165.79ms
     http_req_failed................: 0.00%   ✓ 0        ✗ 9
     http_req_receiving.............: avg=136.44µs min=101µs    med=125µs    max=263µs    p(90)=180.6µs  p(95)=221.8µs
     http_req_sending...............: avg=88.22µs  min=38µs     med=42µs     max=456µs    p(90)=130.4µs  p(95)=293.19µs
     http_req_tls_handshaking.......: avg=29.55ms  min=0s       med=0s       max=265.95ms p(90)=53.19ms  p(95)=159.57ms
     http_req_waiting...............: avg=140.75ms min=129ms    med=135.18ms max=179.43ms p(90)=151.81ms p(95)=165.62ms
     http_reqs......................: 9       0.849349/s
     iteration_duration.............: avg=1.17s    min=1.13s    med=1.14s    max=1.43s    p(90)=1.23s    p(95)=1.33s
     iterations.....................: 9       0.849349/s
     vus............................: 1       min=1      max=1
     vus_max........................: 1       min=1      max=1
