
          /\      |‾‾| /‾‾/   /‾‾/
     /\  /  \     |  |/  /   /  /
    /  \/    \    |     (   /   ‾‾\
   /          \   |  |\  \ |  (‾)  |
  / __________ \  |__| \__\ \_____/ .io

  execution: local
     script: -
     output: -

  scenarios: (100.00%) 1 scenario, 1 max VUs, 40s max duration (incl. graceful stop):
           * default: 1 looping VUs for 10s (gracefulStop: 30s)


running (01.0s), 1/1 VUs, 0 complete and 0 interrupted iterations
default   [  10% ] 1 VUs  01.0s/10s

running (02.0s), 1/1 VUs, 1 complete and 0 interrupted iterations
default   [  20% ] 1 VUs  02.0s/10s

running (03.0s), 1/1 VUs, 2 complete and 0 interrupted iterations
default   [  30% ] 1 VUs  03.0s/10s

running (04.0s), 1/1 VUs, 3 complete and 0 interrupted iterations
default   [  40% ] 1 VUs  04.0s/10s

running (05.0s), 1/1 VUs, 4 complete and 0 interrupted iterations
default   [  50% ] 1 VUs  05.0s/10s

running (06.0s), 1/1 VUs, 5 complete and 0 interrupted iterations
default   [  60% ] 1 VUs  06.0s/10s

running (07.0s), 1/1 VUs, 6 complete and 0 interrupted iterations
default   [  70% ] 1 VUs  07.0s/10s

running (08.0s), 1/1 VUs, 7 complete and 0 interrupted iterations
default   [  80% ] 1 VUs  08.0s/10s

running (09.0s), 1/1 VUs, 8 complete and 0 interrupted iterations
default   [  90% ] 1 VUs  09.0s/10s

running (10.0s), 1/1 VUs, 9 complete and 0 interrupted iterations
default   [ 100% ] 1 VUs  10.0s/10s

running (10.6s), 0/1 VUs, 10 complete and 0 interrupted iterations
default ✓ [ 100% ] 1 VUs  10s

     ✓ got stations
     ✓ stations are not empty
     ✓ found path

     checks.........................: 100.00% ✓ 30       ✗ 0
     data_received..................: 727 kB  69 kB/s
     data_sent......................: 2.8 kB  261 B/s
     http_req_blocked...............: avg=422.36µs min=2.28µs  med=3.09µs  max=8.38ms  p(90)=5.23µs  p(95)=424.49µs
     http_req_connecting............: avg=213.55µs min=0s      med=0s      max=4.27ms  p(90)=0s      p(95)=213.55µs
   ✓ http_req_duration..............: avg=24.53ms  min=18.86ms med=24.02ms max=31.09ms p(90)=30.09ms p(95)=30.27ms
       { expected_response:true }...: avg=24.53ms  min=18.86ms med=24.02ms max=31.09ms p(90)=30.09ms p(95)=30.27ms
     http_req_failed................: 0.00%   ✓ 0        ✗ 20
     http_req_receiving.............: avg=2.81ms   min=51.63µs med=2.13ms  max=9.15ms  p(90)=5.73ms  p(95)=7.4ms
     http_req_sending...............: avg=20.96µs  min=10.83µs med=13.47µs max=81.69µs p(90)=40.43µs p(95)=42.73µs
     http_req_tls_handshaking.......: avg=0s       min=0s      med=0s      max=0s      p(90)=0s      p(95)=0s
     http_req_waiting...............: avg=21.7ms   min=14.82ms med=23.66ms max=29.94ms p(90)=27.14ms p(95)=28.28ms
     http_reqs......................: 20      1.894816/s
     iteration_duration.............: avg=1.05s    min=1.04s   med=1.05s   max=1.06s   p(90)=1.06s   p(95)=1.06s
     iterations.....................: 10      0.947408/s
     vus............................: 1       min=1      max=1
     vus_max........................: 1       min=1      max=1
