
          /\      |‾‾| /‾‾/   /‾‾/
     /\  /  \     |  |/  /   /  /
    /  \/    \    |     (   /   ‾‾\
   /          \   |  |\  \ |  (‾)  |
  / __________ \  |__| \__\ \_____/ .io

  execution: local
     script: -
     output: -

  scenarios: (100.00%) 1 scenario, 69 max VUs, 2m0s max duration (incl. graceful stop):
           * default: Up to 69 looping VUs for 1m30s over 9 stages (gracefulRampDown: 30s, gracefulStop: 30s)


running (0m01.0s), 03/69 VUs, 0 complete and 0 interrupted iterations
default   [   1% ] 03/69 VUs  0m01.0s/1m30.0s

running (0m02.0s), 05/69 VUs, 3 complete and 0 interrupted iterations
default   [   2% ] 05/69 VUs  0m02.0s/1m30.0s

running (0m03.0s), 07/69 VUs, 7 complete and 0 interrupted iterations
default   [   3% ] 07/69 VUs  0m03.0s/1m30.0s

running (0m04.0s), 09/69 VUs, 14 complete and 0 interrupted iterations
default   [   4% ] 09/69 VUs  0m04.0s/1m30.0s

running (0m05.0s), 11/69 VUs, 22 complete and 0 interrupted iterations
default   [   6% ] 11/69 VUs  0m05.0s/1m30.0s

running (0m06.0s), 14/69 VUs, 33 complete and 0 interrupted iterations
default   [   7% ] 14/69 VUs  0m06.0s/1m30.0s

running (0m07.0s), 16/69 VUs, 47 complete and 0 interrupted iterations
default   [   8% ] 16/69 VUs  0m07.0s/1m30.0s

running (0m08.0s), 18/69 VUs, 61 complete and 0 interrupted iterations
default   [   9% ] 18/69 VUs  0m08.0s/1m30.0s

running (0m09.0s), 20/69 VUs, 77 complete and 0 interrupted iterations
default   [  10% ] 20/69 VUs  0m09.0s/1m30.0s

running (0m10.0s), 22/69 VUs, 96 complete and 0 interrupted iterations
default   [  11% ] 22/69 VUs  0m10.0s/1m30.0s

running (0m11.0s), 23/69 VUs, 118 complete and 0 interrupted iterations
default   [  12% ] 23/69 VUs  0m11.0s/1m30.0s

running (0m12.0s), 23/69 VUs, 138 complete and 0 interrupted iterations
default   [  13% ] 23/69 VUs  0m12.0s/1m30.0s

running (0m13.0s), 23/69 VUs, 161 complete and 0 interrupted iterations
default   [  14% ] 23/69 VUs  0m13.0s/1m30.0s

running (0m14.0s), 23/69 VUs, 182 complete and 0 interrupted iterations
default   [  16% ] 23/69 VUs  0m14.0s/1m30.0s

running (0m15.0s), 23/69 VUs, 203 complete and 0 interrupted iterations
default   [  17% ] 23/69 VUs  0m15.0s/1m30.0s

running (0m16.0s), 23/69 VUs, 224 complete and 0 interrupted iterations
default   [  18% ] 23/69 VUs  0m16.0s/1m30.0s

running (0m17.0s), 23/69 VUs, 246 complete and 0 interrupted iterations
default   [  19% ] 23/69 VUs  0m17.0s/1m30.0s

running (0m18.0s), 23/69 VUs, 266 complete and 0 interrupted iterations
default   [  20% ] 23/69 VUs  0m18.0s/1m30.0s

running (0m19.0s), 23/69 VUs, 289 complete and 0 interrupted iterations
default   [  21% ] 23/69 VUs  0m19.0s/1m30.0s

running (0m20.0s), 23/69 VUs, 312 complete and 0 interrupted iterations
default   [  22% ] 23/69 VUs  0m20.0s/1m30.0s

running (0m21.0s), 25/69 VUs, 331 complete and 0 interrupted iterations
default   [  23% ] 25/69 VUs  0m21.0s/1m30.0s

running (0m22.0s), 27/69 VUs, 355 complete and 0 interrupted iterations
default   [  24% ] 27/69 VUs  0m22.0s/1m30.0s

running (0m23.0s), 29/69 VUs, 377 complete and 0 interrupted iterations
default   [  26% ] 29/69 VUs  0m23.0s/1m30.0s

running (0m24.0s), 32/69 VUs, 405 complete and 0 interrupted iterations
default   [  27% ] 32/69 VUs  0m24.0s/1m30.0s

running (0m25.0s), 34/69 VUs, 435 complete and 0 interrupted iterations
default   [  28% ] 34/69 VUs  0m25.0s/1m30.0s

running (0m26.0s), 36/69 VUs, 466 complete and 0 interrupted iterations
default   [  29% ] 36/69 VUs  0m26.0s/1m30.0s

running (0m27.0s), 39/69 VUs, 498 complete and 0 interrupted iterations
default   [  30% ] 39/69 VUs  0m27.0s/1m30.0s

running (0m28.0s), 41/69 VUs, 531 complete and 0 interrupted iterations
default   [  31% ] 41/69 VUs  0m28.0s/1m30.0s

running (0m29.0s), 43/69 VUs, 563 complete and 0 interrupted iterations
default   [  32% ] 43/69 VUs  0m29.0s/1m30.0s

running (0m30.0s), 45/69 VUs, 606 complete and 0 interrupted iterations
default   [  33% ] 45/69 VUs  0m30.0s/1m30.0s

running (0m31.0s), 46/69 VUs, 646 complete and 0 interrupted iterations
default   [  34% ] 46/69 VUs  0m31.0s/1m30.0s

running (0m32.0s), 46/69 VUs, 675 complete and 0 interrupted iterations
default   [  36% ] 46/69 VUs  0m32.0s/1m30.0s

running (0m33.0s), 46/69 VUs, 719 complete and 0 interrupted iterations
default   [  37% ] 46/69 VUs  0m33.0s/1m30.0s

running (0m34.0s), 46/69 VUs, 752 complete and 0 interrupted iterations
default   [  38% ] 46/69 VUs  0m34.0s/1m30.0s

running (0m35.0s), 46/69 VUs, 798 complete and 0 interrupted iterations
default   [  39% ] 46/69 VUs  0m35.0s/1m30.0s

running (0m36.0s), 46/69 VUs, 830 complete and 0 interrupted iterations
default   [  40% ] 46/69 VUs  0m36.0s/1m30.0s

running (0m37.0s), 46/69 VUs, 871 complete and 0 interrupted iterations
default   [  41% ] 46/69 VUs  0m37.0s/1m30.0s

running (0m38.0s), 46/69 VUs, 916 complete and 0 interrupted iterations
default   [  42% ] 46/69 VUs  0m38.0s/1m30.0s

running (0m39.0s), 46/69 VUs, 946 complete and 0 interrupted iterations
default   [  43% ] 46/69 VUs  0m39.0s/1m30.0s

running (0m40.0s), 46/69 VUs, 985 complete and 0 interrupted iterations
default   [  44% ] 46/69 VUs  0m40.0s/1m30.0s

running (0m41.0s), 47/69 VUs, 1025 complete and 0 interrupted iterations
default   [  46% ] 47/69 VUs  0m41.0s/1m30.0s

running (0m42.0s), 48/69 VUs, 1056 complete and 0 interrupted iterations
default   [  47% ] 48/69 VUs  0m42.0s/1m30.0s

running (0m43.0s), 49/69 VUs, 1102 complete and 0 interrupted iterations
default   [  48% ] 49/69 VUs  0m43.0s/1m30.0s

running (0m44.0s), 50/69 VUs, 1143 complete and 0 interrupted iterations
default   [  49% ] 50/69 VUs  0m44.0s/1m30.0s

running (0m45.0s), 51/69 VUs, 1179 complete and 0 interrupted iterations
default   [  50% ] 51/69 VUs  0m45.0s/1m30.0s

running (0m46.0s), 52/69 VUs, 1223 complete and 0 interrupted iterations
default   [  51% ] 52/69 VUs  0m46.0s/1m30.0s

running (0m46.9s), 53/69 VUs, 1273 complete and 0 interrupted iterations
default   [  52% ] 53/69 VUs  0m47.0s/1m30.0s

running (0m47.9s), 54/69 VUs, 1309 complete and 0 interrupted iterations
default   [  53% ] 54/69 VUs  0m48.0s/1m30.0s

running (0m48.9s), 55/69 VUs, 1356 complete and 0 interrupted iterations
default   [  54% ] 55/69 VUs  0m49.0s/1m30.0s

running (0m49.9s), 56/69 VUs, 1408 complete and 0 interrupted iterations
default   [  56% ] 56/69 VUs  0m50.0s/1m30.0s

running (0m50.9s), 57/69 VUs, 1444 complete and 0 interrupted iterations
default   [  57% ] 57/69 VUs  0m51.0s/1m30.0s

running (0m51.9s), 57/69 VUs, 1497 complete and 0 interrupted iterations
default   [  58% ] 57/69 VUs  0m52.0s/1m30.0s

running (0m52.9s), 57/69 VUs, 1539 complete and 0 interrupted iterations
default   [  59% ] 57/69 VUs  0m53.0s/1m30.0s

running (0m53.9s), 57/69 VUs, 1578 complete and 0 interrupted iterations
default   [  60% ] 57/69 VUs  0m54.0s/1m30.0s

running (0m54.9s), 57/69 VUs, 1634 complete and 0 interrupted iterations
default   [  61% ] 57/69 VUs  0m55.0s/1m30.0s

running (0m55.9s), 57/69 VUs, 1675 complete and 0 interrupted iterations
default   [  62% ] 57/69 VUs  0m56.0s/1m30.0s

running (0m56.9s), 57/69 VUs, 1714 complete and 0 interrupted iterations
default   [  63% ] 57/69 VUs  0m57.0s/1m30.0s

running (0m57.9s), 57/69 VUs, 1759 complete and 0 interrupted iterations
default   [  64% ] 57/69 VUs  0m58.0s/1m30.0s

running (0m58.9s), 57/69 VUs, 1816 complete and 0 interrupted iterations
default   [  66% ] 57/69 VUs  0m59.0s/1m30.0s

running (0m59.9s), 57/69 VUs, 1852 complete and 0 interrupted iterations
default   [  67% ] 57/69 VUs  1m00.0s/1m30.0s

running (1m00.9s), 58/69 VUs, 1903 complete and 0 interrupted iterations
default   [  68% ] 58/69 VUs  1m01.0s/1m30.0s

running (1m01.9s), 59/69 VUs, 1945 complete and 0 interrupted iterations
default   [  69% ] 59/69 VUs  1m02.0s/1m30.0s

running (1m02.9s), 60/69 VUs, 1987 complete and 0 interrupted iterations
default   [  70% ] 60/69 VUs  1m03.0s/1m30.0s

running (1m03.9s), 61/69 VUs, 2040 complete and 0 interrupted iterations
default   [  71% ] 61/69 VUs  1m04.0s/1m30.0s

running (1m04.9s), 62/69 VUs, 2082 complete and 0 interrupted iterations
default   [  72% ] 62/69 VUs  1m05.0s/1m30.0s

running (1m05.9s), 64/69 VUs, 2132 complete and 0 interrupted iterations
default   [  73% ] 64/69 VUs  1m06.0s/1m30.0s

running (1m06.9s), 65/69 VUs, 2177 complete and 0 interrupted iterations
default   [  74% ] 65/69 VUs  1m07.0s/1m30.0s

running (1m07.9s), 66/69 VUs, 2225 complete and 0 interrupted iterations
default   [  76% ] 66/69 VUs  1m08.0s/1m30.0s

running (1m08.9s), 67/69 VUs, 2274 complete and 0 interrupted iterations
default   [  77% ] 67/69 VUs  1m09.0s/1m30.0s

running (1m09.9s), 68/69 VUs, 2332 complete and 0 interrupted iterations
default   [  78% ] 68/69 VUs  1m10.0s/1m30.0s

running (1m10.9s), 69/69 VUs, 2380 complete and 0 interrupted iterations
default   [  79% ] 69/69 VUs  1m11.0s/1m30.0s

running (1m11.9s), 69/69 VUs, 2437 complete and 0 interrupted iterations
default   [  80% ] 69/69 VUs  1m12.0s/1m30.0s

running (1m12.9s), 69/69 VUs, 2480 complete and 0 interrupted iterations
default   [  81% ] 69/69 VUs  1m13.0s/1m30.0s

running (1m13.9s), 69/69 VUs, 2542 complete and 0 interrupted iterations
default   [  82% ] 69/69 VUs  1m14.0s/1m30.0s

running (1m14.9s), 69/69 VUs, 2582 complete and 0 interrupted iterations
default   [  83% ] 69/69 VUs  1m15.0s/1m30.0s

running (1m15.9s), 69/69 VUs, 2649 complete and 0 interrupted iterations
default   [  84% ] 69/69 VUs  1m16.0s/1m30.0s

running (1m16.9s), 69/69 VUs, 2693 complete and 0 interrupted iterations
default   [  86% ] 69/69 VUs  1m17.0s/1m30.0s

running (1m17.9s), 69/69 VUs, 2751 complete and 0 interrupted iterations
default   [  87% ] 69/69 VUs  1m18.0s/1m30.0s

running (1m18.9s), 69/69 VUs, 2800 complete and 0 interrupted iterations
default   [  88% ] 69/69 VUs  1m19.0s/1m30.0s

running (1m19.9s), 69/69 VUs, 2849 complete and 0 interrupted iterations
default   [  89% ] 69/69 VUs  1m20.0s/1m30.0s

running (1m20.9s), 68/69 VUs, 2906 complete and 0 interrupted iterations
default   [  90% ] 68/69 VUs  1m21.0s/1m30.0s

running (1m21.9s), 62/69 VUs, 2952 complete and 0 interrupted iterations
default   [  91% ] 62/69 VUs  1m22.0s/1m30.0s

running (1m22.9s), 54/69 VUs, 3007 complete and 0 interrupted iterations
default   [  92% ] 54/69 VUs  1m23.0s/1m30.0s

running (1m23.9s), 45/69 VUs, 3051 complete and 0 interrupted iterations
default   [  93% ] 45/69 VUs  1m24.0s/1m30.0s

running (1m24.9s), 38/69 VUs, 3083 complete and 0 interrupted iterations
default   [  94% ] 38/69 VUs  1m25.0s/1m30.0s

running (1m25.9s), 32/69 VUs, 3120 complete and 0 interrupted iterations
default   [  96% ] 32/69 VUs  1m26.0s/1m30.0s

running (1m26.9s), 21/69 VUs, 3152 complete and 0 interrupted iterations
default   [  97% ] 21/69 VUs  1m27.0s/1m30.0s

running (1m27.9s), 20/69 VUs, 3167 complete and 0 interrupted iterations
default   [  98% ] 20/69 VUs  1m28.0s/1m30.0s

running (1m28.9s), 11/69 VUs, 3186 complete and 0 interrupted iterations
default   [  99% ] 11/69 VUs  1m29.0s/1m30.0s

running (1m29.9s), 04/69 VUs, 3197 complete and 0 interrupted iterations
default   [ 100% ] 04/69 VUs  1m30.0s/1m30.0s

running (1m30.7s), 00/69 VUs, 3201 complete and 0 interrupted iterations
default ✓ [ 100% ] 00/69 VUs  1m30s

     ✓ got stations
     ✓ stations are not empty
     ✓ found path

     checks.........................: 100.00% ✓ 9603      ✗ 0
     data_received..................: 233 MB  2.6 MB/s
     data_sent......................: 880 kB  9.7 kB/s
     http_req_blocked...............: avg=104.16µs min=1.26µs  med=3.1µs   max=60.53ms  p(90)=5.03µs   p(95)=6.73µs
     http_req_connecting............: avg=97.05µs  min=0s      med=0s      max=60.47ms  p(90)=0s       p(95)=0s
   ✗ http_req_duration..............: avg=111.2ms  min=4.56ms  med=100.8ms max=470.71ms p(90)=210.83ms p(95)=241.47ms
       { expected_response:true }...: avg=111.2ms  min=4.56ms  med=100.8ms max=470.71ms p(90)=210.83ms p(95)=241.47ms
     http_req_failed................: 0.00%   ✓ 0         ✗ 6402
     http_req_receiving.............: avg=16.94ms  min=22.84µs med=9.3ms   max=237.14ms p(90)=46.65ms  p(95)=64.07ms
     http_req_sending...............: avg=23.18µs  min=5.42µs  med=11.5µs  max=1.19ms   p(90)=24.5µs   p(95)=45.17µs
     http_req_tls_handshaking.......: avg=0s       min=0s      med=0s      max=0s       p(90)=0s       p(95)=0s
     http_req_waiting...............: avg=94.23ms  min=3.96ms  med=77.83ms max=422.89ms p(90)=192.46ms p(95)=225.93ms
     http_reqs......................: 6402    70.553972/s
     iteration_duration.............: avg=1.22s    min=1.04s   med=1.21s   max=1.7s     p(90)=1.39s    p(95)=1.43s
     iterations.....................: 3201    35.276986/s
     vus............................: 4       min=3       max=69
     vus_max........................: 69      min=69      max=69

time="2021-12-15T15:40:54Z" level=error msg="some thresholds have failed"
