
          /\      |‾‾| /‾‾/   /‾‾/
     /\  /  \     |  |/  /   /  /
    /  \/    \    |     (   /   ‾‾\
   /          \   |  |\  \ |  (‾)  |
  / __________ \  |__| \__\ \_____/ .io

  execution: local
     script: stress.js
     output: -

  scenarios: (100.00%) 1 scenario, 400 max VUs, 1m45s max duration (incl. graceful stop):
           * default: Up to 400 looping VUs for 1m15s over 11 stages (gracefulRampDown: 30s, gracefulStop: 30s)

WARN[0000] error getting terminal size                   error="The handle is invalid."

running (1m15.8s), 000/400 VUs, 11172 complete and 0 interrupted iterations
default ✓ [======================================] 000/400 VUs  1m15s

     ✓ logged in successfully
     ✓ logged in token
     ✓ updated successfully

     checks.........................: 100.00% ✓ 33516      ✗ 0
     data_received..................: 4.6 MB  61 kB/s
     data_sent......................: 7.2 MB  95 kB/s
     http_req_blocked...............: avg=75.67µs min=0s     med=0s     max=13.07ms  p(90)=0s       p(95)=0s
     http_req_connecting............: avg=66.79µs min=0s     med=0s     max=13.07ms  p(90)=0s       p(95)=0s
   ✓ http_req_duration..............: avg=10.35ms min=5.57ms med=9.55ms max=107.92ms p(90)=13.62ms  p(95)=15.84ms
       { expected_response:true }...: avg=10.35ms min=5.57ms med=9.55ms max=107.92ms p(90)=13.62ms  p(95)=15.84ms
     http_req_failed................: 0.00%   ✓ 0          ✗ 22344
     http_req_receiving.............: avg=278.8µs min=0s     med=20.8µs max=19.51ms  p(90)=774.34µs p(95)=1ms
     http_req_sending...............: avg=33.71µs min=0s     med=0s     max=1.88ms   p(90)=65.17µs  p(95)=243.69µs
     http_req_tls_handshaking.......: avg=0s      min=0s     med=0s     max=0s       p(90)=0s       p(95)=0s
     http_req_waiting...............: avg=10.04ms min=4.86ms med=9.28ms max=107.92ms p(90)=13.26ms  p(95)=15.43ms
     http_reqs......................: 22344   294.85033/s
     iteration_duration.............: avg=1.02s   min=1.01s  med=1.02s  max=1.12s    p(90)=1.03s    p(95)=1.03s
     iterations.....................: 11172   147.425165/s
     vus............................: 22      min=10       max=399
     vus_max........................: 400     min=400      max=400
