
          /\      |‾‾| /‾‾/   /‾‾/
     /\  /  \     |  |/  /   /  /
    /  \/    \    |     (   /   ‾‾\
   /          \   |  |\  \ |  (‾)  |
  / __________ \  |__| \__\ \_____/ .io

  execution: local
     script: smoke.js
     output: -

  scenarios: (100.00%) 1 scenario, 1 max VUs, 40s max duration (incl. graceful stop):
           * default: 1 looping VUs for 10s (gracefulStop: 30s)

WARN[0000] error getting terminal size                   error="The handle is invalid."

running (10.3s), 0/1 VUs, 10 complete and 0 interrupted iterations
default ✓ [======================================] 1 VUs  10s

     ✓ logged in successfully
     ✓ logged in token
     ✓ updated successfully

     checks.........................: 100.00% ✓ 30       ✗ 0
     data_received..................: 4.1 kB  399 B/s
     data_sent......................: 6.4 kB  623 B/s
     http_req_blocked...............: avg=351.48µs min=0s     med=0s      max=7.02ms  p(90)=0s       p(95)=351.49µs
     http_req_connecting............: avg=151.55µs min=0s     med=0s      max=3.03ms  p(90)=0s       p(95)=151.55µs
   ✓ http_req_duration..............: avg=9.5ms    min=8ms    med=9.05ms  max=17.97ms p(90)=9.55ms   p(95)=10.12ms
       { expected_response:true }...: avg=9.5ms    min=8ms    med=9.05ms  max=17.97ms p(90)=9.55ms   p(95)=10.12ms
     http_req_failed................: 0.00%   ✓ 0        ✗ 20
     http_req_receiving.............: avg=292.36µs min=0s     med=124.8µs max=1ms     p(90)=858.31µs p(95)=968.09µs
     http_req_sending...............: avg=0s       min=0s     med=0s      max=0s      p(90)=0s       p(95)=0s
     http_req_tls_handshaking.......: avg=0s       min=0s     med=0s      max=0s      p(90)=0s       p(95)=0s
     http_req_waiting...............: avg=9.21ms   min=7.91ms med=8.97ms  max=17ms    p(90)=9.22ms   p(95)=10.07ms
     http_reqs......................: 20      1.939353/s
     iteration_duration.............: avg=1.03s    min=1.02s  med=1.03s   max=1.04s   p(90)=1.03s    p(95)=1.04s
     iterations.....................: 10      0.969677/s
     vus............................: 1       min=1      max=1
     vus_max........................: 1       min=1      max=1

