
          /\      |‾‾| /‾‾/   /‾‾/   
     /\  /  \     |  |/  /   /  /    
    /  \/    \    |     (   /   ‾‾\  
   /          \   |  |\  \ |  (‾)  | 
  / __________ \  |__| \__\ \_____/ .io

  execution: local
     script: monitoring/frequent/main/main_stress.js
     output: -

  scenarios: (100.00%) 1 scenario, 184 max VUs, 11m40s max duration (incl. graceful stop):
           * default: Up to 184 looping VUs for 11m10s over 3 stages (gracefulRampDown: 30s, gracefulStop: 30s)


running (00m01.0s), 003/184 VUs, 0 complete and 0 interrupted iterations
default   [   0% ] 003/184 VUs  00m01.0s/11m10.0s

running (00m02.0s), 007/184 VUs, 3 complete and 0 interrupted iterations
default   [   0% ] 007/184 VUs  00m02.0s/11m10.0s

running (00m03.0s), 010/184 VUs, 9 complete and 0 interrupted iterations
default   [   0% ] 010/184 VUs  00m03.0s/11m10.0s

running (00m04.0s), 013/184 VUs, 18 complete and 0 interrupted iterations
default   [   1% ] 013/184 VUs  00m04.0s/11m10.0s

running (00m05.0s), 016/184 VUs, 31 complete and 0 interrupted iterations
default   [   1% ] 016/184 VUs  00m05.0s/11m10.0s

running (00m06.0s), 019/184 VUs, 46 complete and 0 interrupted iterations
default   [   1% ] 019/184 VUs  00m06.0s/11m10.0s

running (00m07.0s), 022/184 VUs, 65 complete and 0 interrupted iterations
default   [   1% ] 022/184 VUs  00m07.0s/11m10.0s

running (00m08.0s), 025/184 VUs, 86 complete and 0 interrupted iterations
default   [   1% ] 025/184 VUs  00m08.0s/11m10.0s

running (00m09.0s), 028/184 VUs, 111 complete and 0 interrupted iterations
default   [   1% ] 028/184 VUs  00m09.0s/11m10.0s

running (00m10.0s), 031/184 VUs, 138 complete and 0 interrupted iterations
default   [   1% ] 031/184 VUs  00m10.0s/11m10.0s

running (00m11.0s), 034/184 VUs, 169 complete and 0 interrupted iterations
default   [   2% ] 034/184 VUs  00m11.0s/11m10.0s

running (00m12.0s), 037/184 VUs, 202 complete and 0 interrupted iterations
default   [   2% ] 037/184 VUs  00m12.0s/11m10.0s

running (00m13.0s), 040/184 VUs, 238 complete and 0 interrupted iterations
default   [   2% ] 040/184 VUs  00m13.0s/11m10.0s

running (00m14.0s), 043/184 VUs, 278 complete and 0 interrupted iterations
default   [   2% ] 043/184 VUs  00m14.0s/11m10.0s

running (00m15.0s), 046/184 VUs, 321 complete and 0 interrupted iterations
default   [   2% ] 046/184 VUs  00m15.0s/11m10.0s

running (00m16.0s), 049/184 VUs, 366 complete and 0 interrupted iterations
default   [   2% ] 049/184 VUs  00m16.0s/11m10.0s

running (00m17.0s), 052/184 VUs, 415 complete and 0 interrupted iterations
default   [   3% ] 052/184 VUs  00m17.0s/11m10.0s

running (00m18.0s), 055/184 VUs, 466 complete and 0 interrupted iterations
default   [   3% ] 055/184 VUs  00m18.0s/11m10.0s

running (00m19.0s), 058/184 VUs, 521 complete and 0 interrupted iterations
default   [   3% ] 058/184 VUs  00m19.0s/11m10.0s

running (00m20.0s), 061/184 VUs, 577 complete and 0 interrupted iterations
default   [   3% ] 061/184 VUs  00m20.0s/11m10.0s

running (00m21.0s), 064/184 VUs, 636 complete and 0 interrupted iterations
default   [   3% ] 064/184 VUs  00m21.0s/11m10.0s

running (00m22.0s), 068/184 VUs, 700 complete and 0 interrupted iterations
default   [   3% ] 068/184 VUs  00m22.0s/11m10.0s

running (00m23.0s), 071/184 VUs, 765 complete and 0 interrupted iterations
default   [   3% ] 071/184 VUs  00m23.0s/11m10.0s

running (00m24.0s), 074/184 VUs, 835 complete and 0 interrupted iterations
default   [   4% ] 074/184 VUs  00m24.0s/11m10.0s

running (00m25.0s), 077/184 VUs, 909 complete and 0 interrupted iterations
default   [   4% ] 077/184 VUs  00m25.0s/11m10.0s

running (00m26.0s), 080/184 VUs, 983 complete and 0 interrupted iterations
default   [   4% ] 080/184 VUs  00m26.0s/11m10.0s

running (00m27.0s), 083/184 VUs, 1062 complete and 0 interrupted iterations
default   [   4% ] 083/184 VUs  00m27.0s/11m10.0s

running (00m28.0s), 086/184 VUs, 1143 complete and 0 interrupted iterations
default   [   4% ] 086/184 VUs  00m28.0s/11m10.0s

running (00m29.0s), 089/184 VUs, 1227 complete and 0 interrupted iterations
default   [   4% ] 089/184 VUs  00m29.0s/11m10.0s

running (00m30.0s), 092/184 VUs, 1315 complete and 0 interrupted iterations
default   [   4% ] 092/184 VUs  00m30.0s/11m10.0s

running (00m31.0s), 095/184 VUs, 1407 complete and 0 interrupted iterations
default   [   5% ] 095/184 VUs  00m31.0s/11m10.0s

running (00m32.0s), 098/184 VUs, 1499 complete and 0 interrupted iterations
default   [   5% ] 098/184 VUs  00m32.0s/11m10.0s

running (00m33.0s), 101/184 VUs, 1595 complete and 0 interrupted iterations
default   [   5% ] 101/184 VUs  00m33.0s/11m10.0s

running (00m34.0s), 104/184 VUs, 1693 complete and 0 interrupted iterations
default   [   5% ] 104/184 VUs  00m34.0s/11m10.0s

running (00m35.0s), 107/184 VUs, 1797 complete and 0 interrupted iterations
default   [   5% ] 107/184 VUs  00m35.0s/11m10.0s

running (00m36.0s), 110/184 VUs, 1904 complete and 0 interrupted iterations
default   [   5% ] 110/184 VUs  00m36.0s/11m10.0s

running (00m37.0s), 113/184 VUs, 2011 complete and 0 interrupted iterations
default   [   6% ] 113/184 VUs  00m37.0s/11m10.0s

running (00m38.0s), 116/184 VUs, 2120 complete and 0 interrupted iterations
default   [   6% ] 116/184 VUs  00m38.0s/11m10.0s

running (00m39.0s), 119/184 VUs, 2236 complete and 0 interrupted iterations
default   [   6% ] 119/184 VUs  00m39.0s/11m10.0s

running (00m40.0s), 122/184 VUs, 2352 complete and 0 interrupted iterations
default   [   6% ] 122/184 VUs  00m40.0s/11m10.0s

running (00m41.0s), 125/184 VUs, 2474 complete and 0 interrupted iterations
default   [   6% ] 125/184 VUs  00m41.0s/11m10.0s

running (00m42.0s), 129/184 VUs, 2595 complete and 0 interrupted iterations
default   [   6% ] 129/184 VUs  00m42.0s/11m10.0s

running (00m43.0s), 132/184 VUs, 2722 complete and 0 interrupted iterations
default   [   6% ] 132/184 VUs  00m43.0s/11m10.0s

running (00m44.0s), 135/184 VUs, 2852 complete and 0 interrupted iterations
default   [   7% ] 135/184 VUs  00m44.0s/11m10.0s

running (00m45.0s), 138/184 VUs, 2986 complete and 0 interrupted iterations
default   [   7% ] 138/184 VUs  00m45.0s/11m10.0s

running (00m46.0s), 141/184 VUs, 3120 complete and 0 interrupted iterations
default   [   7% ] 141/184 VUs  00m46.0s/11m10.0s

running (00m47.0s), 144/184 VUs, 3257 complete and 0 interrupted iterations
default   [   7% ] 144/184 VUs  00m47.0s/11m10.0s

running (00m48.0s), 147/184 VUs, 3397 complete and 0 interrupted iterations
default   [   7% ] 147/184 VUs  00m48.0s/11m10.0s

running (00m49.0s), 150/184 VUs, 3543 complete and 0 interrupted iterations
default   [   7% ] 150/184 VUs  00m49.0s/11m10.0s

running (00m50.0s), 153/184 VUs, 3691 complete and 0 interrupted iterations
default   [   7% ] 153/184 VUs  00m50.0s/11m10.0s

running (00m51.0s), 156/184 VUs, 3839 complete and 0 interrupted iterations
default   [   8% ] 156/184 VUs  00m51.0s/11m10.0s

running (00m52.0s), 159/184 VUs, 3993 complete and 0 interrupted iterations
default   [   8% ] 159/184 VUs  00m52.0s/11m10.0s

running (00m53.0s), 162/184 VUs, 4149 complete and 0 interrupted iterations
default   [   8% ] 162/184 VUs  00m53.0s/11m10.0s

running (00m54.0s), 165/184 VUs, 4310 complete and 0 interrupted iterations
default   [   8% ] 165/184 VUs  00m54.0s/11m10.0s

running (00m55.0s), 168/184 VUs, 4469 complete and 0 interrupted iterations
default   [   8% ] 168/184 VUs  00m55.0s/11m10.0s

running (00m56.0s), 171/184 VUs, 4636 complete and 0 interrupted iterations
default   [   8% ] 171/184 VUs  00m56.0s/11m10.0s

running (00m57.0s), 174/184 VUs, 4806 complete and 0 interrupted iterations
default   [   9% ] 174/184 VUs  00m57.0s/11m10.0s

running (00m58.0s), 177/184 VUs, 4979 complete and 0 interrupted iterations
default   [   9% ] 177/184 VUs  00m58.0s/11m10.0s

running (00m59.0s), 180/184 VUs, 5152 complete and 0 interrupted iterations
default   [   9% ] 180/184 VUs  00m59.0s/11m10.0s

running (01m00.0s), 183/184 VUs, 5327 complete and 0 interrupted iterations
default   [   9% ] 183/184 VUs  01m00.0s/11m10.0s

running (01m01.0s), 184/184 VUs, 5504 complete and 0 interrupted iterations
default   [   9% ] 184/184 VUs  01m01.0s/11m10.0s

running (01m02.0s), 184/184 VUs, 5687 complete and 0 interrupted iterations
default   [   9% ] 184/184 VUs  01m02.0s/11m10.0s

running (01m03.0s), 184/184 VUs, 5868 complete and 0 interrupted iterations
default   [   9% ] 184/184 VUs  01m03.0s/11m10.0s

running (01m04.0s), 184/184 VUs, 6052 complete and 0 interrupted iterations
default   [  10% ] 184/184 VUs  01m04.0s/11m10.0s

running (01m05.0s), 184/184 VUs, 6231 complete and 0 interrupted iterations
default   [  10% ] 184/184 VUs  01m05.0s/11m10.0s

running (01m06.0s), 184/184 VUs, 6413 complete and 0 interrupted iterations
default   [  10% ] 184/184 VUs  01m06.0s/11m10.0s

running (01m07.0s), 184/184 VUs, 6589 complete and 0 interrupted iterations
default   [  10% ] 184/184 VUs  01m07.0s/11m10.0s

running (01m08.0s), 184/184 VUs, 6770 complete and 0 interrupted iterations
default   [  10% ] 184/184 VUs  01m08.0s/11m10.0s

running (01m09.0s), 184/184 VUs, 6950 complete and 0 interrupted iterations
default   [  10% ] 184/184 VUs  01m09.0s/11m10.0s

running (01m10.0s), 184/184 VUs, 7134 complete and 0 interrupted iterations
default   [  10% ] 184/184 VUs  01m10.0s/11m10.0s

running (01m11.0s), 184/184 VUs, 7318 complete and 0 interrupted iterations
default   [  11% ] 184/184 VUs  01m11.0s/11m10.0s

running (01m12.0s), 184/184 VUs, 7491 complete and 0 interrupted iterations
default   [  11% ] 184/184 VUs  01m12.0s/11m10.0s

running (01m13.0s), 184/184 VUs, 7675 complete and 0 interrupted iterations
default   [  11% ] 184/184 VUs  01m13.0s/11m10.0s

running (01m14.0s), 184/184 VUs, 7859 complete and 0 interrupted iterations
default   [  11% ] 184/184 VUs  01m14.0s/11m10.0s

running (01m15.0s), 184/184 VUs, 8043 complete and 0 interrupted iterations
default   [  11% ] 184/184 VUs  01m15.0s/11m10.0s

running (01m16.0s), 184/184 VUs, 8220 complete and 0 interrupted iterations
default   [  11% ] 184/184 VUs  01m16.0s/11m10.0s

running (01m17.0s), 184/184 VUs, 8404 complete and 0 interrupted iterations
default   [  11% ] 184/184 VUs  01m17.0s/11m10.0s

running (01m18.0s), 184/184 VUs, 8583 complete and 0 interrupted iterations
default   [  12% ] 184/184 VUs  01m18.0s/11m10.0s

running (01m19.0s), 184/184 VUs, 8758 complete and 0 interrupted iterations
default   [  12% ] 184/184 VUs  01m19.0s/11m10.0s

running (01m20.0s), 184/184 VUs, 8942 complete and 0 interrupted iterations
default   [  12% ] 184/184 VUs  01m20.0s/11m10.0s

running (01m21.0s), 184/184 VUs, 9124 complete and 0 interrupted iterations
default   [  12% ] 184/184 VUs  01m21.0s/11m10.0s

running (01m22.0s), 184/184 VUs, 9305 complete and 0 interrupted iterations
default   [  12% ] 184/184 VUs  01m22.0s/11m10.0s

running (01m23.0s), 184/184 VUs, 9489 complete and 0 interrupted iterations
default   [  12% ] 184/184 VUs  01m23.0s/11m10.0s

running (01m24.0s), 184/184 VUs, 9673 complete and 0 interrupted iterations
default   [  13% ] 184/184 VUs  01m24.0s/11m10.0s

running (01m25.0s), 184/184 VUs, 9769 complete and 0 interrupted iterations
default   [  13% ] 184/184 VUs  01m25.0s/11m10.0s

running (01m26.0s), 184/184 VUs, 9945 complete and 0 interrupted iterations
default   [  13% ] 184/184 VUs  01m26.0s/11m10.0s

running (01m27.0s), 184/184 VUs, 10117 complete and 0 interrupted iterations
default   [  13% ] 184/184 VUs  01m27.0s/11m10.0s

running (01m28.0s), 184/184 VUs, 10300 complete and 0 interrupted iterations
default   [  13% ] 184/184 VUs  01m28.0s/11m10.0s

running (01m29.0s), 184/184 VUs, 10451 complete and 0 interrupted iterations
default   [  13% ] 184/184 VUs  01m29.0s/11m10.0s

running (01m30.0s), 184/184 VUs, 10627 complete and 0 interrupted iterations
default   [  13% ] 184/184 VUs  01m30.0s/11m10.0s

running (01m31.0s), 184/184 VUs, 10796 complete and 0 interrupted iterations
default   [  14% ] 184/184 VUs  01m31.0s/11m10.0s

running (01m32.0s), 184/184 VUs, 10979 complete and 0 interrupted iterations
default   [  14% ] 184/184 VUs  01m32.0s/11m10.0s

running (01m33.0s), 184/184 VUs, 11162 complete and 0 interrupted iterations
default   [  14% ] 184/184 VUs  01m33.0s/11m10.0s

running (01m34.0s), 184/184 VUs, 11344 complete and 0 interrupted iterations
default   [  14% ] 184/184 VUs  01m34.0s/11m10.0s

running (01m35.0s), 184/184 VUs, 11439 complete and 0 interrupted iterations
default   [  14% ] 184/184 VUs  01m35.0s/11m10.0s

running (01m36.0s), 184/184 VUs, 11623 complete and 0 interrupted iterations
default   [  14% ] 184/184 VUs  01m36.0s/11m10.0s

running (01m37.0s), 184/184 VUs, 11807 complete and 0 interrupted iterations
default   [  14% ] 184/184 VUs  01m37.0s/11m10.0s

running (01m38.0s), 184/184 VUs, 11991 complete and 0 interrupted iterations
default   [  15% ] 184/184 VUs  01m38.0s/11m10.0s

running (01m39.0s), 184/184 VUs, 12132 complete and 0 interrupted iterations
default   [  15% ] 184/184 VUs  01m39.0s/11m10.0s

running (01m40.0s), 184/184 VUs, 12307 complete and 0 interrupted iterations
default   [  15% ] 184/184 VUs  01m40.0s/11m10.0s

running (01m41.0s), 184/184 VUs, 12489 complete and 0 interrupted iterations
default   [  15% ] 184/184 VUs  01m41.0s/11m10.0s

running (01m42.0s), 184/184 VUs, 12659 complete and 0 interrupted iterations
default   [  15% ] 184/184 VUs  01m42.0s/11m10.0s

running (01m43.0s), 184/184 VUs, 12832 complete and 0 interrupted iterations
default   [  15% ] 184/184 VUs  01m43.0s/11m10.0s

running (01m44.0s), 184/184 VUs, 12980 complete and 0 interrupted iterations
default   [  16% ] 184/184 VUs  01m44.0s/11m10.0s

running (01m45.0s), 184/184 VUs, 13148 complete and 0 interrupted iterations
default   [  16% ] 184/184 VUs  01m45.0s/11m10.0s

running (01m46.0s), 184/184 VUs, 13323 complete and 0 interrupted iterations
default   [  16% ] 184/184 VUs  01m46.0s/11m10.0s

running (01m47.0s), 184/184 VUs, 13485 complete and 0 interrupted iterations
default   [  16% ] 184/184 VUs  01m47.0s/11m10.0s

running (01m48.0s), 184/184 VUs, 13669 complete and 0 interrupted iterations
default   [  16% ] 184/184 VUs  01m48.0s/11m10.0s

running (01m49.0s), 184/184 VUs, 13853 complete and 0 interrupted iterations
default   [  16% ] 184/184 VUs  01m49.0s/11m10.0s

running (01m50.0s), 184/184 VUs, 14032 complete and 0 interrupted iterations
default   [  16% ] 184/184 VUs  01m50.0s/11m10.0s

running (01m51.0s), 184/184 VUs, 14212 complete and 0 interrupted iterations
default   [  17% ] 184/184 VUs  01m51.0s/11m10.0s

running (01m52.0s), 184/184 VUs, 14396 complete and 0 interrupted iterations
default   [  17% ] 184/184 VUs  01m52.0s/11m10.0s

running (01m53.0s), 184/184 VUs, 14580 complete and 0 interrupted iterations
default   [  17% ] 184/184 VUs  01m53.0s/11m10.0s

running (01m54.0s), 184/184 VUs, 14764 complete and 0 interrupted iterations
default   [  17% ] 184/184 VUs  01m54.0s/11m10.0s

running (01m55.0s), 184/184 VUs, 14900 complete and 0 interrupted iterations
default   [  17% ] 184/184 VUs  01m55.0s/11m10.0s

running (01m56.0s), 184/184 VUs, 15084 complete and 0 interrupted iterations
default   [  17% ] 184/184 VUs  01m56.0s/11m10.0s

running (01m57.0s), 184/184 VUs, 15267 complete and 0 interrupted iterations
default   [  17% ] 184/184 VUs  01m57.0s/11m10.0s

running (01m58.0s), 184/184 VUs, 15449 complete and 0 interrupted iterations
default   [  18% ] 184/184 VUs  01m58.0s/11m10.0s

running (01m59.0s), 184/184 VUs, 15629 complete and 0 interrupted iterations
default   [  18% ] 184/184 VUs  01m59.0s/11m10.0s

running (02m00.0s), 184/184 VUs, 15809 complete and 0 interrupted iterations
default   [  18% ] 184/184 VUs  02m00.0s/11m10.0s

running (02m01.0s), 184/184 VUs, 15951 complete and 0 interrupted iterations
default   [  18% ] 184/184 VUs  02m01.0s/11m10.0s

running (02m02.0s), 184/184 VUs, 16102 complete and 0 interrupted iterations
default   [  18% ] 184/184 VUs  02m02.0s/11m10.0s

running (02m03.0s), 184/184 VUs, 16282 complete and 0 interrupted iterations
default   [  18% ] 184/184 VUs  02m03.0s/11m10.0s

running (02m04.0s), 184/184 VUs, 16462 complete and 0 interrupted iterations
default   [  19% ] 184/184 VUs  02m04.0s/11m10.0s

running (02m05.0s), 184/184 VUs, 16646 complete and 0 interrupted iterations
default   [  19% ] 184/184 VUs  02m05.0s/11m10.0s

running (02m06.0s), 184/184 VUs, 16829 complete and 0 interrupted iterations
default   [  19% ] 184/184 VUs  02m06.0s/11m10.0s

running (02m07.0s), 184/184 VUs, 17010 complete and 0 interrupted iterations
default   [  19% ] 184/184 VUs  02m07.0s/11m10.0s

running (02m08.0s), 184/184 VUs, 17192 complete and 0 interrupted iterations
default   [  19% ] 184/184 VUs  02m08.0s/11m10.0s

running (02m09.0s), 184/184 VUs, 17364 complete and 0 interrupted iterations
default   [  19% ] 184/184 VUs  02m09.0s/11m10.0s

running (02m10.0s), 184/184 VUs, 17548 complete and 0 interrupted iterations
default   [  19% ] 184/184 VUs  02m10.0s/11m10.0s

running (02m11.0s), 184/184 VUs, 17732 complete and 0 interrupted iterations
default   [  20% ] 184/184 VUs  02m11.0s/11m10.0s

running (02m12.0s), 184/184 VUs, 17885 complete and 0 interrupted iterations
default   [  20% ] 184/184 VUs  02m12.0s/11m10.0s

running (02m13.0s), 184/184 VUs, 18064 complete and 0 interrupted iterations
default   [  20% ] 184/184 VUs  02m13.0s/11m10.0s

running (02m14.0s), 184/184 VUs, 18241 complete and 0 interrupted iterations
default   [  20% ] 184/184 VUs  02m14.0s/11m10.0s

running (02m15.0s), 184/184 VUs, 18409 complete and 0 interrupted iterations
default   [  20% ] 184/184 VUs  02m15.0s/11m10.0s

running (02m16.0s), 184/184 VUs, 18566 complete and 0 interrupted iterations
default   [  20% ] 184/184 VUs  02m16.0s/11m10.0s

running (02m17.0s), 184/184 VUs, 18692 complete and 0 interrupted iterations
default   [  20% ] 184/184 VUs  02m17.0s/11m10.0s

running (02m18.0s), 184/184 VUs, 18876 complete and 0 interrupted iterations
default   [  21% ] 184/184 VUs  02m18.0s/11m10.0s

running (02m19.0s), 184/184 VUs, 19060 complete and 0 interrupted iterations
default   [  21% ] 184/184 VUs  02m19.0s/11m10.0s

running (02m20.0s), 184/184 VUs, 19244 complete and 0 interrupted iterations
default   [  21% ] 184/184 VUs  02m20.0s/11m10.0s

running (02m21.0s), 184/184 VUs, 19428 complete and 0 interrupted iterations
default   [  21% ] 184/184 VUs  02m21.0s/11m10.0s

running (02m22.0s), 184/184 VUs, 19612 complete and 0 interrupted iterations
default   [  21% ] 184/184 VUs  02m22.0s/11m10.0s

running (02m23.0s), 184/184 VUs, 19796 complete and 0 interrupted iterations
default   [  21% ] 184/184 VUs  02m23.0s/11m10.0s

running (02m24.0s), 184/184 VUs, 19931 complete and 0 interrupted iterations
default   [  21% ] 184/184 VUs  02m24.0s/11m10.0s

running (02m25.0s), 184/184 VUs, 20108 complete and 0 interrupted iterations
default   [  22% ] 184/184 VUs  02m25.0s/11m10.0s

running (02m26.0s), 184/184 VUs, 20254 complete and 0 interrupted iterations
default   [  22% ] 184/184 VUs  02m26.0s/11m10.0s

running (02m27.0s), 184/184 VUs, 20402 complete and 0 interrupted iterations
default   [  22% ] 184/184 VUs  02m27.0s/11m10.0s

running (02m28.0s), 184/184 VUs, 20577 complete and 0 interrupted iterations
default   [  22% ] 184/184 VUs  02m28.0s/11m10.0s

running (02m29.0s), 184/184 VUs, 20741 complete and 0 interrupted iterations
default   [  22% ] 184/184 VUs  02m29.0s/11m10.0s

running (02m30.0s), 184/184 VUs, 20917 complete and 0 interrupted iterations
default   [  22% ] 184/184 VUs  02m30.0s/11m10.0s

running (02m31.0s), 184/184 VUs, 21101 complete and 0 interrupted iterations
default   [  23% ] 184/184 VUs  02m31.0s/11m10.0s

running (02m32.0s), 184/184 VUs, 21285 complete and 0 interrupted iterations
default   [  23% ] 184/184 VUs  02m32.0s/11m10.0s

running (02m33.0s), 184/184 VUs, 21469 complete and 0 interrupted iterations
default   [  23% ] 184/184 VUs  02m33.0s/11m10.0s

running (02m34.0s), 184/184 VUs, 21639 complete and 0 interrupted iterations
default   [  23% ] 184/184 VUs  02m34.0s/11m10.0s

running (02m35.0s), 184/184 VUs, 21811 complete and 0 interrupted iterations
default   [  23% ] 184/184 VUs  02m35.0s/11m10.0s

running (02m36.0s), 184/184 VUs, 21984 complete and 0 interrupted iterations
default   [  23% ] 184/184 VUs  02m36.0s/11m10.0s

running (02m37.0s), 184/184 VUs, 22163 complete and 0 interrupted iterations
default   [  23% ] 184/184 VUs  02m37.0s/11m10.0s

running (02m38.0s), 184/184 VUs, 22339 complete and 0 interrupted iterations
default   [  24% ] 184/184 VUs  02m38.0s/11m10.0s

running (02m39.0s), 184/184 VUs, 22415 complete and 0 interrupted iterations
default   [  24% ] 184/184 VUs  02m39.0s/11m10.0s

running (02m40.0s), 184/184 VUs, 22599 complete and 0 interrupted iterations
default   [  24% ] 184/184 VUs  02m40.0s/11m10.0s

running (02m41.0s), 184/184 VUs, 22783 complete and 0 interrupted iterations
default   [  24% ] 184/184 VUs  02m41.0s/11m10.0s

running (02m42.0s), 184/184 VUs, 22967 complete and 0 interrupted iterations
default   [  24% ] 184/184 VUs  02m42.0s/11m10.0s

running (02m43.0s), 184/184 VUs, 23151 complete and 0 interrupted iterations
default   [  24% ] 184/184 VUs  02m43.0s/11m10.0s

running (02m44.0s), 184/184 VUs, 23335 complete and 0 interrupted iterations
default   [  24% ] 184/184 VUs  02m44.0s/11m10.0s

running (02m45.0s), 184/184 VUs, 23519 complete and 0 interrupted iterations
default   [  25% ] 184/184 VUs  02m45.0s/11m10.0s

running (02m46.0s), 184/184 VUs, 23643 complete and 0 interrupted iterations
default   [  25% ] 184/184 VUs  02m46.0s/11m10.0s

running (02m47.0s), 184/184 VUs, 23820 complete and 0 interrupted iterations
default   [  25% ] 184/184 VUs  02m47.0s/11m10.0s

running (02m48.0s), 184/184 VUs, 23899 complete and 0 interrupted iterations
default   [  25% ] 184/184 VUs  02m48.0s/11m10.0s

running (02m49.0s), 184/184 VUs, 24083 complete and 0 interrupted iterations
default   [  25% ] 184/184 VUs  02m49.0s/11m10.0s

running (02m50.0s), 184/184 VUs, 24267 complete and 0 interrupted iterations
default   [  25% ] 184/184 VUs  02m50.0s/11m10.0s

running (02m51.0s), 184/184 VUs, 24451 complete and 0 interrupted iterations
default   [  26% ] 184/184 VUs  02m51.0s/11m10.0s

running (02m52.0s), 184/184 VUs, 24635 complete and 0 interrupted iterations
default   [  26% ] 184/184 VUs  02m52.0s/11m10.0s

running (02m53.0s), 184/184 VUs, 24819 complete and 0 interrupted iterations
default   [  26% ] 184/184 VUs  02m53.0s/11m10.0s

running (02m54.0s), 184/184 VUs, 25003 complete and 0 interrupted iterations
default   [  26% ] 184/184 VUs  02m54.0s/11m10.0s

running (02m55.0s), 184/184 VUs, 25187 complete and 0 interrupted iterations
default   [  26% ] 184/184 VUs  02m55.0s/11m10.0s

running (02m56.0s), 184/184 VUs, 25371 complete and 0 interrupted iterations
default   [  26% ] 184/184 VUs  02m56.0s/11m10.0s

running (02m57.0s), 184/184 VUs, 25541 complete and 0 interrupted iterations
default   [  26% ] 184/184 VUs  02m57.0s/11m10.0s

running (02m58.0s), 184/184 VUs, 25652 complete and 0 interrupted iterations
default   [  27% ] 184/184 VUs  02m58.0s/11m10.0s

running (02m59.0s), 184/184 VUs, 25788 complete and 0 interrupted iterations
default   [  27% ] 184/184 VUs  02m59.0s/11m10.0s

running (03m00.0s), 184/184 VUs, 25963 complete and 0 interrupted iterations
default   [  27% ] 184/184 VUs  03m00.0s/11m10.0s

running (03m01.0s), 184/184 VUs, 26134 complete and 0 interrupted iterations
default   [  27% ] 184/184 VUs  03m01.0s/11m10.0s

running (03m02.0s), 184/184 VUs, 26318 complete and 0 interrupted iterations
default   [  27% ] 184/184 VUs  03m02.0s/11m10.0s

running (03m03.0s), 184/184 VUs, 26502 complete and 0 interrupted iterations
default   [  27% ] 184/184 VUs  03m03.0s/11m10.0s

running (03m04.0s), 184/184 VUs, 26684 complete and 0 interrupted iterations
default   [  27% ] 184/184 VUs  03m04.0s/11m10.0s

running (03m05.0s), 184/184 VUs, 26863 complete and 0 interrupted iterations
default   [  28% ] 184/184 VUs  03m05.0s/11m10.0s

running (03m06.0s), 184/184 VUs, 26997 complete and 0 interrupted iterations
default   [  28% ] 184/184 VUs  03m06.0s/11m10.0s

running (03m07.0s), 184/184 VUs, 27176 complete and 0 interrupted iterations
default   [  28% ] 184/184 VUs  03m07.0s/11m10.0s

running (03m08.0s), 184/184 VUs, 27360 complete and 0 interrupted iterations
default   [  28% ] 184/184 VUs  03m08.0s/11m10.0s

running (03m09.0s), 184/184 VUs, 27526 complete and 0 interrupted iterations
default   [  28% ] 184/184 VUs  03m09.0s/11m10.0s

running (03m10.0s), 184/184 VUs, 27702 complete and 0 interrupted iterations
default   [  28% ] 184/184 VUs  03m10.0s/11m10.0s

running (03m11.0s), 184/184 VUs, 27878 complete and 0 interrupted iterations
default   [  29% ] 184/184 VUs  03m11.0s/11m10.0s

running (03m12.0s), 184/184 VUs, 28053 complete and 0 interrupted iterations
default   [  29% ] 184/184 VUs  03m12.0s/11m10.0s

running (03m13.0s), 184/184 VUs, 28236 complete and 0 interrupted iterations
default   [  29% ] 184/184 VUs  03m13.0s/11m10.0s

running (03m14.0s), 184/184 VUs, 28375 complete and 0 interrupted iterations
default   [  29% ] 184/184 VUs  03m14.0s/11m10.0s

running (03m15.0s), 184/184 VUs, 28559 complete and 0 interrupted iterations
default   [  29% ] 184/184 VUs  03m15.0s/11m10.0s

running (03m16.0s), 184/184 VUs, 28743 complete and 0 interrupted iterations
default   [  29% ] 184/184 VUs  03m16.0s/11m10.0s

running (03m17.0s), 184/184 VUs, 28927 complete and 0 interrupted iterations
default   [  29% ] 184/184 VUs  03m17.0s/11m10.0s

running (03m18.0s), 184/184 VUs, 29097 complete and 0 interrupted iterations
default   [  30% ] 184/184 VUs  03m18.0s/11m10.0s

running (03m19.0s), 184/184 VUs, 29275 complete and 0 interrupted iterations
default   [  30% ] 184/184 VUs  03m19.0s/11m10.0s

running (03m20.0s), 184/184 VUs, 29454 complete and 0 interrupted iterations
default   [  30% ] 184/184 VUs  03m20.0s/11m10.0s

running (03m21.0s), 184/184 VUs, 29628 complete and 0 interrupted iterations
default   [  30% ] 184/184 VUs  03m21.0s/11m10.0s

running (03m22.0s), 184/184 VUs, 29799 complete and 0 interrupted iterations
default   [  30% ] 184/184 VUs  03m22.0s/11m10.0s

running (03m23.0s), 184/184 VUs, 29855 complete and 0 interrupted iterations
default   [  30% ] 184/184 VUs  03m23.0s/11m10.0s

running (03m24.0s), 184/184 VUs, 30039 complete and 0 interrupted iterations
default   [  30% ] 184/184 VUs  03m24.0s/11m10.0s

running (03m25.0s), 184/184 VUs, 30223 complete and 0 interrupted iterations
default   [  31% ] 184/184 VUs  03m25.0s/11m10.0s

running (03m26.0s), 184/184 VUs, 30407 complete and 0 interrupted iterations
default   [  31% ] 184/184 VUs  03m26.0s/11m10.0s

running (03m27.0s), 184/184 VUs, 30591 complete and 0 interrupted iterations
default   [  31% ] 184/184 VUs  03m27.0s/11m10.0s

running (03m28.0s), 184/184 VUs, 30775 complete and 0 interrupted iterations
default   [  31% ] 184/184 VUs  03m28.0s/11m10.0s

running (03m29.0s), 184/184 VUs, 30959 complete and 0 interrupted iterations
default   [  31% ] 184/184 VUs  03m29.0s/11m10.0s

running (03m30.0s), 184/184 VUs, 31143 complete and 0 interrupted iterations
default   [  31% ] 184/184 VUs  03m30.0s/11m10.0s

running (03m31.0s), 184/184 VUs, 31327 complete and 0 interrupted iterations
default   [  31% ] 184/184 VUs  03m31.0s/11m10.0s

running (03m32.0s), 184/184 VUs, 31511 complete and 0 interrupted iterations
default   [  32% ] 184/184 VUs  03m32.0s/11m10.0s

running (03m33.0s), 184/184 VUs, 31667 complete and 0 interrupted iterations
default   [  32% ] 184/184 VUs  03m33.0s/11m10.0s

running (03m34.0s), 184/184 VUs, 31807 complete and 0 interrupted iterations
default   [  32% ] 184/184 VUs  03m34.0s/11m10.0s

running (03m35.0s), 184/184 VUs, 31985 complete and 0 interrupted iterations
default   [  32% ] 184/184 VUs  03m35.0s/11m10.0s

running (03m36.0s), 184/184 VUs, 32083 complete and 0 interrupted iterations
default   [  32% ] 184/184 VUs  03m36.0s/11m10.0s

running (03m37.0s), 184/184 VUs, 32267 complete and 0 interrupted iterations
default   [  32% ] 184/184 VUs  03m37.0s/11m10.0s

running (03m38.0s), 184/184 VUs, 32451 complete and 0 interrupted iterations
default   [  33% ] 184/184 VUs  03m38.0s/11m10.0s

running (03m39.0s), 184/184 VUs, 32635 complete and 0 interrupted iterations
default   [  33% ] 184/184 VUs  03m39.0s/11m10.0s

running (03m40.0s), 184/184 VUs, 32819 complete and 0 interrupted iterations
default   [  33% ] 184/184 VUs  03m40.0s/11m10.0s

running (03m41.0s), 184/184 VUs, 33003 complete and 0 interrupted iterations
default   [  33% ] 184/184 VUs  03m41.0s/11m10.0s

running (03m42.0s), 184/184 VUs, 33187 complete and 0 interrupted iterations
default   [  33% ] 184/184 VUs  03m42.0s/11m10.0s

running (03m43.0s), 184/184 VUs, 33371 complete and 0 interrupted iterations
default   [  33% ] 184/184 VUs  03m43.0s/11m10.0s

running (03m44.0s), 184/184 VUs, 33555 complete and 0 interrupted iterations
default   [  33% ] 184/184 VUs  03m44.0s/11m10.0s

running (03m45.0s), 184/184 VUs, 33721 complete and 0 interrupted iterations
default   [  34% ] 184/184 VUs  03m45.0s/11m10.0s

running (03m46.0s), 184/184 VUs, 33893 complete and 0 interrupted iterations
default   [  34% ] 184/184 VUs  03m46.0s/11m10.0s

running (03m47.0s), 184/184 VUs, 34070 complete and 0 interrupted iterations
default   [  34% ] 184/184 VUs  03m47.0s/11m10.0s

running (03m48.0s), 184/184 VUs, 34247 complete and 0 interrupted iterations
default   [  34% ] 184/184 VUs  03m48.0s/11m10.0s

running (03m49.0s), 184/184 VUs, 34417 complete and 0 interrupted iterations
default   [  34% ] 184/184 VUs  03m49.0s/11m10.0s

running (03m50.0s), 184/184 VUs, 34547 complete and 0 interrupted iterations
default   [  34% ] 184/184 VUs  03m50.0s/11m10.0s

running (03m51.0s), 184/184 VUs, 34702 complete and 0 interrupted iterations
default   [  34% ] 184/184 VUs  03m51.0s/11m10.0s

running (03m52.0s), 184/184 VUs, 34885 complete and 0 interrupted iterations
default   [  35% ] 184/184 VUs  03m52.0s/11m10.0s

running (03m53.0s), 184/184 VUs, 35069 complete and 0 interrupted iterations
default   [  35% ] 184/184 VUs  03m53.0s/11m10.0s

running (03m54.0s), 184/184 VUs, 35246 complete and 0 interrupted iterations
default   [  35% ] 184/184 VUs  03m54.0s/11m10.0s

running (03m55.0s), 184/184 VUs, 35422 complete and 0 interrupted iterations
default   [  35% ] 184/184 VUs  03m55.0s/11m10.0s

running (03m56.0s), 184/184 VUs, 35606 complete and 0 interrupted iterations
default   [  35% ] 184/184 VUs  03m56.0s/11m10.0s

running (03m57.0s), 184/184 VUs, 35788 complete and 0 interrupted iterations
default   [  35% ] 184/184 VUs  03m57.0s/11m10.0s

running (03m58.0s), 184/184 VUs, 35972 complete and 0 interrupted iterations
default   [  36% ] 184/184 VUs  03m58.0s/11m10.0s

running (03m59.0s), 184/184 VUs, 36156 complete and 0 interrupted iterations
default   [  36% ] 184/184 VUs  03m59.0s/11m10.0s

running (04m00.0s), 184/184 VUs, 36289 complete and 0 interrupted iterations
default   [  36% ] 184/184 VUs  04m00.0s/11m10.0s

running (04m01.0s), 184/184 VUs, 36450 complete and 0 interrupted iterations
default   [  36% ] 184/184 VUs  04m01.0s/11m10.0s

running (04m02.0s), 184/184 VUs, 36633 complete and 0 interrupted iterations
default   [  36% ] 184/184 VUs  04m02.0s/11m10.0s

running (04m03.0s), 184/184 VUs, 36793 complete and 0 interrupted iterations
default   [  36% ] 184/184 VUs  04m03.0s/11m10.0s

running (04m04.0s), 184/184 VUs, 36962 complete and 0 interrupted iterations
default   [  36% ] 184/184 VUs  04m04.0s/11m10.0s

running (04m05.0s), 184/184 VUs, 37138 complete and 0 interrupted iterations
default   [  37% ] 184/184 VUs  04m05.0s/11m10.0s

running (04m06.0s), 184/184 VUs, 37296 complete and 0 interrupted iterations
default   [  37% ] 184/184 VUs  04m06.0s/11m10.0s

running (04m07.0s), 184/184 VUs, 37478 complete and 0 interrupted iterations
default   [  37% ] 184/184 VUs  04m07.0s/11m10.0s

running (04m08.0s), 184/184 VUs, 37662 complete and 0 interrupted iterations
default   [  37% ] 184/184 VUs  04m08.0s/11m10.0s

running (04m09.0s), 184/184 VUs, 37833 complete and 0 interrupted iterations
default   [  37% ] 184/184 VUs  04m09.0s/11m10.0s

running (04m10.0s), 184/184 VUs, 38017 complete and 0 interrupted iterations
default   [  37% ] 184/184 VUs  04m10.0s/11m10.0s

running (04m11.0s), 184/184 VUs, 38201 complete and 0 interrupted iterations
default   [  37% ] 184/184 VUs  04m11.0s/11m10.0s

running (04m12.0s), 184/184 VUs, 38385 complete and 0 interrupted iterations
default   [  38% ] 184/184 VUs  04m12.0s/11m10.0s

running (04m13.0s), 184/184 VUs, 38569 complete and 0 interrupted iterations
default   [  38% ] 184/184 VUs  04m13.0s/11m10.0s

running (04m14.0s), 184/184 VUs, 38718 complete and 0 interrupted iterations
default   [  38% ] 184/184 VUs  04m14.0s/11m10.0s

running (04m15.0s), 184/184 VUs, 38889 complete and 0 interrupted iterations
default   [  38% ] 184/184 VUs  04m15.0s/11m10.0s

running (04m16.0s), 184/184 VUs, 39065 complete and 0 interrupted iterations
default   [  38% ] 184/184 VUs  04m16.0s/11m10.0s

running (04m17.0s), 184/184 VUs, 39228 complete and 0 interrupted iterations
default   [  38% ] 184/184 VUs  04m17.0s/11m10.0s

running (04m18.0s), 184/184 VUs, 39408 complete and 0 interrupted iterations
default   [  39% ] 184/184 VUs  04m18.0s/11m10.0s

running (04m19.0s), 184/184 VUs, 39529 complete and 0 interrupted iterations
default   [  39% ] 184/184 VUs  04m19.0s/11m10.0s

running (04m20.0s), 184/184 VUs, 39713 complete and 0 interrupted iterations
default   [  39% ] 184/184 VUs  04m20.0s/11m10.0s

running (04m21.0s), 184/184 VUs, 39897 complete and 0 interrupted iterations
default   [  39% ] 184/184 VUs  04m21.0s/11m10.0s

running (04m22.0s), 184/184 VUs, 40081 complete and 0 interrupted iterations
default   [  39% ] 184/184 VUs  04m22.0s/11m10.0s

running (04m23.0s), 184/184 VUs, 40265 complete and 0 interrupted iterations
default   [  39% ] 184/184 VUs  04m23.0s/11m10.0s

running (04m24.0s), 184/184 VUs, 40449 complete and 0 interrupted iterations
default   [  39% ] 184/184 VUs  04m24.0s/11m10.0s

running (04m25.0s), 184/184 VUs, 40567 complete and 0 interrupted iterations
default   [  40% ] 184/184 VUs  04m25.0s/11m10.0s

running (04m26.0s), 184/184 VUs, 40730 complete and 0 interrupted iterations
default   [  40% ] 184/184 VUs  04m26.0s/11m10.0s

running (04m27.0s), 184/184 VUs, 40902 complete and 0 interrupted iterations
default   [  40% ] 184/184 VUs  04m27.0s/11m10.0s

running (04m28.0s), 184/184 VUs, 41076 complete and 0 interrupted iterations
default   [  40% ] 184/184 VUs  04m28.0s/11m10.0s

running (04m29.0s), 184/184 VUs, 41257 complete and 0 interrupted iterations
default   [  40% ] 184/184 VUs  04m29.0s/11m10.0s

running (04m30.0s), 184/184 VUs, 41441 complete and 0 interrupted iterations
default   [  40% ] 184/184 VUs  04m30.0s/11m10.0s

running (04m31.0s), 184/184 VUs, 41619 complete and 0 interrupted iterations
default   [  40% ] 184/184 VUs  04m31.0s/11m10.0s

running (04m32.0s), 184/184 VUs, 41755 complete and 0 interrupted iterations
default   [  41% ] 184/184 VUs  04m32.0s/11m10.0s

running (04m33.0s), 184/184 VUs, 41939 complete and 0 interrupted iterations
default   [  41% ] 184/184 VUs  04m33.0s/11m10.0s

running (04m34.0s), 184/184 VUs, 42123 complete and 0 interrupted iterations
default   [  41% ] 184/184 VUs  04m34.0s/11m10.0s

running (04m35.0s), 184/184 VUs, 42251 complete and 0 interrupted iterations
default   [  41% ] 184/184 VUs  04m35.0s/11m10.0s

running (04m36.0s), 184/184 VUs, 42416 complete and 0 interrupted iterations
default   [  41% ] 184/184 VUs  04m36.0s/11m10.0s

running (04m37.0s), 184/184 VUs, 42589 complete and 0 interrupted iterations
default   [  41% ] 184/184 VUs  04m37.0s/11m10.0s

running (04m38.0s), 184/184 VUs, 42771 complete and 0 interrupted iterations
default   [  41% ] 184/184 VUs  04m38.0s/11m10.0s

running (04m39.0s), 184/184 VUs, 42942 complete and 0 interrupted iterations
default   [  42% ] 184/184 VUs  04m39.0s/11m10.0s

running (04m40.0s), 184/184 VUs, 43119 complete and 0 interrupted iterations
default   [  42% ] 184/184 VUs  04m40.0s/11m10.0s

running (04m41.0s), 184/184 VUs, 43251 complete and 0 interrupted iterations
default   [  42% ] 184/184 VUs  04m41.0s/11m10.0s

running (04m42.0s), 184/184 VUs, 43435 complete and 0 interrupted iterations
default   [  42% ] 184/184 VUs  04m42.0s/11m10.0s

running (04m43.0s), 184/184 VUs, 43619 complete and 0 interrupted iterations
default   [  42% ] 184/184 VUs  04m43.0s/11m10.0s

running (04m44.0s), 184/184 VUs, 43803 complete and 0 interrupted iterations
default   [  42% ] 184/184 VUs  04m44.0s/11m10.0s

running (04m45.0s), 184/184 VUs, 43987 complete and 0 interrupted iterations
default   [  43% ] 184/184 VUs  04m45.0s/11m10.0s

running (04m46.0s), 184/184 VUs, 44170 complete and 0 interrupted iterations
default   [  43% ] 184/184 VUs  04m46.0s/11m10.0s

running (04m47.0s), 184/184 VUs, 44333 complete and 0 interrupted iterations
default   [  43% ] 184/184 VUs  04m47.0s/11m10.0s

running (04m48.0s), 184/184 VUs, 44511 complete and 0 interrupted iterations
default   [  43% ] 184/184 VUs  04m48.0s/11m10.0s

running (04m49.0s), 184/184 VUs, 44680 complete and 0 interrupted iterations
default   [  43% ] 184/184 VUs  04m49.0s/11m10.0s

running (04m50.0s), 184/184 VUs, 44826 complete and 0 interrupted iterations
default   [  43% ] 184/184 VUs  04m50.0s/11m10.0s

running (04m51.0s), 184/184 VUs, 44967 complete and 0 interrupted iterations
default   [  43% ] 184/184 VUs  04m51.0s/11m10.0s

running (04m52.0s), 184/184 VUs, 45140 complete and 0 interrupted iterations
default   [  44% ] 184/184 VUs  04m52.0s/11m10.0s

running (04m53.0s), 184/184 VUs, 45318 complete and 0 interrupted iterations
default   [  44% ] 184/184 VUs  04m53.0s/11m10.0s

running (04m54.0s), 184/184 VUs, 45473 complete and 0 interrupted iterations
default   [  44% ] 184/184 VUs  04m54.0s/11m10.0s

running (04m55.0s), 184/184 VUs, 45657 complete and 0 interrupted iterations
default   [  44% ] 184/184 VUs  04m55.0s/11m10.0s

running (04m56.0s), 184/184 VUs, 45841 complete and 0 interrupted iterations
default   [  44% ] 184/184 VUs  04m56.0s/11m10.0s

running (04m57.0s), 184/184 VUs, 46025 complete and 0 interrupted iterations
default   [  44% ] 184/184 VUs  04m57.0s/11m10.0s

running (04m58.0s), 184/184 VUs, 46209 complete and 0 interrupted iterations
default   [  44% ] 184/184 VUs  04m58.0s/11m10.0s

running (04m59.0s), 184/184 VUs, 46393 complete and 0 interrupted iterations
default   [  45% ] 184/184 VUs  04m59.0s/11m10.0s

running (05m00.0s), 184/184 VUs, 46577 complete and 0 interrupted iterations
default   [  45% ] 184/184 VUs  05m00.0s/11m10.0s

running (05m01.0s), 184/184 VUs, 46761 complete and 0 interrupted iterations
default   [  45% ] 184/184 VUs  05m01.0s/11m10.0s

running (05m02.0s), 184/184 VUs, 46945 complete and 0 interrupted iterations
default   [  45% ] 184/184 VUs  05m02.0s/11m10.0s

running (05m03.0s), 184/184 VUs, 47025 complete and 0 interrupted iterations
default   [  45% ] 184/184 VUs  05m03.0s/11m10.0s

running (05m04.0s), 184/184 VUs, 47182 complete and 0 interrupted iterations
default   [  45% ] 184/184 VUs  05m04.0s/11m10.0s

running (05m05.0s), 184/184 VUs, 47337 complete and 0 interrupted iterations
default   [  46% ] 184/184 VUs  05m05.0s/11m10.0s

running (05m06.0s), 184/184 VUs, 47509 complete and 0 interrupted iterations
default   [  46% ] 184/184 VUs  05m06.0s/11m10.0s

running (05m07.0s), 184/184 VUs, 47690 complete and 0 interrupted iterations
default   [  46% ] 184/184 VUs  05m07.0s/11m10.0s

running (05m08.0s), 184/184 VUs, 47865 complete and 0 interrupted iterations
default   [  46% ] 184/184 VUs  05m08.0s/11m10.0s

running (05m09.0s), 184/184 VUs, 48046 complete and 0 interrupted iterations
default   [  46% ] 184/184 VUs  05m09.0s/11m10.0s

running (05m10.0s), 184/184 VUs, 48228 complete and 0 interrupted iterations
default   [  46% ] 184/184 VUs  05m10.0s/11m10.0s

running (05m11.0s), 184/184 VUs, 48412 complete and 0 interrupted iterations
default   [  46% ] 184/184 VUs  05m11.0s/11m10.0s

running (05m12.0s), 184/184 VUs, 48596 complete and 0 interrupted iterations
default   [  47% ] 184/184 VUs  05m12.0s/11m10.0s

running (05m13.0s), 184/184 VUs, 48780 complete and 0 interrupted iterations
default   [  47% ] 184/184 VUs  05m13.0s/11m10.0s

running (05m14.0s), 184/184 VUs, 48964 complete and 0 interrupted iterations
default   [  47% ] 184/184 VUs  05m14.0s/11m10.0s

running (05m15.0s), 184/184 VUs, 49120 complete and 0 interrupted iterations
default   [  47% ] 184/184 VUs  05m15.0s/11m10.0s

running (05m16.0s), 184/184 VUs, 49218 complete and 0 interrupted iterations
default   [  47% ] 184/184 VUs  05m16.0s/11m10.0s

running (05m17.0s), 184/184 VUs, 49383 complete and 0 interrupted iterations
default   [  47% ] 184/184 VUs  05m17.0s/11m10.0s

running (05m18.0s), 184/184 VUs, 49565 complete and 0 interrupted iterations
default   [  47% ] 184/184 VUs  05m18.0s/11m10.0s

running (05m19.0s), 184/184 VUs, 49749 complete and 0 interrupted iterations
default   [  48% ] 184/184 VUs  05m19.0s/11m10.0s

running (05m20.0s), 184/184 VUs, 49933 complete and 0 interrupted iterations
default   [  48% ] 184/184 VUs  05m20.0s/11m10.0s

running (05m21.0s), 184/184 VUs, 50117 complete and 0 interrupted iterations
default   [  48% ] 184/184 VUs  05m21.0s/11m10.0s

running (05m22.0s), 184/184 VUs, 50301 complete and 0 interrupted iterations
default   [  48% ] 184/184 VUs  05m22.0s/11m10.0s

running (05m23.0s), 184/184 VUs, 50485 complete and 0 interrupted iterations
default   [  48% ] 184/184 VUs  05m23.0s/11m10.0s

running (05m24.0s), 184/184 VUs, 50669 complete and 0 interrupted iterations
default   [  48% ] 184/184 VUs  05m24.0s/11m10.0s

running (05m25.0s), 184/184 VUs, 50745 complete and 0 interrupted iterations
default   [  49% ] 184/184 VUs  05m25.0s/11m10.0s

running (05m26.0s), 184/184 VUs, 50920 complete and 0 interrupted iterations
default   [  49% ] 184/184 VUs  05m26.0s/11m10.0s

running (05m27.0s), 184/184 VUs, 51103 complete and 0 interrupted iterations
default   [  49% ] 184/184 VUs  05m27.0s/11m10.0s

running (05m28.0s), 184/184 VUs, 51275 complete and 0 interrupted iterations
default   [  49% ] 184/184 VUs  05m28.0s/11m10.0s

running (05m29.0s), 184/184 VUs, 51429 complete and 0 interrupted iterations
default   [  49% ] 184/184 VUs  05m29.0s/11m10.0s

running (05m30.0s), 184/184 VUs, 51613 complete and 0 interrupted iterations
default   [  49% ] 184/184 VUs  05m30.0s/11m10.0s

running (05m31.0s), 184/184 VUs, 51797 complete and 0 interrupted iterations
default   [  49% ] 184/184 VUs  05m31.0s/11m10.0s

running (05m32.0s), 184/184 VUs, 51981 complete and 0 interrupted iterations
default   [  50% ] 184/184 VUs  05m32.0s/11m10.0s

running (05m33.0s), 184/184 VUs, 52160 complete and 0 interrupted iterations
default   [  50% ] 184/184 VUs  05m33.0s/11m10.0s

running (05m34.0s), 184/184 VUs, 52344 complete and 0 interrupted iterations
default   [  50% ] 184/184 VUs  05m34.0s/11m10.0s

running (05m35.0s), 184/184 VUs, 52412 complete and 0 interrupted iterations
default   [  50% ] 184/184 VUs  05m35.0s/11m10.0s

running (05m36.0s), 184/184 VUs, 52590 complete and 0 interrupted iterations
default   [  50% ] 184/184 VUs  05m36.0s/11m10.0s

running (05m37.0s), 184/184 VUs, 52752 complete and 0 interrupted iterations
default   [  50% ] 184/184 VUs  05m37.0s/11m10.0s

running (05m38.0s), 184/184 VUs, 52930 complete and 0 interrupted iterations
default   [  50% ] 184/184 VUs  05m38.0s/11m10.0s

running (05m39.0s), 184/184 VUs, 53114 complete and 0 interrupted iterations
default   [  51% ] 184/184 VUs  05m39.0s/11m10.0s

running (05m40.0s), 184/184 VUs, 53298 complete and 0 interrupted iterations
default   [  51% ] 184/184 VUs  05m40.0s/11m10.0s

running (05m41.0s), 184/184 VUs, 53482 complete and 0 interrupted iterations
default   [  51% ] 184/184 VUs  05m41.0s/11m10.0s

running (05m42.0s), 184/184 VUs, 53658 complete and 0 interrupted iterations
default   [  51% ] 184/184 VUs  05m42.0s/11m10.0s

running (05m43.0s), 184/184 VUs, 53842 complete and 0 interrupted iterations
default   [  51% ] 184/184 VUs  05m43.0s/11m10.0s

running (05m44.0s), 184/184 VUs, 54026 complete and 0 interrupted iterations
default   [  51% ] 184/184 VUs  05m44.0s/11m10.0s

running (05m45.0s), 184/184 VUs, 54205 complete and 0 interrupted iterations
default   [  51% ] 184/184 VUs  05m45.0s/11m10.0s

running (05m46.0s), 184/184 VUs, 54384 complete and 0 interrupted iterations
default   [  52% ] 184/184 VUs  05m46.0s/11m10.0s

running (05m47.0s), 184/184 VUs, 54568 complete and 0 interrupted iterations
default   [  52% ] 184/184 VUs  05m47.0s/11m10.0s

running (05m48.0s), 184/184 VUs, 54752 complete and 0 interrupted iterations
default   [  52% ] 184/184 VUs  05m48.0s/11m10.0s

running (05m49.0s), 184/184 VUs, 54921 complete and 0 interrupted iterations
default   [  52% ] 184/184 VUs  05m49.0s/11m10.0s

running (05m50.0s), 184/184 VUs, 55065 complete and 0 interrupted iterations
default   [  52% ] 184/184 VUs  05m50.0s/11m10.0s

running (05m51.0s), 184/184 VUs, 55156 complete and 0 interrupted iterations
default   [  52% ] 184/184 VUs  05m51.0s/11m10.0s

running (05m52.0s), 184/184 VUs, 55340 complete and 0 interrupted iterations
default   [  53% ] 184/184 VUs  05m52.0s/11m10.0s

running (05m53.0s), 184/184 VUs, 55524 complete and 0 interrupted iterations
default   [  53% ] 184/184 VUs  05m53.0s/11m10.0s

running (05m54.0s), 184/184 VUs, 55708 complete and 0 interrupted iterations
default   [  53% ] 184/184 VUs  05m54.0s/11m10.0s

running (05m55.0s), 184/184 VUs, 55892 complete and 0 interrupted iterations
default   [  53% ] 184/184 VUs  05m55.0s/11m10.0s

running (05m56.0s), 184/184 VUs, 56076 complete and 0 interrupted iterations
default   [  53% ] 184/184 VUs  05m56.0s/11m10.0s

running (05m57.0s), 184/184 VUs, 56260 complete and 0 interrupted iterations
default   [  53% ] 184/184 VUs  05m57.0s/11m10.0s

running (05m58.0s), 184/184 VUs, 56444 complete and 0 interrupted iterations
default   [  53% ] 184/184 VUs  05m58.0s/11m10.0s

running (05m59.0s), 184/184 VUs, 56628 complete and 0 interrupted iterations
default   [  54% ] 184/184 VUs  05m59.0s/11m10.0s

running (06m00.0s), 184/184 VUs, 56806 complete and 0 interrupted iterations
default   [  54% ] 184/184 VUs  06m00.0s/11m10.0s

running (06m01.0s), 184/184 VUs, 56905 complete and 0 interrupted iterations
default   [  54% ] 184/184 VUs  06m01.0s/11m10.0s

running (06m02.0s), 184/184 VUs, 57073 complete and 0 interrupted iterations
default   [  54% ] 184/184 VUs  06m02.0s/11m10.0s

running (06m03.0s), 184/184 VUs, 57236 complete and 0 interrupted iterations
default   [  54% ] 184/184 VUs  06m03.0s/11m10.0s

running (06m04.0s), 184/184 VUs, 57382 complete and 0 interrupted iterations
default   [  54% ] 184/184 VUs  06m04.0s/11m10.0s

running (06m05.0s), 184/184 VUs, 57566 complete and 0 interrupted iterations
default   [  54% ] 184/184 VUs  06m05.0s/11m10.0s

running (06m06.0s), 184/184 VUs, 57750 complete and 0 interrupted iterations
default   [  55% ] 184/184 VUs  06m06.0s/11m10.0s

running (06m07.0s), 184/184 VUs, 57934 complete and 0 interrupted iterations
default   [  55% ] 184/184 VUs  06m07.0s/11m10.0s

running (06m08.0s), 184/184 VUs, 58118 complete and 0 interrupted iterations
default   [  55% ] 184/184 VUs  06m08.0s/11m10.0s

running (06m09.0s), 184/184 VUs, 58302 complete and 0 interrupted iterations
default   [  55% ] 184/184 VUs  06m09.0s/11m10.0s

running (06m10.0s), 184/184 VUs, 58486 complete and 0 interrupted iterations
default   [  55% ] 184/184 VUs  06m10.0s/11m10.0s

running (06m11.0s), 184/184 VUs, 58670 complete and 0 interrupted iterations
default   [  55% ] 184/184 VUs  06m11.0s/11m10.0s

running (06m12.0s), 184/184 VUs, 58848 complete and 0 interrupted iterations
default   [  56% ] 184/184 VUs  06m12.0s/11m10.0s

running (06m13.0s), 184/184 VUs, 58963 complete and 0 interrupted iterations
default   [  56% ] 184/184 VUs  06m13.0s/11m10.0s

running (06m14.0s), 184/184 VUs, 59084 complete and 0 interrupted iterations
default   [  56% ] 184/184 VUs  06m14.0s/11m10.0s

running (06m15.0s), 184/184 VUs, 59262 complete and 0 interrupted iterations
default   [  56% ] 184/184 VUs  06m15.0s/11m10.0s

running (06m16.0s), 184/184 VUs, 59439 complete and 0 interrupted iterations
default   [  56% ] 184/184 VUs  06m16.0s/11m10.0s

running (06m17.0s), 184/184 VUs, 59611 complete and 0 interrupted iterations
default   [  56% ] 184/184 VUs  06m17.0s/11m10.0s

running (06m18.0s), 184/184 VUs, 59795 complete and 0 interrupted iterations
default   [  56% ] 184/184 VUs  06m18.0s/11m10.0s

running (06m19.0s), 184/184 VUs, 59977 complete and 0 interrupted iterations
default   [  57% ] 184/184 VUs  06m19.0s/11m10.0s

running (06m20.0s), 184/184 VUs, 60161 complete and 0 interrupted iterations
default   [  57% ] 184/184 VUs  06m20.0s/11m10.0s

running (06m21.0s), 184/184 VUs, 60345 complete and 0 interrupted iterations
default   [  57% ] 184/184 VUs  06m21.0s/11m10.0s

running (06m22.0s), 184/184 VUs, 60513 complete and 0 interrupted iterations
default   [  57% ] 184/184 VUs  06m22.0s/11m10.0s

running (06m23.0s), 184/184 VUs, 60552 complete and 0 interrupted iterations
default   [  57% ] 184/184 VUs  06m23.0s/11m10.0s

running (06m24.0s), 184/184 VUs, 60716 complete and 0 interrupted iterations
default   [  57% ] 184/184 VUs  06m24.0s/11m10.0s

running (06m25.0s), 184/184 VUs, 60898 complete and 0 interrupted iterations
default   [  57% ] 184/184 VUs  06m25.0s/11m10.0s

running (06m26.0s), 184/184 VUs, 61082 complete and 0 interrupted iterations
default   [  58% ] 184/184 VUs  06m26.0s/11m10.0s

running (06m27.0s), 184/184 VUs, 61266 complete and 0 interrupted iterations
default   [  58% ] 184/184 VUs  06m27.0s/11m10.0s

running (06m28.0s), 184/184 VUs, 61450 complete and 0 interrupted iterations
default   [  58% ] 184/184 VUs  06m28.0s/11m10.0s

running (06m29.0s), 184/184 VUs, 61634 complete and 0 interrupted iterations
default   [  58% ] 184/184 VUs  06m29.0s/11m10.0s

running (06m30.0s), 184/184 VUs, 61818 complete and 0 interrupted iterations
default   [  58% ] 184/184 VUs  06m30.0s/11m10.0s

running (06m31.0s), 184/184 VUs, 62002 complete and 0 interrupted iterations
default   [  58% ] 184/184 VUs  06m31.0s/11m10.0s

running (06m32.0s), 184/184 VUs, 62177 complete and 0 interrupted iterations
default   [  59% ] 184/184 VUs  06m32.0s/11m10.0s

running (06m33.0s), 184/184 VUs, 62360 complete and 0 interrupted iterations
default   [  59% ] 184/184 VUs  06m33.0s/11m10.0s

running (06m34.0s), 184/184 VUs, 62544 complete and 0 interrupted iterations
default   [  59% ] 184/184 VUs  06m34.0s/11m10.0s

running (06m35.0s), 184/184 VUs, 62727 complete and 0 interrupted iterations
default   [  59% ] 184/184 VUs  06m35.0s/11m10.0s

running (06m36.0s), 184/184 VUs, 62892 complete and 0 interrupted iterations
default   [  59% ] 184/184 VUs  06m36.0s/11m10.0s

running (06m37.0s), 184/184 VUs, 63063 complete and 0 interrupted iterations
default   [  59% ] 184/184 VUs  06m37.0s/11m10.0s

running (06m38.0s), 184/184 VUs, 63243 complete and 0 interrupted iterations
default   [  59% ] 184/184 VUs  06m38.0s/11m10.0s

running (06m39.0s), 184/184 VUs, 63354 complete and 0 interrupted iterations
default   [  60% ] 184/184 VUs  06m39.0s/11m10.0s

running (06m40.0s), 184/184 VUs, 63538 complete and 0 interrupted iterations
default   [  60% ] 184/184 VUs  06m40.0s/11m10.0s

running (06m41.0s), 184/184 VUs, 63718 complete and 0 interrupted iterations
default   [  60% ] 184/184 VUs  06m41.0s/11m10.0s

running (06m42.0s), 184/184 VUs, 63891 complete and 0 interrupted iterations
default   [  60% ] 184/184 VUs  06m42.0s/11m10.0s

running (06m43.0s), 184/184 VUs, 64070 complete and 0 interrupted iterations
default   [  60% ] 184/184 VUs  06m43.0s/11m10.0s

running (06m44.0s), 184/184 VUs, 64254 complete and 0 interrupted iterations
default   [  60% ] 184/184 VUs  06m44.0s/11m10.0s

running (06m45.0s), 184/184 VUs, 64438 complete and 0 interrupted iterations
default   [  60% ] 184/184 VUs  06m45.0s/11m10.0s

running (06m46.0s), 184/184 VUs, 64567 complete and 0 interrupted iterations
default   [  61% ] 184/184 VUs  06m46.0s/11m10.0s

running (06m47.0s), 184/184 VUs, 64719 complete and 0 interrupted iterations
default   [  61% ] 184/184 VUs  06m47.0s/11m10.0s

running (06m48.0s), 184/184 VUs, 64898 complete and 0 interrupted iterations
default   [  61% ] 184/184 VUs  06m48.0s/11m10.0s

running (06m49.0s), 184/184 VUs, 65073 complete and 0 interrupted iterations
default   [  61% ] 184/184 VUs  06m49.0s/11m10.0s

running (06m50.0s), 184/184 VUs, 65251 complete and 0 interrupted iterations
default   [  61% ] 184/184 VUs  06m50.0s/11m10.0s

running (06m51.0s), 184/184 VUs, 65429 complete and 0 interrupted iterations
default   [  61% ] 184/184 VUs  06m51.0s/11m10.0s

running (06m52.0s), 184/184 VUs, 65566 complete and 0 interrupted iterations
default   [  61% ] 184/184 VUs  06m52.0s/11m10.0s

running (06m53.0s), 184/184 VUs, 65750 complete and 0 interrupted iterations
default   [  62% ] 184/184 VUs  06m53.0s/11m10.0s

running (06m54.0s), 184/184 VUs, 65934 complete and 0 interrupted iterations
default   [  62% ] 184/184 VUs  06m54.0s/11m10.0s

running (06m55.0s), 184/184 VUs, 66118 complete and 0 interrupted iterations
default   [  62% ] 184/184 VUs  06m55.0s/11m10.0s

running (06m56.0s), 184/184 VUs, 66302 complete and 0 interrupted iterations
default   [  62% ] 184/184 VUs  06m56.0s/11m10.0s

running (06m57.0s), 184/184 VUs, 66439 complete and 0 interrupted iterations
default   [  62% ] 184/184 VUs  06m57.0s/11m10.0s

running (06m58.0s), 184/184 VUs, 66599 complete and 0 interrupted iterations
default   [  62% ] 184/184 VUs  06m58.0s/11m10.0s

running (06m59.0s), 184/184 VUs, 66748 complete and 0 interrupted iterations
default   [  63% ] 184/184 VUs  06m59.0s/11m10.0s

running (07m00.0s), 184/184 VUs, 66930 complete and 0 interrupted iterations
default   [  63% ] 184/184 VUs  07m00.0s/11m10.0s

running (07m01.0s), 184/184 VUs, 67055 complete and 0 interrupted iterations
default   [  63% ] 184/184 VUs  07m01.0s/11m10.0s

running (07m02.0s), 184/184 VUs, 67229 complete and 0 interrupted iterations
default   [  63% ] 184/184 VUs  07m02.0s/11m10.0s

running (07m03.0s), 184/184 VUs, 67402 complete and 0 interrupted iterations
default   [  63% ] 184/184 VUs  07m03.0s/11m10.0s

running (07m04.0s), 184/184 VUs, 67586 complete and 0 interrupted iterations
default   [  63% ] 184/184 VUs  07m04.0s/11m10.0s

running (07m05.0s), 184/184 VUs, 67770 complete and 0 interrupted iterations
default   [  63% ] 184/184 VUs  07m05.0s/11m10.0s

running (07m06.0s), 184/184 VUs, 67954 complete and 0 interrupted iterations
default   [  64% ] 184/184 VUs  07m06.0s/11m10.0s

running (07m07.0s), 184/184 VUs, 68138 complete and 0 interrupted iterations
default   [  64% ] 184/184 VUs  07m07.0s/11m10.0s

running (07m08.0s), 184/184 VUs, 68322 complete and 0 interrupted iterations
default   [  64% ] 184/184 VUs  07m08.0s/11m10.0s

running (07m09.0s), 184/184 VUs, 68506 complete and 0 interrupted iterations
default   [  64% ] 184/184 VUs  07m09.0s/11m10.0s

running (07m10.0s), 184/184 VUs, 68545 complete and 0 interrupted iterations
default   [  64% ] 184/184 VUs  07m10.0s/11m10.0s

running (07m11.0s), 184/184 VUs, 68729 complete and 0 interrupted iterations
default   [  64% ] 184/184 VUs  07m11.0s/11m10.0s

running (07m12.0s), 184/184 VUs, 68913 complete and 0 interrupted iterations
default   [  64% ] 184/184 VUs  07m12.0s/11m10.0s

running (07m13.0s), 184/184 VUs, 69097 complete and 0 interrupted iterations
default   [  65% ] 184/184 VUs  07m13.0s/11m10.0s

running (07m14.0s), 184/184 VUs, 69281 complete and 0 interrupted iterations
default   [  65% ] 184/184 VUs  07m14.0s/11m10.0s

running (07m15.0s), 184/184 VUs, 69465 complete and 0 interrupted iterations
default   [  65% ] 184/184 VUs  07m15.0s/11m10.0s

running (07m16.0s), 184/184 VUs, 69649 complete and 0 interrupted iterations
default   [  65% ] 184/184 VUs  07m16.0s/11m10.0s

running (07m17.0s), 184/184 VUs, 69833 complete and 0 interrupted iterations
default   [  65% ] 184/184 VUs  07m17.0s/11m10.0s

running (07m18.0s), 184/184 VUs, 70017 complete and 0 interrupted iterations
default   [  65% ] 184/184 VUs  07m18.0s/11m10.0s

running (07m19.0s), 184/184 VUs, 70192 complete and 0 interrupted iterations
default   [  66% ] 184/184 VUs  07m19.0s/11m10.0s

running (07m20.0s), 184/184 VUs, 70368 complete and 0 interrupted iterations
default   [  66% ] 184/184 VUs  07m20.0s/11m10.0s

running (07m21.0s), 184/184 VUs, 70546 complete and 0 interrupted iterations
default   [  66% ] 184/184 VUs  07m21.0s/11m10.0s

running (07m22.0s), 184/184 VUs, 70719 complete and 0 interrupted iterations
default   [  66% ] 184/184 VUs  07m22.0s/11m10.0s

running (07m23.0s), 184/184 VUs, 70775 complete and 0 interrupted iterations
default   [  66% ] 184/184 VUs  07m23.0s/11m10.0s

running (07m24.0s), 184/184 VUs, 70959 complete and 0 interrupted iterations
default   [  66% ] 184/184 VUs  07m24.0s/11m10.0s

running (07m25.0s), 184/184 VUs, 71143 complete and 0 interrupted iterations
default   [  66% ] 184/184 VUs  07m25.0s/11m10.0s

running (07m26.0s), 184/184 VUs, 71327 complete and 0 interrupted iterations
default   [  67% ] 184/184 VUs  07m26.0s/11m10.0s

running (07m27.0s), 184/184 VUs, 71511 complete and 0 interrupted iterations
default   [  67% ] 184/184 VUs  07m27.0s/11m10.0s

running (07m28.0s), 184/184 VUs, 71695 complete and 0 interrupted iterations
default   [  67% ] 184/184 VUs  07m28.0s/11m10.0s

running (07m29.0s), 184/184 VUs, 71879 complete and 0 interrupted iterations
default   [  67% ] 184/184 VUs  07m29.0s/11m10.0s

running (07m30.0s), 184/184 VUs, 72063 complete and 0 interrupted iterations
default   [  67% ] 184/184 VUs  07m30.0s/11m10.0s

running (07m31.0s), 184/184 VUs, 72247 complete and 0 interrupted iterations
default   [  67% ] 184/184 VUs  07m31.0s/11m10.0s

running (07m32.0s), 184/184 VUs, 72431 complete and 0 interrupted iterations
default   [  67% ] 184/184 VUs  07m32.0s/11m10.0s

running (07m33.0s), 184/184 VUs, 72565 complete and 0 interrupted iterations
default   [  68% ] 184/184 VUs  07m33.0s/11m10.0s

running (07m34.0s), 184/184 VUs, 72746 complete and 0 interrupted iterations
default   [  68% ] 184/184 VUs  07m34.0s/11m10.0s

running (07m35.0s), 184/184 VUs, 72916 complete and 0 interrupted iterations
default   [  68% ] 184/184 VUs  07m35.0s/11m10.0s

running (07m36.0s), 184/184 VUs, 73013 complete and 0 interrupted iterations
default   [  68% ] 184/184 VUs  07m36.0s/11m10.0s

running (07m37.0s), 184/184 VUs, 73197 complete and 0 interrupted iterations
default   [  68% ] 184/184 VUs  07m37.0s/11m10.0s

running (07m38.0s), 184/184 VUs, 73381 complete and 0 interrupted iterations
default   [  68% ] 184/184 VUs  07m38.0s/11m10.0s

running (07m39.0s), 184/184 VUs, 73565 complete and 0 interrupted iterations
default   [  69% ] 184/184 VUs  07m39.0s/11m10.0s

running (07m40.0s), 184/184 VUs, 73749 complete and 0 interrupted iterations
default   [  69% ] 184/184 VUs  07m40.0s/11m10.0s

running (07m41.0s), 184/184 VUs, 73933 complete and 0 interrupted iterations
default   [  69% ] 184/184 VUs  07m41.0s/11m10.0s

running (07m42.0s), 184/184 VUs, 74066 complete and 0 interrupted iterations
default   [  69% ] 184/184 VUs  07m42.0s/11m10.0s

running (07m43.0s), 184/184 VUs, 74223 complete and 0 interrupted iterations
default   [  69% ] 184/184 VUs  07m43.0s/11m10.0s

running (07m44.0s), 184/184 VUs, 74397 complete and 0 interrupted iterations
default   [  69% ] 184/184 VUs  07m44.0s/11m10.0s

running (07m45.0s), 184/184 VUs, 74554 complete and 0 interrupted iterations
default   [  69% ] 184/184 VUs  07m45.0s/11m10.0s

running (07m46.0s), 184/184 VUs, 74716 complete and 0 interrupted iterations
default   [  70% ] 184/184 VUs  07m46.0s/11m10.0s

running (07m47.0s), 184/184 VUs, 74892 complete and 0 interrupted iterations
default   [  70% ] 184/184 VUs  07m47.0s/11m10.0s

running (07m48.0s), 184/184 VUs, 75059 complete and 0 interrupted iterations
default   [  70% ] 184/184 VUs  07m48.0s/11m10.0s

running (07m49.0s), 184/184 VUs, 75235 complete and 0 interrupted iterations
default   [  70% ] 184/184 VUs  07m49.0s/11m10.0s

running (07m50.0s), 184/184 VUs, 75416 complete and 0 interrupted iterations
default   [  70% ] 184/184 VUs  07m50.0s/11m10.0s

running (07m51.0s), 184/184 VUs, 75600 complete and 0 interrupted iterations
default   [  70% ] 184/184 VUs  07m51.0s/11m10.0s

running (07m52.0s), 184/184 VUs, 75784 complete and 0 interrupted iterations
default   [  70% ] 184/184 VUs  07m52.0s/11m10.0s

running (07m53.0s), 184/184 VUs, 75968 complete and 0 interrupted iterations
default   [  71% ] 184/184 VUs  07m53.0s/11m10.0s

running (07m54.0s), 184/184 VUs, 76152 complete and 0 interrupted iterations
default   [  71% ] 184/184 VUs  07m54.0s/11m10.0s

running (07m55.0s), 184/184 VUs, 76336 complete and 0 interrupted iterations
default   [  71% ] 184/184 VUs  07m55.0s/11m10.0s

running (07m56.0s), 184/184 VUs, 76520 complete and 0 interrupted iterations
default   [  71% ] 184/184 VUs  07m56.0s/11m10.0s

running (07m57.0s), 184/184 VUs, 76704 complete and 0 interrupted iterations
default   [  71% ] 184/184 VUs  07m57.0s/11m10.0s

running (07m58.0s), 184/184 VUs, 76888 complete and 0 interrupted iterations
default   [  71% ] 184/184 VUs  07m58.0s/11m10.0s

running (07m59.0s), 184/184 VUs, 77072 complete and 0 interrupted iterations
default   [  71% ] 184/184 VUs  07m59.0s/11m10.0s

running (08m00.0s), 184/184 VUs, 77256 complete and 0 interrupted iterations
default   [  72% ] 184/184 VUs  08m00.0s/11m10.0s

running (08m01.0s), 184/184 VUs, 77435 complete and 0 interrupted iterations
default   [  72% ] 184/184 VUs  08m01.0s/11m10.0s

running (08m02.0s), 184/184 VUs, 77613 complete and 0 interrupted iterations
default   [  72% ] 184/184 VUs  08m02.0s/11m10.0s

running (08m03.0s), 184/184 VUs, 77797 complete and 0 interrupted iterations
default   [  72% ] 184/184 VUs  08m03.0s/11m10.0s

running (08m04.0s), 184/184 VUs, 77981 complete and 0 interrupted iterations
default   [  72% ] 184/184 VUs  08m04.0s/11m10.0s

running (08m05.0s), 184/184 VUs, 78165 complete and 0 interrupted iterations
default   [  72% ] 184/184 VUs  08m05.0s/11m10.0s

running (08m06.0s), 184/184 VUs, 78218 complete and 0 interrupted iterations
default   [  73% ] 184/184 VUs  08m06.0s/11m10.0s

running (08m07.0s), 184/184 VUs, 78402 complete and 0 interrupted iterations
default   [  73% ] 184/184 VUs  08m07.0s/11m10.0s

running (08m08.0s), 184/184 VUs, 78586 complete and 0 interrupted iterations
default   [  73% ] 184/184 VUs  08m08.0s/11m10.0s

running (08m09.0s), 184/184 VUs, 78770 complete and 0 interrupted iterations
default   [  73% ] 184/184 VUs  08m09.0s/11m10.0s

running (08m10.0s), 184/184 VUs, 78954 complete and 0 interrupted iterations
default   [  73% ] 184/184 VUs  08m10.0s/11m10.0s

running (08m11.0s), 184/184 VUs, 79138 complete and 0 interrupted iterations
default   [  73% ] 184/184 VUs  08m11.0s/11m10.0s

running (08m12.0s), 184/184 VUs, 79322 complete and 0 interrupted iterations
default   [  73% ] 184/184 VUs  08m12.0s/11m10.0s

running (08m13.0s), 184/184 VUs, 79506 complete and 0 interrupted iterations
default   [  74% ] 184/184 VUs  08m13.0s/11m10.0s

running (08m14.0s), 184/184 VUs, 79690 complete and 0 interrupted iterations
default   [  74% ] 184/184 VUs  08m14.0s/11m10.0s

running (08m15.0s), 184/184 VUs, 79874 complete and 0 interrupted iterations
default   [  74% ] 184/184 VUs  08m15.0s/11m10.0s

running (08m16.0s), 184/184 VUs, 80058 complete and 0 interrupted iterations
default   [  74% ] 184/184 VUs  08m16.0s/11m10.0s

running (08m17.0s), 184/184 VUs, 80242 complete and 0 interrupted iterations
default   [  74% ] 184/184 VUs  08m17.0s/11m10.0s

running (08m18.0s), 184/184 VUs, 80426 complete and 0 interrupted iterations
default   [  74% ] 184/184 VUs  08m18.0s/11m10.0s

running (08m19.0s), 184/184 VUs, 80610 complete and 0 interrupted iterations
default   [  74% ] 184/184 VUs  08m19.0s/11m10.0s

running (08m20.0s), 184/184 VUs, 80794 complete and 0 interrupted iterations
default   [  75% ] 184/184 VUs  08m20.0s/11m10.0s

running (08m21.0s), 184/184 VUs, 80978 complete and 0 interrupted iterations
default   [  75% ] 184/184 VUs  08m21.0s/11m10.0s

running (08m22.0s), 184/184 VUs, 81155 complete and 0 interrupted iterations
default   [  75% ] 184/184 VUs  08m22.0s/11m10.0s

running (08m23.0s), 184/184 VUs, 81192 complete and 0 interrupted iterations
default   [  75% ] 184/184 VUs  08m23.0s/11m10.0s

running (08m24.0s), 184/184 VUs, 81376 complete and 0 interrupted iterations
default   [  75% ] 184/184 VUs  08m24.0s/11m10.0s

running (08m25.0s), 184/184 VUs, 81560 complete and 0 interrupted iterations
default   [  75% ] 184/184 VUs  08m25.0s/11m10.0s

running (08m26.0s), 184/184 VUs, 81744 complete and 0 interrupted iterations
default   [  76% ] 184/184 VUs  08m26.0s/11m10.0s

running (08m27.0s), 184/184 VUs, 81928 complete and 0 interrupted iterations
default   [  76% ] 184/184 VUs  08m27.0s/11m10.0s

running (08m28.0s), 184/184 VUs, 82096 complete and 0 interrupted iterations
default   [  76% ] 184/184 VUs  08m28.0s/11m10.0s

running (08m29.0s), 184/184 VUs, 82280 complete and 0 interrupted iterations
default   [  76% ] 184/184 VUs  08m29.0s/11m10.0s

running (08m30.0s), 184/184 VUs, 82432 complete and 0 interrupted iterations
default   [  76% ] 184/184 VUs  08m30.0s/11m10.0s

running (08m31.0s), 184/184 VUs, 82612 complete and 0 interrupted iterations
default   [  76% ] 184/184 VUs  08m31.0s/11m10.0s

running (08m32.0s), 184/184 VUs, 82675 complete and 0 interrupted iterations
default   [  76% ] 184/184 VUs  08m32.0s/11m10.0s

running (08m33.0s), 184/184 VUs, 82843 complete and 0 interrupted iterations
default   [  77% ] 184/184 VUs  08m33.0s/11m10.0s

running (08m34.0s), 184/184 VUs, 83027 complete and 0 interrupted iterations
default   [  77% ] 184/184 VUs  08m34.0s/11m10.0s

running (08m35.0s), 184/184 VUs, 83211 complete and 0 interrupted iterations
default   [  77% ] 184/184 VUs  08m35.0s/11m10.0s

running (08m36.0s), 184/184 VUs, 83395 complete and 0 interrupted iterations
default   [  77% ] 184/184 VUs  08m36.0s/11m10.0s

running (08m37.0s), 184/184 VUs, 83579 complete and 0 interrupted iterations
default   [  77% ] 184/184 VUs  08m37.0s/11m10.0s

running (08m38.0s), 184/184 VUs, 83763 complete and 0 interrupted iterations
default   [  77% ] 184/184 VUs  08m38.0s/11m10.0s

running (08m39.0s), 184/184 VUs, 83947 complete and 0 interrupted iterations
default   [  77% ] 184/184 VUs  08m39.0s/11m10.0s

running (08m40.0s), 184/184 VUs, 84131 complete and 0 interrupted iterations
default   [  78% ] 184/184 VUs  08m40.0s/11m10.0s

running (08m41.0s), 184/184 VUs, 84315 complete and 0 interrupted iterations
default   [  78% ] 184/184 VUs  08m41.0s/11m10.0s

running (08m42.0s), 184/184 VUs, 84499 complete and 0 interrupted iterations
default   [  78% ] 184/184 VUs  08m42.0s/11m10.0s

running (08m43.0s), 184/184 VUs, 84683 complete and 0 interrupted iterations
default   [  78% ] 184/184 VUs  08m43.0s/11m10.0s

running (08m44.0s), 184/184 VUs, 84867 complete and 0 interrupted iterations
default   [  78% ] 184/184 VUs  08m44.0s/11m10.0s

running (08m45.0s), 184/184 VUs, 85051 complete and 0 interrupted iterations
default   [  78% ] 184/184 VUs  08m45.0s/11m10.0s

running (08m46.0s), 184/184 VUs, 85222 complete and 0 interrupted iterations
default   [  79% ] 184/184 VUs  08m46.0s/11m10.0s

running (08m47.0s), 184/184 VUs, 85397 complete and 0 interrupted iterations
default   [  79% ] 184/184 VUs  08m47.0s/11m10.0s

running (08m48.0s), 184/184 VUs, 85571 complete and 0 interrupted iterations
default   [  79% ] 184/184 VUs  08m48.0s/11m10.0s

running (08m49.0s), 184/184 VUs, 85656 complete and 0 interrupted iterations
default   [  79% ] 184/184 VUs  08m49.0s/11m10.0s

running (08m50.0s), 184/184 VUs, 85840 complete and 0 interrupted iterations
default   [  79% ] 184/184 VUs  08m50.0s/11m10.0s

running (08m51.0s), 184/184 VUs, 86024 complete and 0 interrupted iterations
default   [  79% ] 184/184 VUs  08m51.0s/11m10.0s

running (08m52.0s), 184/184 VUs, 86208 complete and 0 interrupted iterations
default   [  79% ] 184/184 VUs  08m52.0s/11m10.0s

running (08m53.0s), 184/184 VUs, 86392 complete and 0 interrupted iterations
default   [  80% ] 184/184 VUs  08m53.0s/11m10.0s

running (08m54.0s), 184/184 VUs, 86576 complete and 0 interrupted iterations
default   [  80% ] 184/184 VUs  08m54.0s/11m10.0s

running (08m55.0s), 184/184 VUs, 86760 complete and 0 interrupted iterations
default   [  80% ] 184/184 VUs  08m55.0s/11m10.0s

running (08m56.0s), 184/184 VUs, 86944 complete and 0 interrupted iterations
default   [  80% ] 184/184 VUs  08m56.0s/11m10.0s

running (08m57.0s), 184/184 VUs, 87128 complete and 0 interrupted iterations
default   [  80% ] 184/184 VUs  08m57.0s/11m10.0s

running (08m58.0s), 184/184 VUs, 87312 complete and 0 interrupted iterations
default   [  80% ] 184/184 VUs  08m58.0s/11m10.0s

running (08m59.0s), 184/184 VUs, 87430 complete and 0 interrupted iterations
default   [  80% ] 184/184 VUs  08m59.0s/11m10.0s

running (09m00.0s), 184/184 VUs, 87584 complete and 0 interrupted iterations
default   [  81% ] 184/184 VUs  09m00.0s/11m10.0s

running (09m01.0s), 184/184 VUs, 87762 complete and 0 interrupted iterations
default   [  81% ] 184/184 VUs  09m01.0s/11m10.0s

running (09m02.0s), 184/184 VUs, 87885 complete and 0 interrupted iterations
default   [  81% ] 184/184 VUs  09m02.0s/11m10.0s

running (09m03.0s), 184/184 VUs, 88069 complete and 0 interrupted iterations
default   [  81% ] 184/184 VUs  09m03.0s/11m10.0s

running (09m04.0s), 184/184 VUs, 88253 complete and 0 interrupted iterations
default   [  81% ] 184/184 VUs  09m04.0s/11m10.0s

running (09m05.0s), 184/184 VUs, 88437 complete and 0 interrupted iterations
default   [  81% ] 184/184 VUs  09m05.0s/11m10.0s

running (09m06.0s), 184/184 VUs, 88621 complete and 0 interrupted iterations
default   [  81% ] 184/184 VUs  09m06.0s/11m10.0s

running (09m07.0s), 184/184 VUs, 88805 complete and 0 interrupted iterations
default   [  82% ] 184/184 VUs  09m07.0s/11m10.0s

running (09m08.0s), 184/184 VUs, 88989 complete and 0 interrupted iterations
default   [  82% ] 184/184 VUs  09m08.0s/11m10.0s

running (09m09.0s), 184/184 VUs, 89146 complete and 0 interrupted iterations
default   [  82% ] 184/184 VUs  09m09.0s/11m10.0s

running (09m10.0s), 184/184 VUs, 89321 complete and 0 interrupted iterations
default   [  82% ] 184/184 VUs  09m10.0s/11m10.0s

running (09m11.0s), 184/184 VUs, 89376 complete and 0 interrupted iterations
default   [  82% ] 184/184 VUs  09m11.0s/11m10.0s

running (09m12.0s), 184/184 VUs, 89560 complete and 0 interrupted iterations
default   [  82% ] 184/184 VUs  09m12.0s/11m10.0s

running (09m13.0s), 184/184 VUs, 89744 complete and 0 interrupted iterations
default   [  83% ] 184/184 VUs  09m13.0s/11m10.0s

running (09m14.0s), 184/184 VUs, 89928 complete and 0 interrupted iterations
default   [  83% ] 184/184 VUs  09m14.0s/11m10.0s

running (09m15.0s), 184/184 VUs, 90112 complete and 0 interrupted iterations
default   [  83% ] 184/184 VUs  09m15.0s/11m10.0s

running (09m16.0s), 184/184 VUs, 90296 complete and 0 interrupted iterations
default   [  83% ] 184/184 VUs  09m16.0s/11m10.0s

running (09m17.0s), 184/184 VUs, 90480 complete and 0 interrupted iterations
default   [  83% ] 184/184 VUs  09m17.0s/11m10.0s

running (09m18.0s), 184/184 VUs, 90649 complete and 0 interrupted iterations
default   [  83% ] 184/184 VUs  09m18.0s/11m10.0s

running (09m19.0s), 184/184 VUs, 90823 complete and 0 interrupted iterations
default   [  83% ] 184/184 VUs  09m19.0s/11m10.0s

running (09m20.0s), 184/184 VUs, 91004 complete and 0 interrupted iterations
default   [  84% ] 184/184 VUs  09m20.0s/11m10.0s

running (09m21.0s), 184/184 VUs, 91175 complete and 0 interrupted iterations
default   [  84% ] 184/184 VUs  09m21.0s/11m10.0s

running (09m22.0s), 184/184 VUs, 91341 complete and 0 interrupted iterations
default   [  84% ] 184/184 VUs  09m22.0s/11m10.0s

running (09m23.0s), 184/184 VUs, 91499 complete and 0 interrupted iterations
default   [  84% ] 184/184 VUs  09m23.0s/11m10.0s

running (09m24.0s), 184/184 VUs, 91612 complete and 0 interrupted iterations
default   [  84% ] 184/184 VUs  09m24.0s/11m10.0s

running (09m25.0s), 184/184 VUs, 91796 complete and 0 interrupted iterations
default   [  84% ] 184/184 VUs  09m25.0s/11m10.0s

running (09m26.0s), 184/184 VUs, 91980 complete and 0 interrupted iterations
default   [  84% ] 184/184 VUs  09m26.0s/11m10.0s

running (09m27.0s), 184/184 VUs, 92164 complete and 0 interrupted iterations
default   [  85% ] 184/184 VUs  09m27.0s/11m10.0s

running (09m28.0s), 184/184 VUs, 92348 complete and 0 interrupted iterations
default   [  85% ] 184/184 VUs  09m28.0s/11m10.0s

running (09m29.0s), 184/184 VUs, 92495 complete and 0 interrupted iterations
default   [  85% ] 184/184 VUs  09m29.0s/11m10.0s

running (09m30.0s), 184/184 VUs, 92673 complete and 0 interrupted iterations
default   [  85% ] 184/184 VUs  09m30.0s/11m10.0s

running (09m31.0s), 184/184 VUs, 92841 complete and 0 interrupted iterations
default   [  85% ] 184/184 VUs  09m31.0s/11m10.0s

running (09m32.0s), 184/184 VUs, 93015 complete and 0 interrupted iterations
default   [  85% ] 184/184 VUs  09m32.0s/11m10.0s

running (09m33.0s), 184/184 VUs, 93193 complete and 0 interrupted iterations
default   [  86% ] 184/184 VUs  09m33.0s/11m10.0s

running (09m34.0s), 184/184 VUs, 93308 complete and 0 interrupted iterations
default   [  86% ] 184/184 VUs  09m34.0s/11m10.0s

running (09m35.0s), 184/184 VUs, 93488 complete and 0 interrupted iterations
default   [  86% ] 184/184 VUs  09m35.0s/11m10.0s

running (09m36.0s), 184/184 VUs, 93669 complete and 0 interrupted iterations
default   [  86% ] 184/184 VUs  09m36.0s/11m10.0s

running (09m37.0s), 184/184 VUs, 93845 complete and 0 interrupted iterations
default   [  86% ] 184/184 VUs  09m37.0s/11m10.0s

running (09m38.0s), 184/184 VUs, 94021 complete and 0 interrupted iterations
default   [  86% ] 184/184 VUs  09m38.0s/11m10.0s

running (09m39.0s), 184/184 VUs, 94205 complete and 0 interrupted iterations
default   [  86% ] 184/184 VUs  09m39.0s/11m10.0s

running (09m40.0s), 184/184 VUs, 94389 complete and 0 interrupted iterations
default   [  87% ] 184/184 VUs  09m40.0s/11m10.0s

running (09m41.0s), 184/184 VUs, 94573 complete and 0 interrupted iterations
default   [  87% ] 184/184 VUs  09m41.0s/11m10.0s

running (09m42.0s), 184/184 VUs, 94757 complete and 0 interrupted iterations
default   [  87% ] 184/184 VUs  09m42.0s/11m10.0s

running (09m43.0s), 184/184 VUs, 94893 complete and 0 interrupted iterations
default   [  87% ] 184/184 VUs  09m43.0s/11m10.0s

running (09m44.0s), 184/184 VUs, 95055 complete and 0 interrupted iterations
default   [  87% ] 184/184 VUs  09m44.0s/11m10.0s

running (09m45.0s), 184/184 VUs, 95223 complete and 0 interrupted iterations
default   [  87% ] 184/184 VUs  09m45.0s/11m10.0s

running (09m46.0s), 184/184 VUs, 95389 complete and 0 interrupted iterations
default   [  87% ] 184/184 VUs  09m46.0s/11m10.0s

running (09m47.0s), 184/184 VUs, 95567 complete and 0 interrupted iterations
default   [  88% ] 184/184 VUs  09m47.0s/11m10.0s

running (09m48.0s), 184/184 VUs, 95745 complete and 0 interrupted iterations
default   [  88% ] 184/184 VUs  09m48.0s/11m10.0s

running (09m49.0s), 184/184 VUs, 95924 complete and 0 interrupted iterations
default   [  88% ] 184/184 VUs  09m49.0s/11m10.0s

running (09m50.0s), 184/184 VUs, 96073 complete and 0 interrupted iterations
default   [  88% ] 184/184 VUs  09m50.0s/11m10.0s

running (09m51.0s), 184/184 VUs, 96255 complete and 0 interrupted iterations
default   [  88% ] 184/184 VUs  09m51.0s/11m10.0s

running (09m52.0s), 184/184 VUs, 96439 complete and 0 interrupted iterations
default   [  88% ] 184/184 VUs  09m52.0s/11m10.0s

running (09m53.0s), 184/184 VUs, 96623 complete and 0 interrupted iterations
default   [  89% ] 184/184 VUs  09m53.0s/11m10.0s

running (09m54.0s), 184/184 VUs, 96807 complete and 0 interrupted iterations
default   [  89% ] 184/184 VUs  09m54.0s/11m10.0s

running (09m55.0s), 184/184 VUs, 96983 complete and 0 interrupted iterations
default   [  89% ] 184/184 VUs  09m55.0s/11m10.0s

running (09m56.0s), 184/184 VUs, 97097 complete and 0 interrupted iterations
default   [  89% ] 184/184 VUs  09m56.0s/11m10.0s

running (09m57.0s), 184/184 VUs, 97276 complete and 0 interrupted iterations
default   [  89% ] 184/184 VUs  09m57.0s/11m10.0s

running (09m58.0s), 184/184 VUs, 97440 complete and 0 interrupted iterations
default   [  89% ] 184/184 VUs  09m58.0s/11m10.0s

running (09m59.0s), 184/184 VUs, 97569 complete and 0 interrupted iterations
default   [  89% ] 184/184 VUs  09m59.0s/11m10.0s

running (10m00.0s), 184/184 VUs, 97753 complete and 0 interrupted iterations
default   [  90% ] 184/184 VUs  10m00.0s/11m10.0s

running (10m01.0s), 184/184 VUs, 97937 complete and 0 interrupted iterations
default   [  90% ] 184/184 VUs  10m01.0s/11m10.0s

running (10m02.0s), 184/184 VUs, 98121 complete and 0 interrupted iterations
default   [  90% ] 184/184 VUs  10m02.0s/11m10.0s

running (10m03.0s), 184/184 VUs, 98303 complete and 0 interrupted iterations
default   [  90% ] 184/184 VUs  10m03.0s/11m10.0s

running (10m04.0s), 184/184 VUs, 98487 complete and 0 interrupted iterations
default   [  90% ] 184/184 VUs  10m04.0s/11m10.0s

running (10m05.0s), 184/184 VUs, 98596 complete and 0 interrupted iterations
default   [  90% ] 184/184 VUs  10m05.0s/11m10.0s

running (10m06.0s), 184/184 VUs, 98767 complete and 0 interrupted iterations
default   [  90% ] 184/184 VUs  10m06.0s/11m10.0s

running (10m07.0s), 184/184 VUs, 98925 complete and 0 interrupted iterations
default   [  91% ] 184/184 VUs  10m07.0s/11m10.0s

running (10m08.0s), 184/184 VUs, 99106 complete and 0 interrupted iterations
default   [  91% ] 184/184 VUs  10m08.0s/11m10.0s

running (10m09.0s), 184/184 VUs, 99288 complete and 0 interrupted iterations
default   [  91% ] 184/184 VUs  10m09.0s/11m10.0s

running (10m10.0s), 184/184 VUs, 99472 complete and 0 interrupted iterations
default   [  91% ] 184/184 VUs  10m10.0s/11m10.0s

running (10m11.0s), 184/184 VUs, 99652 complete and 0 interrupted iterations
default   [  91% ] 184/184 VUs  10m11.0s/11m10.0s

running (10m12.0s), 184/184 VUs, 99789 complete and 0 interrupted iterations
default   [  91% ] 184/184 VUs  10m12.0s/11m10.0s

running (10m13.0s), 184/184 VUs, 99973 complete and 0 interrupted iterations
default   [  91% ] 184/184 VUs  10m13.0s/11m10.0s

running (10m14.0s), 184/184 VUs, 100157 complete and 0 interrupted iterations
default   [  92% ] 184/184 VUs  10m14.0s/11m10.0s

running (10m15.0s), 184/184 VUs, 100341 complete and 0 interrupted iterations
default   [  92% ] 184/184 VUs  10m15.0s/11m10.0s

running (10m16.0s), 184/184 VUs, 100525 complete and 0 interrupted iterations
default   [  92% ] 184/184 VUs  10m16.0s/11m10.0s

running (10m17.0s), 184/184 VUs, 100709 complete and 0 interrupted iterations
default   [  92% ] 184/184 VUs  10m17.0s/11m10.0s

running (10m18.0s), 184/184 VUs, 100880 complete and 0 interrupted iterations
default   [  92% ] 184/184 VUs  10m18.0s/11m10.0s

running (10m19.0s), 184/184 VUs, 101053 complete and 0 interrupted iterations
default   [  92% ] 184/184 VUs  10m19.0s/11m10.0s

running (10m20.0s), 184/184 VUs, 101227 complete and 0 interrupted iterations
default   [  93% ] 184/184 VUs  10m20.0s/11m10.0s

running (10m21.0s), 184/184 VUs, 101347 complete and 0 interrupted iterations
default   [  93% ] 184/184 VUs  10m21.0s/11m10.0s

running (10m22.0s), 184/184 VUs, 101481 complete and 0 interrupted iterations
default   [  93% ] 184/184 VUs  10m22.0s/11m10.0s

running (10m23.0s), 184/184 VUs, 101665 complete and 0 interrupted iterations
default   [  93% ] 184/184 VUs  10m23.0s/11m10.0s

running (10m24.0s), 184/184 VUs, 101849 complete and 0 interrupted iterations
default   [  93% ] 184/184 VUs  10m24.0s/11m10.0s

running (10m25.0s), 184/184 VUs, 102020 complete and 0 interrupted iterations
default   [  93% ] 184/184 VUs  10m25.0s/11m10.0s

running (10m26.0s), 184/184 VUs, 102200 complete and 0 interrupted iterations
default   [  93% ] 184/184 VUs  10m26.0s/11m10.0s

running (10m27.0s), 184/184 VUs, 102384 complete and 0 interrupted iterations
default   [  94% ] 184/184 VUs  10m27.0s/11m10.0s

running (10m28.0s), 184/184 VUs, 102568 complete and 0 interrupted iterations
default   [  94% ] 184/184 VUs  10m28.0s/11m10.0s

running (10m29.0s), 184/184 VUs, 102752 complete and 0 interrupted iterations
default   [  94% ] 184/184 VUs  10m29.0s/11m10.0s

running (10m30.0s), 184/184 VUs, 102936 complete and 0 interrupted iterations
default   [  94% ] 184/184 VUs  10m30.0s/11m10.0s

running (10m31.0s), 184/184 VUs, 103120 complete and 0 interrupted iterations
default   [  94% ] 184/184 VUs  10m31.0s/11m10.0s

running (10m32.0s), 184/184 VUs, 103304 complete and 0 interrupted iterations
default   [  94% ] 184/184 VUs  10m32.0s/11m10.0s

running (10m33.0s), 184/184 VUs, 103488 complete and 0 interrupted iterations
default   [  94% ] 184/184 VUs  10m33.0s/11m10.0s

running (10m34.0s), 184/184 VUs, 103548 complete and 0 interrupted iterations
default   [  95% ] 184/184 VUs  10m34.0s/11m10.0s

running (10m35.0s), 184/184 VUs, 103717 complete and 0 interrupted iterations
default   [  95% ] 184/184 VUs  10m35.0s/11m10.0s

running (10m36.0s), 184/184 VUs, 103886 complete and 0 interrupted iterations
default   [  95% ] 184/184 VUs  10m36.0s/11m10.0s

running (10m37.0s), 184/184 VUs, 104069 complete and 0 interrupted iterations
default   [  95% ] 184/184 VUs  10m37.0s/11m10.0s

running (10m38.0s), 184/184 VUs, 104253 complete and 0 interrupted iterations
default   [  95% ] 184/184 VUs  10m38.0s/11m10.0s

running (10m39.0s), 184/184 VUs, 104437 complete and 0 interrupted iterations
default   [  95% ] 184/184 VUs  10m39.0s/11m10.0s

running (10m40.0s), 184/184 VUs, 104621 complete and 0 interrupted iterations
default   [  96% ] 184/184 VUs  10m40.0s/11m10.0s

running (10m41.0s), 184/184 VUs, 104805 complete and 0 interrupted iterations
default   [  96% ] 184/184 VUs  10m41.0s/11m10.0s

running (10m42.0s), 184/184 VUs, 104989 complete and 0 interrupted iterations
default   [  96% ] 184/184 VUs  10m42.0s/11m10.0s

running (10m43.0s), 184/184 VUs, 105151 complete and 0 interrupted iterations
default   [  96% ] 184/184 VUs  10m43.0s/11m10.0s

running (10m44.0s), 184/184 VUs, 105323 complete and 0 interrupted iterations
default   [  96% ] 184/184 VUs  10m44.0s/11m10.0s

running (10m45.0s), 184/184 VUs, 105474 complete and 0 interrupted iterations
default   [  96% ] 184/184 VUs  10m45.0s/11m10.0s

running (10m46.0s), 184/184 VUs, 105647 complete and 0 interrupted iterations
default   [  96% ] 184/184 VUs  10m46.0s/11m10.0s

running (10m47.0s), 184/184 VUs, 105742 complete and 0 interrupted iterations
default   [  97% ] 184/184 VUs  10m47.0s/11m10.0s

running (10m48.0s), 184/184 VUs, 105926 complete and 0 interrupted iterations
default   [  97% ] 184/184 VUs  10m48.0s/11m10.0s

running (10m49.0s), 184/184 VUs, 106110 complete and 0 interrupted iterations
default   [  97% ] 184/184 VUs  10m49.0s/11m10.0s

running (10m50.0s), 184/184 VUs, 106294 complete and 0 interrupted iterations
default   [  97% ] 184/184 VUs  10m50.0s/11m10.0s

running (10m51.0s), 184/184 VUs, 106478 complete and 0 interrupted iterations
default   [  97% ] 184/184 VUs  10m51.0s/11m10.0s

running (10m52.0s), 184/184 VUs, 106662 complete and 0 interrupted iterations
default   [  97% ] 184/184 VUs  10m52.0s/11m10.0s

running (10m53.0s), 184/184 VUs, 106846 complete and 0 interrupted iterations
default   [  97% ] 184/184 VUs  10m53.0s/11m10.0s

running (10m54.0s), 184/184 VUs, 107030 complete and 0 interrupted iterations
default   [  98% ] 184/184 VUs  10m54.0s/11m10.0s

running (10m55.0s), 184/184 VUs, 107214 complete and 0 interrupted iterations
default   [  98% ] 184/184 VUs  10m55.0s/11m10.0s

running (10m56.0s), 184/184 VUs, 107397 complete and 0 interrupted iterations
default   [  98% ] 184/184 VUs  10m56.0s/11m10.0s

running (10m57.0s), 184/184 VUs, 107577 complete and 0 interrupted iterations
default   [  98% ] 184/184 VUs  10m57.0s/11m10.0s

running (10m58.0s), 184/184 VUs, 107761 complete and 0 interrupted iterations
default   [  98% ] 184/184 VUs  10m58.0s/11m10.0s

running (10m59.0s), 184/184 VUs, 107933 complete and 0 interrupted iterations
default   [  98% ] 184/184 VUs  10m59.0s/11m10.0s

running (11m00.0s), 184/184 VUs, 108028 complete and 0 interrupted iterations
default   [  99% ] 184/184 VUs  11m00.0s/11m10.0s

running (11m01.0s), 183/184 VUs, 108169 complete and 0 interrupted iterations
default   [  99% ] 183/184 VUs  11m01.0s/11m10.0s

running (11m02.0s), 163/184 VUs, 108344 complete and 0 interrupted iterations
default   [  99% ] 163/184 VUs  11m02.0s/11m10.0s

running (11m03.0s), 144/184 VUs, 108506 complete and 0 interrupted iterations
default   [  99% ] 144/184 VUs  11m03.0s/11m10.0s

running (11m04.0s), 125/184 VUs, 108650 complete and 0 interrupted iterations
default   [  99% ] 125/184 VUs  11m04.0s/11m10.0s

running (11m05.0s), 106/184 VUs, 108775 complete and 0 interrupted iterations
default   [  99% ] 106/184 VUs  11m05.0s/11m10.0s

running (11m06.0s), 088/184 VUs, 108881 complete and 0 interrupted iterations
default   [  99% ] 088/184 VUs  11m06.0s/11m10.0s

running (11m07.0s), 068/184 VUs, 108969 complete and 0 interrupted iterations
default   [ 100% ] 068/184 VUs  11m07.0s/11m10.0s

running (11m08.0s), 052/184 VUs, 109037 complete and 0 interrupted iterations
default   [ 100% ] 052/184 VUs  11m08.0s/11m10.0s

running (11m09.0s), 030/184 VUs, 109089 complete and 0 interrupted iterations
default   [ 100% ] 030/184 VUs  11m09.0s/11m10.0s

running (11m10.0s), 012/184 VUs, 109119 complete and 0 interrupted iterations
default   [ 100% ] 012/184 VUs  11m10.0s/11m10.0s

running (11m10.5s), 000/184 VUs, 109131 complete and 0 interrupted iterations
default ✓ [ 100% ] 000/184 VUs  11m10s

     ✓ response ok

     checks.........................: 100.00% ✓ 109131 ✗ 0     
     data_received..................: 170 MB  254 kB/s
     data_sent......................: 39 MB   59 kB/s
     http_req_blocked...............: avg=45.25µs min=0s     med=0s      max=181.87ms p(90)=1µs     p(95)=1µs     
     http_req_connecting............: avg=9.59µs  min=0s     med=0s      max=14.21ms  p(90)=0s      p(95)=0s      
   ✓ http_req_duration..............: avg=35.44ms min=4.49ms med=12.98ms max=1.11s    p(90)=80.38ms p(95)=133.02ms
       { expected_response:true }...: avg=35.44ms min=4.49ms med=12.98ms max=1.11s    p(90)=80.38ms p(95)=133.02ms
     http_req_failed................: 0.00%   ✓ 0      ✗ 218262
     http_req_receiving.............: avg=402.2µs min=25µs   med=69µs    max=157.72ms p(90)=474µs   p(95)=1.3ms   
     http_req_sending...............: avg=82.33µs min=20µs   med=69µs    max=18.22ms  p(90)=139µs   p(95)=178µs   
     http_req_tls_handshaking.......: avg=34.89µs min=0s     med=0s      max=174.61ms p(90)=0s      p(95)=0s      
     http_req_waiting...............: avg=34.96ms min=349µs  med=12.67ms max=1.11s    p(90)=79.2ms  p(95)=131.35ms
     http_reqs......................: 218262  325.53866/s
     iteration_duration.............: avg=1.07s   min=1.01s  med=1.02s   max=2.31s    p(90)=1.18s   p(95)=1.29s   
     iterations.....................: 109131  162.76933/s
     vus............................: 12      min=4    max=184 
     vus_max........................: 184     min=184  max=184 

