
          /\      |‾‾| /‾‾/   /‾‾/   
     /\  /  \     |  |/  /   /  /    
    /  \/    \    |     (   /   ‾‾\  
   /          \   |  |\  \ |  (‾)  | 
  / __________ \  |__| \__\ \_____/ .io

  execution: local
     script: monitoring/frequent/main/main_load.js
     output: -

  scenarios: (100.00%) 1 scenario, 184 max VUs, 6m40s max duration (incl. graceful stop):
           * default: Up to 184 looping VUs for 6m10s over 5 stages (gracefulRampDown: 30s, gracefulStop: 30s)


running (0m01.0s), 001/184 VUs, 0 complete and 0 interrupted iterations
default   [   0% ] 001/184 VUs  0m01.0s/6m10.0s

running (0m02.0s), 002/184 VUs, 1 complete and 0 interrupted iterations
default   [   1% ] 002/184 VUs  0m02.0s/6m10.0s

running (0m03.0s), 003/184 VUs, 3 complete and 0 interrupted iterations
default   [   1% ] 003/184 VUs  0m03.0s/6m10.0s

running (0m04.0s), 003/184 VUs, 6 complete and 0 interrupted iterations
default   [   1% ] 003/184 VUs  0m04.0s/6m10.0s

running (0m05.0s), 004/184 VUs, 9 complete and 0 interrupted iterations
default   [   1% ] 004/184 VUs  0m05.0s/6m10.0s

running (0m06.0s), 005/184 VUs, 13 complete and 0 interrupted iterations
default   [   2% ] 005/184 VUs  0m06.0s/6m10.0s

running (0m07.0s), 006/184 VUs, 18 complete and 0 interrupted iterations
default   [   2% ] 006/184 VUs  0m07.0s/6m10.0s

running (0m08.0s), 006/184 VUs, 23 complete and 0 interrupted iterations
default   [   2% ] 006/184 VUs  0m08.0s/6m10.0s

running (0m09.0s), 007/184 VUs, 29 complete and 0 interrupted iterations
default   [   2% ] 007/184 VUs  0m09.0s/6m10.0s

running (0m10.0s), 008/184 VUs, 36 complete and 0 interrupted iterations
default   [   3% ] 008/184 VUs  0m10.0s/6m10.0s

running (0m11.0s), 008/184 VUs, 44 complete and 0 interrupted iterations
default   [   3% ] 008/184 VUs  0m11.0s/6m10.0s

running (0m12.0s), 009/184 VUs, 52 complete and 0 interrupted iterations
default   [   3% ] 009/184 VUs  0m12.0s/6m10.0s

running (0m13.0s), 010/184 VUs, 60 complete and 0 interrupted iterations
default   [   4% ] 010/184 VUs  0m13.0s/6m10.0s

running (0m14.0s), 011/184 VUs, 70 complete and 0 interrupted iterations
default   [   4% ] 011/184 VUs  0m14.0s/6m10.0s

running (0m15.0s), 011/184 VUs, 80 complete and 0 interrupted iterations
default   [   4% ] 011/184 VUs  0m15.0s/6m10.0s

running (0m16.0s), 012/184 VUs, 91 complete and 0 interrupted iterations
default   [   4% ] 012/184 VUs  0m16.0s/6m10.0s

running (0m17.0s), 013/184 VUs, 103 complete and 0 interrupted iterations
default   [   5% ] 013/184 VUs  0m17.0s/6m10.0s

running (0m18.0s), 013/184 VUs, 116 complete and 0 interrupted iterations
default   [   5% ] 013/184 VUs  0m18.0s/6m10.0s

running (0m19.0s), 014/184 VUs, 129 complete and 0 interrupted iterations
default   [   5% ] 014/184 VUs  0m19.0s/6m10.0s

running (0m20.0s), 015/184 VUs, 143 complete and 0 interrupted iterations
default   [   5% ] 015/184 VUs  0m20.0s/6m10.0s

running (0m21.0s), 016/184 VUs, 157 complete and 0 interrupted iterations
default   [   6% ] 016/184 VUs  0m21.0s/6m10.0s

running (0m22.0s), 016/184 VUs, 173 complete and 0 interrupted iterations
default   [   6% ] 016/184 VUs  0m22.0s/6m10.0s

running (0m23.0s), 017/184 VUs, 188 complete and 0 interrupted iterations
default   [   6% ] 017/184 VUs  0m23.0s/6m10.0s

running (0m24.0s), 018/184 VUs, 205 complete and 0 interrupted iterations
default   [   6% ] 018/184 VUs  0m24.0s/6m10.0s

running (0m25.0s), 018/184 VUs, 223 complete and 0 interrupted iterations
default   [   7% ] 018/184 VUs  0m25.0s/6m10.0s

running (0m26.0s), 019/184 VUs, 241 complete and 0 interrupted iterations
default   [   7% ] 019/184 VUs  0m26.0s/6m10.0s

running (0m27.0s), 020/184 VUs, 259 complete and 0 interrupted iterations
default   [   7% ] 020/184 VUs  0m27.0s/6m10.0s

running (0m28.0s), 021/184 VUs, 279 complete and 0 interrupted iterations
default   [   8% ] 021/184 VUs  0m28.0s/6m10.0s

running (0m29.0s), 021/184 VUs, 300 complete and 0 interrupted iterations
default   [   8% ] 021/184 VUs  0m29.0s/6m10.0s

running (0m30.0s), 022/184 VUs, 321 complete and 0 interrupted iterations
default   [   8% ] 022/184 VUs  0m30.0s/6m10.0s

running (0m31.0s), 023/184 VUs, 342 complete and 0 interrupted iterations
default   [   8% ] 023/184 VUs  0m31.0s/6m10.0s

running (0m32.0s), 023/184 VUs, 364 complete and 0 interrupted iterations
default   [   9% ] 023/184 VUs  0m32.0s/6m10.0s

running (0m33.0s), 024/184 VUs, 387 complete and 0 interrupted iterations
default   [   9% ] 024/184 VUs  0m33.0s/6m10.0s

running (0m34.0s), 025/184 VUs, 411 complete and 0 interrupted iterations
default   [   9% ] 025/184 VUs  0m34.0s/6m10.0s

running (0m35.0s), 026/184 VUs, 436 complete and 0 interrupted iterations
default   [   9% ] 026/184 VUs  0m35.0s/6m10.0s

running (0m36.0s), 026/184 VUs, 460 complete and 0 interrupted iterations
default   [  10% ] 026/184 VUs  0m36.0s/6m10.0s

running (0m37.0s), 027/184 VUs, 486 complete and 0 interrupted iterations
default   [  10% ] 027/184 VUs  0m37.0s/6m10.0s

running (0m38.0s), 028/184 VUs, 513 complete and 0 interrupted iterations
default   [  10% ] 028/184 VUs  0m38.0s/6m10.0s

running (0m39.0s), 028/184 VUs, 540 complete and 0 interrupted iterations
default   [  11% ] 028/184 VUs  0m39.0s/6m10.0s

running (0m40.0s), 029/184 VUs, 567 complete and 0 interrupted iterations
default   [  11% ] 029/184 VUs  0m40.0s/6m10.0s

running (0m41.0s), 030/184 VUs, 596 complete and 0 interrupted iterations
default   [  11% ] 030/184 VUs  0m41.0s/6m10.0s

running (0m42.0s), 031/184 VUs, 626 complete and 0 interrupted iterations
default   [  11% ] 031/184 VUs  0m42.0s/6m10.0s

running (0m43.0s), 031/184 VUs, 657 complete and 0 interrupted iterations
default   [  12% ] 031/184 VUs  0m43.0s/6m10.0s

running (0m44.0s), 032/184 VUs, 688 complete and 0 interrupted iterations
default   [  12% ] 032/184 VUs  0m44.0s/6m10.0s

running (0m45.0s), 033/184 VUs, 720 complete and 0 interrupted iterations
default   [  12% ] 033/184 VUs  0m45.0s/6m10.0s

running (0m46.0s), 033/184 VUs, 753 complete and 0 interrupted iterations
default   [  12% ] 033/184 VUs  0m46.0s/6m10.0s

running (0m47.0s), 034/184 VUs, 784 complete and 0 interrupted iterations
default   [  13% ] 034/184 VUs  0m47.0s/6m10.0s

running (0m48.0s), 035/184 VUs, 816 complete and 0 interrupted iterations
default   [  13% ] 035/184 VUs  0m48.0s/6m10.0s

running (0m49.0s), 036/184 VUs, 850 complete and 0 interrupted iterations
default   [  13% ] 036/184 VUs  0m49.0s/6m10.0s

running (0m50.0s), 036/184 VUs, 885 complete and 0 interrupted iterations
default   [  14% ] 036/184 VUs  0m50.0s/6m10.0s

running (0m51.0s), 037/184 VUs, 921 complete and 0 interrupted iterations
default   [  14% ] 037/184 VUs  0m51.0s/6m10.0s

running (0m52.0s), 038/184 VUs, 958 complete and 0 interrupted iterations
default   [  14% ] 038/184 VUs  0m52.0s/6m10.0s

running (0m53.0s), 038/184 VUs, 996 complete and 0 interrupted iterations
default   [  14% ] 038/184 VUs  0m53.0s/6m10.0s

running (0m54.0s), 039/184 VUs, 1033 complete and 0 interrupted iterations
default   [  15% ] 039/184 VUs  0m54.0s/6m10.0s

running (0m55.0s), 040/184 VUs, 1072 complete and 0 interrupted iterations
default   [  15% ] 040/184 VUs  0m55.0s/6m10.0s

running (0m56.0s), 041/184 VUs, 1110 complete and 0 interrupted iterations
default   [  15% ] 041/184 VUs  0m56.0s/6m10.0s

running (0m57.0s), 041/184 VUs, 1150 complete and 0 interrupted iterations
default   [  15% ] 041/184 VUs  0m57.0s/6m10.0s

running (0m58.0s), 042/184 VUs, 1191 complete and 0 interrupted iterations
default   [  16% ] 042/184 VUs  0m58.0s/6m10.0s

running (0m59.0s), 043/184 VUs, 1233 complete and 0 interrupted iterations
default   [  16% ] 043/184 VUs  0m59.0s/6m10.0s

running (1m00.0s), 043/184 VUs, 1275 complete and 0 interrupted iterations
default   [  16% ] 043/184 VUs  1m00.0s/6m10.0s

running (1m01.0s), 044/184 VUs, 1318 complete and 0 interrupted iterations
default   [  16% ] 044/184 VUs  1m01.0s/6m10.0s

running (1m02.0s), 044/184 VUs, 1362 complete and 0 interrupted iterations
default   [  17% ] 044/184 VUs  1m02.0s/6m10.0s

running (1m03.0s), 044/184 VUs, 1404 complete and 0 interrupted iterations
default   [  17% ] 044/184 VUs  1m03.0s/6m10.0s

running (1m04.0s), 044/184 VUs, 1447 complete and 0 interrupted iterations
default   [  17% ] 044/184 VUs  1m04.0s/6m10.0s

running (1m05.0s), 044/184 VUs, 1491 complete and 0 interrupted iterations
default   [  18% ] 044/184 VUs  1m05.0s/6m10.0s

running (1m06.0s), 044/184 VUs, 1534 complete and 0 interrupted iterations
default   [  18% ] 044/184 VUs  1m06.0s/6m10.0s

running (1m07.0s), 044/184 VUs, 1577 complete and 0 interrupted iterations
default   [  18% ] 044/184 VUs  1m07.0s/6m10.0s

running (1m08.0s), 044/184 VUs, 1621 complete and 0 interrupted iterations
default   [  18% ] 044/184 VUs  1m08.0s/6m10.0s

running (1m09.0s), 044/184 VUs, 1665 complete and 0 interrupted iterations
default   [  19% ] 044/184 VUs  1m09.0s/6m10.0s

running (1m10.0s), 044/184 VUs, 1706 complete and 0 interrupted iterations
default   [  19% ] 044/184 VUs  1m10.0s/6m10.0s

running (1m11.0s), 044/184 VUs, 1750 complete and 0 interrupted iterations
default   [  19% ] 044/184 VUs  1m11.0s/6m10.0s

running (1m12.0s), 044/184 VUs, 1794 complete and 0 interrupted iterations
default   [  19% ] 044/184 VUs  1m12.0s/6m10.0s

running (1m13.0s), 044/184 VUs, 1838 complete and 0 interrupted iterations
default   [  20% ] 044/184 VUs  1m13.0s/6m10.0s

running (1m14.0s), 044/184 VUs, 1879 complete and 0 interrupted iterations
default   [  20% ] 044/184 VUs  1m14.0s/6m10.0s

running (1m15.0s), 044/184 VUs, 1923 complete and 0 interrupted iterations
default   [  20% ] 044/184 VUs  1m15.0s/6m10.0s

running (1m16.0s), 044/184 VUs, 1967 complete and 0 interrupted iterations
default   [  21% ] 044/184 VUs  1m16.0s/6m10.0s

running (1m17.0s), 044/184 VUs, 2011 complete and 0 interrupted iterations
default   [  21% ] 044/184 VUs  1m17.0s/6m10.0s

running (1m18.0s), 044/184 VUs, 2055 complete and 0 interrupted iterations
default   [  21% ] 044/184 VUs  1m18.0s/6m10.0s

running (1m19.0s), 044/184 VUs, 2097 complete and 0 interrupted iterations
default   [  21% ] 044/184 VUs  1m19.0s/6m10.0s

running (1m20.0s), 044/184 VUs, 2138 complete and 0 interrupted iterations
default   [  22% ] 044/184 VUs  1m20.0s/6m10.0s

running (1m21.0s), 044/184 VUs, 2182 complete and 0 interrupted iterations
default   [  22% ] 044/184 VUs  1m21.0s/6m10.0s

running (1m22.0s), 044/184 VUs, 2226 complete and 0 interrupted iterations
default   [  22% ] 044/184 VUs  1m22.0s/6m10.0s

running (1m23.0s), 044/184 VUs, 2270 complete and 0 interrupted iterations
default   [  22% ] 044/184 VUs  1m23.0s/6m10.0s

running (1m24.0s), 044/184 VUs, 2314 complete and 0 interrupted iterations
default   [  23% ] 044/184 VUs  1m24.0s/6m10.0s

running (1m25.0s), 044/184 VUs, 2355 complete and 0 interrupted iterations
default   [  23% ] 044/184 VUs  1m25.0s/6m10.0s

running (1m26.0s), 044/184 VUs, 2397 complete and 0 interrupted iterations
default   [  23% ] 044/184 VUs  1m26.0s/6m10.0s

running (1m27.0s), 044/184 VUs, 2441 complete and 0 interrupted iterations
default   [  24% ] 044/184 VUs  1m27.0s/6m10.0s

running (1m28.0s), 044/184 VUs, 2485 complete and 0 interrupted iterations
default   [  24% ] 044/184 VUs  1m28.0s/6m10.0s

running (1m29.0s), 044/184 VUs, 2529 complete and 0 interrupted iterations
default   [  24% ] 044/184 VUs  1m29.0s/6m10.0s

running (1m30.0s), 044/184 VUs, 2573 complete and 0 interrupted iterations
default   [  24% ] 044/184 VUs  1m30.0s/6m10.0s

running (1m31.0s), 044/184 VUs, 2617 complete and 0 interrupted iterations
default   [  25% ] 044/184 VUs  1m31.0s/6m10.0s

running (1m32.0s), 044/184 VUs, 2661 complete and 0 interrupted iterations
default   [  25% ] 044/184 VUs  1m32.0s/6m10.0s

running (1m33.0s), 044/184 VUs, 2705 complete and 0 interrupted iterations
default   [  25% ] 044/184 VUs  1m33.0s/6m10.0s

running (1m34.0s), 044/184 VUs, 2743 complete and 0 interrupted iterations
default   [  25% ] 044/184 VUs  1m34.0s/6m10.0s

running (1m35.0s), 044/184 VUs, 2787 complete and 0 interrupted iterations
default   [  26% ] 044/184 VUs  1m35.0s/6m10.0s

running (1m36.0s), 044/184 VUs, 2831 complete and 0 interrupted iterations
default   [  26% ] 044/184 VUs  1m36.0s/6m10.0s

running (1m37.0s), 044/184 VUs, 2875 complete and 0 interrupted iterations
default   [  26% ] 044/184 VUs  1m37.0s/6m10.0s

running (1m38.0s), 044/184 VUs, 2919 complete and 0 interrupted iterations
default   [  26% ] 044/184 VUs  1m38.0s/6m10.0s

running (1m39.0s), 044/184 VUs, 2963 complete and 0 interrupted iterations
default   [  27% ] 044/184 VUs  1m39.0s/6m10.0s

running (1m40.0s), 044/184 VUs, 3004 complete and 0 interrupted iterations
default   [  27% ] 044/184 VUs  1m40.0s/6m10.0s

running (1m41.0s), 044/184 VUs, 3047 complete and 0 interrupted iterations
default   [  27% ] 044/184 VUs  1m41.0s/6m10.0s

running (1m42.0s), 044/184 VUs, 3091 complete and 0 interrupted iterations
default   [  28% ] 044/184 VUs  1m42.0s/6m10.0s

running (1m43.0s), 044/184 VUs, 3135 complete and 0 interrupted iterations
default   [  28% ] 044/184 VUs  1m43.0s/6m10.0s

running (1m44.0s), 044/184 VUs, 3179 complete and 0 interrupted iterations
default   [  28% ] 044/184 VUs  1m44.0s/6m10.0s

running (1m45.0s), 044/184 VUs, 3223 complete and 0 interrupted iterations
default   [  28% ] 044/184 VUs  1m45.0s/6m10.0s

running (1m46.0s), 044/184 VUs, 3267 complete and 0 interrupted iterations
default   [  29% ] 044/184 VUs  1m46.0s/6m10.0s

running (1m47.0s), 044/184 VUs, 3311 complete and 0 interrupted iterations
default   [  29% ] 044/184 VUs  1m47.0s/6m10.0s

running (1m48.0s), 044/184 VUs, 3351 complete and 0 interrupted iterations
default   [  29% ] 044/184 VUs  1m48.0s/6m10.0s

running (1m49.0s), 044/184 VUs, 3395 complete and 0 interrupted iterations
default   [  29% ] 044/184 VUs  1m49.0s/6m10.0s

running (1m50.0s), 044/184 VUs, 3439 complete and 0 interrupted iterations
default   [  30% ] 044/184 VUs  1m50.0s/6m10.0s

running (1m51.0s), 044/184 VUs, 3481 complete and 0 interrupted iterations
default   [  30% ] 044/184 VUs  1m51.0s/6m10.0s

running (1m52.0s), 044/184 VUs, 3524 complete and 0 interrupted iterations
default   [  30% ] 044/184 VUs  1m52.0s/6m10.0s

running (1m53.0s), 044/184 VUs, 3568 complete and 0 interrupted iterations
default   [  31% ] 044/184 VUs  1m53.0s/6m10.0s

running (1m54.0s), 044/184 VUs, 3612 complete and 0 interrupted iterations
default   [  31% ] 044/184 VUs  1m54.0s/6m10.0s

running (1m55.0s), 044/184 VUs, 3655 complete and 0 interrupted iterations
default   [  31% ] 044/184 VUs  1m55.0s/6m10.0s

running (1m56.0s), 044/184 VUs, 3699 complete and 0 interrupted iterations
default   [  31% ] 044/184 VUs  1m56.0s/6m10.0s

running (1m57.0s), 044/184 VUs, 3743 complete and 0 interrupted iterations
default   [  32% ] 044/184 VUs  1m57.0s/6m10.0s

running (1m58.0s), 044/184 VUs, 3785 complete and 0 interrupted iterations
default   [  32% ] 044/184 VUs  1m58.0s/6m10.0s

running (1m59.0s), 044/184 VUs, 3827 complete and 0 interrupted iterations
default   [  32% ] 044/184 VUs  1m59.0s/6m10.0s

running (2m00.0s), 044/184 VUs, 3870 complete and 0 interrupted iterations
default   [  32% ] 044/184 VUs  2m00.0s/6m10.0s

running (2m01.0s), 044/184 VUs, 3914 complete and 0 interrupted iterations
default   [  33% ] 044/184 VUs  2m01.0s/6m10.0s

running (2m02.0s), 044/184 VUs, 3958 complete and 0 interrupted iterations
default   [  33% ] 044/184 VUs  2m02.0s/6m10.0s

running (2m03.0s), 044/184 VUs, 4002 complete and 0 interrupted iterations
default   [  33% ] 044/184 VUs  2m03.0s/6m10.0s

running (2m04.0s), 044/184 VUs, 4044 complete and 0 interrupted iterations
default   [  34% ] 044/184 VUs  2m04.0s/6m10.0s

running (2m05.0s), 044/184 VUs, 4088 complete and 0 interrupted iterations
default   [  34% ] 044/184 VUs  2m05.0s/6m10.0s

running (2m06.0s), 044/184 VUs, 4132 complete and 0 interrupted iterations
default   [  34% ] 044/184 VUs  2m06.0s/6m10.0s

running (2m07.0s), 044/184 VUs, 4175 complete and 0 interrupted iterations
default   [  34% ] 044/184 VUs  2m07.0s/6m10.0s

running (2m08.0s), 044/184 VUs, 4217 complete and 0 interrupted iterations
default   [  35% ] 044/184 VUs  2m08.0s/6m10.0s

running (2m09.0s), 044/184 VUs, 4261 complete and 0 interrupted iterations
default   [  35% ] 044/184 VUs  2m09.0s/6m10.0s

running (2m10.0s), 044/184 VUs, 4302 complete and 0 interrupted iterations
default   [  35% ] 044/184 VUs  2m10.0s/6m10.0s

running (2m11.0s), 044/184 VUs, 4346 complete and 0 interrupted iterations
default   [  35% ] 044/184 VUs  2m11.0s/6m10.0s

running (2m12.0s), 044/184 VUs, 4390 complete and 0 interrupted iterations
default   [  36% ] 044/184 VUs  2m12.0s/6m10.0s

running (2m13.0s), 044/184 VUs, 4434 complete and 0 interrupted iterations
default   [  36% ] 044/184 VUs  2m13.0s/6m10.0s

running (2m14.0s), 044/184 VUs, 4475 complete and 0 interrupted iterations
default   [  36% ] 044/184 VUs  2m14.0s/6m10.0s

running (2m15.0s), 044/184 VUs, 4519 complete and 0 interrupted iterations
default   [  36% ] 044/184 VUs  2m15.0s/6m10.0s

running (2m16.0s), 044/184 VUs, 4563 complete and 0 interrupted iterations
default   [  37% ] 044/184 VUs  2m16.0s/6m10.0s

running (2m17.0s), 044/184 VUs, 4607 complete and 0 interrupted iterations
default   [  37% ] 044/184 VUs  2m17.0s/6m10.0s

running (2m18.0s), 044/184 VUs, 4646 complete and 0 interrupted iterations
default   [  37% ] 044/184 VUs  2m18.0s/6m10.0s

running (2m19.0s), 044/184 VUs, 4690 complete and 0 interrupted iterations
default   [  38% ] 044/184 VUs  2m19.0s/6m10.0s

running (2m20.0s), 044/184 VUs, 4734 complete and 0 interrupted iterations
default   [  38% ] 044/184 VUs  2m20.0s/6m10.0s

running (2m21.0s), 044/184 VUs, 4778 complete and 0 interrupted iterations
default   [  38% ] 044/184 VUs  2m21.0s/6m10.0s

running (2m22.0s), 044/184 VUs, 4822 complete and 0 interrupted iterations
default   [  38% ] 044/184 VUs  2m22.0s/6m10.0s

running (2m23.0s), 044/184 VUs, 4866 complete and 0 interrupted iterations
default   [  39% ] 044/184 VUs  2m23.0s/6m10.0s

running (2m24.0s), 044/184 VUs, 4910 complete and 0 interrupted iterations
default   [  39% ] 044/184 VUs  2m24.0s/6m10.0s

running (2m25.0s), 044/184 VUs, 4949 complete and 0 interrupted iterations
default   [  39% ] 044/184 VUs  2m25.0s/6m10.0s

running (2m26.0s), 044/184 VUs, 4993 complete and 0 interrupted iterations
default   [  39% ] 044/184 VUs  2m26.0s/6m10.0s

running (2m27.0s), 044/184 VUs, 5037 complete and 0 interrupted iterations
default   [  40% ] 044/184 VUs  2m27.0s/6m10.0s

running (2m28.0s), 044/184 VUs, 5081 complete and 0 interrupted iterations
default   [  40% ] 044/184 VUs  2m28.0s/6m10.0s

running (2m29.0s), 044/184 VUs, 5125 complete and 0 interrupted iterations
default   [  40% ] 044/184 VUs  2m29.0s/6m10.0s

running (2m30.0s), 044/184 VUs, 5169 complete and 0 interrupted iterations
default   [  41% ] 044/184 VUs  2m30.0s/6m10.0s

running (2m31.0s), 044/184 VUs, 5213 complete and 0 interrupted iterations
default   [  41% ] 044/184 VUs  2m31.0s/6m10.0s

running (2m32.0s), 044/184 VUs, 5257 complete and 0 interrupted iterations
default   [  41% ] 044/184 VUs  2m32.0s/6m10.0s

running (2m33.0s), 044/184 VUs, 5297 complete and 0 interrupted iterations
default   [  41% ] 044/184 VUs  2m33.0s/6m10.0s

running (2m34.0s), 044/184 VUs, 5341 complete and 0 interrupted iterations
default   [  42% ] 044/184 VUs  2m34.0s/6m10.0s

running (2m35.0s), 044/184 VUs, 5384 complete and 0 interrupted iterations
default   [  42% ] 044/184 VUs  2m35.0s/6m10.0s

running (2m36.0s), 044/184 VUs, 5427 complete and 0 interrupted iterations
default   [  42% ] 044/184 VUs  2m36.0s/6m10.0s

running (2m37.0s), 044/184 VUs, 5471 complete and 0 interrupted iterations
default   [  42% ] 044/184 VUs  2m37.0s/6m10.0s

running (2m38.0s), 044/184 VUs, 5515 complete and 0 interrupted iterations
default   [  43% ] 044/184 VUs  2m38.0s/6m10.0s

running (2m39.0s), 044/184 VUs, 5559 complete and 0 interrupted iterations
default   [  43% ] 044/184 VUs  2m39.0s/6m10.0s

running (2m40.0s), 044/184 VUs, 5603 complete and 0 interrupted iterations
default   [  43% ] 044/184 VUs  2m40.0s/6m10.0s

running (2m41.0s), 044/184 VUs, 5643 complete and 0 interrupted iterations
default   [  44% ] 044/184 VUs  2m41.0s/6m10.0s

running (2m42.0s), 044/184 VUs, 5687 complete and 0 interrupted iterations
default   [  44% ] 044/184 VUs  2m42.0s/6m10.0s

running (2m43.0s), 044/184 VUs, 5731 complete and 0 interrupted iterations
default   [  44% ] 044/184 VUs  2m43.0s/6m10.0s

running (2m44.0s), 044/184 VUs, 5775 complete and 0 interrupted iterations
default   [  44% ] 044/184 VUs  2m44.0s/6m10.0s

running (2m45.0s), 044/184 VUs, 5819 complete and 0 interrupted iterations
default   [  45% ] 044/184 VUs  2m45.0s/6m10.0s

running (2m46.0s), 044/184 VUs, 5863 complete and 0 interrupted iterations
default   [  45% ] 044/184 VUs  2m46.0s/6m10.0s

running (2m47.0s), 044/184 VUs, 5907 complete and 0 interrupted iterations
default   [  45% ] 044/184 VUs  2m47.0s/6m10.0s

running (2m48.0s), 044/184 VUs, 5947 complete and 0 interrupted iterations
default   [  45% ] 044/184 VUs  2m48.0s/6m10.0s

running (2m49.0s), 044/184 VUs, 5991 complete and 0 interrupted iterations
default   [  46% ] 044/184 VUs  2m49.0s/6m10.0s

running (2m50.0s), 044/184 VUs, 6035 complete and 0 interrupted iterations
default   [  46% ] 044/184 VUs  2m50.0s/6m10.0s

running (2m51.0s), 044/184 VUs, 6079 complete and 0 interrupted iterations
default   [  46% ] 044/184 VUs  2m51.0s/6m10.0s

running (2m52.0s), 044/184 VUs, 6123 complete and 0 interrupted iterations
default   [  46% ] 044/184 VUs  2m52.0s/6m10.0s

running (2m53.0s), 044/184 VUs, 6164 complete and 0 interrupted iterations
default   [  47% ] 044/184 VUs  2m53.0s/6m10.0s

running (2m54.0s), 044/184 VUs, 6208 complete and 0 interrupted iterations
default   [  47% ] 044/184 VUs  2m54.0s/6m10.0s

running (2m55.0s), 044/184 VUs, 6252 complete and 0 interrupted iterations
default   [  47% ] 044/184 VUs  2m55.0s/6m10.0s

running (2m56.0s), 044/184 VUs, 6293 complete and 0 interrupted iterations
default   [  48% ] 044/184 VUs  2m56.0s/6m10.0s

running (2m57.0s), 044/184 VUs, 6337 complete and 0 interrupted iterations
default   [  48% ] 044/184 VUs  2m57.0s/6m10.0s

running (2m58.0s), 044/184 VUs, 6381 complete and 0 interrupted iterations
default   [  48% ] 044/184 VUs  2m58.0s/6m10.0s

running (2m59.0s), 044/184 VUs, 6422 complete and 0 interrupted iterations
default   [  48% ] 044/184 VUs  2m59.0s/6m10.0s

running (3m00.0s), 044/184 VUs, 6466 complete and 0 interrupted iterations
default   [  49% ] 044/184 VUs  3m00.0s/6m10.0s

running (3m01.0s), 046/184 VUs, 6510 complete and 0 interrupted iterations
default   [  49% ] 046/184 VUs  3m01.0s/6m10.0s

running (3m02.0s), 048/184 VUs, 6556 complete and 0 interrupted iterations
default   [  49% ] 048/184 VUs  3m02.0s/6m10.0s

running (3m03.0s), 050/184 VUs, 6604 complete and 0 interrupted iterations
default   [  49% ] 050/184 VUs  3m03.0s/6m10.0s

running (3m04.0s), 053/184 VUs, 6654 complete and 0 interrupted iterations
default   [  50% ] 053/184 VUs  3m04.0s/6m10.0s

running (3m05.0s), 055/184 VUs, 6705 complete and 0 interrupted iterations
default   [  50% ] 055/184 VUs  3m05.0s/6m10.0s

running (3m06.0s), 057/184 VUs, 6760 complete and 0 interrupted iterations
default   [  50% ] 057/184 VUs  3m06.0s/6m10.0s

running (3m07.0s), 060/184 VUs, 6813 complete and 0 interrupted iterations
default   [  51% ] 060/184 VUs  3m07.0s/6m10.0s

running (3m08.0s), 062/184 VUs, 6873 complete and 0 interrupted iterations
default   [  51% ] 062/184 VUs  3m08.0s/6m10.0s

running (3m09.0s), 064/184 VUs, 6935 complete and 0 interrupted iterations
default   [  51% ] 064/184 VUs  3m09.0s/6m10.0s

running (3m10.0s), 067/184 VUs, 6995 complete and 0 interrupted iterations
default   [  51% ] 067/184 VUs  3m10.0s/6m10.0s

running (3m11.0s), 069/184 VUs, 7062 complete and 0 interrupted iterations
default   [  52% ] 069/184 VUs  3m11.0s/6m10.0s

running (3m12.0s), 071/184 VUs, 7131 complete and 0 interrupted iterations
default   [  52% ] 071/184 VUs  3m12.0s/6m10.0s

running (3m13.0s), 074/184 VUs, 7198 complete and 0 interrupted iterations
default   [  52% ] 074/184 VUs  3m13.0s/6m10.0s

running (3m14.0s), 076/184 VUs, 7272 complete and 0 interrupted iterations
default   [  52% ] 076/184 VUs  3m14.0s/6m10.0s

running (3m15.0s), 078/184 VUs, 7348 complete and 0 interrupted iterations
default   [  53% ] 078/184 VUs  3m15.0s/6m10.0s

running (3m16.0s), 081/184 VUs, 7426 complete and 0 interrupted iterations
default   [  53% ] 081/184 VUs  3m16.0s/6m10.0s

running (3m17.0s), 083/184 VUs, 7504 complete and 0 interrupted iterations
default   [  53% ] 083/184 VUs  3m17.0s/6m10.0s

running (3m18.0s), 085/184 VUs, 7585 complete and 0 interrupted iterations
default   [  54% ] 085/184 VUs  3m18.0s/6m10.0s

running (3m19.0s), 088/184 VUs, 7668 complete and 0 interrupted iterations
default   [  54% ] 088/184 VUs  3m19.0s/6m10.0s

running (3m20.0s), 090/184 VUs, 7754 complete and 0 interrupted iterations
default   [  54% ] 090/184 VUs  3m20.0s/6m10.0s

running (3m21.0s), 092/184 VUs, 7844 complete and 0 interrupted iterations
default   [  54% ] 092/184 VUs  3m21.0s/6m10.0s

running (3m22.0s), 095/184 VUs, 7936 complete and 0 interrupted iterations
default   [  55% ] 095/184 VUs  3m22.0s/6m10.0s

running (3m23.0s), 097/184 VUs, 8029 complete and 0 interrupted iterations
default   [  55% ] 097/184 VUs  3m23.0s/6m10.0s

running (3m24.0s), 099/184 VUs, 8126 complete and 0 interrupted iterations
default   [  55% ] 099/184 VUs  3m24.0s/6m10.0s

running (3m25.0s), 102/184 VUs, 8220 complete and 0 interrupted iterations
default   [  55% ] 102/184 VUs  3m25.0s/6m10.0s

running (3m26.0s), 104/184 VUs, 8319 complete and 0 interrupted iterations
default   [  56% ] 104/184 VUs  3m26.0s/6m10.0s

running (3m27.0s), 106/184 VUs, 8423 complete and 0 interrupted iterations
default   [  56% ] 106/184 VUs  3m27.0s/6m10.0s

running (3m28.0s), 109/184 VUs, 8529 complete and 0 interrupted iterations
default   [  56% ] 109/184 VUs  3m28.0s/6m10.0s

running (3m29.0s), 111/184 VUs, 8637 complete and 0 interrupted iterations
default   [  56% ] 111/184 VUs  3m29.0s/6m10.0s

running (3m30.0s), 113/184 VUs, 8746 complete and 0 interrupted iterations
default   [  57% ] 113/184 VUs  3m30.0s/6m10.0s

running (3m31.0s), 116/184 VUs, 8852 complete and 0 interrupted iterations
default   [  57% ] 116/184 VUs  3m31.0s/6m10.0s

running (3m32.0s), 118/184 VUs, 8967 complete and 0 interrupted iterations
default   [  57% ] 118/184 VUs  3m32.0s/6m10.0s

running (3m33.0s), 120/184 VUs, 9085 complete and 0 interrupted iterations
default   [  58% ] 120/184 VUs  3m33.0s/6m10.0s

running (3m34.0s), 123/184 VUs, 9205 complete and 0 interrupted iterations
default   [  58% ] 123/184 VUs  3m34.0s/6m10.0s

running (3m35.0s), 125/184 VUs, 9324 complete and 0 interrupted iterations
default   [  58% ] 125/184 VUs  3m35.0s/6m10.0s

running (3m36.0s), 127/184 VUs, 9447 complete and 0 interrupted iterations
default   [  58% ] 127/184 VUs  3m36.0s/6m10.0s

running (3m37.0s), 130/184 VUs, 9574 complete and 0 interrupted iterations
default   [  59% ] 130/184 VUs  3m37.0s/6m10.0s

running (3m38.0s), 132/184 VUs, 9702 complete and 0 interrupted iterations
default   [  59% ] 132/184 VUs  3m38.0s/6m10.0s

running (3m39.0s), 134/184 VUs, 9834 complete and 0 interrupted iterations
default   [  59% ] 134/184 VUs  3m39.0s/6m10.0s

running (3m40.0s), 137/184 VUs, 9960 complete and 0 interrupted iterations
default   [  59% ] 137/184 VUs  3m40.0s/6m10.0s

running (3m41.0s), 139/184 VUs, 10094 complete and 0 interrupted iterations
default   [  60% ] 139/184 VUs  3m41.0s/6m10.0s

running (3m42.0s), 141/184 VUs, 10233 complete and 0 interrupted iterations
default   [  60% ] 141/184 VUs  3m42.0s/6m10.0s

running (3m43.0s), 144/184 VUs, 10374 complete and 0 interrupted iterations
default   [  60% ] 144/184 VUs  3m43.0s/6m10.0s

running (3m44.0s), 146/184 VUs, 10515 complete and 0 interrupted iterations
default   [  61% ] 146/184 VUs  3m44.0s/6m10.0s

running (3m45.0s), 148/184 VUs, 10659 complete and 0 interrupted iterations
default   [  61% ] 148/184 VUs  3m45.0s/6m10.0s

running (3m46.0s), 151/184 VUs, 10802 complete and 0 interrupted iterations
default   [  61% ] 151/184 VUs  3m46.0s/6m10.0s

running (3m47.0s), 153/184 VUs, 10949 complete and 0 interrupted iterations
default   [  61% ] 153/184 VUs  3m47.0s/6m10.0s

running (3m48.0s), 155/184 VUs, 11102 complete and 0 interrupted iterations
default   [  62% ] 155/184 VUs  3m48.0s/6m10.0s

running (3m49.0s), 158/184 VUs, 11252 complete and 0 interrupted iterations
default   [  62% ] 158/184 VUs  3m49.0s/6m10.0s

running (3m50.0s), 160/184 VUs, 11410 complete and 0 interrupted iterations
default   [  62% ] 160/184 VUs  3m50.0s/6m10.0s

running (3m51.0s), 162/184 VUs, 11570 complete and 0 interrupted iterations
default   [  62% ] 162/184 VUs  3m51.0s/6m10.0s

running (3m52.0s), 165/184 VUs, 11726 complete and 0 interrupted iterations
default   [  63% ] 165/184 VUs  3m52.0s/6m10.0s

running (3m53.0s), 167/184 VUs, 11889 complete and 0 interrupted iterations
default   [  63% ] 167/184 VUs  3m53.0s/6m10.0s

running (3m54.0s), 169/184 VUs, 12048 complete and 0 interrupted iterations
default   [  63% ] 169/184 VUs  3m54.0s/6m10.0s

running (3m55.0s), 172/184 VUs, 12213 complete and 0 interrupted iterations
default   [  64% ] 172/184 VUs  3m55.0s/6m10.0s

running (3m56.0s), 174/184 VUs, 12383 complete and 0 interrupted iterations
default   [  64% ] 174/184 VUs  3m56.0s/6m10.0s

running (3m57.0s), 176/184 VUs, 12557 complete and 0 interrupted iterations
default   [  64% ] 176/184 VUs  3m57.0s/6m10.0s

running (3m58.0s), 179/184 VUs, 12726 complete and 0 interrupted iterations
default   [  64% ] 179/184 VUs  3m58.0s/6m10.0s

running (3m59.0s), 181/184 VUs, 12905 complete and 0 interrupted iterations
default   [  65% ] 181/184 VUs  3m59.0s/6m10.0s

running (4m00.0s), 183/184 VUs, 13086 complete and 0 interrupted iterations
default   [  65% ] 183/184 VUs  4m00.0s/6m10.0s

running (4m01.0s), 184/184 VUs, 13263 complete and 0 interrupted iterations
default   [  65% ] 184/184 VUs  4m01.0s/6m10.0s

running (4m02.0s), 184/184 VUs, 13447 complete and 0 interrupted iterations
default   [  65% ] 184/184 VUs  4m02.0s/6m10.0s

running (4m03.0s), 184/184 VUs, 13626 complete and 0 interrupted iterations
default   [  66% ] 184/184 VUs  4m03.0s/6m10.0s

running (4m04.0s), 184/184 VUs, 13802 complete and 0 interrupted iterations
default   [  66% ] 184/184 VUs  4m04.0s/6m10.0s

running (4m05.0s), 184/184 VUs, 13986 complete and 0 interrupted iterations
default   [  66% ] 184/184 VUs  4m05.0s/6m10.0s

running (4m06.0s), 184/184 VUs, 14162 complete and 0 interrupted iterations
default   [  66% ] 184/184 VUs  4m06.0s/6m10.0s

running (4m07.0s), 184/184 VUs, 14344 complete and 0 interrupted iterations
default   [  67% ] 184/184 VUs  4m07.0s/6m10.0s

running (4m08.0s), 184/184 VUs, 14527 complete and 0 interrupted iterations
default   [  67% ] 184/184 VUs  4m08.0s/6m10.0s

running (4m09.0s), 184/184 VUs, 14706 complete and 0 interrupted iterations
default   [  67% ] 184/184 VUs  4m09.0s/6m10.0s

running (4m10.0s), 184/184 VUs, 14888 complete and 0 interrupted iterations
default   [  68% ] 184/184 VUs  4m10.0s/6m10.0s

running (4m11.0s), 184/184 VUs, 15069 complete and 0 interrupted iterations
default   [  68% ] 184/184 VUs  4m11.0s/6m10.0s

running (4m12.0s), 184/184 VUs, 15253 complete and 0 interrupted iterations
default   [  68% ] 184/184 VUs  4m12.0s/6m10.0s

running (4m13.0s), 184/184 VUs, 15429 complete and 0 interrupted iterations
default   [  68% ] 184/184 VUs  4m13.0s/6m10.0s

running (4m14.0s), 184/184 VUs, 15613 complete and 0 interrupted iterations
default   [  69% ] 184/184 VUs  4m14.0s/6m10.0s

running (4m15.0s), 184/184 VUs, 15797 complete and 0 interrupted iterations
default   [  69% ] 184/184 VUs  4m15.0s/6m10.0s

running (4m16.0s), 184/184 VUs, 15975 complete and 0 interrupted iterations
default   [  69% ] 184/184 VUs  4m16.0s/6m10.0s

running (4m17.0s), 184/184 VUs, 16157 complete and 0 interrupted iterations
default   [  69% ] 184/184 VUs  4m17.0s/6m10.0s

running (4m18.0s), 184/184 VUs, 16341 complete and 0 interrupted iterations
default   [  70% ] 184/184 VUs  4m18.0s/6m10.0s

running (4m19.0s), 184/184 VUs, 16495 complete and 0 interrupted iterations
default   [  70% ] 184/184 VUs  4m19.0s/6m10.0s

running (4m20.0s), 184/184 VUs, 16677 complete and 0 interrupted iterations
default   [  70% ] 184/184 VUs  4m20.0s/6m10.0s

running (4m21.0s), 184/184 VUs, 16730 complete and 0 interrupted iterations
default   [  71% ] 184/184 VUs  4m21.0s/6m10.0s

running (4m22.0s), 184/184 VUs, 16910 complete and 0 interrupted iterations
default   [  71% ] 184/184 VUs  4m22.0s/6m10.0s

running (4m23.0s), 184/184 VUs, 17094 complete and 0 interrupted iterations
default   [  71% ] 184/184 VUs  4m23.0s/6m10.0s

running (4m24.0s), 184/184 VUs, 17278 complete and 0 interrupted iterations
default   [  71% ] 184/184 VUs  4m24.0s/6m10.0s

running (4m25.0s), 184/184 VUs, 17414 complete and 0 interrupted iterations
default   [  72% ] 184/184 VUs  4m25.0s/6m10.0s

running (4m26.0s), 184/184 VUs, 17597 complete and 0 interrupted iterations
default   [  72% ] 184/184 VUs  4m26.0s/6m10.0s

running (4m27.0s), 184/184 VUs, 17779 complete and 0 interrupted iterations
default   [  72% ] 184/184 VUs  4m27.0s/6m10.0s

running (4m28.0s), 184/184 VUs, 17956 complete and 0 interrupted iterations
default   [  72% ] 184/184 VUs  4m28.0s/6m10.0s

running (4m29.0s), 184/184 VUs, 18140 complete and 0 interrupted iterations
default   [  73% ] 184/184 VUs  4m29.0s/6m10.0s

running (4m30.0s), 184/184 VUs, 18324 complete and 0 interrupted iterations
default   [  73% ] 184/184 VUs  4m30.0s/6m10.0s

running (4m31.0s), 184/184 VUs, 18508 complete and 0 interrupted iterations
default   [  73% ] 184/184 VUs  4m31.0s/6m10.0s

running (4m32.0s), 184/184 VUs, 18689 complete and 0 interrupted iterations
default   [  74% ] 184/184 VUs  4m32.0s/6m10.0s

running (4m33.0s), 184/184 VUs, 18847 complete and 0 interrupted iterations
default   [  74% ] 184/184 VUs  4m33.0s/6m10.0s

running (4m34.0s), 184/184 VUs, 19025 complete and 0 interrupted iterations
default   [  74% ] 184/184 VUs  4m34.0s/6m10.0s

running (4m35.0s), 184/184 VUs, 19148 complete and 0 interrupted iterations
default   [  74% ] 184/184 VUs  4m35.0s/6m10.0s

running (4m36.0s), 184/184 VUs, 19328 complete and 0 interrupted iterations
default   [  75% ] 184/184 VUs  4m36.0s/6m10.0s

running (4m37.0s), 184/184 VUs, 19446 complete and 0 interrupted iterations
default   [  75% ] 184/184 VUs  4m37.0s/6m10.0s

running (4m38.0s), 184/184 VUs, 19630 complete and 0 interrupted iterations
default   [  75% ] 184/184 VUs  4m38.0s/6m10.0s

running (4m39.0s), 184/184 VUs, 19810 complete and 0 interrupted iterations
default   [  75% ] 184/184 VUs  4m39.0s/6m10.0s

running (4m40.0s), 184/184 VUs, 19971 complete and 0 interrupted iterations
default   [  76% ] 184/184 VUs  4m40.0s/6m10.0s

running (4m41.0s), 184/184 VUs, 20133 complete and 0 interrupted iterations
default   [  76% ] 184/184 VUs  4m41.0s/6m10.0s

running (4m42.0s), 184/184 VUs, 20311 complete and 0 interrupted iterations
default   [  76% ] 184/184 VUs  4m42.0s/6m10.0s

running (4m43.0s), 184/184 VUs, 20490 complete and 0 interrupted iterations
default   [  76% ] 184/184 VUs  4m43.0s/6m10.0s

running (4m44.0s), 184/184 VUs, 20624 complete and 0 interrupted iterations
default   [  77% ] 184/184 VUs  4m44.0s/6m10.0s

running (4m45.0s), 184/184 VUs, 20784 complete and 0 interrupted iterations
default   [  77% ] 184/184 VUs  4m45.0s/6m10.0s

running (4m46.0s), 184/184 VUs, 20932 complete and 0 interrupted iterations
default   [  77% ] 184/184 VUs  4m46.0s/6m10.0s

running (4m47.0s), 184/184 VUs, 21116 complete and 0 interrupted iterations
default   [  78% ] 184/184 VUs  4m47.0s/6m10.0s

running (4m48.0s), 184/184 VUs, 21300 complete and 0 interrupted iterations
default   [  78% ] 184/184 VUs  4m48.0s/6m10.0s

running (4m49.0s), 184/184 VUs, 21484 complete and 0 interrupted iterations
default   [  78% ] 184/184 VUs  4m49.0s/6m10.0s

running (4m50.0s), 184/184 VUs, 21668 complete and 0 interrupted iterations
default   [  78% ] 184/184 VUs  4m50.0s/6m10.0s

running (4m51.0s), 184/184 VUs, 21852 complete and 0 interrupted iterations
default   [  79% ] 184/184 VUs  4m51.0s/6m10.0s

running (4m52.0s), 184/184 VUs, 22036 complete and 0 interrupted iterations
default   [  79% ] 184/184 VUs  4m52.0s/6m10.0s

running (4m53.0s), 184/184 VUs, 22175 complete and 0 interrupted iterations
default   [  79% ] 184/184 VUs  4m53.0s/6m10.0s

running (4m54.0s), 184/184 VUs, 22339 complete and 0 interrupted iterations
default   [  79% ] 184/184 VUs  4m54.0s/6m10.0s

running (4m55.0s), 184/184 VUs, 22503 complete and 0 interrupted iterations
default   [  80% ] 184/184 VUs  4m55.0s/6m10.0s

running (4m56.0s), 184/184 VUs, 22683 complete and 0 interrupted iterations
default   [  80% ] 184/184 VUs  4m56.0s/6m10.0s

running (4m57.0s), 184/184 VUs, 22860 complete and 0 interrupted iterations
default   [  80% ] 184/184 VUs  4m57.0s/6m10.0s

running (4m58.0s), 184/184 VUs, 23035 complete and 0 interrupted iterations
default   [  81% ] 184/184 VUs  4m58.0s/6m10.0s

running (4m59.0s), 184/184 VUs, 23166 complete and 0 interrupted iterations
default   [  81% ] 184/184 VUs  4m59.0s/6m10.0s

running (5m00.0s), 184/184 VUs, 23350 complete and 0 interrupted iterations
default   [  81% ] 184/184 VUs  5m00.0s/6m10.0s

running (5m01.0s), 184/184 VUs, 23534 complete and 0 interrupted iterations
default   [  81% ] 184/184 VUs  5m01.0s/6m10.0s

running (5m02.0s), 184/184 VUs, 23676 complete and 0 interrupted iterations
default   [  82% ] 184/184 VUs  5m02.0s/6m10.0s

running (5m03.0s), 184/184 VUs, 23845 complete and 0 interrupted iterations
default   [  82% ] 184/184 VUs  5m03.0s/6m10.0s

running (5m04.0s), 184/184 VUs, 23913 complete and 0 interrupted iterations
default   [  82% ] 184/184 VUs  5m04.0s/6m10.0s

running (5m05.0s), 184/184 VUs, 24081 complete and 0 interrupted iterations
default   [  82% ] 184/184 VUs  5m05.0s/6m10.0s

running (5m06.0s), 184/184 VUs, 24264 complete and 0 interrupted iterations
default   [  83% ] 184/184 VUs  5m06.0s/6m10.0s

running (5m07.0s), 184/184 VUs, 24448 complete and 0 interrupted iterations
default   [  83% ] 184/184 VUs  5m07.0s/6m10.0s

running (5m08.0s), 184/184 VUs, 24632 complete and 0 interrupted iterations
default   [  83% ] 184/184 VUs  5m08.0s/6m10.0s

running (5m09.0s), 184/184 VUs, 24816 complete and 0 interrupted iterations
default   [  84% ] 184/184 VUs  5m09.0s/6m10.0s

running (5m10.0s), 184/184 VUs, 25000 complete and 0 interrupted iterations
default   [  84% ] 184/184 VUs  5m10.0s/6m10.0s

running (5m11.0s), 184/184 VUs, 25184 complete and 0 interrupted iterations
default   [  84% ] 184/184 VUs  5m11.0s/6m10.0s

running (5m12.0s), 184/184 VUs, 25368 complete and 0 interrupted iterations
default   [  84% ] 184/184 VUs  5m12.0s/6m10.0s

running (5m13.0s), 184/184 VUs, 25488 complete and 0 interrupted iterations
default   [  85% ] 184/184 VUs  5m13.0s/6m10.0s

running (5m14.0s), 184/184 VUs, 25633 complete and 0 interrupted iterations
default   [  85% ] 184/184 VUs  5m14.0s/6m10.0s

running (5m15.0s), 184/184 VUs, 25816 complete and 0 interrupted iterations
default   [  85% ] 184/184 VUs  5m15.0s/6m10.0s

running (5m16.0s), 184/184 VUs, 25982 complete and 0 interrupted iterations
default   [  85% ] 184/184 VUs  5m16.0s/6m10.0s

running (5m17.0s), 184/184 VUs, 26140 complete and 0 interrupted iterations
default   [  86% ] 184/184 VUs  5m17.0s/6m10.0s

running (5m18.0s), 184/184 VUs, 26324 complete and 0 interrupted iterations
default   [  86% ] 184/184 VUs  5m18.0s/6m10.0s

running (5m19.0s), 184/184 VUs, 26508 complete and 0 interrupted iterations
default   [  86% ] 184/184 VUs  5m19.0s/6m10.0s

running (5m20.0s), 184/184 VUs, 26692 complete and 0 interrupted iterations
default   [  86% ] 184/184 VUs  5m20.0s/6m10.0s

running (5m21.0s), 184/184 VUs, 26864 complete and 0 interrupted iterations
default   [  87% ] 184/184 VUs  5m21.0s/6m10.0s

running (5m22.0s), 184/184 VUs, 27028 complete and 0 interrupted iterations
default   [  87% ] 184/184 VUs  5m22.0s/6m10.0s

running (5m23.0s), 184/184 VUs, 27205 complete and 0 interrupted iterations
default   [  87% ] 184/184 VUs  5m23.0s/6m10.0s

running (5m24.0s), 184/184 VUs, 27383 complete and 0 interrupted iterations
default   [  88% ] 184/184 VUs  5m24.0s/6m10.0s

running (5m25.0s), 184/184 VUs, 27565 complete and 0 interrupted iterations
default   [  88% ] 184/184 VUs  5m25.0s/6m10.0s

running (5m26.0s), 184/184 VUs, 27632 complete and 0 interrupted iterations
default   [  88% ] 184/184 VUs  5m26.0s/6m10.0s

running (5m27.0s), 184/184 VUs, 27816 complete and 0 interrupted iterations
default   [  88% ] 184/184 VUs  5m27.0s/6m10.0s

running (5m28.0s), 184/184 VUs, 27983 complete and 0 interrupted iterations
default   [  89% ] 184/184 VUs  5m28.0s/6m10.0s

running (5m29.0s), 184/184 VUs, 28167 complete and 0 interrupted iterations
default   [  89% ] 184/184 VUs  5m29.0s/6m10.0s

running (5m30.0s), 184/184 VUs, 28351 complete and 0 interrupted iterations
default   [  89% ] 184/184 VUs  5m30.0s/6m10.0s

running (5m31.0s), 184/184 VUs, 28535 complete and 0 interrupted iterations
default   [  89% ] 184/184 VUs  5m31.0s/6m10.0s

running (5m32.0s), 184/184 VUs, 28719 complete and 0 interrupted iterations
default   [  90% ] 184/184 VUs  5m32.0s/6m10.0s

running (5m33.0s), 184/184 VUs, 28903 complete and 0 interrupted iterations
default   [  90% ] 184/184 VUs  5m33.0s/6m10.0s

running (5m34.0s), 184/184 VUs, 29087 complete and 0 interrupted iterations
default   [  90% ] 184/184 VUs  5m34.0s/6m10.0s

running (5m35.0s), 184/184 VUs, 29120 complete and 0 interrupted iterations
default   [  91% ] 184/184 VUs  5m35.0s/6m10.0s

running (5m36.0s), 184/184 VUs, 29300 complete and 0 interrupted iterations
default   [  91% ] 184/184 VUs  5m36.0s/6m10.0s

running (5m37.0s), 184/184 VUs, 29484 complete and 0 interrupted iterations
default   [  91% ] 184/184 VUs  5m37.0s/6m10.0s

running (5m38.0s), 184/184 VUs, 29668 complete and 0 interrupted iterations
default   [  91% ] 184/184 VUs  5m38.0s/6m10.0s

running (5m39.0s), 184/184 VUs, 29852 complete and 0 interrupted iterations
default   [  92% ] 184/184 VUs  5m39.0s/6m10.0s

running (5m40.0s), 184/184 VUs, 30027 complete and 0 interrupted iterations
default   [  92% ] 184/184 VUs  5m40.0s/6m10.0s

running (5m41.0s), 184/184 VUs, 30211 complete and 0 interrupted iterations
default   [  92% ] 184/184 VUs  5m41.0s/6m10.0s

running (5m42.0s), 184/184 VUs, 30395 complete and 0 interrupted iterations
default   [  92% ] 184/184 VUs  5m42.0s/6m10.0s

running (5m43.0s), 184/184 VUs, 30550 complete and 0 interrupted iterations
default   [  93% ] 184/184 VUs  5m43.0s/6m10.0s

running (5m44.0s), 184/184 VUs, 30605 complete and 0 interrupted iterations
default   [  93% ] 184/184 VUs  5m44.0s/6m10.0s

running (5m45.0s), 184/184 VUs, 30789 complete and 0 interrupted iterations
default   [  93% ] 184/184 VUs  5m45.0s/6m10.0s

running (5m46.0s), 184/184 VUs, 30973 complete and 0 interrupted iterations
default   [  94% ] 184/184 VUs  5m46.0s/6m10.0s

running (5m47.0s), 184/184 VUs, 31157 complete and 0 interrupted iterations
default   [  94% ] 184/184 VUs  5m47.0s/6m10.0s

running (5m48.0s), 184/184 VUs, 31341 complete and 0 interrupted iterations
default   [  94% ] 184/184 VUs  5m48.0s/6m10.0s

running (5m49.0s), 184/184 VUs, 31525 complete and 0 interrupted iterations
default   [  94% ] 184/184 VUs  5m49.0s/6m10.0s

running (5m50.0s), 184/184 VUs, 31709 complete and 0 interrupted iterations
default   [  95% ] 184/184 VUs  5m50.0s/6m10.0s

running (5m51.0s), 184/184 VUs, 31893 complete and 0 interrupted iterations
default   [  95% ] 184/184 VUs  5m51.0s/6m10.0s

running (5m52.0s), 184/184 VUs, 32077 complete and 0 interrupted iterations
default   [  95% ] 184/184 VUs  5m52.0s/6m10.0s

running (5m53.0s), 184/184 VUs, 32128 complete and 0 interrupted iterations
default   [  95% ] 184/184 VUs  5m53.0s/6m10.0s

running (5m54.0s), 184/184 VUs, 32312 complete and 0 interrupted iterations
default   [  96% ] 184/184 VUs  5m54.0s/6m10.0s

running (5m55.0s), 184/184 VUs, 32496 complete and 0 interrupted iterations
default   [  96% ] 184/184 VUs  5m55.0s/6m10.0s

running (5m56.0s), 184/184 VUs, 32676 complete and 0 interrupted iterations
default   [  96% ] 184/184 VUs  5m56.0s/6m10.0s

running (5m57.0s), 184/184 VUs, 32839 complete and 0 interrupted iterations
default   [  96% ] 184/184 VUs  5m57.0s/6m10.0s

running (5m58.0s), 184/184 VUs, 33023 complete and 0 interrupted iterations
default   [  97% ] 184/184 VUs  5m58.0s/6m10.0s

running (5m59.0s), 184/184 VUs, 33207 complete and 0 interrupted iterations
default   [  97% ] 184/184 VUs  5m59.0s/6m10.0s

running (6m00.0s), 184/184 VUs, 33384 complete and 0 interrupted iterations
default   [  97% ] 184/184 VUs  6m00.0s/6m10.0s

running (6m01.0s), 172/184 VUs, 33561 complete and 0 interrupted iterations
default   [  98% ] 172/184 VUs  6m01.0s/6m10.0s

running (6m02.0s), 155/184 VUs, 33707 complete and 0 interrupted iterations
default   [  98% ] 155/184 VUs  6m02.0s/6m10.0s

running (6m03.0s), 139/184 VUs, 33829 complete and 0 interrupted iterations
default   [  98% ] 139/184 VUs  6m03.0s/6m10.0s

running (6m04.0s), 125/184 VUs, 33961 complete and 0 interrupted iterations
default   [  98% ] 125/184 VUs  6m04.0s/6m10.0s

running (6m05.0s), 105/184 VUs, 34065 complete and 0 interrupted iterations
default   [  99% ] 105/184 VUs  6m05.0s/6m10.0s

running (6m06.0s), 086/184 VUs, 34164 complete and 0 interrupted iterations
default   [  99% ] 086/184 VUs  6m06.0s/6m10.0s

running (6m07.0s), 070/184 VUs, 34247 complete and 0 interrupted iterations
default   [  99% ] 070/184 VUs  6m07.0s/6m10.0s

running (6m08.0s), 052/184 VUs, 34317 complete and 0 interrupted iterations
default   [  99% ] 052/184 VUs  6m08.0s/6m10.0s

running (6m09.0s), 033/184 VUs, 34368 complete and 0 interrupted iterations
default   [ 100% ] 033/184 VUs  6m09.0s/6m10.0s

running (6m10.0s), 014/184 VUs, 34401 complete and 0 interrupted iterations
default   [ 100% ] 014/184 VUs  6m10.0s/6m10.0s

running (6m10.7s), 000/184 VUs, 34415 complete and 0 interrupted iterations
default ✓ [ 100% ] 000/184 VUs  6m10s

     ✓ response ok

     checks.........................: 100.00% ✓ 34415 ✗ 0    
     data_received..................: 54 MB   146 kB/s
     data_sent......................: 12 MB   34 kB/s
     http_req_blocked...............: avg=54.88µs min=0s     med=0s     max=183.8ms  p(90)=1µs     p(95)=1µs     
     http_req_connecting............: avg=13.55µs min=0s     med=0s     max=7.44ms   p(90)=0s      p(95)=0s      
   ✓ http_req_duration..............: avg=30.02ms min=4.55ms med=9.71ms max=1.09s    p(90)=62.44ms p(95)=116.19ms
       { expected_response:true }...: avg=30.02ms min=4.55ms med=9.71ms max=1.09s    p(90)=62.44ms p(95)=116.19ms
     http_req_failed................: 0.00%   ✓ 0     ✗ 68830
     http_req_receiving.............: avg=407.8µs min=27µs   med=73µs   max=197.18ms p(90)=326µs   p(95)=942µs   
     http_req_sending...............: avg=88.51µs min=20µs   med=72µs   max=11.09ms  p(90)=159µs   p(95)=203µs   
     http_req_tls_handshaking.......: avg=40.49µs min=0s     med=0s     max=175.49ms p(90)=0s      p(95)=0s      
     http_req_waiting...............: avg=29.52ms min=3.67ms med=9.41ms max=1.08s    p(90)=61.41ms p(95)=114.9ms 
     http_reqs......................: 68830   185.69712/s
     iteration_duration.............: avg=1.06s   min=1.01s  med=1.01s  max=2.41s    p(90)=1.14s   p(95)=1.31s   
     iterations.....................: 34415   92.84856/s
     vus............................: 14      min=1   max=184
     vus_max........................: 184     min=184 max=184

