
          /\      |‾‾| /‾‾/   /‾‾/   
     /\  /  \     |  |/  /   /  /    
    /  \/    \    |     (   /   ‾‾\  
   /          \   |  |\  \ |  (‾)  | 
  / __________ \  |__| \__\ \_____/ .io

  execution: local
     script: monitoring/frequent/main/main_smoke.js
     output: -

  scenarios: (100.00%) 1 scenario, 1 max VUs, 1m30s max duration (incl. graceful stop):
           * default: 1 looping VUs for 1m0s (gracefulStop: 30s)


running (0m01.0s), 1/1 VUs, 0 complete and 0 interrupted iterations
default   [   2% ] 1 VUs  0m01.0s/1m0s

running (0m02.0s), 1/1 VUs, 1 complete and 0 interrupted iterations
default   [   3% ] 1 VUs  0m02.0s/1m0s

running (0m03.0s), 1/1 VUs, 2 complete and 0 interrupted iterations
default   [   5% ] 1 VUs  0m03.0s/1m0s

running (0m04.0s), 1/1 VUs, 3 complete and 0 interrupted iterations
default   [   7% ] 1 VUs  0m04.0s/1m0s

running (0m05.0s), 1/1 VUs, 4 complete and 0 interrupted iterations
default   [   8% ] 1 VUs  0m05.0s/1m0s

running (0m06.0s), 1/1 VUs, 5 complete and 0 interrupted iterations
default   [  10% ] 1 VUs  0m06.0s/1m0s

running (0m07.0s), 1/1 VUs, 6 complete and 0 interrupted iterations
default   [  12% ] 1 VUs  0m07.0s/1m0s

running (0m08.0s), 1/1 VUs, 7 complete and 0 interrupted iterations
default   [  13% ] 1 VUs  0m08.0s/1m0s

running (0m09.0s), 1/1 VUs, 8 complete and 0 interrupted iterations
default   [  15% ] 1 VUs  0m09.0s/1m0s

running (0m10.0s), 1/1 VUs, 9 complete and 0 interrupted iterations
default   [  17% ] 1 VUs  0m10.0s/1m0s

running (0m11.0s), 1/1 VUs, 10 complete and 0 interrupted iterations
default   [  18% ] 1 VUs  0m11.0s/1m0s

running (0m12.0s), 1/1 VUs, 11 complete and 0 interrupted iterations
default   [  20% ] 1 VUs  0m12.0s/1m0s

running (0m13.0s), 1/1 VUs, 12 complete and 0 interrupted iterations
default   [  22% ] 1 VUs  0m13.0s/1m0s

running (0m14.0s), 1/1 VUs, 13 complete and 0 interrupted iterations
default   [  23% ] 1 VUs  0m14.0s/1m0s

running (0m15.0s), 1/1 VUs, 14 complete and 0 interrupted iterations
default   [  25% ] 1 VUs  0m15.0s/1m0s

running (0m16.0s), 1/1 VUs, 15 complete and 0 interrupted iterations
default   [  27% ] 1 VUs  0m16.0s/1m0s

running (0m17.0s), 1/1 VUs, 16 complete and 0 interrupted iterations
default   [  28% ] 1 VUs  0m17.0s/1m0s

running (0m18.0s), 1/1 VUs, 17 complete and 0 interrupted iterations
default   [  30% ] 1 VUs  0m18.0s/1m0s

running (0m19.0s), 1/1 VUs, 18 complete and 0 interrupted iterations
default   [  32% ] 1 VUs  0m19.0s/1m0s

running (0m20.0s), 1/1 VUs, 19 complete and 0 interrupted iterations
default   [  33% ] 1 VUs  0m20.0s/1m0s

running (0m21.0s), 1/1 VUs, 20 complete and 0 interrupted iterations
default   [  35% ] 1 VUs  0m21.0s/1m0s

running (0m22.0s), 1/1 VUs, 21 complete and 0 interrupted iterations
default   [  37% ] 1 VUs  0m22.0s/1m0s

running (0m23.0s), 1/1 VUs, 22 complete and 0 interrupted iterations
default   [  38% ] 1 VUs  0m23.0s/1m0s

running (0m24.0s), 1/1 VUs, 23 complete and 0 interrupted iterations
default   [  40% ] 1 VUs  0m24.0s/1m0s

running (0m25.0s), 1/1 VUs, 24 complete and 0 interrupted iterations
default   [  42% ] 1 VUs  0m25.0s/1m0s

running (0m26.0s), 1/1 VUs, 25 complete and 0 interrupted iterations
default   [  43% ] 1 VUs  0m26.0s/1m0s

running (0m27.0s), 1/1 VUs, 26 complete and 0 interrupted iterations
default   [  45% ] 1 VUs  0m27.0s/1m0s

running (0m28.0s), 1/1 VUs, 27 complete and 0 interrupted iterations
default   [  47% ] 1 VUs  0m28.0s/1m0s

running (0m29.0s), 1/1 VUs, 28 complete and 0 interrupted iterations
default   [  48% ] 1 VUs  0m29.0s/1m0s

running (0m30.0s), 1/1 VUs, 29 complete and 0 interrupted iterations
default   [  50% ] 1 VUs  0m30.0s/1m0s

running (0m31.0s), 1/1 VUs, 30 complete and 0 interrupted iterations
default   [  52% ] 1 VUs  0m31.0s/1m0s

running (0m32.0s), 1/1 VUs, 31 complete and 0 interrupted iterations
default   [  53% ] 1 VUs  0m32.0s/1m0s

running (0m33.0s), 1/1 VUs, 32 complete and 0 interrupted iterations
default   [  55% ] 1 VUs  0m33.0s/1m0s

running (0m34.0s), 1/1 VUs, 33 complete and 0 interrupted iterations
default   [  57% ] 1 VUs  0m34.0s/1m0s

running (0m35.0s), 1/1 VUs, 34 complete and 0 interrupted iterations
default   [  58% ] 1 VUs  0m35.0s/1m0s

running (0m36.0s), 1/1 VUs, 35 complete and 0 interrupted iterations
default   [  60% ] 1 VUs  0m36.0s/1m0s

running (0m37.0s), 1/1 VUs, 36 complete and 0 interrupted iterations
default   [  62% ] 1 VUs  0m37.0s/1m0s

running (0m38.0s), 1/1 VUs, 37 complete and 0 interrupted iterations
default   [  63% ] 1 VUs  0m38.0s/1m0s

running (0m39.0s), 1/1 VUs, 38 complete and 0 interrupted iterations
default   [  65% ] 1 VUs  0m39.0s/1m0s

running (0m40.0s), 1/1 VUs, 39 complete and 0 interrupted iterations
default   [  67% ] 1 VUs  0m40.0s/1m0s

running (0m41.0s), 1/1 VUs, 40 complete and 0 interrupted iterations
default   [  68% ] 1 VUs  0m41.0s/1m0s

running (0m42.0s), 1/1 VUs, 41 complete and 0 interrupted iterations
default   [  70% ] 1 VUs  0m42.0s/1m0s

running (0m43.0s), 1/1 VUs, 42 complete and 0 interrupted iterations
default   [  72% ] 1 VUs  0m43.0s/1m0s

running (0m44.0s), 1/1 VUs, 42 complete and 0 interrupted iterations
default   [  73% ] 1 VUs  0m44.0s/1m0s

running (0m45.0s), 1/1 VUs, 43 complete and 0 interrupted iterations
default   [  75% ] 1 VUs  0m45.0s/1m0s

running (0m46.0s), 1/1 VUs, 44 complete and 0 interrupted iterations
default   [  77% ] 1 VUs  0m46.0s/1m0s

running (0m47.0s), 1/1 VUs, 45 complete and 0 interrupted iterations
default   [  78% ] 1 VUs  0m47.0s/1m0s

running (0m48.0s), 1/1 VUs, 46 complete and 0 interrupted iterations
default   [  80% ] 1 VUs  0m48.0s/1m0s

running (0m49.0s), 1/1 VUs, 47 complete and 0 interrupted iterations
default   [  82% ] 1 VUs  0m49.0s/1m0s

running (0m50.0s), 1/1 VUs, 48 complete and 0 interrupted iterations
default   [  83% ] 1 VUs  0m50.0s/1m0s

running (0m51.0s), 1/1 VUs, 49 complete and 0 interrupted iterations
default   [  85% ] 1 VUs  0m51.0s/1m0s

running (0m52.0s), 1/1 VUs, 50 complete and 0 interrupted iterations
default   [  87% ] 1 VUs  0m52.0s/1m0s

running (0m53.0s), 1/1 VUs, 51 complete and 0 interrupted iterations
default   [  88% ] 1 VUs  0m53.0s/1m0s

running (0m54.0s), 1/1 VUs, 52 complete and 0 interrupted iterations
default   [  90% ] 1 VUs  0m54.0s/1m0s

running (0m55.0s), 1/1 VUs, 53 complete and 0 interrupted iterations
default   [  92% ] 1 VUs  0m55.0s/1m0s

running (0m56.0s), 1/1 VUs, 54 complete and 0 interrupted iterations
default   [  93% ] 1 VUs  0m56.0s/1m0s

running (0m57.0s), 1/1 VUs, 55 complete and 0 interrupted iterations
default   [  95% ] 1 VUs  0m57.0s/1m0s

running (0m58.0s), 1/1 VUs, 56 complete and 0 interrupted iterations
default   [  97% ] 1 VUs  0m58.0s/1m0s

running (0m59.0s), 1/1 VUs, 57 complete and 0 interrupted iterations
default   [  98% ] 1 VUs  0m59.0s/1m0s

running (1m00.0s), 1/1 VUs, 58 complete and 0 interrupted iterations
default ↓ [ 100% ] 1 VUs  1m0s

running (1m00.3s), 0/1 VUs, 59 complete and 0 interrupted iterations
default ✓ [ 100% ] 1 VUs  1m0s

     ✓ response ok

     checks.........................: 100.00% ✓ 59  ✗ 0  
     data_received..................: 97 kB   1.6 kB/s
     data_sent......................: 22 kB   358 B/s
     http_req_blocked...............: avg=1.75ms   min=0s     med=0s     max=206.55ms p(90)=1µs      p(95)=1µs     
     http_req_connecting............: avg=44.93µs  min=0s     med=0s     max=5.3ms    p(90)=0s       p(95)=0s      
   ✓ http_req_duration..............: avg=8.78ms   min=5.09ms med=9.45ms max=21.09ms  p(90)=11.66ms  p(95)=13.61ms 
       { expected_response:true }...: avg=8.78ms   min=5.09ms med=9.45ms max=21.09ms  p(90)=11.66ms  p(95)=13.61ms 
     http_req_failed................: 0.00%   ✓ 0   ✗ 118
     http_req_receiving.............: avg=162.05µs min=63µs   med=117µs  max=3.02ms   p(90)=195.3µs  p(95)=261.49µs
     http_req_sending...............: avg=171.77µs min=44µs   med=162µs  max=683µs    p(90)=289.29µs p(95)=365.04µs
     http_req_tls_handshaking.......: avg=1.65ms   min=0s     med=0s     max=195.42ms p(90)=0s       p(95)=0s      
     http_req_waiting...............: avg=8.44ms   min=4.83ms med=9.1ms  max=20.94ms  p(90)=11.16ms  p(95)=13.2ms  
     http_reqs......................: 118     1.955731/s
     iteration_duration.............: avg=1.02s    min=1.01s  med=1.01s  max=1.22s    p(90)=1.02s    p(95)=1.02s   
     iterations.....................: 59      0.977866/s
     vus............................: 1       min=1 max=1
     vus_max........................: 1       min=1 max=1

