2021-06-13 13:14:03.023  INFO 97624 --- [main] nextstep.subway.SubwayApplication        : Starting SubwayApplication using Java 1.8.0_281 on Kimui-MacBookPro.local with PID 97624 (/Users/ujae/IdeaProjects/nextstep/infra-subway-monitoring/out/production/classes started by ujae in /Users/ujae/IdeaProjects/nextstep/infra-subway-monitoring)
2021-06-13 13:14:03.027  INFO 97624 --- [main] nextstep.subway.SubwayApplication        : The following profiles are active: local
2021-06-13 13:14:04.046  INFO 97624 --- [main] .s.d.r.c.RepositoryConfigurationDelegate : Bootstrapping Spring Data JPA repositories in DEFAULT mode.
2021-06-13 13:14:04.178  INFO 97624 --- [main] .s.d.r.c.RepositoryConfigurationDelegate : Finished Spring Data repository scanning in 115 ms. Found 4 JPA repository interfaces.
2021-06-13 13:14:04.685  INFO 97624 --- [main] trationDelegate$BeanPostProcessorChecker : Bean 'pl.allegro.tech.boot.autoconfigure.handlebars.HandlebarsHelpersAutoConfiguration' of type [pl.allegro.tech.boot.autoconfigure.handlebars.HandlebarsHelpersAutoConfiguration$$EnhancerBySpringCGLIB$$28cb626b] is not eligible for getting processed by all BeanPostProcessors (for example: not eligible for auto-proxying)
2021-06-13 13:14:04.698  INFO 97624 --- [main] trationDelegate$BeanPostProcessorChecker : Bean 'handlebars.resolver-pl.allegro.tech.boot.autoconfigure.handlebars.HandlebarsValueResolversProperties' of type [pl.allegro.tech.boot.autoconfigure.handlebars.HandlebarsValueResolversProperties] is not eligible for getting processed by all BeanPostProcessors (for example: not eligible for auto-proxying)
2021-06-13 13:14:04.707  INFO 97624 --- [main] trationDelegate$BeanPostProcessorChecker : Bean 'handlebars-pl.allegro.tech.boot.autoconfigure.handlebars.HandlebarsProperties' of type [pl.allegro.tech.boot.autoconfigure.handlebars.HandlebarsProperties] is not eligible for getting processed by all BeanPostProcessors (for example: not eligible for auto-proxying)
2021-06-13 13:14:04.719  INFO 97624 --- [main] trationDelegate$BeanPostProcessorChecker : Bean 'pl.allegro.tech.boot.autoconfigure.handlebars.HandlebarsAutoConfiguration$HandlebarsViewResolverConfiguration' of type [pl.allegro.tech.boot.autoconfigure.handlebars.HandlebarsAutoConfiguration$HandlebarsViewResolverConfiguration$$EnhancerBySpringCGLIB$$3bb28d09] is not eligible for getting processed by all BeanPostProcessors (for example: not eligible for auto-proxying)
2021-06-13 13:14:04.815  INFO 97624 --- [main] trationDelegate$BeanPostProcessorChecker : Bean 'handlebarsViewResolver' of type [com.github.jknack.handlebars.springmvc.HandlebarsViewResolver] is not eligible for getting processed by all BeanPostProcessors (for example: not eligible for auto-proxying)
2021-06-13 13:14:05.004  INFO 97624 --- [main] o.s.b.w.embedded.tomcat.TomcatWebServer  : Tomcat initialized with port(s): 8080 (http)
2021-06-13 13:14:05.014  INFO 97624 --- [main] o.apache.catalina.core.StandardService   : Starting service [Tomcat]
2021-06-13 13:14:05.014  INFO 97624 --- [main] org.apache.catalina.core.StandardEngine  : Starting Servlet engine: [Apache Tomcat/9.0.39]
2021-06-13 13:14:05.146  INFO 97624 --- [main] o.a.c.c.C.[Tomcat].[localhost].[/]       : Initializing Spring embedded WebApplicationContext
2021-06-13 13:14:05.146  INFO 97624 --- [main] w.s.c.ServletWebServerApplicationContext : Root WebApplicationContext: initialization completed in 1984 ms
2021-06-13 13:14:05.195  INFO 97624 --- [main] n.r.s.b.l.access.LogbackAccessContext    : Configured the Logback-access: context=[default], config=[classpath:logback-access.xml]
2021-06-13 13:14:05.366  INFO 97624 --- [main] o.hibernate.jpa.internal.util.LogHelper  : HHH000204: Processing PersistenceUnitInfo [name: default]
2021-06-13 13:14:05.400  INFO 97624 --- [main] org.hibernate.Version                    : HHH000412: Hibernate ORM core version 5.4.23.Final
2021-06-13 13:14:05.661  INFO 97624 --- [main] o.hibernate.annotations.common.Version   : HCANN000001: Hibernate Commons Annotations {5.1.2.Final}
2021-06-13 13:14:05.738  INFO 97624 --- [main] com.zaxxer.hikari.HikariDataSource       : HikariPool-1 - Starting...
2021-06-13 13:14:06.057  INFO 97624 --- [main] com.zaxxer.hikari.HikariDataSource       : HikariPool-1 - Start completed.
2021-06-13 13:14:06.073  INFO 97624 --- [main] org.hibernate.dialect.Dialect            : HHH000400: Using dialect: org.hibernate.dialect.MySQL57Dialect
2021-06-13 13:14:08.473  INFO 97624 --- [main] o.h.e.t.j.p.i.JtaPlatformInitiator       : HHH000490: Using JtaPlatform implementation: [org.hibernate.engine.transaction.jta.platform.internal.NoJtaPlatform]
2021-06-13 13:14:08.491  INFO 97624 --- [main] j.LocalContainerEntityManagerFactoryBean : Initialized JPA EntityManagerFactory for persistence unit 'default'
2021-06-13 13:14:09.153  WARN 97624 --- [main] JpaBaseConfiguration$JpaWebConfiguration : spring.jpa.open-in-view is enabled by default. Therefore, database queries may be performed during view rendering. Explicitly configure spring.jpa.open-in-view to disable this warning
2021-06-13 13:14:09.420  INFO 97624 --- [main] o.s.s.concurrent.ThreadPoolTaskExecutor  : Initializing ExecutorService 'applicationTaskExecutor'
2021-06-13 13:14:09.513  INFO 97624 --- [main] o.s.b.a.w.s.WelcomePageHandlerMapping    : Adding welcome page template: index
2021-06-13 13:14:09.958  INFO 97624 --- [main] o.s.b.w.embedded.tomcat.TomcatWebServer  : Tomcat started on port(s): 8080 (http) with context path ''
2021-06-13 13:14:09.972  INFO 97624 --- [main] nextstep.subway.SubwayApplication        : Started SubwayApplication in 8.309 seconds (JVM running for 9.835)
2021-06-13 13:14:10.043  INFO 97624 --- [SpringContextShutdownHook] o.s.s.concurrent.ThreadPoolTaskExecutor  : Shutting down ExecutorService 'applicationTaskExecutor'
2021-06-13 13:14:10.045  INFO 97624 --- [SpringContextShutdownHook] j.LocalContainerEntityManagerFactoryBean : Closing JPA EntityManagerFactory for persistence unit 'default'
2021-06-13 13:14:10.048  INFO 97624 --- [SpringContextShutdownHook] com.zaxxer.hikari.HikariDataSource       : HikariPool-1 - Shutdown initiated...
2021-06-13 13:14:10.061  INFO 97624 --- [SpringContextShutdownHook] com.zaxxer.hikari.HikariDataSource       : HikariPool-1 - Shutdown completed.
2021-06-13 13:14:32.035  INFO 97644 --- [main] nextstep.subway.SubwayApplication        : Starting SubwayApplication using Java 1.8.0_281 on Kimui-MacBookPro.local with PID 97644 (/Users/ujae/IdeaProjects/nextstep/infra-subway-monitoring/out/production/classes started by ujae in /Users/ujae/IdeaProjects/nextstep/infra-subway-monitoring)
2021-06-13 13:14:32.037  INFO 97644 --- [main] nextstep.subway.SubwayApplication        : The following profiles are active: local
2021-06-13 13:14:32.635  INFO 97644 --- [main] .s.d.r.c.RepositoryConfigurationDelegate : Bootstrapping Spring Data JPA repositories in DEFAULT mode.
2021-06-13 13:14:32.693  INFO 97644 --- [main] .s.d.r.c.RepositoryConfigurationDelegate : Finished Spring Data repository scanning in 52 ms. Found 4 JPA repository interfaces.
2021-06-13 13:14:33.072  INFO 97644 --- [main] trationDelegate$BeanPostProcessorChecker : Bean 'pl.allegro.tech.boot.autoconfigure.handlebars.HandlebarsHelpersAutoConfiguration' of type [pl.allegro.tech.boot.autoconfigure.handlebars.HandlebarsHelpersAutoConfiguration$$EnhancerBySpringCGLIB$$402708cd] is not eligible for getting processed by all BeanPostProcessors (for example: not eligible for auto-proxying)
2021-06-13 13:14:33.082  INFO 97644 --- [main] trationDelegate$BeanPostProcessorChecker : Bean 'handlebars.resolver-pl.allegro.tech.boot.autoconfigure.handlebars.HandlebarsValueResolversProperties' of type [pl.allegro.tech.boot.autoconfigure.handlebars.HandlebarsValueResolversProperties] is not eligible for getting processed by all BeanPostProcessors (for example: not eligible for auto-proxying)
2021-06-13 13:14:33.087  INFO 97644 --- [main] trationDelegate$BeanPostProcessorChecker : Bean 'handlebars-pl.allegro.tech.boot.autoconfigure.handlebars.HandlebarsProperties' of type [pl.allegro.tech.boot.autoconfigure.handlebars.HandlebarsProperties] is not eligible for getting processed by all BeanPostProcessors (for example: not eligible for auto-proxying)
2021-06-13 13:14:33.089  INFO 97644 --- [main] trationDelegate$BeanPostProcessorChecker : Bean 'pl.allegro.tech.boot.autoconfigure.handlebars.HandlebarsAutoConfiguration$HandlebarsViewResolverConfiguration' of type [pl.allegro.tech.boot.autoconfigure.handlebars.HandlebarsAutoConfiguration$HandlebarsViewResolverConfiguration$$EnhancerBySpringCGLIB$$530e336b] is not eligible for getting processed by all BeanPostProcessors (for example: not eligible for auto-proxying)
2021-06-13 13:14:33.126  INFO 97644 --- [main] trationDelegate$BeanPostProcessorChecker : Bean 'handlebarsViewResolver' of type [com.github.jknack.handlebars.springmvc.HandlebarsViewResolver] is not eligible for getting processed by all BeanPostProcessors (for example: not eligible for auto-proxying)
2021-06-13 13:14:33.302  INFO 97644 --- [main] o.s.b.w.embedded.tomcat.TomcatWebServer  : Tomcat initialized with port(s): 8080 (http)
2021-06-13 13:14:33.312  INFO 97644 --- [main] o.apache.catalina.core.StandardService   : Starting service [Tomcat]
2021-06-13 13:14:33.312  INFO 97644 --- [main] org.apache.catalina.core.StandardEngine  : Starting Servlet engine: [Apache Tomcat/9.0.39]
2021-06-13 13:14:33.406  INFO 97644 --- [main] o.a.c.c.C.[Tomcat].[localhost].[/]       : Initializing Spring embedded WebApplicationContext
2021-06-13 13:14:33.407  INFO 97644 --- [main] w.s.c.ServletWebServerApplicationContext : Root WebApplicationContext: initialization completed in 1288 ms
2021-06-13 13:14:33.449  INFO 97644 --- [main] n.r.s.b.l.access.LogbackAccessContext    : Configured the Logback-access: context=[default], config=[classpath:logback-access.xml]
2021-06-13 13:14:33.584  INFO 97644 --- [main] o.hibernate.jpa.internal.util.LogHelper  : HHH000204: Processing PersistenceUnitInfo [name: default]
2021-06-13 13:14:33.618  INFO 97644 --- [main] org.hibernate.Version                    : HHH000412: Hibernate ORM core version 5.4.23.Final
2021-06-13 13:14:33.782  INFO 97644 --- [main] o.hibernate.annotations.common.Version   : HCANN000001: Hibernate Commons Annotations {5.1.2.Final}
2021-06-13 13:14:33.854  INFO 97644 --- [main] com.zaxxer.hikari.HikariDataSource       : HikariPool-1 - Starting...
2021-06-13 13:14:34.012  INFO 97644 --- [main] com.zaxxer.hikari.HikariDataSource       : HikariPool-1 - Start completed.
2021-06-13 13:14:34.023  INFO 97644 --- [main] org.hibernate.dialect.Dialect            : HHH000400: Using dialect: org.hibernate.dialect.MySQL57Dialect
2021-06-13 13:14:36.107  INFO 97644 --- [main] o.h.e.t.j.p.i.JtaPlatformInitiator       : HHH000490: Using JtaPlatform implementation: [org.hibernate.engine.transaction.jta.platform.internal.NoJtaPlatform]
2021-06-13 13:14:36.118  INFO 97644 --- [main] j.LocalContainerEntityManagerFactoryBean : Initialized JPA EntityManagerFactory for persistence unit 'default'
2021-06-13 13:14:36.670  WARN 97644 --- [main] JpaBaseConfiguration$JpaWebConfiguration : spring.jpa.open-in-view is enabled by default. Therefore, database queries may be performed during view rendering. Explicitly configure spring.jpa.open-in-view to disable this warning
2021-06-13 13:14:36.820  INFO 97644 --- [main] o.s.s.concurrent.ThreadPoolTaskExecutor  : Initializing ExecutorService 'applicationTaskExecutor'
2021-06-13 13:14:36.898  INFO 97644 --- [main] o.s.b.a.w.s.WelcomePageHandlerMapping    : Adding welcome page template: index
2021-06-13 13:14:37.138  INFO 97644 --- [main] o.s.b.w.embedded.tomcat.TomcatWebServer  : Tomcat started on port(s): 8080 (http) with context path ''
2021-06-13 13:14:37.155  INFO 97644 --- [main] nextstep.subway.SubwayApplication        : Started SubwayApplication in 5.901 seconds (JVM running for 6.709)
2021-06-13 13:14:59.566  INFO 97644 --- [http-nio-8080-exec-1] o.a.c.c.C.[Tomcat].[localhost].[/]       : Initializing Spring DispatcherServlet 'dispatcherServlet'
2021-06-13 13:14:59.567  INFO 97644 --- [http-nio-8080-exec-1] o.s.web.servlet.DispatcherServlet        : Initializing Servlet 'dispatcherServlet'
2021-06-13 13:14:59.568  INFO 97644 --- [http-nio-8080-exec-1] o.s.web.servlet.DispatcherServlet        : Completed initialization in 1 ms
2021-06-13 13:15:01.389 TRACE 97644 --- [http-nio-8080-exec-2] o.h.type.descriptor.sql.BasicBinder      : binding parameter [1] as [VARCHAR] - [kwj1270@naver.com]
2021-06-13 13:15:01.418 ERROR 97644 --- [http-nio-8080-exec-2] o.a.c.c.C.[.[.[/].[dispatcherServlet]    : Servlet.service() for servlet [dispatcherServlet] in context with path [] threw exception [Request processing failed; nested exception is java.lang.RuntimeException] with root cause

java.lang.RuntimeException: null
	at java.util.Optional.orElseThrow(Optional.java:290)
	at nextstep.subway.auth.application.AuthService.findMemberByToken(AuthService.java:40)
	at nextstep.subway.auth.application.AuthService$$FastClassBySpringCGLIB$$b99edc99.invoke(<generated>)
	at org.springframework.cglib.proxy.MethodProxy.invoke(MethodProxy.java:218)
	at org.springframework.aop.framework.CglibAopProxy$CglibMethodInvocation.invokeJoinpoint(CglibAopProxy.java:771)
	at org.springframework.aop.framework.ReflectiveMethodInvocation.proceed(ReflectiveMethodInvocation.java:163)
	at org.springframework.aop.framework.CglibAopProxy$CglibMethodInvocation.proceed(CglibAopProxy.java:749)
	at org.springframework.transaction.interceptor.TransactionAspectSupport.invokeWithinTransaction(TransactionAspectSupport.java:371)
	at org.springframework.transaction.interceptor.TransactionInterceptor.invoke(TransactionInterceptor.java:134)
	at org.springframework.aop.framework.ReflectiveMethodInvocation.proceed(ReflectiveMethodInvocation.java:186)
	at org.springframework.aop.framework.CglibAopProxy$CglibMethodInvocation.proceed(CglibAopProxy.java:749)
	at org.springframework.aop.framework.CglibAopProxy$DynamicAdvisedInterceptor.intercept(CglibAopProxy.java:691)
	at nextstep.subway.auth.application.AuthService$$EnhancerBySpringCGLIB$$8188cc1d.findMemberByToken(<generated>)
	at nextstep.subway.auth.ui.AuthenticationPrincipalArgumentResolver.resolveArgument(AuthenticationPrincipalArgumentResolver.java:29)
	at nextstep.subway.auth.ui.AuthenticationPrincipalArgumentResolver$$FastClassBySpringCGLIB$$10bab075.invoke(<generated>)
	at org.springframework.cglib.proxy.MethodProxy.invoke(MethodProxy.java:218)
	at org.springframework.aop.framework.CglibAopProxy$CglibMethodInvocation.invokeJoinpoint(CglibAopProxy.java:771)
	at org.springframework.aop.framework.ReflectiveMethodInvocation.proceed(ReflectiveMethodInvocation.java:163)
	at org.springframework.aop.framework.CglibAopProxy$CglibMethodInvocation.proceed(CglibAopProxy.java:749)
	at org.springframework.aop.aspectj.MethodInvocationProceedingJoinPoint.proceed(MethodInvocationProceedingJoinPoint.java:102)
	at nextstep.subway.common.PerformanceTimeTracer.object(PerformanceTimeTracer.java:50)
	at nextstep.subway.common.PerformanceTimeTracer.calculatePerformanceTimeAuth(PerformanceTimeTracer.java:23)
	at sun.reflect.NativeMethodAccessorImpl.invoke0(Native Method)
	at sun.reflect.NativeMethodAccessorImpl.invoke(NativeMethodAccessorImpl.java:62)
	at sun.reflect.DelegatingMethodAccessorImpl.invoke(DelegatingMethodAccessorImpl.java:43)
	at java.lang.reflect.Method.invoke(Method.java:498)
	at org.springframework.aop.aspectj.AbstractAspectJAdvice.invokeAdviceMethodWithGivenArgs(AbstractAspectJAdvice.java:644)
	at org.springframework.aop.aspectj.AbstractAspectJAdvice.invokeAdviceMethod(AbstractAspectJAdvice.java:633)
	at org.springframework.aop.aspectj.AspectJAroundAdvice.invoke(AspectJAroundAdvice.java:72)
	at org.springframework.aop.framework.ReflectiveMethodInvocation.proceed(ReflectiveMethodInvocation.java:186)
	at org.springframework.aop.framework.CglibAopProxy$CglibMethodInvocation.proceed(CglibAopProxy.java:749)
	at org.springframework.aop.interceptor.ExposeInvocationInterceptor.invoke(ExposeInvocationInterceptor.java:97)
	at org.springframework.aop.framework.ReflectiveMethodInvocation.proceed(ReflectiveMethodInvocation.java:186)
	at org.springframework.aop.framework.CglibAopProxy$CglibMethodInvocation.proceed(CglibAopProxy.java:749)
	at org.springframework.aop.framework.CglibAopProxy$DynamicAdvisedInterceptor.intercept(CglibAopProxy.java:691)
	at nextstep.subway.auth.ui.AuthenticationPrincipalArgumentResolver$$EnhancerBySpringCGLIB$$66333668.resolveArgument(<generated>)
	at org.springframework.web.method.support.HandlerMethodArgumentResolverComposite.resolveArgument(HandlerMethodArgumentResolverComposite.java:121)
	at org.springframework.web.method.support.InvocableHandlerMethod.getMethodArgumentValues(InvocableHandlerMethod.java:170)
	at org.springframework.web.method.support.InvocableHandlerMethod.invokeForRequest(InvocableHandlerMethod.java:137)
	at org.springframework.web.servlet.mvc.method.annotation.ServletInvocableHandlerMethod.invokeAndHandle(ServletInvocableHandlerMethod.java:106)
	at org.springframework.web.servlet.mvc.method.annotation.RequestMappingHandlerAdapter.invokeHandlerMethod(RequestMappingHandlerAdapter.java:893)
	at org.springframework.web.servlet.mvc.method.annotation.RequestMappingHandlerAdapter.handleInternal(RequestMappingHandlerAdapter.java:807)
	at org.springframework.web.servlet.mvc.method.AbstractHandlerMethodAdapter.handle(AbstractHandlerMethodAdapter.java:87)
	at org.springframework.web.servlet.DispatcherServlet.doDispatch(DispatcherServlet.java:1061)
	at org.springframework.web.servlet.DispatcherServlet.doService(DispatcherServlet.java:961)
	at org.springframework.web.servlet.FrameworkServlet.processRequest(FrameworkServlet.java:1006)
	at org.springframework.web.servlet.FrameworkServlet.doGet(FrameworkServlet.java:898)
	at javax.servlet.http.HttpServlet.service(HttpServlet.java:626)
	at org.springframework.web.servlet.FrameworkServlet.service(FrameworkServlet.java:883)
	at javax.servlet.http.HttpServlet.service(HttpServlet.java:733)
	at org.apache.catalina.core.ApplicationFilterChain.internalDoFilter(ApplicationFilterChain.java:231)
	at org.apache.catalina.core.ApplicationFilterChain.doFilter(ApplicationFilterChain.java:166)
	at org.apache.tomcat.websocket.server.WsFilter.doFilter(WsFilter.java:53)
	at org.apache.catalina.core.ApplicationFilterChain.internalDoFilter(ApplicationFilterChain.java:193)
	at org.apache.catalina.core.ApplicationFilterChain.doFilter(ApplicationFilterChain.java:166)
	at org.springframework.web.filter.RequestContextFilter.doFilterInternal(RequestContextFilter.java:100)
	at org.springframework.web.filter.OncePerRequestFilter.doFilter(OncePerRequestFilter.java:119)
	at org.apache.catalina.core.ApplicationFilterChain.internalDoFilter(ApplicationFilterChain.java:193)
	at org.apache.catalina.core.ApplicationFilterChain.doFilter(ApplicationFilterChain.java:166)
	at org.springframework.web.filter.FormContentFilter.doFilterInternal(FormContentFilter.java:93)
	at org.springframework.web.filter.OncePerRequestFilter.doFilter(OncePerRequestFilter.java:119)
	at org.apache.catalina.core.ApplicationFilterChain.internalDoFilter(ApplicationFilterChain.java:193)
	at org.apache.catalina.core.ApplicationFilterChain.doFilter(ApplicationFilterChain.java:166)
	at org.springframework.web.filter.CharacterEncodingFilter.doFilterInternal(CharacterEncodingFilter.java:201)
	at org.springframework.web.filter.OncePerRequestFilter.doFilter(OncePerRequestFilter.java:119)
	at org.apache.catalina.core.ApplicationFilterChain.internalDoFilter(ApplicationFilterChain.java:193)
	at org.apache.catalina.core.ApplicationFilterChain.doFilter(ApplicationFilterChain.java:166)
	at org.apache.catalina.core.StandardWrapperValve.invoke(StandardWrapperValve.java:202)
	at org.apache.catalina.core.StandardContextValve.invoke(StandardContextValve.java:97)
	at org.apache.catalina.authenticator.AuthenticatorBase.invoke(AuthenticatorBase.java:542)
	at org.apache.catalina.core.StandardHostValve.invoke(StandardHostValve.java:143)
	at org.apache.catalina.valves.ErrorReportValve.invoke(ErrorReportValve.java:92)
	at org.apache.catalina.core.StandardEngineValve.invoke(StandardEngineValve.java:78)
	at net.rakugakibox.spring.boot.logback.access.tomcat.LogbackAccessTomcatValve.invoke(LogbackAccessTomcatValve.java:91)
	at org.apache.catalina.connector.CoyoteAdapter.service(CoyoteAdapter.java:343)
	at org.apache.coyote.http11.Http11Processor.service(Http11Processor.java:374)
	at org.apache.coyote.AbstractProcessorLight.process(AbstractProcessorLight.java:65)
	at org.apache.coyote.AbstractProtocol$ConnectionHandler.process(AbstractProtocol.java:868)
	at org.apache.tomcat.util.net.NioEndpoint$SocketProcessor.doRun(NioEndpoint.java:1590)
	at org.apache.tomcat.util.net.SocketProcessorBase.run(SocketProcessorBase.java:49)
	at java.util.concurrent.ThreadPoolExecutor.runWorker(ThreadPoolExecutor.java:1149)
	at java.util.concurrent.ThreadPoolExecutor$Worker.run(ThreadPoolExecutor.java:624)
	at org.apache.tomcat.util.threads.TaskThread$WrappingRunnable.run(TaskThread.java:61)
	at java.lang.Thread.run(Thread.java:748)

2021-06-13 13:25:03.369 TRACE 97644 --- [http-nio-8080-exec-4] o.h.type.descriptor.sql.BasicBinder      : binding parameter [1] as [TIMESTAMP] - [2021-06-13T13:25:03.318]
2021-06-13 13:25:03.380 TRACE 97644 --- [http-nio-8080-exec-4] o.h.type.descriptor.sql.BasicBinder      : binding parameter [2] as [TIMESTAMP] - [2021-06-13T13:25:03.318]
2021-06-13 13:25:03.381 TRACE 97644 --- [http-nio-8080-exec-4] o.h.type.descriptor.sql.BasicBinder      : binding parameter [3] as [INTEGER] - [26]
2021-06-13 13:25:03.381 TRACE 97644 --- [http-nio-8080-exec-4] o.h.type.descriptor.sql.BasicBinder      : binding parameter [4] as [VARCHAR] - [kwj1270@naver.com]
2021-06-13 13:25:03.382 TRACE 97644 --- [http-nio-8080-exec-4] o.h.type.descriptor.sql.BasicBinder      : binding parameter [5] as [VARCHAR] - [rladnwo1]
2021-06-13 13:25:06.545 TRACE 97644 --- [http-nio-8080-exec-5] o.h.type.descriptor.sql.BasicBinder      : binding parameter [1] as [VARCHAR] - [kwj1270@naver.com]
2021-06-13 13:25:06.554 TRACE 97644 --- [http-nio-8080-exec-5] o.h.type.descriptor.sql.BasicExtractor   : extracted value ([id1_2_] : [BIGINT]) - [1]
2021-06-13 13:25:06.560 TRACE 97644 --- [http-nio-8080-exec-5] o.h.type.descriptor.sql.BasicExtractor   : extracted value ([created_2_2_] : [TIMESTAMP]) - [2021-06-13T13:25:03.318]
2021-06-13 13:25:06.561 TRACE 97644 --- [http-nio-8080-exec-5] o.h.type.descriptor.sql.BasicExtractor   : extracted value ([modified3_2_] : [TIMESTAMP]) - [2021-06-13T13:25:03.318]
2021-06-13 13:25:06.562 TRACE 97644 --- [http-nio-8080-exec-5] o.h.type.descriptor.sql.BasicExtractor   : extracted value ([age4_2_] : [INTEGER]) - [26]
2021-06-13 13:25:06.563 TRACE 97644 --- [http-nio-8080-exec-5] o.h.type.descriptor.sql.BasicExtractor   : extracted value ([email5_2_] : [VARCHAR]) - [kwj1270@naver.com]
2021-06-13 13:25:06.563 TRACE 97644 --- [http-nio-8080-exec-5] o.h.type.descriptor.sql.BasicExtractor   : extracted value ([password6_2_] : [VARCHAR]) - [rladnwo1]
2021-06-13 13:25:06.600  INFO 97644 --- [http-nio-8080-exec-5] console                                  : [ %s ] 님이 로그인 했습니다.
2021-06-13 13:25:06.600  INFO 97644 --- [http-nio-8080-exec-5] file                                     : [ %s ] 님이 로그인 했습니다.
2021-06-13 13:25:06.669 TRACE 97644 --- [http-nio-8080-exec-6] o.h.type.descriptor.sql.BasicBinder      : binding parameter [1] as [VARCHAR] - [kwj1270@naver.com]
2021-06-13 13:25:06.674 TRACE 97644 --- [http-nio-8080-exec-6] o.h.type.descriptor.sql.BasicExtractor   : extracted value ([id1_2_] : [BIGINT]) - [1]
2021-06-13 13:25:06.675 TRACE 97644 --- [http-nio-8080-exec-6] o.h.type.descriptor.sql.BasicExtractor   : extracted value ([created_2_2_] : [TIMESTAMP]) - [2021-06-13T13:25:03.318]
2021-06-13 13:25:06.676 TRACE 97644 --- [http-nio-8080-exec-6] o.h.type.descriptor.sql.BasicExtractor   : extracted value ([modified3_2_] : [TIMESTAMP]) - [2021-06-13T13:25:03.318]
2021-06-13 13:25:06.676 TRACE 97644 --- [http-nio-8080-exec-6] o.h.type.descriptor.sql.BasicExtractor   : extracted value ([age4_2_] : [INTEGER]) - [26]
2021-06-13 13:25:06.676 TRACE 97644 --- [http-nio-8080-exec-6] o.h.type.descriptor.sql.BasicExtractor   : extracted value ([email5_2_] : [VARCHAR]) - [kwj1270@naver.com]
2021-06-13 13:25:06.676 TRACE 97644 --- [http-nio-8080-exec-6] o.h.type.descriptor.sql.BasicExtractor   : extracted value ([password6_2_] : [VARCHAR]) - [rladnwo1]
2021-06-13 13:25:34.260  INFO 97644 --- [SpringContextShutdownHook] o.s.s.concurrent.ThreadPoolTaskExecutor  : Shutting down ExecutorService 'applicationTaskExecutor'
2021-06-13 13:25:34.264  INFO 97644 --- [SpringContextShutdownHook] j.LocalContainerEntityManagerFactoryBean : Closing JPA EntityManagerFactory for persistence unit 'default'
2021-06-13 13:25:34.269  INFO 97644 --- [SpringContextShutdownHook] com.zaxxer.hikari.HikariDataSource       : HikariPool-1 - Shutdown initiated...
2021-06-13 13:25:34.299  INFO 97644 --- [SpringContextShutdownHook] com.zaxxer.hikari.HikariDataSource       : HikariPool-1 - Shutdown completed.
2021-06-13 13:25:40.394  INFO 97783 --- [main] nextstep.subway.SubwayApplication        : Starting SubwayApplication using Java 1.8.0_281 on Kimui-MacBookPro.local with PID 97783 (/Users/ujae/IdeaProjects/nextstep/infra-subway-monitoring/out/production/classes started by ujae in /Users/ujae/IdeaProjects/nextstep/infra-subway-monitoring)
2021-06-13 13:25:40.397  INFO 97783 --- [main] nextstep.subway.SubwayApplication        : The following profiles are active: local
2021-06-13 13:25:41.142  INFO 97783 --- [main] .s.d.r.c.RepositoryConfigurationDelegate : Bootstrapping Spring Data JPA repositories in DEFAULT mode.
2021-06-13 13:25:41.219  INFO 97783 --- [main] .s.d.r.c.RepositoryConfigurationDelegate : Finished Spring Data repository scanning in 66 ms. Found 4 JPA repository interfaces.
2021-06-13 13:25:41.666  INFO 97783 --- [main] trationDelegate$BeanPostProcessorChecker : Bean 'pl.allegro.tech.boot.autoconfigure.handlebars.HandlebarsHelpersAutoConfiguration' of type [pl.allegro.tech.boot.autoconfigure.handlebars.HandlebarsHelpersAutoConfiguration$$EnhancerBySpringCGLIB$$de44750] is not eligible for getting processed by all BeanPostProcessors (for example: not eligible for auto-proxying)
2021-06-13 13:25:41.679  INFO 97783 --- [main] trationDelegate$BeanPostProcessorChecker : Bean 'handlebars.resolver-pl.allegro.tech.boot.autoconfigure.handlebars.HandlebarsValueResolversProperties' of type [pl.allegro.tech.boot.autoconfigure.handlebars.HandlebarsValueResolversProperties] is not eligible for getting processed by all BeanPostProcessors (for example: not eligible for auto-proxying)
2021-06-13 13:25:41.688  INFO 97783 --- [main] trationDelegate$BeanPostProcessorChecker : Bean 'handlebars-pl.allegro.tech.boot.autoconfigure.handlebars.HandlebarsProperties' of type [pl.allegro.tech.boot.autoconfigure.handlebars.HandlebarsProperties] is not eligible for getting processed by all BeanPostProcessors (for example: not eligible for auto-proxying)
2021-06-13 13:25:41.690  INFO 97783 --- [main] trationDelegate$BeanPostProcessorChecker : Bean 'pl.allegro.tech.boot.autoconfigure.handlebars.HandlebarsAutoConfiguration$HandlebarsViewResolverConfiguration' of type [pl.allegro.tech.boot.autoconfigure.handlebars.HandlebarsAutoConfiguration$HandlebarsViewResolverConfiguration$$EnhancerBySpringCGLIB$$20cb71ee] is not eligible for getting processed by all BeanPostProcessors (for example: not eligible for auto-proxying)
2021-06-13 13:25:41.734  INFO 97783 --- [main] trationDelegate$BeanPostProcessorChecker : Bean 'handlebarsViewResolver' of type [com.github.jknack.handlebars.springmvc.HandlebarsViewResolver] is not eligible for getting processed by all BeanPostProcessors (for example: not eligible for auto-proxying)
2021-06-13 13:25:41.910  INFO 97783 --- [main] o.s.b.w.embedded.tomcat.TomcatWebServer  : Tomcat initialized with port(s): 8080 (http)
2021-06-13 13:25:41.916  INFO 97783 --- [main] o.apache.catalina.core.StandardService   : Starting service [Tomcat]
2021-06-13 13:25:41.916  INFO 97783 --- [main] org.apache.catalina.core.StandardEngine  : Starting Servlet engine: [Apache Tomcat/9.0.39]
2021-06-13 13:25:42.027  INFO 97783 --- [main] o.a.c.c.C.[Tomcat].[localhost].[/]       : Initializing Spring embedded WebApplicationContext
2021-06-13 13:25:42.027  INFO 97783 --- [main] w.s.c.ServletWebServerApplicationContext : Root WebApplicationContext: initialization completed in 1568 ms
2021-06-13 13:25:42.081  INFO 97783 --- [main] n.r.s.b.l.access.LogbackAccessContext    : Configured the Logback-access: context=[default], config=[classpath:logback-access.xml]
2021-06-13 13:25:42.287  INFO 97783 --- [main] o.hibernate.jpa.internal.util.LogHelper  : HHH000204: Processing PersistenceUnitInfo [name: default]
2021-06-13 13:25:42.339  INFO 97783 --- [main] org.hibernate.Version                    : HHH000412: Hibernate ORM core version 5.4.23.Final
2021-06-13 13:25:42.558  INFO 97783 --- [main] o.hibernate.annotations.common.Version   : HCANN000001: Hibernate Commons Annotations {5.1.2.Final}
2021-06-13 13:25:42.640  INFO 97783 --- [main] com.zaxxer.hikari.HikariDataSource       : HikariPool-1 - Starting...
2021-06-13 13:25:42.866  INFO 97783 --- [main] com.zaxxer.hikari.HikariDataSource       : HikariPool-1 - Start completed.
2021-06-13 13:25:42.881  INFO 97783 --- [main] org.hibernate.dialect.Dialect            : HHH000400: Using dialect: org.hibernate.dialect.MySQL57Dialect
2021-06-13 13:25:44.753  INFO 97783 --- [main] o.h.e.t.j.p.i.JtaPlatformInitiator       : HHH000490: Using JtaPlatform implementation: [org.hibernate.engine.transaction.jta.platform.internal.NoJtaPlatform]
2021-06-13 13:25:44.761  INFO 97783 --- [main] j.LocalContainerEntityManagerFactoryBean : Initialized JPA EntityManagerFactory for persistence unit 'default'
2021-06-13 13:25:45.285  WARN 97783 --- [main] JpaBaseConfiguration$JpaWebConfiguration : spring.jpa.open-in-view is enabled by default. Therefore, database queries may be performed during view rendering. Explicitly configure spring.jpa.open-in-view to disable this warning
2021-06-13 13:25:45.383  INFO 97783 --- [main] o.s.s.concurrent.ThreadPoolTaskExecutor  : Initializing ExecutorService 'applicationTaskExecutor'
2021-06-13 13:25:45.443  INFO 97783 --- [main] o.s.b.a.w.s.WelcomePageHandlerMapping    : Adding welcome page template: index
2021-06-13 13:25:45.625  INFO 97783 --- [main] o.s.b.w.embedded.tomcat.TomcatWebServer  : Tomcat started on port(s): 8080 (http) with context path ''
2021-06-13 13:25:45.636  INFO 97783 --- [main] nextstep.subway.SubwayApplication        : Started SubwayApplication in 6.068 seconds (JVM running for 6.95)
2021-06-13 13:25:56.345  INFO 97783 --- [SpringContextShutdownHook] o.s.s.concurrent.ThreadPoolTaskExecutor  : Shutting down ExecutorService 'applicationTaskExecutor'
2021-06-13 13:25:56.347  INFO 97783 --- [SpringContextShutdownHook] j.LocalContainerEntityManagerFactoryBean : Closing JPA EntityManagerFactory for persistence unit 'default'
2021-06-13 13:25:56.350  INFO 97783 --- [SpringContextShutdownHook] com.zaxxer.hikari.HikariDataSource       : HikariPool-1 - Shutdown initiated...
2021-06-13 13:25:56.359  INFO 97783 --- [SpringContextShutdownHook] com.zaxxer.hikari.HikariDataSource       : HikariPool-1 - Shutdown completed.
2021-06-13 13:26:01.380  INFO 97791 --- [main] nextstep.subway.SubwayApplication        : Starting SubwayApplication using Java 1.8.0_281 on Kimui-MacBookPro.local with PID 97791 (/Users/ujae/IdeaProjects/nextstep/infra-subway-monitoring/out/production/classes started by ujae in /Users/ujae/IdeaProjects/nextstep/infra-subway-monitoring)
2021-06-13 13:26:01.383  INFO 97791 --- [main] nextstep.subway.SubwayApplication        : The following profiles are active: local
2021-06-13 13:26:01.972  INFO 97791 --- [main] .s.d.r.c.RepositoryConfigurationDelegate : Bootstrapping Spring Data JPA repositories in DEFAULT mode.
2021-06-13 13:26:02.039  INFO 97791 --- [main] .s.d.r.c.RepositoryConfigurationDelegate : Finished Spring Data repository scanning in 57 ms. Found 4 JPA repository interfaces.
2021-06-13 13:26:02.468  INFO 97791 --- [main] trationDelegate$BeanPostProcessorChecker : Bean 'pl.allegro.tech.boot.autoconfigure.handlebars.HandlebarsHelpersAutoConfiguration' of type [pl.allegro.tech.boot.autoconfigure.handlebars.HandlebarsHelpersAutoConfiguration$$EnhancerBySpringCGLIB$$16701826] is not eligible for getting processed by all BeanPostProcessors (for example: not eligible for auto-proxying)
2021-06-13 13:26:02.492  INFO 97791 --- [main] trationDelegate$BeanPostProcessorChecker : Bean 'handlebars.resolver-pl.allegro.tech.boot.autoconfigure.handlebars.HandlebarsValueResolversProperties' of type [pl.allegro.tech.boot.autoconfigure.handlebars.HandlebarsValueResolversProperties] is not eligible for getting processed by all BeanPostProcessors (for example: not eligible for auto-proxying)
2021-06-13 13:26:02.501  INFO 97791 --- [main] trationDelegate$BeanPostProcessorChecker : Bean 'handlebars-pl.allegro.tech.boot.autoconfigure.handlebars.HandlebarsProperties' of type [pl.allegro.tech.boot.autoconfigure.handlebars.HandlebarsProperties] is not eligible for getting processed by all BeanPostProcessors (for example: not eligible for auto-proxying)
2021-06-13 13:26:02.503  INFO 97791 --- [main] trationDelegate$BeanPostProcessorChecker : Bean 'pl.allegro.tech.boot.autoconfigure.handlebars.HandlebarsAutoConfiguration$HandlebarsViewResolverConfiguration' of type [pl.allegro.tech.boot.autoconfigure.handlebars.HandlebarsAutoConfiguration$HandlebarsViewResolverConfiguration$$EnhancerBySpringCGLIB$$295742c4] is not eligible for getting processed by all BeanPostProcessors (for example: not eligible for auto-proxying)
2021-06-13 13:26:02.553  INFO 97791 --- [main] trationDelegate$BeanPostProcessorChecker : Bean 'handlebarsViewResolver' of type [com.github.jknack.handlebars.springmvc.HandlebarsViewResolver] is not eligible for getting processed by all BeanPostProcessors (for example: not eligible for auto-proxying)
2021-06-13 13:26:02.761  INFO 97791 --- [main] o.s.b.w.embedded.tomcat.TomcatWebServer  : Tomcat initialized with port(s): 8080 (http)
2021-06-13 13:26:02.769  INFO 97791 --- [main] o.apache.catalina.core.StandardService   : Starting service [Tomcat]
2021-06-13 13:26:02.770  INFO 97791 --- [main] org.apache.catalina.core.StandardEngine  : Starting Servlet engine: [Apache Tomcat/9.0.39]
2021-06-13 13:26:02.830  INFO 97791 --- [main] o.a.c.c.C.[Tomcat].[localhost].[/]       : Initializing Spring embedded WebApplicationContext
2021-06-13 13:26:02.831  INFO 97791 --- [main] w.s.c.ServletWebServerApplicationContext : Root WebApplicationContext: initialization completed in 1374 ms
2021-06-13 13:26:02.866  INFO 97791 --- [main] n.r.s.b.l.access.LogbackAccessContext    : Configured the Logback-access: context=[default], config=[classpath:logback-access.xml]
2021-06-13 13:26:03.001  INFO 97791 --- [main] o.hibernate.jpa.internal.util.LogHelper  : HHH000204: Processing PersistenceUnitInfo [name: default]
2021-06-13 13:26:03.038  INFO 97791 --- [main] org.hibernate.Version                    : HHH000412: Hibernate ORM core version 5.4.23.Final
2021-06-13 13:26:03.211  INFO 97791 --- [main] o.hibernate.annotations.common.Version   : HCANN000001: Hibernate Commons Annotations {5.1.2.Final}
2021-06-13 13:26:03.286  INFO 97791 --- [main] com.zaxxer.hikari.HikariDataSource       : HikariPool-1 - Starting...
2021-06-13 13:26:03.441  INFO 97791 --- [main] com.zaxxer.hikari.HikariDataSource       : HikariPool-1 - Start completed.
2021-06-13 13:26:03.453  INFO 97791 --- [main] org.hibernate.dialect.Dialect            : HHH000400: Using dialect: org.hibernate.dialect.MySQL57Dialect
2021-06-13 13:26:05.352  INFO 97791 --- [main] o.h.e.t.j.p.i.JtaPlatformInitiator       : HHH000490: Using JtaPlatform implementation: [org.hibernate.engine.transaction.jta.platform.internal.NoJtaPlatform]
2021-06-13 13:26:05.359  INFO 97791 --- [main] j.LocalContainerEntityManagerFactoryBean : Initialized JPA EntityManagerFactory for persistence unit 'default'
2021-06-13 13:26:05.850  WARN 97791 --- [main] JpaBaseConfiguration$JpaWebConfiguration : spring.jpa.open-in-view is enabled by default. Therefore, database queries may be performed during view rendering. Explicitly configure spring.jpa.open-in-view to disable this warning
2021-06-13 13:26:05.942  INFO 97791 --- [main] o.s.s.concurrent.ThreadPoolTaskExecutor  : Initializing ExecutorService 'applicationTaskExecutor'
2021-06-13 13:26:06.003  INFO 97791 --- [main] o.s.b.a.w.s.WelcomePageHandlerMapping    : Adding welcome page template: index
2021-06-13 13:26:06.150  INFO 97791 --- [main] o.s.b.w.embedded.tomcat.TomcatWebServer  : Tomcat started on port(s): 8080 (http) with context path ''
2021-06-13 13:26:06.158  INFO 97791 --- [main] nextstep.subway.SubwayApplication        : Started SubwayApplication in 5.917 seconds (JVM running for 6.935)
2021-06-13 13:26:15.596  INFO 97791 --- [http-nio-8080-exec-1] o.a.c.c.C.[Tomcat].[localhost].[/]       : Initializing Spring DispatcherServlet 'dispatcherServlet'
2021-06-13 13:26:15.598  INFO 97791 --- [http-nio-8080-exec-1] o.s.web.servlet.DispatcherServlet        : Initializing Servlet 'dispatcherServlet'
2021-06-13 13:26:15.604  INFO 97791 --- [http-nio-8080-exec-1] o.s.web.servlet.DispatcherServlet        : Completed initialization in 6 ms
2021-06-13 13:26:16.761  INFO 97791 --- [http-nio-8080-exec-2] console                                  : ==> Request: GET /members/me[method 'findMemberOfMine' parameter 0] < 0:0:0:0:0:0:0:1 (5ms)
2021-06-13 13:26:17.457 TRACE 97791 --- [http-nio-8080-exec-2] o.h.type.descriptor.sql.BasicBinder      : binding parameter [1] as [VARCHAR] - [kwj1270@naver.com]
2021-06-13 13:26:17.492  INFO 97791 --- [http-nio-8080-exec-2] console                                  : ==> Request: GET /members/me[method 'findMemberOfMine' parameter 0, ModelAndViewContainer: View is [null]; default model {}, ServletWebRequest: uri=/members/me;client=0:0:0:0:0:0:0:1, org.springframework.web.servlet.mvc.method.annotation.ServletRequestDataBinderFactory@d3885cc] < 0:0:0:0:0:0:0:1 (729ms)
2021-06-13 13:26:17.529 ERROR 97791 --- [http-nio-8080-exec-2] o.a.c.c.C.[.[.[/].[dispatcherServlet]    : Servlet.service() for servlet [dispatcherServlet] in context with path [] threw exception [Request processing failed; nested exception is java.lang.RuntimeException] with root cause

java.lang.RuntimeException: null
	at java.util.Optional.orElseThrow(Optional.java:290)
	at nextstep.subway.auth.application.AuthService.findMemberByToken(AuthService.java:40)
	at nextstep.subway.auth.application.AuthService$$FastClassBySpringCGLIB$$b99edc99.invoke(<generated>)
	at org.springframework.cglib.proxy.MethodProxy.invoke(MethodProxy.java:218)
	at org.springframework.aop.framework.CglibAopProxy$CglibMethodInvocation.invokeJoinpoint(CglibAopProxy.java:771)
	at org.springframework.aop.framework.ReflectiveMethodInvocation.proceed(ReflectiveMethodInvocation.java:163)
	at org.springframework.aop.framework.CglibAopProxy$CglibMethodInvocation.proceed(CglibAopProxy.java:749)
	at org.springframework.transaction.interceptor.TransactionAspectSupport.invokeWithinTransaction(TransactionAspectSupport.java:371)
	at org.springframework.transaction.interceptor.TransactionInterceptor.invoke(TransactionInterceptor.java:134)
	at org.springframework.aop.framework.ReflectiveMethodInvocation.proceed(ReflectiveMethodInvocation.java:186)
	at org.springframework.aop.framework.CglibAopProxy$CglibMethodInvocation.proceed(CglibAopProxy.java:749)
	at org.springframework.aop.framework.CglibAopProxy$DynamicAdvisedInterceptor.intercept(CglibAopProxy.java:691)
	at nextstep.subway.auth.application.AuthService$$EnhancerBySpringCGLIB$$496f0c7e.findMemberByToken(<generated>)
	at nextstep.subway.auth.ui.AuthenticationPrincipalArgumentResolver.resolveArgument(AuthenticationPrincipalArgumentResolver.java:29)
	at nextstep.subway.auth.ui.AuthenticationPrincipalArgumentResolver$$FastClassBySpringCGLIB$$10bab075.invoke(<generated>)
	at org.springframework.cglib.proxy.MethodProxy.invoke(MethodProxy.java:218)
	at org.springframework.aop.framework.CglibAopProxy$CglibMethodInvocation.invokeJoinpoint(CglibAopProxy.java:771)
	at org.springframework.aop.framework.ReflectiveMethodInvocation.proceed(ReflectiveMethodInvocation.java:163)
	at org.springframework.aop.framework.CglibAopProxy$CglibMethodInvocation.proceed(CglibAopProxy.java:749)
	at org.springframework.aop.aspectj.MethodInvocationProceedingJoinPoint.proceed(MethodInvocationProceedingJoinPoint.java:102)
	at nextstep.subway.common.PerformanceTimeTracer.object(PerformanceTimeTracer.java:50)
	at nextstep.subway.common.PerformanceTimeTracer.calculatePerformanceTimeAuth(PerformanceTimeTracer.java:23)
	at sun.reflect.NativeMethodAccessorImpl.invoke0(Native Method)
	at sun.reflect.NativeMethodAccessorImpl.invoke(NativeMethodAccessorImpl.java:62)
	at sun.reflect.DelegatingMethodAccessorImpl.invoke(DelegatingMethodAccessorImpl.java:43)
	at java.lang.reflect.Method.invoke(Method.java:498)
	at org.springframework.aop.aspectj.AbstractAspectJAdvice.invokeAdviceMethodWithGivenArgs(AbstractAspectJAdvice.java:644)
	at org.springframework.aop.aspectj.AbstractAspectJAdvice.invokeAdviceMethod(AbstractAspectJAdvice.java:633)
	at org.springframework.aop.aspectj.AspectJAroundAdvice.invoke(AspectJAroundAdvice.java:72)
	at org.springframework.aop.framework.ReflectiveMethodInvocation.proceed(ReflectiveMethodInvocation.java:186)
	at org.springframework.aop.framework.CglibAopProxy$CglibMethodInvocation.proceed(CglibAopProxy.java:749)
	at org.springframework.aop.interceptor.ExposeInvocationInterceptor.invoke(ExposeInvocationInterceptor.java:97)
	at org.springframework.aop.framework.ReflectiveMethodInvocation.proceed(ReflectiveMethodInvocation.java:186)
	at org.springframework.aop.framework.CglibAopProxy$CglibMethodInvocation.proceed(CglibAopProxy.java:749)
	at org.springframework.aop.framework.CglibAopProxy$DynamicAdvisedInterceptor.intercept(CglibAopProxy.java:691)
	at nextstep.subway.auth.ui.AuthenticationPrincipalArgumentResolver$$EnhancerBySpringCGLIB$$fdc675d4.resolveArgument(<generated>)
	at org.springframework.web.method.support.HandlerMethodArgumentResolverComposite.resolveArgument(HandlerMethodArgumentResolverComposite.java:121)
	at org.springframework.web.method.support.InvocableHandlerMethod.getMethodArgumentValues(InvocableHandlerMethod.java:170)
	at org.springframework.web.method.support.InvocableHandlerMethod.invokeForRequest(InvocableHandlerMethod.java:137)
	at org.springframework.web.servlet.mvc.method.annotation.ServletInvocableHandlerMethod.invokeAndHandle(ServletInvocableHandlerMethod.java:106)
	at org.springframework.web.servlet.mvc.method.annotation.RequestMappingHandlerAdapter.invokeHandlerMethod(RequestMappingHandlerAdapter.java:893)
	at org.springframework.web.servlet.mvc.method.annotation.RequestMappingHandlerAdapter.handleInternal(RequestMappingHandlerAdapter.java:807)
	at org.springframework.web.servlet.mvc.method.AbstractHandlerMethodAdapter.handle(AbstractHandlerMethodAdapter.java:87)
	at org.springframework.web.servlet.DispatcherServlet.doDispatch(DispatcherServlet.java:1061)
	at org.springframework.web.servlet.DispatcherServlet.doService(DispatcherServlet.java:961)
	at org.springframework.web.servlet.FrameworkServlet.processRequest(FrameworkServlet.java:1006)
	at org.springframework.web.servlet.FrameworkServlet.doGet(FrameworkServlet.java:898)
	at javax.servlet.http.HttpServlet.service(HttpServlet.java:626)
	at org.springframework.web.servlet.FrameworkServlet.service(FrameworkServlet.java:883)
	at javax.servlet.http.HttpServlet.service(HttpServlet.java:733)
	at org.apache.catalina.core.ApplicationFilterChain.internalDoFilter(ApplicationFilterChain.java:231)
	at org.apache.catalina.core.ApplicationFilterChain.doFilter(ApplicationFilterChain.java:166)
	at org.apache.tomcat.websocket.server.WsFilter.doFilter(WsFilter.java:53)
	at org.apache.catalina.core.ApplicationFilterChain.internalDoFilter(ApplicationFilterChain.java:193)
	at org.apache.catalina.core.ApplicationFilterChain.doFilter(ApplicationFilterChain.java:166)
	at org.springframework.web.filter.RequestContextFilter.doFilterInternal(RequestContextFilter.java:100)
	at org.springframework.web.filter.OncePerRequestFilter.doFilter(OncePerRequestFilter.java:119)
	at org.apache.catalina.core.ApplicationFilterChain.internalDoFilter(ApplicationFilterChain.java:193)
	at org.apache.catalina.core.ApplicationFilterChain.doFilter(ApplicationFilterChain.java:166)
	at org.springframework.web.filter.FormContentFilter.doFilterInternal(FormContentFilter.java:93)
	at org.springframework.web.filter.OncePerRequestFilter.doFilter(OncePerRequestFilter.java:119)
	at org.apache.catalina.core.ApplicationFilterChain.internalDoFilter(ApplicationFilterChain.java:193)
	at org.apache.catalina.core.ApplicationFilterChain.doFilter(ApplicationFilterChain.java:166)
	at org.springframework.web.filter.CharacterEncodingFilter.doFilterInternal(CharacterEncodingFilter.java:201)
	at org.springframework.web.filter.OncePerRequestFilter.doFilter(OncePerRequestFilter.java:119)
	at org.apache.catalina.core.ApplicationFilterChain.internalDoFilter(ApplicationFilterChain.java:193)
	at org.apache.catalina.core.ApplicationFilterChain.doFilter(ApplicationFilterChain.java:166)
	at org.apache.catalina.core.StandardWrapperValve.invoke(StandardWrapperValve.java:202)
	at org.apache.catalina.core.StandardContextValve.invoke(StandardContextValve.java:97)
	at org.apache.catalina.authenticator.AuthenticatorBase.invoke(AuthenticatorBase.java:542)
	at org.apache.catalina.core.StandardHostValve.invoke(StandardHostValve.java:143)
	at org.apache.catalina.valves.ErrorReportValve.invoke(ErrorReportValve.java:92)
	at org.apache.catalina.core.StandardEngineValve.invoke(StandardEngineValve.java:78)
	at net.rakugakibox.spring.boot.logback.access.tomcat.LogbackAccessTomcatValve.invoke(LogbackAccessTomcatValve.java:91)
	at org.apache.catalina.connector.CoyoteAdapter.service(CoyoteAdapter.java:343)
	at org.apache.coyote.http11.Http11Processor.service(Http11Processor.java:374)
	at org.apache.coyote.AbstractProcessorLight.process(AbstractProcessorLight.java:65)
	at org.apache.coyote.AbstractProtocol$ConnectionHandler.process(AbstractProtocol.java:868)
	at org.apache.tomcat.util.net.NioEndpoint$SocketProcessor.doRun(NioEndpoint.java:1590)
	at org.apache.tomcat.util.net.SocketProcessorBase.run(SocketProcessorBase.java:49)
	at java.util.concurrent.ThreadPoolExecutor.runWorker(ThreadPoolExecutor.java:1149)
	at java.util.concurrent.ThreadPoolExecutor$Worker.run(ThreadPoolExecutor.java:624)
	at org.apache.tomcat.util.threads.TaskThread$WrappingRunnable.run(TaskThread.java:61)
	at java.lang.Thread.run(Thread.java:748)

2021-06-13 13:26:30.246 TRACE 97791 --- [http-nio-8080-exec-3] o.h.type.descriptor.sql.BasicBinder      : binding parameter [1] as [TIMESTAMP] - [2021-06-13T13:26:30.219]
2021-06-13 13:26:30.249 TRACE 97791 --- [http-nio-8080-exec-3] o.h.type.descriptor.sql.BasicBinder      : binding parameter [2] as [TIMESTAMP] - [2021-06-13T13:26:30.219]
2021-06-13 13:26:30.250 TRACE 97791 --- [http-nio-8080-exec-3] o.h.type.descriptor.sql.BasicBinder      : binding parameter [3] as [INTEGER] - [26]
2021-06-13 13:26:30.250 TRACE 97791 --- [http-nio-8080-exec-3] o.h.type.descriptor.sql.BasicBinder      : binding parameter [4] as [VARCHAR] - [kwj1270@naver.com]
2021-06-13 13:26:30.250 TRACE 97791 --- [http-nio-8080-exec-3] o.h.type.descriptor.sql.BasicBinder      : binding parameter [5] as [VARCHAR] - [rladnwo1!]
2021-06-13 13:26:30.268  INFO 97791 --- [http-nio-8080-exec-3] console                                  : ==> Request: POST /members[nextstep.subway.member.dto.MemberRequest@5497644e] < 0:0:0:0:0:0:0:1 (94ms)
2021-06-13 13:26:47.053 TRACE 97791 --- [http-nio-8080-exec-4] o.h.type.descriptor.sql.BasicBinder      : binding parameter [1] as [VARCHAR] - [kwj1270@naver.com]
2021-06-13 13:26:47.060 TRACE 97791 --- [http-nio-8080-exec-4] o.h.type.descriptor.sql.BasicExtractor   : extracted value ([id1_2_] : [BIGINT]) - [1]
2021-06-13 13:26:47.063 TRACE 97791 --- [http-nio-8080-exec-4] o.h.type.descriptor.sql.BasicExtractor   : extracted value ([created_2_2_] : [TIMESTAMP]) - [2021-06-13T13:26:30.219]
2021-06-13 13:26:47.064 TRACE 97791 --- [http-nio-8080-exec-4] o.h.type.descriptor.sql.BasicExtractor   : extracted value ([modified3_2_] : [TIMESTAMP]) - [2021-06-13T13:26:30.219]
2021-06-13 13:26:47.064 TRACE 97791 --- [http-nio-8080-exec-4] o.h.type.descriptor.sql.BasicExtractor   : extracted value ([age4_2_] : [INTEGER]) - [26]
2021-06-13 13:26:47.065 TRACE 97791 --- [http-nio-8080-exec-4] o.h.type.descriptor.sql.BasicExtractor   : extracted value ([email5_2_] : [VARCHAR]) - [kwj1270@naver.com]
2021-06-13 13:26:47.065 TRACE 97791 --- [http-nio-8080-exec-4] o.h.type.descriptor.sql.BasicExtractor   : extracted value ([password6_2_] : [VARCHAR]) - [rladnwo1!]
2021-06-13 13:26:47.081  INFO 97791 --- [http-nio-8080-exec-4] console                                  : [ kwj1270@naver.com ] 님이 로그인 했습니다.
2021-06-13 13:26:47.081  INFO 97791 --- [http-nio-8080-exec-4] file                                     : [ kwj1270@naver.com ] 님이 로그인 했습니다.
2021-06-13 13:26:47.082  INFO 97791 --- [http-nio-8080-exec-4] console                                  : ==> Request: POST /login/token[nextstep.subway.auth.dto.TokenRequest@5543d641] < 0:0:0:0:0:0:0:1 (38ms)
2021-06-13 13:26:47.125 TRACE 97791 --- [http-nio-8080-exec-5] o.h.type.descriptor.sql.BasicBinder      : binding parameter [1] as [VARCHAR] - [kwj1270@naver.com]
2021-06-13 13:26:47.129 TRACE 97791 --- [http-nio-8080-exec-5] o.h.type.descriptor.sql.BasicExtractor   : extracted value ([id1_2_] : [BIGINT]) - [1]
2021-06-13 13:26:47.129 TRACE 97791 --- [http-nio-8080-exec-5] o.h.type.descriptor.sql.BasicExtractor   : extracted value ([created_2_2_] : [TIMESTAMP]) - [2021-06-13T13:26:30.219]
2021-06-13 13:26:47.129 TRACE 97791 --- [http-nio-8080-exec-5] o.h.type.descriptor.sql.BasicExtractor   : extracted value ([modified3_2_] : [TIMESTAMP]) - [2021-06-13T13:26:30.219]
2021-06-13 13:26:47.130 TRACE 97791 --- [http-nio-8080-exec-5] o.h.type.descriptor.sql.BasicExtractor   : extracted value ([age4_2_] : [INTEGER]) - [26]
2021-06-13 13:26:47.130 TRACE 97791 --- [http-nio-8080-exec-5] o.h.type.descriptor.sql.BasicExtractor   : extracted value ([email5_2_] : [VARCHAR]) - [kwj1270@naver.com]
2021-06-13 13:26:47.130 TRACE 97791 --- [http-nio-8080-exec-5] o.h.type.descriptor.sql.BasicExtractor   : extracted value ([password6_2_] : [VARCHAR]) - [rladnwo1!]
2021-06-13 13:26:47.142  INFO 97791 --- [http-nio-8080-exec-5] console                                  : ==> Request: GET /members/me[method 'findMemberOfMine' parameter 0, ModelAndViewContainer: View is [null]; default model {}, ServletWebRequest: uri=/members/me;client=0:0:0:0:0:0:0:1, org.springframework.web.servlet.mvc.method.annotation.ServletRequestDataBinderFactory@33792972] < 0:0:0:0:0:0:0:1 (29ms)
2021-06-13 13:26:47.161  INFO 97791 --- [http-nio-8080-exec-5] console                                  : ==> Request: GET /members/me[nextstep.subway.auth.domain.LoginMember@62586035] < 0:0:0:0:0:0:0:1 (18ms)
