          /\      |‾‾| /‾‾/   /‾‾/
     /\  /  \     |  |/  /   /  /
    /  \/    \    |     (   /   ‾‾\
   /          \   |  |\  \ |  (‾)  |
  / __________ \  |__| \__\ \_____/ .io

  execution: local
     script: stress.js
     output: -

  scenarios: (100.00%) 1 scenario, 5100 max VUs, 10m0s max duration (incl. graceful stop):
           * default: Up to 5100 looping VUs for 9m30s over 13 stages (gracefulRampDown: 30s, gracefulStop: 30s)


running (09m38.1s), 0000/5100 VUs, 731206 complete and 959 interrupted iterations
default ↓ [======================================] 5100/5100 VUs  9m30s

     ✗ lending page
      ↳  99% — ✓ 731140 / ✗ 328

     checks.........................: 99.95% ✓ 731140      ✗ 328
     data_received..................: 866 MB 1.5 MB/s
     data_sent......................: 35 MB  60 kB/s
     http_req_blocked...............: avg=703.37µs min=0s    med=2.62µs   max=1.29s    p(90)=2.8µs    p(95)=7.08µs
     http_req_connecting............: avg=4.23ms   min=0s    med=0s       max=1m45s    p(90)=0s       p(95)=0s
   ✗ http_req_duration..............: avg=729.14ms min=0s    med=126.61ms max=1m45s    p(90)=477.75ms p(95)=610.44ms
       { expected_response:true }...: avg=678.98ms min=1.5ms med=126.48ms max=1m45s    p(90)=476.91ms p(95)=608.53ms
     http_req_failed................: 0.05%  ✓ 406         ✗ 731712
     http_req_receiving.............: avg=8.44ms   min=0s    med=3.9ms    max=865.52ms p(90)=16.01ms  p(95)=27.33ms
     http_req_sending...............: avg=19.52ms  min=0s    med=46.31µs  max=1m44s    p(90)=28.71ms  p(95)=144.82ms
     http_req_tls_handshaking.......: avg=248.07µs min=0s    med=0s       max=1.08s    p(90)=0s       p(95)=0s
     http_req_waiting...............: avg=701.17ms min=0s    med=102.61ms max=1m45s    p(90)=401.53ms p(95)=521.12ms
     http_reqs......................: 732118 1266.375769/s
     iteration_duration.............: avg=1.83s    min=1s    med=1.17s    max=1m47s    p(90)=1.78s    p(95)=1.99s
     iterations.....................: 731254 1264.881272/s
     vus............................: 2      min=2         max=4763
     vus_max........................: 5100   min=5100      max=5100
