          /\      |‾‾| /‾‾/   /‾‾/
     /\  /  \     |  |/  /   /  /
    /  \/    \    |     (   /   ‾‾\
   /          \   |  |\  \ |  (‾)  |
  / __________ \  |__| \__\ \_____/ .io

  execution: local
     script: stress.js
     output: -

  scenarios: (100.00%) 1 scenario, 2700 max VUs, 7m0s max duration (incl. graceful stop):
           * default: Up to 2700 looping VUs for 6m30s over 9 stages (gracefulRampDown: 30s, gracefulStop: 30s)


running (6m30.9s), 0000/2700 VUs, 445012 complete and 0 interrupted iterations
default ✓ [======================================] 0000/2700 VUs  6m30s

     ✓ lending page

     checks.........................: 100.00% ✓ 445012      ✗ 0
     data_received..................: 525 MB  1.3 MB/s
     data_sent......................: 21 MB   53 kB/s
     http_req_blocked...............: avg=156.91µs min=2.4µs   med=2.64µs  max=555.17ms p(90)=2.82µs   p(95)=6.43µs
     http_req_connecting............: avg=73.56µs  min=0s      med=0s      max=379.19ms p(90)=0s       p(95)=0s
   ✓ http_req_duration..............: avg=76.89ms  min=1.55ms  med=13.47ms max=1.32s    p(90)=231.55ms p(95)=304.68ms
       { expected_response:true }...: avg=76.89ms  min=1.55ms  med=13.47ms max=1.32s    p(90)=231.55ms p(95)=304.68ms
     http_req_failed................: 0.00%   ✓ 0           ✗ 445012
     http_req_receiving.............: avg=5.63ms   min=15.73µs med=1.09ms  max=902.35ms p(90)=12.19ms  p(95)=22.14ms
     http_req_sending...............: avg=8.9ms    min=22.8µs  med=45.26µs max=867.59ms p(90)=11.67ms  p(95)=41.8ms
     http_req_tls_handshaking.......: avg=66.24µs  min=0s      med=0s      max=424.99ms p(90)=0s       p(95)=0s
     http_req_waiting...............: avg=62.35ms  min=0s      med=9.85ms  max=876.59ms p(90)=192.56ms p(95)=250.74ms
     http_reqs......................: 445012  1138.486874/s
     iteration_duration.............: avg=1.11s    min=1s      med=1.02s   max=2.48s    p(90)=1.34s    p(95)=1.46s
     iterations.....................: 445012  1138.486874/s
     vus............................: 35      min=4         max=2700
     vus_max........................: 2700    min=2700      max=2700
