
          /\      |‾‾| /‾‾/   /‾‾/
     /\  /  \     |  |/  /   /  /
    /  \/    \    |     (   /   ‾‾\
   /          \   |  |\  \ |  (‾)  |
  / __________ \  |__| \__\ \_____/ .io

  execution: local
     script: get_paths_smoke.js
     output: InfluxDBv1 (http://3.39.80.206:8086)

  scenarios: (100.00%) 1 scenario, 1 max VUs, 40s max duration (incl. graceful stop):
           * default: 1 looping VUs for 10s (gracefulStop: 30s)


running (10.4s), 0/1 VUs, 10 complete and 0 interrupted iterations
default ✓ [======================================] 1 VUs  10s

     ✓ response code 200

     checks.........................: 100.00% ✓ 10       ✗ 0
     data_received..................: 50 kB   4.8 kB/s
     data_sent......................: 1.8 kB  176 B/s
     http_req_blocked...............: avg=3.29ms   min=4µs     med=12µs    max=32.82ms p(90)=3.29ms  p(95)=18.06ms
     http_req_connecting............: avg=718.8µs  min=0s      med=0s      max=7.18ms  p(90)=718.8µs p(95)=3.95ms
   ✓ http_req_duration..............: avg=37.9ms   min=30.28ms med=37.03ms max=47.73ms p(90)=46.79ms p(95)=47.26ms
       { expected_response:true }...: avg=37.9ms   min=30.28ms med=37.03ms max=47.73ms p(90)=46.79ms p(95)=47.26ms
     http_req_failed................: 0.00%   ✓ 0        ✗ 10
     http_req_receiving.............: avg=122.79µs min=56µs    med=118µs   max=210µs   p(90)=180.3µs p(95)=195.14µs
     http_req_sending...............: avg=44µs     min=21µs    med=47µs    max=71µs    p(90)=61.1µs  p(95)=66.05µs
     http_req_tls_handshaking.......: avg=2.47ms   min=0s      med=0s      max=24.74ms p(90)=2.47ms  p(95)=13.6ms
     http_req_waiting...............: avg=37.73ms  min=30.08ms med=36.91ms max=47.55ms p(90)=46.62ms p(95)=47.09ms
     http_reqs......................: 10      0.958883/s
     iteration_duration.............: avg=1.04s    min=1.03s   med=1.04s   max=1.06s   p(90)=1.05s   p(95)=1.05s
     iterations.....................: 10      0.958883/s
     vus............................: 1       min=1      max=1
     vus_max........................: 1       min=1      max=1
