
          /\      |‾‾| /‾‾/   /‾‾/   
     /\  /  \     |  |/  /   /  /    
    /  \/    \    |     (   /   ‾‾\  
   /          \   |  |\  \ |  (‾)  | 
  / __________ \  |__| \__\ \_____/ .io

  execution: local
     script: load-path.js
     output: -

  scenarios: (100.00%) 1 scenario, 200 max VUs, 1m5s max duration (incl. graceful stop):
           * default: Up to 200 looping VUs for 35s over 3 stages (gracefulRampDown: 30s, gracefulStop: 30s)


running (0m01.0s), 005/200 VUs, 0 complete and 0 interrupted iterations
default   [   3% ] 005/200 VUs  01.0s/35.0s

running (0m02.0s), 010/200 VUs, 5 complete and 0 interrupted iterations
default   [   6% ] 010/200 VUs  02.0s/35.0s

running (0m03.0s), 015/200 VUs, 15 complete and 0 interrupted iterations
default   [   9% ] 015/200 VUs  03.0s/35.0s

running (0m04.0s), 020/200 VUs, 30 complete and 0 interrupted iterations
default   [  11% ] 020/200 VUs  04.0s/35.0s

running (0m05.0s), 025/200 VUs, 48 complete and 0 interrupted iterations
default   [  14% ] 025/200 VUs  05.0s/35.0s

running (0m06.0s), 030/200 VUs, 71 complete and 0 interrupted iterations
default   [  17% ] 030/200 VUs  06.0s/35.0s

running (0m07.0s), 035/200 VUs, 100 complete and 0 interrupted iterations
default   [  20% ] 035/200 VUs  07.0s/35.0s

running (0m08.0s), 040/200 VUs, 132 complete and 0 interrupted iterations
default   [  23% ] 040/200 VUs  08.0s/35.0s

running (0m09.0s), 045/200 VUs, 170 complete and 0 interrupted iterations
default   [  26% ] 045/200 VUs  09.0s/35.0s

running (0m10.0s), 049/200 VUs, 210 complete and 0 interrupted iterations
default   [  29% ] 049/200 VUs  10.0s/35.0s

running (0m11.0s), 057/200 VUs, 259 complete and 0 interrupted iterations
default   [  31% ] 057/200 VUs  11.0s/35.0s

running (0m12.0s), 064/200 VUs, 312 complete and 0 interrupted iterations
default   [  34% ] 064/200 VUs  12.0s/35.0s

running (0m13.0s), 072/200 VUs, 374 complete and 0 interrupted iterations
default   [  37% ] 072/200 VUs  13.0s/35.0s

running (0m14.0s), 079/200 VUs, 440 complete and 0 interrupted iterations
default   [  40% ] 079/200 VUs  14.0s/35.0s

running (0m15.0s), 087/200 VUs, 515 complete and 0 interrupted iterations
default   [  43% ] 087/200 VUs  15.0s/35.0s

running (0m16.0s), 094/200 VUs, 583 complete and 0 interrupted iterations
default   [  46% ] 094/200 VUs  16.0s/35.0s

running (0m17.0s), 102/200 VUs, 677 complete and 0 interrupted iterations
default   [  49% ] 102/200 VUs  17.0s/35.0s

running (0m18.0s), 109/200 VUs, 755 complete and 0 interrupted iterations
default   [  51% ] 109/200 VUs  18.0s/35.0s

running (0m19.0s), 117/200 VUs, 858 complete and 0 interrupted iterations
default   [  54% ] 117/200 VUs  19.0s/35.0s

running (0m20.0s), 124/200 VUs, 954 complete and 0 interrupted iterations
default   [  57% ] 124/200 VUs  20.0s/35.0s

running (0m21.0s), 132/200 VUs, 1054 complete and 0 interrupted iterations
default   [  60% ] 132/200 VUs  21.0s/35.0s

running (0m22.0s), 139/200 VUs, 1164 complete and 0 interrupted iterations
default   [  63% ] 139/200 VUs  22.0s/35.0s

running (0m23.0s), 147/200 VUs, 1282 complete and 0 interrupted iterations
default   [  66% ] 147/200 VUs  23.0s/35.0s

running (0m24.0s), 154/200 VUs, 1394 complete and 0 interrupted iterations
default   [  69% ] 154/200 VUs  24.0s/35.0s

running (0m25.0s), 162/200 VUs, 1523 complete and 0 interrupted iterations
default   [  71% ] 162/200 VUs  25.0s/35.0s

running (0m26.0s), 169/200 VUs, 1646 complete and 0 interrupted iterations
default   [  74% ] 169/200 VUs  26.0s/35.0s

running (0m27.0s), 177/200 VUs, 1772 complete and 0 interrupted iterations
default   [  77% ] 177/200 VUs  27.0s/35.0s

running (0m28.0s), 184/200 VUs, 1883 complete and 0 interrupted iterations
default   [  80% ] 184/200 VUs  28.0s/35.0s

running (0m29.0s), 192/200 VUs, 2009 complete and 0 interrupted iterations
default   [  83% ] 192/200 VUs  29.0s/35.0s

running (0m30.0s), 199/200 VUs, 2138 complete and 0 interrupted iterations
default   [  86% ] 199/200 VUs  30.0s/35.0s

running (0m31.0s), 188/200 VUs, 2263 complete and 0 interrupted iterations
default   [  89% ] 188/200 VUs  31.0s/35.0s

running (0m32.0s), 148/200 VUs, 2386 complete and 0 interrupted iterations
default   [  91% ] 148/200 VUs  32.0s/35.0s

running (0m33.0s), 107/200 VUs, 2503 complete and 0 interrupted iterations
default   [  94% ] 107/200 VUs  33.0s/35.0s

running (0m34.0s), 057/200 VUs, 2609 complete and 0 interrupted iterations
default   [  97% ] 057/200 VUs  34.0s/35.0s

running (0m35.0s), 021/200 VUs, 2664 complete and 0 interrupted iterations
default   [ 100% ] 021/200 VUs  35.0s/35.0s

running (0m35.9s), 000/200 VUs, 2685 complete and 0 interrupted iterations
default ✓ [ 100% ] 000/200 VUs  35s

     ✓ paths

     checks.........................: 100.00% ✓ 2685      ✗ 0    
     data_received..................: 1.1 MB  31 kB/s
     data_sent......................: 389 kB  11 kB/s
     http_req_blocked...............: avg=418.68µs min=1µs     med=6µs      max=20.43ms  p(90)=19µs     p(95)=5.13ms  
     http_req_connecting............: avg=398.92µs min=0s      med=0s       max=7.66ms   p(90)=0s       p(95)=5.03ms  
   ✓ http_req_duration..............: avg=253.68ms min=34.4ms  med=187.34ms max=964.6ms  p(90)=569.27ms p(95)=708.55ms
       { expected_response:true }...: avg=253.68ms min=34.4ms  med=187.34ms max=964.6ms  p(90)=569.27ms p(95)=708.55ms
     http_req_failed................: 0.00%   ✓ 0         ✗ 2685 
     http_req_receiving.............: avg=1.55ms   min=21µs    med=118µs    max=60ms     p(90)=3.22ms   p(95)=6.5ms   
     http_req_sending...............: avg=31.62µs  min=7µs     med=25µs     max=914µs    p(90)=52µs     p(95)=87µs    
     http_req_tls_handshaking.......: avg=0s       min=0s      med=0s       max=0s       p(90)=0s       p(95)=0s      
     http_req_waiting...............: avg=252.09ms min=34.22ms med=185.19ms max=939.59ms p(90)=564.26ms p(95)=708.47ms
     http_reqs......................: 2685    74.868315/s
     iteration_duration.............: avg=1.25s    min=1.03s   med=1.18s    max=1.96s    p(90)=1.57s    p(95)=1.7s    
     iterations.....................: 2685    74.868315/s
     vus............................: 20      min=5       max=199
     vus_max........................: 200     min=200     max=200

