
          /\      |‾‾| /‾‾/   /‾‾/   
     /\  /  \     |  |/  /   /  /    
    /  \/    \    |     (   /   ‾‾\  
   /          \   |  |\  \ |  (‾)  | 
  / __________ \  |__| \__\ \_____/ .io

  execution: local
     script: smoke-path.js
     output: -

  scenarios: (100.00%) 1 scenario, 1 max VUs, 40s max duration (incl. graceful stop):
           * default: 1 looping VUs for 10s (gracefulStop: 30s)


running (01.0s), 1/1 VUs, 0 complete and 0 interrupted iterations
default   [  10% ] 1 VUs  01.0s/10s

running (02.0s), 1/1 VUs, 1 complete and 0 interrupted iterations
default   [  20% ] 1 VUs  02.0s/10s

running (03.0s), 1/1 VUs, 2 complete and 0 interrupted iterations
default   [  30% ] 1 VUs  03.0s/10s

running (04.0s), 1/1 VUs, 3 complete and 0 interrupted iterations
default   [  40% ] 1 VUs  04.0s/10s

running (05.0s), 1/1 VUs, 4 complete and 0 interrupted iterations
default   [  50% ] 1 VUs  05.0s/10s

running (06.0s), 1/1 VUs, 5 complete and 0 interrupted iterations
default   [  60% ] 1 VUs  06.0s/10s

running (07.0s), 1/1 VUs, 6 complete and 0 interrupted iterations
default   [  70% ] 1 VUs  07.0s/10s

running (08.0s), 1/1 VUs, 7 complete and 0 interrupted iterations
default   [  80% ] 1 VUs  08.0s/10s

running (09.0s), 1/1 VUs, 8 complete and 0 interrupted iterations
default   [  90% ] 1 VUs  09.0s/10s

running (10.0s), 1/1 VUs, 9 complete and 0 interrupted iterations
default   [ 100% ] 1 VUs  10.0s/10s

running (10.8s), 0/1 VUs, 10 complete and 0 interrupted iterations
default ✓ [ 100% ] 1 VUs  10s

     ✓ paths

     checks.........................: 100.00% ✓ 10       ✗ 0  
     data_received..................: 4.1 kB  378 B/s
     data_sent......................: 1.5 kB  135 B/s
     http_req_blocked...............: avg=2.09ms   min=4µs     med=6.5µs   max=20.86ms  p(90)=2.09ms   p(95)=11.47ms 
     http_req_connecting............: avg=689.1µs  min=0s      med=0s      max=6.89ms   p(90)=689.09µs p(95)=3.79ms  
   ✓ http_req_duration..............: avg=74.39ms  min=40.14ms med=59.95ms max=166.87ms p(90)=136.62ms p(95)=151.74ms
       { expected_response:true }...: avg=74.39ms  min=40.14ms med=59.95ms max=166.87ms p(90)=136.62ms p(95)=151.74ms
     http_req_failed................: 0.00%   ✓ 0        ✗ 10 
     http_req_receiving.............: avg=111.69µs min=52µs    med=92µs    max=219µs    p(90)=178.49µs p(95)=198.74µs
     http_req_sending...............: avg=62.1µs   min=15µs    med=36.5µs  max=315µs    p(90)=74.69µs  p(95)=194.84µs
     http_req_tls_handshaking.......: avg=0s       min=0s      med=0s      max=0s       p(90)=0s       p(95)=0s      
     http_req_waiting...............: avg=74.22ms  min=39.92ms med=59.81ms max=166.75ms p(90)=136.53ms p(95)=151.64ms
     http_reqs......................: 10      0.927907/s
     iteration_duration.............: avg=1.07s    min=1.04s   med=1.06s   max=1.16s    p(90)=1.13s    p(95)=1.15s   
     iterations.....................: 10      0.927907/s
     vus............................: 1       min=1      max=1
     vus_max........................: 1       min=1      max=1

