$ k6 run smoke.js

          /\      |‾‾| /‾‾/   /‾‾/
     /\  /  \     |  |/  /   /  /
    /  \/    \    |     (   /   ‾‾\
   /          \   |  |\  \ |  (‾)  |
  / __________ \  |__| \__\ \_____/ .io

  execution: local
     script: smoke.js
     output: -

  scenarios: (100.00%) 1 scenario, 1 max VUs, 40s max duration (incl. graceful stop):
           * default: 1 looping VUs for 10s (gracefulStop: 30s)


running (10.0s), 0/1 VUs, 2748 complete and 0 interrupted iterations
default ✓ [======================================] 1 VUs  10s

     ✓ path-page

     checks.........................: 100.00% ✓ 2748      ✗ 0
     data_received..................: 3.2 MB  319 kB/s
     data_sent......................: 396 kB  40 kB/s
     http_req_blocked...............: avg=6.26µs  min=3.45µs  med=4.13µs  max=4.21ms   p(90)=4.8µs   p(95)=5.73µs
     http_req_connecting............: avg=419ns   min=0s      med=0s      max=1.15ms   p(90)=0s      p(95)=0s
   ✓ http_req_duration..............: avg=3.53ms  min=3.06ms  med=3.37ms  max=19.82ms  p(90)=3.88ms  p(95)=4.24ms
       { expected_response:true }...: avg=3.53ms  min=3.06ms  med=3.37ms  max=19.82ms  p(90)=3.88ms  p(95)=4.24ms
     http_req_failed................: 0.00%   ✓ 0         ✗ 2748
     http_req_receiving.............: avg=45.45µs min=25.58µs med=44.8µs  max=120.71µs p(90)=54.42µs p(95)=59.25µs
     http_req_sending...............: avg=13.29µs min=8.94µs  med=11.42µs max=438.2µs  p(90)=15.7µs  p(95)=28.14µs
     http_req_tls_handshaking.......: avg=0s      min=0s      med=0s      max=0s       p(90)=0s      p(95)=0s
     http_req_waiting...............: avg=3.47ms  min=3ms     med=3.31ms  max=19.73ms  p(90)=3.82ms  p(95)=4.18ms
     http_reqs......................: 2748    274.69082/s
     iteration_duration.............: avg=3.63ms  min=3.14ms  med=3.46ms  max=19.94ms  p(90)=3.98ms  p(95)=4.33ms
     iterations.....................: 2748    274.69082/s
     vus............................: 1       min=1       max=1
     vus_max........................: 1       min=1       max=1
