
          /\      |‾‾| /‾‾/   /‾‾/
     /\  /  \     |  |/  /   /  /
    /  \/    \    |     (   /   ‾‾\
   /          \   |  |\  \ |  (‾)  |
  / __________ \  |__| \__\ \_____/ .io

  execution: local
     script: load.js
     output: InfluxDBv1 (http://localhost:8086)

  scenarios: (100.00%) 1 scenario, 138 max VUs, 3m30s max duration (incl. graceful stop):
           * default: Up to 138 looping VUs for 3m0s over 7 stages (gracefulRampDown: 30s, gracefulStop: 30s)


running (3m01.0s), 000/138 VUs, 12755 complete and 0 interrupted iterations
default ✓ [======================================] 000/138 VUs  3m0s

     ✓ status is 200

     checks.........................: 100.00% ✓ 25510      ✗ 0
     data_received..................: 6.8 MB  38 kB/s
     data_sent......................: 9.6 MB  53 kB/s
     http_req_blocked...............: avg=32.91µs min=748ns   med=2.52µs  max=31.98ms  p(90)=4.74µs  p(95)=5.61µs
     http_req_connecting............: avg=5.62µs  min=0s      med=0s      max=10.9ms   p(90)=0s      p(95)=0s
   ✓ http_req_duration..............: avg=7.33ms  min=4.28ms  med=6.27ms  max=157.25ms p(90)=10.72ms p(95)=13.22ms
       { expected_response:true }...: avg=7.33ms  min=4.28ms  med=6.27ms  max=157.25ms p(90)=10.72ms p(95)=13.22ms
     http_req_failed................: 0.00%   ✓ 0          ✗ 25510
     http_req_receiving.............: avg=46.39µs min=10.34µs med=34.06µs max=12.81ms  p(90)=69.26µs p(95)=87.42µs
     http_req_sending...............: avg=24.61µs min=5.81µs  med=15.86µs max=9.35ms   p(90)=30.8µs  p(95)=42.06µs
     http_req_tls_handshaking.......: avg=22.79µs min=0s      med=0s      max=16.14ms  p(90)=0s      p(95)=0s
     http_req_waiting...............: avg=7.26ms  min=4.24ms  med=6.2ms   max=157.1ms  p(90)=10.64ms p(95)=13.1ms
     http_reqs......................: 25510   140.951377/s
     iteration_duration.............: avg=1.01s   min=1s      med=1.01s   max=1.17s    p(90)=1.02s   p(95)=1.02s
     iterations.....................: 12755   70.475689/s
     vus............................: 2       min=2        max=138
     vus_max........................: 138     min=138      max=138
